#
# There is insufficient memory for the Java Runtime Environment to continue.
# Native memory allocation (malloc) failed to allocate 2105680 bytes for Chunk::new
# Possible reasons:
#   The system is out of physical RAM or swap space
#   The process is running with CompressedOops enabled, and the Java Heap may be blocking the growth of the native heap
# Possible solutions:
#   Reduce memory load on the system
#   Increase physical memory or swap space
#   Check if swap backing store is full
#   Decrease Java heap size (-Xmx/-Xms)
#   Decrease number of Java threads
#   Decrease Java thread stack sizes (-Xss)
#   Set larger code cache with -XX:ReservedCodeCacheSize=
#   JVM is running with Unscaled Compressed Oops mode in which the Java heap is
#     placed in the first 4GB address space. The Java Heap base address is the
#     maximum limit for the native heap growth. Please use -XX:HeapBaseMinAddress
#     to set the Java Heap base and to place the Java Heap above 4GB virtual address.
# This output file may be truncated or incomplete.
#
#  Out of Memory Error (arena.cpp:168), pid=22448, tid=13232
#
# JRE version: Java(TM) SE Runtime Environment (21.0.6+8) (build 21.0.6+8-LTS-188)
# Java VM: Java HotSpot(TM) 64-Bit Server VM (21.0.6+8-LTS-188, mixed mode, sharing, tiered, compressed oops, compressed class ptrs, g1 gc, windows-amd64)
# No core dump will be written. Minidumps are not enabled by default on client versions of Windows
#

---------------  S U M M A R Y ------------

Command Line: --add-opens=java.base/java.lang=ALL-UNNAMED --add-opens=java.base/java.lang.invoke=ALL-UNNAMED --add-opens=java.base/java.util=ALL-UNNAMED --add-opens=java.prefs/java.util.prefs=ALL-UNNAMED --add-exports=jdk.compiler/com.sun.tools.javac.api=ALL-UNNAMED --add-exports=jdk.compiler/com.sun.tools.javac.util=ALL-UNNAMED --add-opens=java.base/java.util=ALL-UNNAMED --add-opens=java.prefs/java.util.prefs=ALL-UNNAMED --add-opens=java.base/java.nio.charset=ALL-UNNAMED --add-opens=java.base/java.net=ALL-UNNAMED --add-opens=java.base/java.util.concurrent.atomic=ALL-UNNAMED --add-opens=java.xml/javax.xml.namespace=ALL-UNNAMED -XX:MaxMetaspaceSize=384m -XX:+HeapDumpOnOutOfMemoryError -Xms256m -Xmx512m -Dfile.encoding=UTF-8 -Duser.country=US -Duser.language=en -Duser.variant -javaagent:C:\Users\ASUS\.gradle\wrapper\dists\gradle-8.13-bin\5xuhj0ry160q40clulazy9h7d\gradle-8.13\lib\agents\gradle-instrumentation-agent-8.13.jar org.gradle.launcher.daemon.bootstrap.GradleDaemon 8.13

Host: 12th Gen Intel(R) Core(TM) i5-12450H, 12 cores, 7G,  Windows 11 , 64 bit Build 22621 (10.0.22621.5124)
Time: Wed May  7 19:09:37 2025 SE Asia Standard Time elapsed time: 101.700607 seconds (0d 0h 1m 41s)

---------------  T H R E A D  ---------------

Current thread (0x000002017e3027c0):  JavaThread "C2 CompilerThread0" daemon [_thread_in_native, id=13232, stack(0x00000011ce600000,0x00000011ce700000) (1024K)]


Current CompileTask:
C2: 101700 3793   !   4       java.net.URLClassLoader::findClass (47 bytes)

Stack: [0x00000011ce600000,0x00000011ce700000]
Native frames: (J=compiled Java code, j=interpreted, Vv=VM code, C=native code)
V  [jvm.dll+0x6ca6d9]
V  [jvm.dll+0x854f51]
V  [jvm.dll+0x85747e]
V  [jvm.dll+0x857b53]
V  [jvm.dll+0x27dcc6]
V  [jvm.dll+0xc4c2d]
V  [jvm.dll+0xc5163]
V  [jvm.dll+0x3b515c]
V  [jvm.dll+0x381855]
V  [jvm.dll+0x380cca]
V  [jvm.dll+0x246920]
V  [jvm.dll+0x245eff]
V  [jvm.dll+0x1c6d2e]
V  [jvm.dll+0x2554f9]
V  [jvm.dll+0x253a8a]
V  [jvm.dll+0x3ee576]
V  [jvm.dll+0x7ff2fb]
V  [jvm.dll+0x6c8dbd]
C  [ucrtbase.dll+0x29333]
C  [KERNEL32.DLL+0x1259d]
C  [ntdll.dll+0x5af38]


---------------  P R O C E S S  ---------------

Threads class SMR info:
_java_thread_list=0x0000020119ae9df0, length=31, elements={
0x0000020160e56960, 0x000002017e1c0620, 0x000002017e1c1070, 0x000002017e1c22e0,
0x000002017e1c2d30, 0x000002017e1cdbe0, 0x000002017e1ce760, 0x000002017e3027c0,
0x000002017e306750, 0x000002017e3a75d0, 0x000002017e50c650, 0x000002017fcffc90,
0x000002017fd7a200, 0x000002017fdfdff0, 0x000002017ece2920, 0x000002017ec97080,
0x000002017f15b460, 0x000002017ec51090, 0x000002017f3ad040, 0x000002017f3aaf70,
0x000002017f3ac320, 0x000002017f3ad6d0, 0x000002017f3add60, 0x000002017f3ab600,
0x000002017f3ac9b0, 0x000002017f3abc90, 0x000002011a81f660, 0x000002011a81cf00,
0x000002011a81bb50, 0x000002011a81dc20, 0x000002011a81e2b0
}

Java Threads: ( => current thread )
  0x0000020160e56960 JavaThread "main"                              [_thread_blocked, id=29856, stack(0x00000011cd700000,0x00000011cd800000) (1024K)]
  0x000002017e1c0620 JavaThread "Reference Handler"          daemon [_thread_blocked, id=20668, stack(0x00000011ce000000,0x00000011ce100000) (1024K)]
  0x000002017e1c1070 JavaThread "Finalizer"                  daemon [_thread_blocked, id=29472, stack(0x00000011ce100000,0x00000011ce200000) (1024K)]
  0x000002017e1c22e0 JavaThread "Signal Dispatcher"          daemon [_thread_blocked, id=29884, stack(0x00000011ce200000,0x00000011ce300000) (1024K)]
  0x000002017e1c2d30 JavaThread "Attach Listener"            daemon [_thread_blocked, id=20676, stack(0x00000011ce300000,0x00000011ce400000) (1024K)]
  0x000002017e1cdbe0 JavaThread "Service Thread"             daemon [_thread_blocked, id=27528, stack(0x00000011ce400000,0x00000011ce500000) (1024K)]
  0x000002017e1ce760 JavaThread "Monitor Deflation Thread"   daemon [_thread_blocked, id=29516, stack(0x00000011ce500000,0x00000011ce600000) (1024K)]
=>0x000002017e3027c0 JavaThread "C2 CompilerThread0"         daemon [_thread_in_native, id=13232, stack(0x00000011ce600000,0x00000011ce700000) (1024K)]
  0x000002017e306750 JavaThread "C1 CompilerThread0"         daemon [_thread_blocked, id=1644, stack(0x00000011ce700000,0x00000011ce800000) (1024K)]
  0x000002017e3a75d0 JavaThread "Common-Cleaner"             daemon [_thread_blocked, id=29552, stack(0x00000011ce800000,0x00000011ce900000) (1024K)]
  0x000002017e50c650 JavaThread "Notification Thread"        daemon [_thread_blocked, id=7216, stack(0x00000011ce900000,0x00000011cea00000) (1024K)]
  0x000002017fcffc90 JavaThread "Daemon health stats"               [_thread_blocked, id=27188, stack(0x00000011cf100000,0x00000011cf200000) (1024K)]
  0x000002017fd7a200 JavaThread "Incoming local TCP Connector on port 54620"        [_thread_in_native, id=14792, stack(0x00000011cf200000,0x00000011cf300000) (1024K)]
  0x000002017fdfdff0 JavaThread "Daemon periodic checks"            [_thread_blocked, id=6096, stack(0x00000011cf300000,0x00000011cf400000) (1024K)]
  0x000002017ece2920 JavaThread "Daemon"                            [_thread_blocked, id=7416, stack(0x00000011cf400000,0x00000011cf500000) (1024K)]
  0x000002017ec97080 JavaThread "Handler for socket connection from /127.0.0.1:54620 to /127.0.0.1:54624"        [_thread_in_native, id=26720, stack(0x00000011cf500000,0x00000011cf600000) (1024K)]
  0x000002017f15b460 JavaThread "Cancel handler"                    [_thread_blocked, id=27184, stack(0x00000011cf600000,0x00000011cf700000) (1024K)]
  0x000002017ec51090 JavaThread "Daemon worker"                     [_thread_in_Java, id=27752, stack(0x00000011cf700000,0x00000011cf800000) (1024K)]
  0x000002017f3ad040 JavaThread "Asynchronous log dispatcher for DefaultDaemonConnection: socket connection from /127.0.0.1:54620 to /127.0.0.1:54624"        [_thread_blocked, id=4608, stack(0x00000011cf800000,0x00000011cf900000) (1024K)]
  0x000002017f3aaf70 JavaThread "Stdin handler"                     [_thread_blocked, id=20660, stack(0x00000011cf900000,0x00000011cfa00000) (1024K)]
  0x000002017f3ac320 JavaThread "Daemon client event forwarder"        [_thread_blocked, id=27868, stack(0x00000011cfa00000,0x00000011cfb00000) (1024K)]
  0x000002017f3ad6d0 JavaThread "Cache worker for journal cache (C:\Users\ASUS\.gradle\caches\journal-1)"        [_thread_blocked, id=13016, stack(0x00000011cfb00000,0x00000011cfc00000) (1024K)]
  0x000002017f3add60 JavaThread "File lock request listener"        [_thread_in_native, id=17776, stack(0x00000011cfc00000,0x00000011cfd00000) (1024K)]
  0x000002017f3ab600 JavaThread "File lock release action executor"        [_thread_blocked, id=24616, stack(0x00000011cfd00000,0x00000011cfe00000) (1024K)]
  0x000002017f3ac9b0 JavaThread "Cache worker for file hash cache (C:\Users\ASUS\.gradle\caches\8.13\fileHashes)"        [_thread_blocked, id=26236, stack(0x00000011cfe00000,0x00000011cff00000) (1024K)]
  0x000002017f3abc90 JavaThread "Cache worker for file hash cache (D:\Projects\Architecture\SUBJECT-PROJECT__Software-Architecture-and-Design\borrowing-service\.gradle\8.13\fileHashes)"        [_thread_blocked, id=15328, stack(0x00000011d0300000,0x00000011d0400000) (1024K)]
  0x000002011a81f660 JavaThread "Cache worker for Build Output Cleanup Cache (D:\Projects\Architecture\SUBJECT-PROJECT__Software-Architecture-and-Design\borrowing-service\.gradle\buildOutputCleanup)"        [_thread_blocked, id=30568, stack(0x00000011d0400000,0x00000011d0500000) (1024K)]
  0x000002011a81cf00 JavaThread "File watcher server"        daemon [_thread_in_native, id=18288, stack(0x00000011d0200000,0x00000011d0300000) (1024K)]
  0x000002011a81bb50 JavaThread "File watcher consumer"      daemon [_thread_blocked, id=29132, stack(0x00000011d0500000,0x00000011d0600000) (1024K)]
  0x000002011a81dc20 JavaThread "jar transforms"                    [_thread_blocked, id=3604, stack(0x00000011d0600000,0x00000011d0700000) (1024K)]
  0x000002011a81e2b0 JavaThread "jar transforms Thread 2"           [_thread_blocked, id=6756, stack(0x00000011cd600000,0x00000011cd700000) (1024K)]
Total: 31

Other Threads:
  0x000002017e1aa380 VMThread "VM Thread"                           [id=27572, stack(0x00000011cdf00000,0x00000011ce000000) (1024K)]
  0x000002017e19ad70 WatcherThread "VM Periodic Task Thread"        [id=5824, stack(0x00000011cde00000,0x00000011cdf00000) (1024K)]
  0x0000020163187b90 WorkerThread "GC Thread#0"                     [id=24768, stack(0x00000011cd900000,0x00000011cda00000) (1024K)]
  0x000002017e44db50 WorkerThread "GC Thread#1"                     [id=25700, stack(0x00000011cea00000,0x00000011ceb00000) (1024K)]
  0x000002017e82e670 WorkerThread "GC Thread#2"                     [id=24328, stack(0x00000011ceb00000,0x00000011cec00000) (1024K)]
  0x000002017e82ea10 WorkerThread "GC Thread#3"                     [id=3056, stack(0x00000011cec00000,0x00000011ced00000) (1024K)]
  0x000002017e450380 WorkerThread "GC Thread#4"                     [id=29040, stack(0x00000011ced00000,0x00000011cee00000) (1024K)]
  0x000002017e450720 WorkerThread "GC Thread#5"                     [id=27908, stack(0x00000011cee00000,0x00000011cef00000) (1024K)]
  0x000002017fd4d470 WorkerThread "GC Thread#6"                     [id=4168, stack(0x00000011cef00000,0x00000011cf000000) (1024K)]
  0x000002017fd45040 WorkerThread "GC Thread#7"                     [id=11368, stack(0x00000011cf000000,0x00000011cf100000) (1024K)]
  0x00000201192f8ef0 WorkerThread "GC Thread#8"                     [id=29080, stack(0x00000011cff00000,0x00000011d0000000) (1024K)]
  0x00000201192f9630 WorkerThread "GC Thread#9"                     [id=4472, stack(0x00000011cd500000,0x00000011cd600000) (1024K)]
  0x000002016318c910 ConcurrentGCThread "G1 Main Marker"            [id=25048, stack(0x00000011cda00000,0x00000011cdb00000) (1024K)]
  0x000002016318d1b0 WorkerThread "G1 Conc#0"                       [id=23604, stack(0x00000011cdb00000,0x00000011cdc00000) (1024K)]
  0x00000201192f99d0 WorkerThread "G1 Conc#1"                       [id=3500, stack(0x00000011d0000000,0x00000011d0100000) (1024K)]
  0x0000020119eaca70 WorkerThread "G1 Conc#2"                       [id=26744, stack(0x00000011d0100000,0x00000011d0200000) (1024K)]
  0x000002017e06c630 ConcurrentGCThread "G1 Refine#0"               [id=30580, stack(0x00000011cdc00000,0x00000011cdd00000) (1024K)]
  0x000002017e06ce50 ConcurrentGCThread "G1 Service"                [id=28164, stack(0x00000011cdd00000,0x00000011cde00000) (1024K)]
Total: 18

Threads with active compile tasks:
C2 CompilerThread0   102169 3793   !   4       java.net.URLClassLoader::findClass (47 bytes)
Total: 1

VM state: not at safepoint (normal execution)

VM Mutex/Monitor currently owned by a thread: None

Heap address: 0x00000000e0000000, size: 512 MB, Compressed Oops mode: 32-bit

CDS archive(s) mapped at: [0x0000020100000000-0x0000020100c90000-0x0000020100c90000), size 13172736, SharedBaseAddress: 0x0000020100000000, ArchiveRelocationMode: 1.
Compressed class space mapped at: 0x0000020101000000-0x0000020115000000, reserved size: 335544320
Narrow klass base: 0x0000020100000000, Narrow klass shift: 0, Narrow klass range: 0x100000000

GC Precious Log:
 CardTable entry size: 512
 Card Set container configuration: InlinePtr #cards 5 size 8 Array Of Cards #cards 12 size 40 Howl #buckets 4 coarsen threshold 1843 Howl Bitmap #cards 512 size 80 coarsen threshold 460 Card regions per heap region 1 cards per card region 2048
 CPUs: 12 total, 12 available
 Memory: 7813M
 Large Page Support: Disabled
 NUMA Support: Disabled
 Compressed Oops: Enabled (32-bit)
 Heap Region Size: 1M
 Heap Min Capacity: 256M
 Heap Initial Capacity: 256M
 Heap Max Capacity: 512M
 Pre-touch: Disabled
 Parallel Workers: 10
 Concurrent Workers: 3
 Concurrent Refinement Workers: 10
 Periodic GC: Disabled

Heap:
 garbage-first heap   total 262144K, used 73986K [0x00000000e0000000, 0x0000000100000000)
  region size 1024K, 62 young (63488K), 12 survivors (12288K)
 Metaspace       used 27212K, committed 28288K, reserved 393216K
  class space    used 4012K, committed 4544K, reserved 327680K

Heap Regions: E=young(eden), S=young(survivor), O=old, HS=humongous(starts), HC=humongous(continues), CS=collection set, F=free, TAMS=top-at-mark-start, PB=parsable bottom
|   0|0x00000000e0000000, 0x00000000e0100000, 0x00000000e0100000|100%|HS|  |TAMS 0x00000000e0000000| PB 0x00000000e0000000| Complete 
|   1|0x00000000e0100000, 0x00000000e0200000, 0x00000000e0200000|100%|HC|  |TAMS 0x00000000e0100000| PB 0x00000000e0100000| Complete 
|   2|0x00000000e0200000, 0x00000000e0300000, 0x00000000e0300000|100%|HC|  |TAMS 0x00000000e0200000| PB 0x00000000e0200000| Complete 
|   3|0x00000000e0300000, 0x00000000e0400000, 0x00000000e0400000|100%| O|  |TAMS 0x00000000e0300000| PB 0x00000000e0300000| Untracked 
|   4|0x00000000e0400000, 0x00000000e0500000, 0x00000000e0500000|100%| O|  |TAMS 0x00000000e0400000| PB 0x00000000e0400000| Untracked 
|   5|0x00000000e0500000, 0x00000000e0600000, 0x00000000e0600000|100%| O|  |TAMS 0x00000000e0500000| PB 0x00000000e0500000| Untracked 
|   6|0x00000000e0600000, 0x00000000e0700000, 0x00000000e0700000|100%|HS|  |TAMS 0x00000000e0600000| PB 0x00000000e0600000| Complete 
|   7|0x00000000e0700000, 0x00000000e0700000, 0x00000000e0800000|  0%| F|  |TAMS 0x00000000e0700000| PB 0x00000000e0700000| Untracked 
|   8|0x00000000e0800000, 0x00000000e0900000, 0x00000000e0900000|100%| O|  |TAMS 0x00000000e0800000| PB 0x00000000e0800000| Untracked 
|   9|0x00000000e0900000, 0x00000000e0a00000, 0x00000000e0a00000|100%| O|  |TAMS 0x00000000e0900000| PB 0x00000000e0900000| Untracked 
|  10|0x00000000e0a00000, 0x00000000e0b00000, 0x00000000e0b00000|100%| O|  |TAMS 0x00000000e0a00000| PB 0x00000000e0a00000| Untracked 
|  11|0x00000000e0b00000, 0x00000000e0c00000, 0x00000000e0c00000|100%| O|  |TAMS 0x00000000e0b00000| PB 0x00000000e0b00000| Untracked 
|  12|0x00000000e0c00000, 0x00000000e0c794c8, 0x00000000e0d00000| 47%| O|  |TAMS 0x00000000e0c00000| PB 0x00000000e0c00000| Untracked 
|  13|0x00000000e0d00000, 0x00000000e0d00000, 0x00000000e0e00000|  0%| F|  |TAMS 0x00000000e0d00000| PB 0x00000000e0d00000| Untracked 
|  14|0x00000000e0e00000, 0x00000000e0e00000, 0x00000000e0f00000|  0%| F|  |TAMS 0x00000000e0e00000| PB 0x00000000e0e00000| Untracked 
|  15|0x00000000e0f00000, 0x00000000e0f00000, 0x00000000e1000000|  0%| F|  |TAMS 0x00000000e0f00000| PB 0x00000000e0f00000| Untracked 
|  16|0x00000000e1000000, 0x00000000e1000000, 0x00000000e1100000|  0%| F|  |TAMS 0x00000000e1000000| PB 0x00000000e1000000| Untracked 
|  17|0x00000000e1100000, 0x00000000e1100000, 0x00000000e1200000|  0%| F|  |TAMS 0x00000000e1100000| PB 0x00000000e1100000| Untracked 
|  18|0x00000000e1200000, 0x00000000e1200000, 0x00000000e1300000|  0%| F|  |TAMS 0x00000000e1200000| PB 0x00000000e1200000| Untracked 
|  19|0x00000000e1300000, 0x00000000e1300000, 0x00000000e1400000|  0%| F|  |TAMS 0x00000000e1300000| PB 0x00000000e1300000| Untracked 
|  20|0x00000000e1400000, 0x00000000e1400000, 0x00000000e1500000|  0%| F|  |TAMS 0x00000000e1400000| PB 0x00000000e1400000| Untracked 
|  21|0x00000000e1500000, 0x00000000e1500000, 0x00000000e1600000|  0%| F|  |TAMS 0x00000000e1500000| PB 0x00000000e1500000| Untracked 
|  22|0x00000000e1600000, 0x00000000e1600000, 0x00000000e1700000|  0%| F|  |TAMS 0x00000000e1600000| PB 0x00000000e1600000| Untracked 
|  23|0x00000000e1700000, 0x00000000e1700000, 0x00000000e1800000|  0%| F|  |TAMS 0x00000000e1700000| PB 0x00000000e1700000| Untracked 
|  24|0x00000000e1800000, 0x00000000e1800000, 0x00000000e1900000|  0%| F|  |TAMS 0x00000000e1800000| PB 0x00000000e1800000| Untracked 
|  25|0x00000000e1900000, 0x00000000e1900000, 0x00000000e1a00000|  0%| F|  |TAMS 0x00000000e1900000| PB 0x00000000e1900000| Untracked 
|  26|0x00000000e1a00000, 0x00000000e1a00000, 0x00000000e1b00000|  0%| F|  |TAMS 0x00000000e1a00000| PB 0x00000000e1a00000| Untracked 
|  27|0x00000000e1b00000, 0x00000000e1b00000, 0x00000000e1c00000|  0%| F|  |TAMS 0x00000000e1b00000| PB 0x00000000e1b00000| Untracked 
|  28|0x00000000e1c00000, 0x00000000e1c00000, 0x00000000e1d00000|  0%| F|  |TAMS 0x00000000e1c00000| PB 0x00000000e1c00000| Untracked 
|  29|0x00000000e1d00000, 0x00000000e1d00000, 0x00000000e1e00000|  0%| F|  |TAMS 0x00000000e1d00000| PB 0x00000000e1d00000| Untracked 
|  30|0x00000000e1e00000, 0x00000000e1e00000, 0x00000000e1f00000|  0%| F|  |TAMS 0x00000000e1e00000| PB 0x00000000e1e00000| Untracked 
|  31|0x00000000e1f00000, 0x00000000e1f00000, 0x00000000e2000000|  0%| F|  |TAMS 0x00000000e1f00000| PB 0x00000000e1f00000| Untracked 
|  32|0x00000000e2000000, 0x00000000e2000000, 0x00000000e2100000|  0%| F|  |TAMS 0x00000000e2000000| PB 0x00000000e2000000| Untracked 
|  33|0x00000000e2100000, 0x00000000e2100000, 0x00000000e2200000|  0%| F|  |TAMS 0x00000000e2100000| PB 0x00000000e2100000| Untracked 
|  34|0x00000000e2200000, 0x00000000e2200000, 0x00000000e2300000|  0%| F|  |TAMS 0x00000000e2200000| PB 0x00000000e2200000| Untracked 
|  35|0x00000000e2300000, 0x00000000e2300000, 0x00000000e2400000|  0%| F|  |TAMS 0x00000000e2300000| PB 0x00000000e2300000| Untracked 
|  36|0x00000000e2400000, 0x00000000e2400000, 0x00000000e2500000|  0%| F|  |TAMS 0x00000000e2400000| PB 0x00000000e2400000| Untracked 
|  37|0x00000000e2500000, 0x00000000e2500000, 0x00000000e2600000|  0%| F|  |TAMS 0x00000000e2500000| PB 0x00000000e2500000| Untracked 
|  38|0x00000000e2600000, 0x00000000e2600000, 0x00000000e2700000|  0%| F|  |TAMS 0x00000000e2600000| PB 0x00000000e2600000| Untracked 
|  39|0x00000000e2700000, 0x00000000e2700000, 0x00000000e2800000|  0%| F|  |TAMS 0x00000000e2700000| PB 0x00000000e2700000| Untracked 
|  40|0x00000000e2800000, 0x00000000e2800000, 0x00000000e2900000|  0%| F|  |TAMS 0x00000000e2800000| PB 0x00000000e2800000| Untracked 
|  41|0x00000000e2900000, 0x00000000e2900000, 0x00000000e2a00000|  0%| F|  |TAMS 0x00000000e2900000| PB 0x00000000e2900000| Untracked 
|  42|0x00000000e2a00000, 0x00000000e2a00000, 0x00000000e2b00000|  0%| F|  |TAMS 0x00000000e2a00000| PB 0x00000000e2a00000| Untracked 
|  43|0x00000000e2b00000, 0x00000000e2b00000, 0x00000000e2c00000|  0%| F|  |TAMS 0x00000000e2b00000| PB 0x00000000e2b00000| Untracked 
|  44|0x00000000e2c00000, 0x00000000e2c00000, 0x00000000e2d00000|  0%| F|  |TAMS 0x00000000e2c00000| PB 0x00000000e2c00000| Untracked 
|  45|0x00000000e2d00000, 0x00000000e2d00000, 0x00000000e2e00000|  0%| F|  |TAMS 0x00000000e2d00000| PB 0x00000000e2d00000| Untracked 
|  46|0x00000000e2e00000, 0x00000000e2e00000, 0x00000000e2f00000|  0%| F|  |TAMS 0x00000000e2e00000| PB 0x00000000e2e00000| Untracked 
|  47|0x00000000e2f00000, 0x00000000e2f00000, 0x00000000e3000000|  0%| F|  |TAMS 0x00000000e2f00000| PB 0x00000000e2f00000| Untracked 
|  48|0x00000000e3000000, 0x00000000e3000000, 0x00000000e3100000|  0%| F|  |TAMS 0x00000000e3000000| PB 0x00000000e3000000| Untracked 
|  49|0x00000000e3100000, 0x00000000e3100000, 0x00000000e3200000|  0%| F|  |TAMS 0x00000000e3100000| PB 0x00000000e3100000| Untracked 
|  50|0x00000000e3200000, 0x00000000e3200000, 0x00000000e3300000|  0%| F|  |TAMS 0x00000000e3200000| PB 0x00000000e3200000| Untracked 
|  51|0x00000000e3300000, 0x00000000e3300000, 0x00000000e3400000|  0%| F|  |TAMS 0x00000000e3300000| PB 0x00000000e3300000| Untracked 
|  52|0x00000000e3400000, 0x00000000e3400000, 0x00000000e3500000|  0%| F|  |TAMS 0x00000000e3400000| PB 0x00000000e3400000| Untracked 
|  53|0x00000000e3500000, 0x00000000e3500000, 0x00000000e3600000|  0%| F|  |TAMS 0x00000000e3500000| PB 0x00000000e3500000| Untracked 
|  54|0x00000000e3600000, 0x00000000e3600000, 0x00000000e3700000|  0%| F|  |TAMS 0x00000000e3600000| PB 0x00000000e3600000| Untracked 
|  55|0x00000000e3700000, 0x00000000e3700000, 0x00000000e3800000|  0%| F|  |TAMS 0x00000000e3700000| PB 0x00000000e3700000| Untracked 
|  56|0x00000000e3800000, 0x00000000e3800000, 0x00000000e3900000|  0%| F|  |TAMS 0x00000000e3800000| PB 0x00000000e3800000| Untracked 
|  57|0x00000000e3900000, 0x00000000e3900000, 0x00000000e3a00000|  0%| F|  |TAMS 0x00000000e3900000| PB 0x00000000e3900000| Untracked 
|  58|0x00000000e3a00000, 0x00000000e3a00000, 0x00000000e3b00000|  0%| F|  |TAMS 0x00000000e3a00000| PB 0x00000000e3a00000| Untracked 
|  59|0x00000000e3b00000, 0x00000000e3b00000, 0x00000000e3c00000|  0%| F|  |TAMS 0x00000000e3b00000| PB 0x00000000e3b00000| Untracked 
|  60|0x00000000e3c00000, 0x00000000e3c00000, 0x00000000e3d00000|  0%| F|  |TAMS 0x00000000e3c00000| PB 0x00000000e3c00000| Untracked 
|  61|0x00000000e3d00000, 0x00000000e3d00000, 0x00000000e3e00000|  0%| F|  |TAMS 0x00000000e3d00000| PB 0x00000000e3d00000| Untracked 
|  62|0x00000000e3e00000, 0x00000000e3e00000, 0x00000000e3f00000|  0%| F|  |TAMS 0x00000000e3e00000| PB 0x00000000e3e00000| Untracked 
|  63|0x00000000e3f00000, 0x00000000e3f00000, 0x00000000e4000000|  0%| F|  |TAMS 0x00000000e3f00000| PB 0x00000000e3f00000| Untracked 
|  64|0x00000000e4000000, 0x00000000e4000000, 0x00000000e4100000|  0%| F|  |TAMS 0x00000000e4000000| PB 0x00000000e4000000| Untracked 
|  65|0x00000000e4100000, 0x00000000e4100000, 0x00000000e4200000|  0%| F|  |TAMS 0x00000000e4100000| PB 0x00000000e4100000| Untracked 
|  66|0x00000000e4200000, 0x00000000e4200000, 0x00000000e4300000|  0%| F|  |TAMS 0x00000000e4200000| PB 0x00000000e4200000| Untracked 
|  67|0x00000000e4300000, 0x00000000e4300000, 0x00000000e4400000|  0%| F|  |TAMS 0x00000000e4300000| PB 0x00000000e4300000| Untracked 
|  68|0x00000000e4400000, 0x00000000e4400000, 0x00000000e4500000|  0%| F|  |TAMS 0x00000000e4400000| PB 0x00000000e4400000| Untracked 
|  69|0x00000000e4500000, 0x00000000e4500000, 0x00000000e4600000|  0%| F|  |TAMS 0x00000000e4500000| PB 0x00000000e4500000| Untracked 
|  70|0x00000000e4600000, 0x00000000e4600000, 0x00000000e4700000|  0%| F|  |TAMS 0x00000000e4600000| PB 0x00000000e4600000| Untracked 
|  71|0x00000000e4700000, 0x00000000e4700000, 0x00000000e4800000|  0%| F|  |TAMS 0x00000000e4700000| PB 0x00000000e4700000| Untracked 
|  72|0x00000000e4800000, 0x00000000e4800000, 0x00000000e4900000|  0%| F|  |TAMS 0x00000000e4800000| PB 0x00000000e4800000| Untracked 
|  73|0x00000000e4900000, 0x00000000e4900000, 0x00000000e4a00000|  0%| F|  |TAMS 0x00000000e4900000| PB 0x00000000e4900000| Untracked 
|  74|0x00000000e4a00000, 0x00000000e4a00000, 0x00000000e4b00000|  0%| F|  |TAMS 0x00000000e4a00000| PB 0x00000000e4a00000| Untracked 
|  75|0x00000000e4b00000, 0x00000000e4b00000, 0x00000000e4c00000|  0%| F|  |TAMS 0x00000000e4b00000| PB 0x00000000e4b00000| Untracked 
|  76|0x00000000e4c00000, 0x00000000e4c00000, 0x00000000e4d00000|  0%| F|  |TAMS 0x00000000e4c00000| PB 0x00000000e4c00000| Untracked 
|  77|0x00000000e4d00000, 0x00000000e4d00000, 0x00000000e4e00000|  0%| F|  |TAMS 0x00000000e4d00000| PB 0x00000000e4d00000| Untracked 
|  78|0x00000000e4e00000, 0x00000000e4e00000, 0x00000000e4f00000|  0%| F|  |TAMS 0x00000000e4e00000| PB 0x00000000e4e00000| Untracked 
|  79|0x00000000e4f00000, 0x00000000e4f00000, 0x00000000e5000000|  0%| F|  |TAMS 0x00000000e4f00000| PB 0x00000000e4f00000| Untracked 
|  80|0x00000000e5000000, 0x00000000e5000000, 0x00000000e5100000|  0%| F|  |TAMS 0x00000000e5000000| PB 0x00000000e5000000| Untracked 
|  81|0x00000000e5100000, 0x00000000e5100000, 0x00000000e5200000|  0%| F|  |TAMS 0x00000000e5100000| PB 0x00000000e5100000| Untracked 
|  82|0x00000000e5200000, 0x00000000e5200000, 0x00000000e5300000|  0%| F|  |TAMS 0x00000000e5200000| PB 0x00000000e5200000| Untracked 
|  83|0x00000000e5300000, 0x00000000e5300000, 0x00000000e5400000|  0%| F|  |TAMS 0x00000000e5300000| PB 0x00000000e5300000| Untracked 
|  84|0x00000000e5400000, 0x00000000e5400000, 0x00000000e5500000|  0%| F|  |TAMS 0x00000000e5400000| PB 0x00000000e5400000| Untracked 
|  85|0x00000000e5500000, 0x00000000e5500000, 0x00000000e5600000|  0%| F|  |TAMS 0x00000000e5500000| PB 0x00000000e5500000| Untracked 
|  86|0x00000000e5600000, 0x00000000e5600000, 0x00000000e5700000|  0%| F|  |TAMS 0x00000000e5600000| PB 0x00000000e5600000| Untracked 
|  87|0x00000000e5700000, 0x00000000e5700000, 0x00000000e5800000|  0%| F|  |TAMS 0x00000000e5700000| PB 0x00000000e5700000| Untracked 
|  88|0x00000000e5800000, 0x00000000e5800000, 0x00000000e5900000|  0%| F|  |TAMS 0x00000000e5800000| PB 0x00000000e5800000| Untracked 
|  89|0x00000000e5900000, 0x00000000e5900000, 0x00000000e5a00000|  0%| F|  |TAMS 0x00000000e5900000| PB 0x00000000e5900000| Untracked 
|  90|0x00000000e5a00000, 0x00000000e5a00000, 0x00000000e5b00000|  0%| F|  |TAMS 0x00000000e5a00000| PB 0x00000000e5a00000| Untracked 
|  91|0x00000000e5b00000, 0x00000000e5b00000, 0x00000000e5c00000|  0%| F|  |TAMS 0x00000000e5b00000| PB 0x00000000e5b00000| Untracked 
|  92|0x00000000e5c00000, 0x00000000e5c00000, 0x00000000e5d00000|  0%| F|  |TAMS 0x00000000e5c00000| PB 0x00000000e5c00000| Untracked 
|  93|0x00000000e5d00000, 0x00000000e5d00000, 0x00000000e5e00000|  0%| F|  |TAMS 0x00000000e5d00000| PB 0x00000000e5d00000| Untracked 
|  94|0x00000000e5e00000, 0x00000000e5e00000, 0x00000000e5f00000|  0%| F|  |TAMS 0x00000000e5e00000| PB 0x00000000e5e00000| Untracked 
|  95|0x00000000e5f00000, 0x00000000e5f00000, 0x00000000e6000000|  0%| F|  |TAMS 0x00000000e5f00000| PB 0x00000000e5f00000| Untracked 
|  96|0x00000000e6000000, 0x00000000e6000000, 0x00000000e6100000|  0%| F|  |TAMS 0x00000000e6000000| PB 0x00000000e6000000| Untracked 
|  97|0x00000000e6100000, 0x00000000e6100000, 0x00000000e6200000|  0%| F|  |TAMS 0x00000000e6100000| PB 0x00000000e6100000| Untracked 
|  98|0x00000000e6200000, 0x00000000e6200000, 0x00000000e6300000|  0%| F|  |TAMS 0x00000000e6200000| PB 0x00000000e6200000| Untracked 
|  99|0x00000000e6300000, 0x00000000e6300000, 0x00000000e6400000|  0%| F|  |TAMS 0x00000000e6300000| PB 0x00000000e6300000| Untracked 
| 100|0x00000000e6400000, 0x00000000e6400000, 0x00000000e6500000|  0%| F|  |TAMS 0x00000000e6400000| PB 0x00000000e6400000| Untracked 
| 101|0x00000000e6500000, 0x00000000e6500000, 0x00000000e6600000|  0%| F|  |TAMS 0x00000000e6500000| PB 0x00000000e6500000| Untracked 
| 102|0x00000000e6600000, 0x00000000e6600000, 0x00000000e6700000|  0%| F|  |TAMS 0x00000000e6600000| PB 0x00000000e6600000| Untracked 
| 103|0x00000000e6700000, 0x00000000e6700000, 0x00000000e6800000|  0%| F|  |TAMS 0x00000000e6700000| PB 0x00000000e6700000| Untracked 
| 104|0x00000000e6800000, 0x00000000e6800000, 0x00000000e6900000|  0%| F|  |TAMS 0x00000000e6800000| PB 0x00000000e6800000| Untracked 
| 105|0x00000000e6900000, 0x00000000e6900000, 0x00000000e6a00000|  0%| F|  |TAMS 0x00000000e6900000| PB 0x00000000e6900000| Untracked 
| 106|0x00000000e6a00000, 0x00000000e6a00000, 0x00000000e6b00000|  0%| F|  |TAMS 0x00000000e6a00000| PB 0x00000000e6a00000| Untracked 
| 107|0x00000000e6b00000, 0x00000000e6b00000, 0x00000000e6c00000|  0%| F|  |TAMS 0x00000000e6b00000| PB 0x00000000e6b00000| Untracked 
| 108|0x00000000e6c00000, 0x00000000e6c00000, 0x00000000e6d00000|  0%| F|  |TAMS 0x00000000e6c00000| PB 0x00000000e6c00000| Untracked 
| 109|0x00000000e6d00000, 0x00000000e6d00000, 0x00000000e6e00000|  0%| F|  |TAMS 0x00000000e6d00000| PB 0x00000000e6d00000| Untracked 
| 110|0x00000000e6e00000, 0x00000000e6e00000, 0x00000000e6f00000|  0%| F|  |TAMS 0x00000000e6e00000| PB 0x00000000e6e00000| Untracked 
| 111|0x00000000e6f00000, 0x00000000e6f00000, 0x00000000e7000000|  0%| F|  |TAMS 0x00000000e6f00000| PB 0x00000000e6f00000| Untracked 
| 112|0x00000000e7000000, 0x00000000e7000000, 0x00000000e7100000|  0%| F|  |TAMS 0x00000000e7000000| PB 0x00000000e7000000| Untracked 
| 113|0x00000000e7100000, 0x00000000e7100000, 0x00000000e7200000|  0%| F|  |TAMS 0x00000000e7100000| PB 0x00000000e7100000| Untracked 
| 114|0x00000000e7200000, 0x00000000e7200000, 0x00000000e7300000|  0%| F|  |TAMS 0x00000000e7200000| PB 0x00000000e7200000| Untracked 
| 115|0x00000000e7300000, 0x00000000e7300000, 0x00000000e7400000|  0%| F|  |TAMS 0x00000000e7300000| PB 0x00000000e7300000| Untracked 
| 116|0x00000000e7400000, 0x00000000e7400000, 0x00000000e7500000|  0%| F|  |TAMS 0x00000000e7400000| PB 0x00000000e7400000| Untracked 
| 117|0x00000000e7500000, 0x00000000e7500000, 0x00000000e7600000|  0%| F|  |TAMS 0x00000000e7500000| PB 0x00000000e7500000| Untracked 
| 118|0x00000000e7600000, 0x00000000e7600000, 0x00000000e7700000|  0%| F|  |TAMS 0x00000000e7600000| PB 0x00000000e7600000| Untracked 
| 119|0x00000000e7700000, 0x00000000e7700000, 0x00000000e7800000|  0%| F|  |TAMS 0x00000000e7700000| PB 0x00000000e7700000| Untracked 
| 120|0x00000000e7800000, 0x00000000e7800000, 0x00000000e7900000|  0%| F|  |TAMS 0x00000000e7800000| PB 0x00000000e7800000| Untracked 
| 121|0x00000000e7900000, 0x00000000e7900000, 0x00000000e7a00000|  0%| F|  |TAMS 0x00000000e7900000| PB 0x00000000e7900000| Untracked 
| 122|0x00000000e7a00000, 0x00000000e7a00000, 0x00000000e7b00000|  0%| F|  |TAMS 0x00000000e7a00000| PB 0x00000000e7a00000| Untracked 
| 123|0x00000000e7b00000, 0x00000000e7b00000, 0x00000000e7c00000|  0%| F|  |TAMS 0x00000000e7b00000| PB 0x00000000e7b00000| Untracked 
| 124|0x00000000e7c00000, 0x00000000e7c00000, 0x00000000e7d00000|  0%| F|  |TAMS 0x00000000e7c00000| PB 0x00000000e7c00000| Untracked 
| 125|0x00000000e7d00000, 0x00000000e7d00000, 0x00000000e7e00000|  0%| F|  |TAMS 0x00000000e7d00000| PB 0x00000000e7d00000| Untracked 
| 126|0x00000000e7e00000, 0x00000000e7e00000, 0x00000000e7f00000|  0%| F|  |TAMS 0x00000000e7e00000| PB 0x00000000e7e00000| Untracked 
| 127|0x00000000e7f00000, 0x00000000e7f00000, 0x00000000e8000000|  0%| F|  |TAMS 0x00000000e7f00000| PB 0x00000000e7f00000| Untracked 
| 128|0x00000000e8000000, 0x00000000e8000000, 0x00000000e8100000|  0%| F|  |TAMS 0x00000000e8000000| PB 0x00000000e8000000| Untracked 
| 129|0x00000000e8100000, 0x00000000e8100000, 0x00000000e8200000|  0%| F|  |TAMS 0x00000000e8100000| PB 0x00000000e8100000| Untracked 
| 130|0x00000000e8200000, 0x00000000e8200000, 0x00000000e8300000|  0%| F|  |TAMS 0x00000000e8200000| PB 0x00000000e8200000| Untracked 
| 131|0x00000000e8300000, 0x00000000e8300000, 0x00000000e8400000|  0%| F|  |TAMS 0x00000000e8300000| PB 0x00000000e8300000| Untracked 
| 132|0x00000000e8400000, 0x00000000e8400000, 0x00000000e8500000|  0%| F|  |TAMS 0x00000000e8400000| PB 0x00000000e8400000| Untracked 
| 133|0x00000000e8500000, 0x00000000e8500000, 0x00000000e8600000|  0%| F|  |TAMS 0x00000000e8500000| PB 0x00000000e8500000| Untracked 
| 134|0x00000000e8600000, 0x00000000e8600000, 0x00000000e8700000|  0%| F|  |TAMS 0x00000000e8600000| PB 0x00000000e8600000| Untracked 
| 135|0x00000000e8700000, 0x00000000e8700000, 0x00000000e8800000|  0%| F|  |TAMS 0x00000000e8700000| PB 0x00000000e8700000| Untracked 
| 136|0x00000000e8800000, 0x00000000e8800000, 0x00000000e8900000|  0%| F|  |TAMS 0x00000000e8800000| PB 0x00000000e8800000| Untracked 
| 137|0x00000000e8900000, 0x00000000e8900000, 0x00000000e8a00000|  0%| F|  |TAMS 0x00000000e8900000| PB 0x00000000e8900000| Untracked 
| 138|0x00000000e8a00000, 0x00000000e8a00000, 0x00000000e8b00000|  0%| F|  |TAMS 0x00000000e8a00000| PB 0x00000000e8a00000| Untracked 
| 139|0x00000000e8b00000, 0x00000000e8b00000, 0x00000000e8c00000|  0%| F|  |TAMS 0x00000000e8b00000| PB 0x00000000e8b00000| Untracked 
| 140|0x00000000e8c00000, 0x00000000e8c00000, 0x00000000e8d00000|  0%| F|  |TAMS 0x00000000e8c00000| PB 0x00000000e8c00000| Untracked 
| 141|0x00000000e8d00000, 0x00000000e8d00000, 0x00000000e8e00000|  0%| F|  |TAMS 0x00000000e8d00000| PB 0x00000000e8d00000| Untracked 
| 142|0x00000000e8e00000, 0x00000000e8e00000, 0x00000000e8f00000|  0%| F|  |TAMS 0x00000000e8e00000| PB 0x00000000e8e00000| Untracked 
| 143|0x00000000e8f00000, 0x00000000e8f00000, 0x00000000e9000000|  0%| F|  |TAMS 0x00000000e8f00000| PB 0x00000000e8f00000| Untracked 
| 144|0x00000000e9000000, 0x00000000e9000000, 0x00000000e9100000|  0%| F|  |TAMS 0x00000000e9000000| PB 0x00000000e9000000| Untracked 
| 145|0x00000000e9100000, 0x00000000e9100000, 0x00000000e9200000|  0%| F|  |TAMS 0x00000000e9100000| PB 0x00000000e9100000| Untracked 
| 146|0x00000000e9200000, 0x00000000e9200000, 0x00000000e9300000|  0%| F|  |TAMS 0x00000000e9200000| PB 0x00000000e9200000| Untracked 
| 147|0x00000000e9300000, 0x00000000e9300000, 0x00000000e9400000|  0%| F|  |TAMS 0x00000000e9300000| PB 0x00000000e9300000| Untracked 
| 148|0x00000000e9400000, 0x00000000e9400000, 0x00000000e9500000|  0%| F|  |TAMS 0x00000000e9400000| PB 0x00000000e9400000| Untracked 
| 149|0x00000000e9500000, 0x00000000e9500000, 0x00000000e9600000|  0%| F|  |TAMS 0x00000000e9500000| PB 0x00000000e9500000| Untracked 
| 150|0x00000000e9600000, 0x00000000e9600000, 0x00000000e9700000|  0%| F|  |TAMS 0x00000000e9600000| PB 0x00000000e9600000| Untracked 
| 151|0x00000000e9700000, 0x00000000e97c7680, 0x00000000e9800000| 77%| S|CS|TAMS 0x00000000e9700000| PB 0x00000000e9700000| Complete 
| 152|0x00000000e9800000, 0x00000000e9900000, 0x00000000e9900000|100%| S|CS|TAMS 0x00000000e9800000| PB 0x00000000e9800000| Complete 
| 153|0x00000000e9900000, 0x00000000e9a00000, 0x00000000e9a00000|100%| S|CS|TAMS 0x00000000e9900000| PB 0x00000000e9900000| Complete 
| 154|0x00000000e9a00000, 0x00000000e9b00000, 0x00000000e9b00000|100%| S|CS|TAMS 0x00000000e9a00000| PB 0x00000000e9a00000| Complete 
| 155|0x00000000e9b00000, 0x00000000e9c00000, 0x00000000e9c00000|100%| S|CS|TAMS 0x00000000e9b00000| PB 0x00000000e9b00000| Complete 
| 156|0x00000000e9c00000, 0x00000000e9d00000, 0x00000000e9d00000|100%| S|CS|TAMS 0x00000000e9c00000| PB 0x00000000e9c00000| Complete 
| 157|0x00000000e9d00000, 0x00000000e9e00000, 0x00000000e9e00000|100%| S|CS|TAMS 0x00000000e9d00000| PB 0x00000000e9d00000| Complete 
| 158|0x00000000e9e00000, 0x00000000e9f00000, 0x00000000e9f00000|100%| S|CS|TAMS 0x00000000e9e00000| PB 0x00000000e9e00000| Complete 
| 159|0x00000000e9f00000, 0x00000000ea000000, 0x00000000ea000000|100%| S|CS|TAMS 0x00000000e9f00000| PB 0x00000000e9f00000| Complete 
| 160|0x00000000ea000000, 0x00000000ea100000, 0x00000000ea100000|100%| S|CS|TAMS 0x00000000ea000000| PB 0x00000000ea000000| Complete 
| 161|0x00000000ea100000, 0x00000000ea200000, 0x00000000ea200000|100%| S|CS|TAMS 0x00000000ea100000| PB 0x00000000ea100000| Complete 
| 162|0x00000000ea200000, 0x00000000ea300000, 0x00000000ea300000|100%| S|CS|TAMS 0x00000000ea200000| PB 0x00000000ea200000| Complete 
| 163|0x00000000ea300000, 0x00000000ea300000, 0x00000000ea400000|  0%| F|  |TAMS 0x00000000ea300000| PB 0x00000000ea300000| Untracked 
| 164|0x00000000ea400000, 0x00000000ea400000, 0x00000000ea500000|  0%| F|  |TAMS 0x00000000ea400000| PB 0x00000000ea400000| Untracked 
| 165|0x00000000ea500000, 0x00000000ea500000, 0x00000000ea600000|  0%| F|  |TAMS 0x00000000ea500000| PB 0x00000000ea500000| Untracked 
| 166|0x00000000ea600000, 0x00000000ea600000, 0x00000000ea700000|  0%| F|  |TAMS 0x00000000ea600000| PB 0x00000000ea600000| Untracked 
| 167|0x00000000ea700000, 0x00000000ea700000, 0x00000000ea800000|  0%| F|  |TAMS 0x00000000ea700000| PB 0x00000000ea700000| Untracked 
| 168|0x00000000ea800000, 0x00000000ea800000, 0x00000000ea900000|  0%| F|  |TAMS 0x00000000ea800000| PB 0x00000000ea800000| Untracked 
| 169|0x00000000ea900000, 0x00000000ea900000, 0x00000000eaa00000|  0%| F|  |TAMS 0x00000000ea900000| PB 0x00000000ea900000| Untracked 
| 170|0x00000000eaa00000, 0x00000000eaa00000, 0x00000000eab00000|  0%| F|  |TAMS 0x00000000eaa00000| PB 0x00000000eaa00000| Untracked 
| 171|0x00000000eab00000, 0x00000000eab00000, 0x00000000eac00000|  0%| F|  |TAMS 0x00000000eab00000| PB 0x00000000eab00000| Untracked 
| 172|0x00000000eac00000, 0x00000000eac00000, 0x00000000ead00000|  0%| F|  |TAMS 0x00000000eac00000| PB 0x00000000eac00000| Untracked 
| 173|0x00000000ead00000, 0x00000000ead00000, 0x00000000eae00000|  0%| F|  |TAMS 0x00000000ead00000| PB 0x00000000ead00000| Untracked 
| 174|0x00000000eae00000, 0x00000000eae00000, 0x00000000eaf00000|  0%| F|  |TAMS 0x00000000eae00000| PB 0x00000000eae00000| Untracked 
| 175|0x00000000eaf00000, 0x00000000eaf00000, 0x00000000eb000000|  0%| F|  |TAMS 0x00000000eaf00000| PB 0x00000000eaf00000| Untracked 
| 176|0x00000000eb000000, 0x00000000eb000000, 0x00000000eb100000|  0%| F|  |TAMS 0x00000000eb000000| PB 0x00000000eb000000| Untracked 
| 177|0x00000000eb100000, 0x00000000eb100000, 0x00000000eb200000|  0%| F|  |TAMS 0x00000000eb100000| PB 0x00000000eb100000| Untracked 
| 178|0x00000000eb200000, 0x00000000eb200000, 0x00000000eb300000|  0%| F|  |TAMS 0x00000000eb200000| PB 0x00000000eb200000| Untracked 
| 179|0x00000000eb300000, 0x00000000eb300000, 0x00000000eb400000|  0%| F|  |TAMS 0x00000000eb300000| PB 0x00000000eb300000| Untracked 
| 180|0x00000000eb400000, 0x00000000eb400000, 0x00000000eb500000|  0%| F|  |TAMS 0x00000000eb400000| PB 0x00000000eb400000| Untracked 
| 181|0x00000000eb500000, 0x00000000eb500000, 0x00000000eb600000|  0%| F|  |TAMS 0x00000000eb500000| PB 0x00000000eb500000| Untracked 
| 182|0x00000000eb600000, 0x00000000eb600000, 0x00000000eb700000|  0%| F|  |TAMS 0x00000000eb600000| PB 0x00000000eb600000| Untracked 
| 183|0x00000000eb700000, 0x00000000eb700000, 0x00000000eb800000|  0%| F|  |TAMS 0x00000000eb700000| PB 0x00000000eb700000| Untracked 
| 184|0x00000000eb800000, 0x00000000eb800000, 0x00000000eb900000|  0%| F|  |TAMS 0x00000000eb800000| PB 0x00000000eb800000| Untracked 
| 185|0x00000000eb900000, 0x00000000eb900000, 0x00000000eba00000|  0%| F|  |TAMS 0x00000000eb900000| PB 0x00000000eb900000| Untracked 
| 186|0x00000000eba00000, 0x00000000eba00000, 0x00000000ebb00000|  0%| F|  |TAMS 0x00000000eba00000| PB 0x00000000eba00000| Untracked 
| 187|0x00000000ebb00000, 0x00000000ebb00000, 0x00000000ebc00000|  0%| F|  |TAMS 0x00000000ebb00000| PB 0x00000000ebb00000| Untracked 
| 188|0x00000000ebc00000, 0x00000000ebc00000, 0x00000000ebd00000|  0%| F|  |TAMS 0x00000000ebc00000| PB 0x00000000ebc00000| Untracked 
| 189|0x00000000ebd00000, 0x00000000ebd00000, 0x00000000ebe00000|  0%| F|  |TAMS 0x00000000ebd00000| PB 0x00000000ebd00000| Untracked 
| 190|0x00000000ebe00000, 0x00000000ebe00000, 0x00000000ebf00000|  0%| F|  |TAMS 0x00000000ebe00000| PB 0x00000000ebe00000| Untracked 
| 191|0x00000000ebf00000, 0x00000000ebf00000, 0x00000000ec000000|  0%| F|  |TAMS 0x00000000ebf00000| PB 0x00000000ebf00000| Untracked 
| 192|0x00000000ec000000, 0x00000000ec000000, 0x00000000ec100000|  0%| F|  |TAMS 0x00000000ec000000| PB 0x00000000ec000000| Untracked 
| 193|0x00000000ec100000, 0x00000000ec100000, 0x00000000ec200000|  0%| F|  |TAMS 0x00000000ec100000| PB 0x00000000ec100000| Untracked 
| 194|0x00000000ec200000, 0x00000000ec200000, 0x00000000ec300000|  0%| F|  |TAMS 0x00000000ec200000| PB 0x00000000ec200000| Untracked 
| 195|0x00000000ec300000, 0x00000000ec300000, 0x00000000ec400000|  0%| F|  |TAMS 0x00000000ec300000| PB 0x00000000ec300000| Untracked 
| 196|0x00000000ec400000, 0x00000000ec400000, 0x00000000ec500000|  0%| F|  |TAMS 0x00000000ec400000| PB 0x00000000ec400000| Untracked 
| 197|0x00000000ec500000, 0x00000000ec500000, 0x00000000ec600000|  0%| F|  |TAMS 0x00000000ec500000| PB 0x00000000ec500000| Untracked 
| 198|0x00000000ec600000, 0x00000000ec600000, 0x00000000ec700000|  0%| F|  |TAMS 0x00000000ec600000| PB 0x00000000ec600000| Untracked 
| 199|0x00000000ec700000, 0x00000000ec700000, 0x00000000ec800000|  0%| F|  |TAMS 0x00000000ec700000| PB 0x00000000ec700000| Untracked 
| 200|0x00000000ec800000, 0x00000000ec800000, 0x00000000ec900000|  0%| F|  |TAMS 0x00000000ec800000| PB 0x00000000ec800000| Untracked 
| 201|0x00000000ec900000, 0x00000000ec900000, 0x00000000eca00000|  0%| F|  |TAMS 0x00000000ec900000| PB 0x00000000ec900000| Untracked 
| 202|0x00000000eca00000, 0x00000000eca00000, 0x00000000ecb00000|  0%| F|  |TAMS 0x00000000eca00000| PB 0x00000000eca00000| Untracked 
| 203|0x00000000ecb00000, 0x00000000ecb00000, 0x00000000ecc00000|  0%| F|  |TAMS 0x00000000ecb00000| PB 0x00000000ecb00000| Untracked 
| 204|0x00000000ecc00000, 0x00000000ecc00000, 0x00000000ecd00000|  0%| F|  |TAMS 0x00000000ecc00000| PB 0x00000000ecc00000| Untracked 
| 205|0x00000000ecd00000, 0x00000000ecd00000, 0x00000000ece00000|  0%| F|  |TAMS 0x00000000ecd00000| PB 0x00000000ecd00000| Untracked 
| 206|0x00000000ece00000, 0x00000000ece80800, 0x00000000ecf00000| 50%| E|  |TAMS 0x00000000ece00000| PB 0x00000000ece00000| Complete 
| 207|0x00000000ecf00000, 0x00000000ed000000, 0x00000000ed000000|100%| E|CS|TAMS 0x00000000ecf00000| PB 0x00000000ecf00000| Complete 
| 208|0x00000000ed000000, 0x00000000ed100000, 0x00000000ed100000|100%| E|CS|TAMS 0x00000000ed000000| PB 0x00000000ed000000| Complete 
| 209|0x00000000ed100000, 0x00000000ed200000, 0x00000000ed200000|100%| E|CS|TAMS 0x00000000ed100000| PB 0x00000000ed100000| Complete 
| 210|0x00000000ed200000, 0x00000000ed300000, 0x00000000ed300000|100%| E|CS|TAMS 0x00000000ed200000| PB 0x00000000ed200000| Complete 
| 211|0x00000000ed300000, 0x00000000ed400000, 0x00000000ed400000|100%| E|CS|TAMS 0x00000000ed300000| PB 0x00000000ed300000| Complete 
| 212|0x00000000ed400000, 0x00000000ed500000, 0x00000000ed500000|100%| E|CS|TAMS 0x00000000ed400000| PB 0x00000000ed400000| Complete 
| 213|0x00000000ed500000, 0x00000000ed600000, 0x00000000ed600000|100%| E|CS|TAMS 0x00000000ed500000| PB 0x00000000ed500000| Complete 
| 214|0x00000000ed600000, 0x00000000ed700000, 0x00000000ed700000|100%| E|CS|TAMS 0x00000000ed600000| PB 0x00000000ed600000| Complete 
| 215|0x00000000ed700000, 0x00000000ed800000, 0x00000000ed800000|100%| E|CS|TAMS 0x00000000ed700000| PB 0x00000000ed700000| Complete 
| 216|0x00000000ed800000, 0x00000000ed900000, 0x00000000ed900000|100%| E|CS|TAMS 0x00000000ed800000| PB 0x00000000ed800000| Complete 
| 217|0x00000000ed900000, 0x00000000eda00000, 0x00000000eda00000|100%| E|CS|TAMS 0x00000000ed900000| PB 0x00000000ed900000| Complete 
| 218|0x00000000eda00000, 0x00000000edb00000, 0x00000000edb00000|100%| E|CS|TAMS 0x00000000eda00000| PB 0x00000000eda00000| Complete 
| 219|0x00000000edb00000, 0x00000000edc00000, 0x00000000edc00000|100%| E|CS|TAMS 0x00000000edb00000| PB 0x00000000edb00000| Complete 
| 220|0x00000000edc00000, 0x00000000edd00000, 0x00000000edd00000|100%| E|CS|TAMS 0x00000000edc00000| PB 0x00000000edc00000| Complete 
| 221|0x00000000edd00000, 0x00000000ede00000, 0x00000000ede00000|100%| E|CS|TAMS 0x00000000edd00000| PB 0x00000000edd00000| Complete 
| 222|0x00000000ede00000, 0x00000000edf00000, 0x00000000edf00000|100%| E|CS|TAMS 0x00000000ede00000| PB 0x00000000ede00000| Complete 
| 223|0x00000000edf00000, 0x00000000ee000000, 0x00000000ee000000|100%| E|CS|TAMS 0x00000000edf00000| PB 0x00000000edf00000| Complete 
| 224|0x00000000ee000000, 0x00000000ee100000, 0x00000000ee100000|100%| E|CS|TAMS 0x00000000ee000000| PB 0x00000000ee000000| Complete 
| 225|0x00000000ee100000, 0x00000000ee200000, 0x00000000ee200000|100%| E|CS|TAMS 0x00000000ee100000| PB 0x00000000ee100000| Complete 
| 226|0x00000000ee200000, 0x00000000ee300000, 0x00000000ee300000|100%| E|CS|TAMS 0x00000000ee200000| PB 0x00000000ee200000| Complete 
| 227|0x00000000ee300000, 0x00000000ee400000, 0x00000000ee400000|100%| E|CS|TAMS 0x00000000ee300000| PB 0x00000000ee300000| Complete 
| 228|0x00000000ee400000, 0x00000000ee500000, 0x00000000ee500000|100%| E|CS|TAMS 0x00000000ee400000| PB 0x00000000ee400000| Complete 
| 229|0x00000000ee500000, 0x00000000ee600000, 0x00000000ee600000|100%| E|CS|TAMS 0x00000000ee500000| PB 0x00000000ee500000| Complete 
| 230|0x00000000ee600000, 0x00000000ee700000, 0x00000000ee700000|100%| E|CS|TAMS 0x00000000ee600000| PB 0x00000000ee600000| Complete 
| 231|0x00000000ee700000, 0x00000000ee800000, 0x00000000ee800000|100%| E|CS|TAMS 0x00000000ee700000| PB 0x00000000ee700000| Complete 
| 232|0x00000000ee800000, 0x00000000ee900000, 0x00000000ee900000|100%| E|CS|TAMS 0x00000000ee800000| PB 0x00000000ee800000| Complete 
| 233|0x00000000ee900000, 0x00000000eea00000, 0x00000000eea00000|100%| E|CS|TAMS 0x00000000ee900000| PB 0x00000000ee900000| Complete 
| 234|0x00000000eea00000, 0x00000000eeb00000, 0x00000000eeb00000|100%| E|CS|TAMS 0x00000000eea00000| PB 0x00000000eea00000| Complete 
| 235|0x00000000eeb00000, 0x00000000eec00000, 0x00000000eec00000|100%| E|CS|TAMS 0x00000000eeb00000| PB 0x00000000eeb00000| Complete 
| 236|0x00000000eec00000, 0x00000000eed00000, 0x00000000eed00000|100%| E|CS|TAMS 0x00000000eec00000| PB 0x00000000eec00000| Complete 
| 237|0x00000000eed00000, 0x00000000eee00000, 0x00000000eee00000|100%| E|CS|TAMS 0x00000000eed00000| PB 0x00000000eed00000| Complete 
| 238|0x00000000eee00000, 0x00000000eef00000, 0x00000000eef00000|100%| E|CS|TAMS 0x00000000eee00000| PB 0x00000000eee00000| Complete 
| 239|0x00000000eef00000, 0x00000000ef000000, 0x00000000ef000000|100%| E|CS|TAMS 0x00000000eef00000| PB 0x00000000eef00000| Complete 
| 240|0x00000000ef000000, 0x00000000ef100000, 0x00000000ef100000|100%| E|CS|TAMS 0x00000000ef000000| PB 0x00000000ef000000| Complete 
| 241|0x00000000ef100000, 0x00000000ef200000, 0x00000000ef200000|100%| E|CS|TAMS 0x00000000ef100000| PB 0x00000000ef100000| Complete 
| 242|0x00000000ef200000, 0x00000000ef300000, 0x00000000ef300000|100%| E|CS|TAMS 0x00000000ef200000| PB 0x00000000ef200000| Complete 
| 243|0x00000000ef300000, 0x00000000ef400000, 0x00000000ef400000|100%| E|CS|TAMS 0x00000000ef300000| PB 0x00000000ef300000| Complete 
| 244|0x00000000ef400000, 0x00000000ef500000, 0x00000000ef500000|100%| E|CS|TAMS 0x00000000ef400000| PB 0x00000000ef400000| Complete 
| 245|0x00000000ef500000, 0x00000000ef600000, 0x00000000ef600000|100%| E|CS|TAMS 0x00000000ef500000| PB 0x00000000ef500000| Complete 
| 246|0x00000000ef600000, 0x00000000ef700000, 0x00000000ef700000|100%| E|CS|TAMS 0x00000000ef600000| PB 0x00000000ef600000| Complete 
| 247|0x00000000ef700000, 0x00000000ef800000, 0x00000000ef800000|100%| E|CS|TAMS 0x00000000ef700000| PB 0x00000000ef700000| Complete 
| 248|0x00000000ef800000, 0x00000000ef900000, 0x00000000ef900000|100%| E|CS|TAMS 0x00000000ef800000| PB 0x00000000ef800000| Complete 
| 249|0x00000000ef900000, 0x00000000efa00000, 0x00000000efa00000|100%| E|CS|TAMS 0x00000000ef900000| PB 0x00000000ef900000| Complete 
| 250|0x00000000efa00000, 0x00000000efb00000, 0x00000000efb00000|100%| E|CS|TAMS 0x00000000efa00000| PB 0x00000000efa00000| Complete 
| 251|0x00000000efb00000, 0x00000000efc00000, 0x00000000efc00000|100%| E|CS|TAMS 0x00000000efb00000| PB 0x00000000efb00000| Complete 
| 252|0x00000000efc00000, 0x00000000efd00000, 0x00000000efd00000|100%| E|CS|TAMS 0x00000000efc00000| PB 0x00000000efc00000| Complete 
| 253|0x00000000efd00000, 0x00000000efe00000, 0x00000000efe00000|100%| E|CS|TAMS 0x00000000efd00000| PB 0x00000000efd00000| Complete 
| 254|0x00000000efe00000, 0x00000000eff00000, 0x00000000eff00000|100%| E|CS|TAMS 0x00000000efe00000| PB 0x00000000efe00000| Complete 
| 255|0x00000000eff00000, 0x00000000f0000000, 0x00000000f0000000|100%| E|CS|TAMS 0x00000000eff00000| PB 0x00000000eff00000| Complete 

Card table byte_map: [0x000002017ac30000,0x000002017ad30000] _byte_map_base: 0x000002017a530000

Marking Bits: (CMBitMap*) 0x0000020163188030
 Bits: [0x000002017ad30000, 0x000002017b530000)

Polling page: 0x0000020161130000

Metaspace:

Usage:
  Non-class:     22.66 MB used.
      Class:      3.92 MB used.
       Both:     26.57 MB used.

Virtual space:
  Non-class space:       64.00 MB reserved,      23.19 MB ( 36%) committed,  1 nodes.
      Class space:      320.00 MB reserved,       4.44 MB (  1%) committed,  1 nodes.
             Both:      384.00 MB reserved,      27.62 MB (  7%) committed. 

Chunk freelists:
   Non-Class:  8.86 MB
       Class:  11.54 MB
        Both:  20.40 MB

MaxMetaspaceSize: 384.00 MB
CompressedClassSpaceSize: 320.00 MB
Initial GC threshold: 21.00 MB
Current GC threshold: 36.50 MB
CDS: on
 - commit_granule_bytes: 65536.
 - commit_granule_words: 8192.
 - virtual_space_node_default_size: 8388608.
 - enlarge_chunks_in_place: 1.
 - use_allocation_guard: 0.


Internal statistics:

num_allocs_failed_limit: 9.
num_arena_births: 1516.
num_arena_deaths: 0.
num_vsnodes_births: 2.
num_vsnodes_deaths: 0.
num_space_committed: 442.
num_space_uncommitted: 0.
num_chunks_returned_to_freelist: 9.
num_chunks_taken_from_freelist: 2716.
num_chunk_merges: 9.
num_chunk_splits: 1753.
num_chunks_enlarged: 1105.
num_inconsistent_stats: 0.

CodeHeap 'non-profiled nmethods': size=120000Kb used=2109Kb max_used=2109Kb free=117891Kb
 bounds [0x00000201730b0000, 0x0000020173320000, 0x000002017a5e0000]
CodeHeap 'profiled nmethods': size=120000Kb used=7757Kb max_used=7757Kb free=112242Kb
 bounds [0x000002016b5e0000, 0x000002016bd80000, 0x0000020172b10000]
CodeHeap 'non-nmethods': size=5760Kb used=1516Kb max_used=1538Kb free=4243Kb
 bounds [0x0000020172b10000, 0x0000020172d80000, 0x00000201730b0000]
 total_blobs=4388 nmethods=3801 adapters=490
 compilation: enabled
              stopped_count=0, restarted_count=0
 full_count=0

Compilation events (20 events):
Event: 99.701 Thread 0x000002017e306750 nmethod 3791 0x000002016bd63610 code [0x000002016bd638c0, 0x000002016bd64628]
Event: 99.713 Thread 0x000002017e3027c0 3793   !   4       java.net.URLClassLoader::findClass (47 bytes)
Event: 100.111 Thread 0x000002017e306750 3795   !   2       java.net.URLClassLoader$1::run (81 bytes)
Event: 100.113 Thread 0x000002017e306750 nmethod 3795 0x000002016bd64b90 code [0x000002016bd64e40, 0x000002016bd65678]
Event: 100.313 Thread 0x000002017e306750 3797       3       org.gradle.internal.reflect.MethodSet$MethodKey::equals (89 bytes)
Event: 100.314 Thread 0x000002017e306750 nmethod 3797 0x000002016bd65b90 code [0x000002016bd65dc0, 0x000002016bd66680]
Event: 100.475 Thread 0x000002017e306750 3798       3       org.gradle.internal.instantiation.generator.AbstractClassGenerator$InjectionAnnotationValidator::validateMethod (506 bytes)
Event: 100.692 Thread 0x000002017e306750 nmethod 3798 0x000002016bd66910 code [0x000002016bd671c0, 0x000002016bd6b2d8]
Event: 100.692 Thread 0x000002017e306750 3802       3       java.util.stream.AbstractPipeline::copyIntoWithCancel (46 bytes)
Event: 100.693 Thread 0x000002017e306750 nmethod 3802 0x000002016bd6ca10 code [0x000002016bd6cc00, 0x000002016bd6d100]
Event: 100.902 Thread 0x000002017e306750 3803       3       jdk.internal.misc.Unsafe::getAndAddInt (27 bytes)
Event: 100.902 Thread 0x000002017e306750 nmethod 3803 0x000002016bd6d290 code [0x000002016bd6d440, 0x000002016bd6d670]
Event: 100.936 Thread 0x000002017e306750 3804       3       java.lang.ClassLoader::getClassLoadingLock (35 bytes)
Event: 100.937 Thread 0x000002017e306750 nmethod 3804 0x000002016bd6d790 code [0x000002016bd6d960, 0x000002016bd6dc50]
Event: 101.512 Thread 0x000002017e306750 3805       3       java.util.concurrent.ThreadPoolExecutor::runStateAtLeast (11 bytes)
Event: 101.512 Thread 0x000002017e306750 nmethod 3805 0x000002016bd6dd90 code [0x000002016bd6df20, 0x000002016bd6e068]
Event: 101.574 Thread 0x000002017e306750 3807   !   2       java.lang.ClassLoader::loadClass (121 bytes)
Event: 101.574 Thread 0x000002017e306750 nmethod 3807 0x000002016bd6e110 code [0x000002016bd6e360, 0x000002016bd6e918]
Event: 101.608 Thread 0x000002017e306750 3808       3       sun.invoke.util.VerifyAccess::isModuleAccessible (97 bytes)
Event: 101.609 Thread 0x000002017e306750 nmethod 3808 0x000002016bd6ee10 code [0x000002016bd6f0e0, 0x000002016bd6fdb0]

GC Heap History (8 events):
Event: 19.210 GC heap before
{Heap before GC invocations=0 (full 0):
 garbage-first heap   total 262144K, used 22528K [0x00000000e0000000, 0x0000000100000000)
  region size 1024K, 23 young (23552K), 0 survivors (0K)
 Metaspace       used 1095K, committed 1216K, reserved 393216K
  class space    used 77K, committed 128K, reserved 327680K
}
Event: 19.589 GC heap after
{Heap after GC invocations=1 (full 0):
 garbage-first heap   total 262144K, used 2474K [0x00000000e0000000, 0x0000000100000000)
  region size 1024K, 3 young (3072K), 3 survivors (3072K)
 Metaspace       used 1095K, committed 1216K, reserved 393216K
  class space    used 77K, committed 128K, reserved 327680K
}
Event: 37.540 GC heap before
{Heap before GC invocations=1 (full 0):
 garbage-first heap   total 262144K, used 40362K [0x00000000e0000000, 0x0000000100000000)
  region size 1024K, 38 young (38912K), 3 survivors (3072K)
 Metaspace       used 4460K, committed 4608K, reserved 393216K
  class space    used 543K, committed 640K, reserved 327680K
}
Event: 37.546 GC heap after
{Heap after GC invocations=2 (full 0):
 garbage-first heap   total 262144K, used 10676K [0x00000000e0000000, 0x0000000100000000)
  region size 1024K, 5 young (5120K), 5 survivors (5120K)
 Metaspace       used 4460K, committed 4608K, reserved 393216K
  class space    used 543K, committed 640K, reserved 327680K
}
Event: 41.039 GC heap before
{Heap before GC invocations=2 (full 0):
 garbage-first heap   total 262144K, used 60852K [0x00000000e0000000, 0x0000000100000000)
  region size 1024K, 52 young (53248K), 5 survivors (5120K)
 Metaspace       used 5821K, committed 6016K, reserved 393216K
  class space    used 749K, committed 832K, reserved 327680K
}
Event: 41.159 GC heap after
{Heap after GC invocations=3 (full 0):
 garbage-first heap   total 262144K, used 17514K [0x00000000e0000000, 0x0000000100000000)
  region size 1024K, 6 young (6144K), 6 survivors (6144K)
 Metaspace       used 5821K, committed 6016K, reserved 393216K
  class space    used 749K, committed 832K, reserved 327680K
}
Event: 59.700 GC heap before
{Heap before GC invocations=3 (full 0):
 garbage-first heap   total 262144K, used 105578K [0x00000000e0000000, 0x0000000100000000)
  region size 1024K, 93 young (95232K), 6 survivors (6144K)
 Metaspace       used 20855K, committed 21504K, reserved 393216K
  class space    used 2980K, committed 3328K, reserved 327680K
}
Event: 59.714 GC heap after
{Heap after GC invocations=4 (full 0):
 garbage-first heap   total 262144K, used 23810K [0x00000000e0000000, 0x0000000100000000)
  region size 1024K, 12 young (12288K), 12 survivors (12288K)
 Metaspace       used 20855K, committed 21504K, reserved 393216K
  class space    used 2980K, committed 3328K, reserved 327680K
}

Dll operation events (15 events):
Event: 0.701 Loaded shared library C:\Program Files\Java\jdk-21.0.6\bin\java.dll
Event: 1.857 Loaded shared library C:\Program Files\Java\jdk-21.0.6\bin\jsvml.dll
Event: 2.112 Loaded shared library C:\Program Files\Java\jdk-21.0.6\bin\zip.dll
Event: 2.131 Loaded shared library C:\Program Files\Java\jdk-21.0.6\bin\instrument.dll
Event: 2.216 Loaded shared library C:\Program Files\Java\jdk-21.0.6\bin\net.dll
Event: 2.223 Loaded shared library C:\Program Files\Java\jdk-21.0.6\bin\nio.dll
Event: 2.272 Loaded shared library C:\Program Files\Java\jdk-21.0.6\bin\zip.dll
Event: 15.543 Loaded shared library C:\Program Files\Java\jdk-21.0.6\bin\jimage.dll
Event: 34.329 Loaded shared library C:\Program Files\Java\jdk-21.0.6\bin\verify.dll
Event: 35.220 Loaded shared library C:\Users\ASUS\.gradle\native\1def1411415f61bf3af743bc5b6707747c0891f09f0c88961ee8f79bc544acac\windows-amd64\native-platform.dll
Event: 35.267 Loaded shared library C:\Users\ASUS\.gradle\native\0.2.7\x86_64-windows-gnu\gradle-fileevents.dll
Event: 41.283 Loaded shared library C:\Program Files\Java\jdk-21.0.6\bin\management.dll
Event: 41.292 Loaded shared library C:\Program Files\Java\jdk-21.0.6\bin\management_ext.dll
Event: 42.107 Loaded shared library C:\Program Files\Java\jdk-21.0.6\bin\extnet.dll
Event: 44.819 Loaded shared library C:\Program Files\Java\jdk-21.0.6\bin\sunmscapi.dll

Deoptimization events (20 events):
Event: 98.966 Thread 0x000002017ec51090 Uncommon trap: trap_request=0xffffff45 fr.pc=0x000002017326ff54 relative=0x0000000000002cd4
Event: 98.967 Thread 0x000002017ec51090 Uncommon trap: reason=unstable_if action=reinterpret pc=0x000002017326ff54 method=java.lang.String.regionMatches(ZILjava/lang/String;II)Z @ 36 c2
Event: 98.968 Thread 0x000002017ec51090 DEOPT PACKING pc=0x000002017326ff54 sp=0x00000011cf7fa200
Event: 98.968 Thread 0x000002017ec51090 DEOPT UNPACKING pc=0x0000020172b646a2 sp=0x00000011cf7fa100 mode 2
Event: 98.971 Thread 0x000002017ec51090 Uncommon trap: trap_request=0xffffffde fr.pc=0x0000020173121764 relative=0x0000000000001084
Event: 98.971 Thread 0x000002017ec51090 Uncommon trap: reason=class_check action=maybe_recompile pc=0x0000020173121764 method=jdk.internal.loader.URLClassPath.getLoader(I)Ljdk/internal/loader/URLClassPath$Loader; @ 88 c2
Event: 98.971 Thread 0x000002017ec51090 DEOPT PACKING pc=0x0000020173121764 sp=0x00000011cf7fa4c0
Event: 98.971 Thread 0x000002017ec51090 DEOPT UNPACKING pc=0x0000020172b646a2 sp=0x00000011cf7fa4b0 mode 2
Event: 98.971 Thread 0x000002017ec51090 Uncommon trap: trap_request=0xffffffde fr.pc=0x00000201732397c0 relative=0x0000000000004180
Event: 98.971 Thread 0x000002017ec51090 Uncommon trap: reason=class_check action=maybe_recompile pc=0x00000201732397c0 method=jdk.internal.loader.URLClassPath.getResource(Ljava/lang/String;Z)Ljdk/internal/loader/Resource; @ 53 c2
Event: 98.971 Thread 0x000002017ec51090 DEOPT PACKING pc=0x00000201732397c0 sp=0x00000011cf7fa580
Event: 98.972 Thread 0x000002017ec51090 DEOPT UNPACKING pc=0x0000020172b646a2 sp=0x00000011cf7fa3a0 mode 2
Event: 99.180 Thread 0x000002017ec51090 Uncommon trap: trap_request=0xffffff45 fr.pc=0x00000201731cf698 relative=0x00000000000000f8
Event: 99.180 Thread 0x000002017ec51090 Uncommon trap: reason=unstable_if action=reinterpret pc=0x00000201731cf698 method=java.lang.ClassLoader.getClassLoadingLock(Ljava/lang/String;)Ljava/lang/Object; @ 6 c2
Event: 99.180 Thread 0x000002017ec51090 DEOPT PACKING pc=0x00000201731cf698 sp=0x00000011cf7f8ac0
Event: 99.180 Thread 0x000002017ec51090 DEOPT UNPACKING pc=0x0000020172b646a2 sp=0x00000011cf7f8a50 mode 2
Event: 99.444 Thread 0x000002017ec51090 Uncommon trap: trap_request=0xffffff45 fr.pc=0x0000020173233cec relative=0x00000000000008cc
Event: 99.444 Thread 0x000002017ec51090 Uncommon trap: reason=unstable_if action=reinterpret pc=0x0000020173233cec method=java.lang.Class.getPackageName()Ljava/lang/String; @ 55 c2
Event: 99.444 Thread 0x000002017ec51090 DEOPT PACKING pc=0x0000020173233cec sp=0x00000011cf7fa150
Event: 99.445 Thread 0x000002017ec51090 DEOPT UNPACKING pc=0x0000020172b646a2 sp=0x00000011cf7fa120 mode 2

Classes loaded (20 events):
Event: 81.808 Loading class java/nio/file/FileTreeWalker$EventType
Event: 81.809 Loading class java/nio/file/FileTreeWalker$EventType done
Event: 81.809 Loading class java/nio/file/Files$3
Event: 81.835 Loading class java/nio/file/Files$3 done
Event: 81.955 Loading class java/nio/file/FileVisitResult
Event: 81.956 Loading class java/nio/file/FileVisitResult done
Event: 83.429 Loading class java/util/stream/Streams$RangeIntSpliterator
Event: 83.452 Loading class java/util/stream/Streams$RangeIntSpliterator done
Event: 98.932 Loading class jdk/internal/loader/URLClassPath$FileLoader
Event: 98.935 Loading class jdk/internal/loader/URLClassPath$FileLoader done
Event: 98.973 Loading class jdk/internal/loader/URLClassPath$FileLoader$1
Event: 98.978 Loading class jdk/internal/loader/URLClassPath$FileLoader$1 done
Event: 100.476 Loading class java/beans/Transient
Event: 100.476 Loading class java/beans/Transient done
Event: 100.702 Loading class java/util/stream/IntPipeline$1
Event: 100.870 Loading class java/util/stream/IntPipeline$1 done
Event: 100.885 Loading class java/util/stream/IntPipeline$1$1
Event: 100.900 Loading class java/util/stream/IntPipeline$1$1 done
Event: 101.574 Loading class java/lang/IllegalAccessError
Event: 101.587 Loading class java/lang/IllegalAccessError done

Classes unloaded (0 events):
No events

Classes redefined (0 events):
No events

Internal exceptions (20 events):
Event: 61.164 Thread 0x000002017ec51090 Exception <a 'java/lang/NoSuchMethodError'{0x00000000ef1f7940}: 'java.lang.Object java.lang.invoke.DirectMethodHandle$Holder.newInvokeSpecial(java.lang.Object, java.lang.Object, java.lang.Object, java.lang.Object, java.lang.Object, java.lang.Object, java.lang.Object, java.lang.Object)'> (0x00000000ef1f7940) 
thrown [s\open\src\hotspot\share\interpreter\linkResolver.cpp, line 773]
Event: 61.185 Thread 0x000002017ec51090 Exception <a 'java/lang/NoSuchMethodError'{0x00000000ef03eab8}: 'void java.lang.invoke.DirectMethodHandle$Holder.invokeStatic(java.lang.Object, java.lang.Object, java.lang.Object, java.lang.Object)'> (0x00000000ef03eab8) 
thrown [s\open\src\hotspot\share\interpreter\linkResolver.cpp, line 773]
Event: 61.243 Thread 0x000002017ec51090 Exception <a 'java/lang/NoSuchMethodError'{0x00000000ef0d1de8}: 'java.lang.Object java.lang.invoke.DirectMethodHandle$Holder.invokeVirtual(java.lang.Object, java.lang.Object, java.lang.Object, java.lang.Object, java.lang.Object, java.lang.Object, java.lang.Object, java.lang.Object, java.lang.Object, java.lang.Object, java.lang.Object, java.lang.Object, java.lang.Object)'> (0x00000000ef0d1de8) 
thrown [s\open\src\hotspot\share\interpreter\linkResolver.cpp, line 773]
Event: 61.243 Thread 0x000002017ec51090 Exception <a 'java/lang/NoSuchMethodError'{0x00000000ef0d7000}: 'java.lang.Object java.lang.invoke.DirectMethodHandle$Holder.invokeSpecial(java.lang.Object, java.lang.Object, java.lang.Object, java.lang.Object, java.lang.Object, java.lang.Object, java.lang.Object, java.lang.Object, java.lang.Object, java.lang.Object, java.lang.Object, java.lang.Object, java.lang.Object, java.lang.Object)'> (0x00000000ef0d7000) 
thrown [s\open\src\hotspot\share\interpreter\linkResolver.cpp, line 773]
Event: 61.248 Thread 0x000002017ec51090 Exception <a 'java/lang/NoSuchMethodError'{0x00000000ef0dbd50}: 'java.lang.Object java.lang.invoke.DelegatingMethodHandle$Holder.reinvoke_L(java.lang.Object, java.lang.Object, java.lang.Object, java.lang.Object, java.lang.Object, java.lang.Object, java.lang.Object, java.lang.Object, java.lang.Object, java.lang.Object, java.lang.Object, java.lang.Object, java.lang.Object)'> (0x00000000ef0dbd50) 
thrown [s\open\src\hotspot\share\interpreter\linkResolver.cpp, line 773]
Event: 61.482 Thread 0x000002017ec51090 Exception <a 'java/lang/NoSuchMethodError'{0x00000000eee69b30}: 'void java.lang.invoke.DirectMethodHandle$Holder.invokeStaticInit(java.lang.Object, java.lang.Object)'> (0x00000000eee69b30) 
thrown [s\open\src\hotspot\share\interpreter\linkResolver.cpp, line 773]
Event: 61.961 Thread 0x000002017ec51090 Exception <a 'java/lang/NoSuchMethodError'{0x00000000eea20950}: 'java.lang.Object java.lang.invoke.DirectMethodHandle$Holder.newInvokeSpecial(java.lang.Object, java.lang.Object, java.lang.Object, java.lang.Object, java.lang.Object, java.lang.Object, java.lang.Object, java.lang.Object, java.lang.Object)'> (0x00000000eea20950) 
thrown [s\open\src\hotspot\share\interpreter\linkResolver.cpp, line 773]
Event: 62.523 Thread 0x000002017ec51090 Exception <a 'java/lang/NoSuchMethodError'{0x00000000ee728198}: 'int java.lang.invoke.DirectMethodHandle$Holder.invokeVirtual(java.lang.Object, java.lang.Object)'> (0x00000000ee728198) 
thrown [s\open\src\hotspot\share\interpreter\linkResolver.cpp, line 773]
Event: 62.816 Thread 0x000002017ec51090 Exception <a 'java/lang/NoSuchMethodError'{0x00000000ee43f788}: 'void java.lang.invoke.DirectMethodHandle$Holder.invokeInterface(java.lang.Object, java.lang.Object, java.lang.Object, java.lang.Object, java.lang.Object)'> (0x00000000ee43f788) 
thrown [s\open\src\hotspot\share\interpreter\linkResolver.cpp, line 773]
Event: 62.824 Thread 0x000002017ec51090 Exception <a 'java/lang/NoSuchMethodError'{0x00000000ee47e378}: 'void java.lang.invoke.DirectMethodHandle$Holder.invokeStatic(java.lang.Object, java.lang.Object, java.lang.Object, java.lang.Object, java.lang.Object, java.lang.Object)'> (0x00000000ee47e378) 
thrown [s\open\src\hotspot\share\interpreter\linkResolver.cpp, line 773]
Event: 63.273 Thread 0x000002017ec51090 Exception <a 'java/lang/IncompatibleClassChangeError'{0x00000000edc696f8}: Found class java.lang.Object, but interface was expected> (0x00000000edc696f8) 
thrown [s\open\src\hotspot\share\interpreter\linkResolver.cpp, line 840]
Event: 81.291 Thread 0x000002017ec51090 Exception <a 'java/lang/NoSuchMethodError'{0x00000000ed804090}: 'java.lang.Object java.lang.invoke.DirectMethodHandle$Holder.newInvokeSpecial(java.lang.Object, java.lang.Object, long)'> (0x00000000ed804090) 
thrown [s\open\src\hotspot\share\interpreter\linkResolver.cpp, line 773]
Event: 81.292 Thread 0x000002017ec51090 Exception <a 'java/lang/NoSuchMethodError'{0x00000000ed808458}: 'java.lang.Object java.lang.invoke.Invokers$Holder.linkToTargetMethod(java.lang.Object, long, java.lang.Object)'> (0x00000000ed808458) 
thrown [s\open\src\hotspot\share\interpreter\linkResolver.cpp, line 773]
Event: 82.982 Thread 0x000002017ec51090 Exception <a 'java/lang/NoSuchMethodError'{0x00000000ed655968}: 'int java.lang.invoke.DirectMethodHandle$Holder.invokeInterface(java.lang.Object, java.lang.Object)'> (0x00000000ed655968) 
thrown [s\open\src\hotspot\share\interpreter\linkResolver.cpp, line 773]
Event: 83.247 Thread 0x000002017ec51090 Exception <a 'java/lang/NoSuchMethodError'{0x00000000ed6df880}: 'java.lang.Object java.lang.invoke.DirectMethodHandle$Holder.invokeVirtual(java.lang.Object, java.lang.Object, int)'> (0x00000000ed6df880) 
thrown [s\open\src\hotspot\share\interpreter\linkResolver.cpp, line 773]
Event: 85.384 Thread 0x000002017ec51090 Exception <a 'java/lang/NoSuchMethodError'{0x00000000ed5941c0}: 'java.lang.Object java.lang.invoke.DirectMethodHandle$Holder.invokeStatic(java.lang.Object, java.lang.Object, int, java.lang.Object)'> (0x00000000ed5941c0) 
thrown [s\open\src\hotspot\share\interpreter\linkResolver.cpp, line 773]
Event: 85.386 Thread 0x000002017ec51090 Exception <a 'java/lang/NoSuchMethodError'{0x00000000ed59b5b8}: 'java.lang.Object java.lang.invoke.DirectMethodHandle$Holder.newInvokeSpecial(java.lang.Object, java.lang.Object, int, java.lang.Object)'> (0x00000000ed59b5b8) 
thrown [s\open\src\hotspot\share\interpreter\linkResolver.cpp, line 773]
Event: 85.386 Thread 0x000002017ec51090 Exception <a 'java/lang/NoSuchMethodError'{0x00000000ed59fd40}: 'java.lang.Object java.lang.invoke.DirectMethodHandle$Holder.invokeSpecial(java.lang.Object, java.lang.Object, java.lang.Object, int, java.lang.Object)'> (0x00000000ed59fd40) 
thrown [s\open\src\hotspot\share\interpreter\linkResolver.cpp, line 773]
Event: 98.769 Thread 0x000002017ec51090 Exception <a 'java/lang/NoSuchMethodError'{0x00000000ed1a08c8}: 'void java.lang.invoke.DirectMethodHandle$Holder.invokeInterface(java.lang.Object, java.lang.Object, java.lang.Object, java.lang.Object, java.lang.Object, java.lang.Object, java.lang.Object)'> (0x00000000ed1a08c8) 
thrown [s\open\src\hotspot\share\interpreter\linkResolver.cpp, line 773]
Event: 98.789 Thread 0x000002017ec51090 Exception <a 'java/lang/NoSuchMethodError'{0x00000000ed1a5230}: 'void java.lang.invoke.DelegatingMethodHandle$Holder.reinvoke_L(java.lang.Object, java.lang.Object, java.lang.Object, java.lang.Object, java.lang.Object, java.lang.Object, java.lang.Object)'> (0x00000000ed1a5230) 
thrown [s\open\src\hotspot\share\interpreter\linkResolver.cpp, line 773]

ZGC Phase Switch (0 events):
No events

VM Operations (20 events):
Event: 89.437 Executing VM operation: Cleanup
Event: 89.452 Executing VM operation: Cleanup done
Event: 90.453 Executing VM operation: Cleanup
Event: 90.514 Executing VM operation: Cleanup done
Event: 92.539 Executing VM operation: Cleanup
Event: 92.585 Executing VM operation: Cleanup done
Event: 94.607 Executing VM operation: Cleanup
Event: 94.668 Executing VM operation: Cleanup done
Event: 95.677 Executing VM operation: Cleanup
Event: 95.677 Executing VM operation: Cleanup done
Event: 98.712 Executing VM operation: Cleanup
Event: 98.713 Executing VM operation: Cleanup done
Event: 99.009 Executing VM operation: HandshakeAllThreads (Deoptimize)
Event: 99.009 Executing VM operation: HandshakeAllThreads (Deoptimize) done
Event: 99.107 Executing VM operation: HandshakeAllThreads (Deoptimize)
Event: 99.107 Executing VM operation: HandshakeAllThreads (Deoptimize) done
Event: 100.121 Executing VM operation: Cleanup
Event: 100.122 Executing VM operation: Cleanup done
Event: 101.131 Executing VM operation: Cleanup
Event: 101.132 Executing VM operation: Cleanup done

Events (20 events):
Event: 44.859 Thread 0x000002017ec97080 Thread added: 0x000002017ec97080
Event: 44.964 Thread 0x000002017f15b460 Thread added: 0x000002017f15b460
Event: 44.978 Thread 0x000002017ec51090 Thread added: 0x000002017ec51090
Event: 45.000 Thread 0x000002017f3ad040 Thread added: 0x000002017f3ad040
Event: 45.005 Thread 0x000002017f3aaf70 Thread added: 0x000002017f3aaf70
Event: 45.008 Thread 0x000002017f3ac320 Thread added: 0x000002017f3ac320
Event: 45.954 Thread 0x000002017f3ad6d0 Thread added: 0x000002017f3ad6d0
Event: 46.022 Thread 0x000002017f3add60 Thread added: 0x000002017f3add60
Event: 51.607 Thread 0x000002017f3ab600 Thread added: 0x000002017f3ab600
Event: 53.376 Thread 0x000002017f3ac9b0 Thread added: 0x000002017f3ac9b0
Event: 58.491 Thread 0x0000020119c4bf70 Thread added: 0x0000020119c4bf70
Event: 58.936 Thread 0x0000020119c4bf70 Thread exited: 0x0000020119c4bf70
Event: 59.779 Thread 0x0000020119c481d0 Thread added: 0x0000020119c481d0
Event: 60.207 Thread 0x000002017f3abc90 Thread added: 0x000002017f3abc90
Event: 60.359 Thread 0x000002011a81f660 Thread added: 0x000002011a81f660
Event: 60.548 Thread 0x0000020119c481d0 Thread exited: 0x0000020119c481d0
Event: 62.422 Thread 0x000002011a81cf00 Thread added: 0x000002011a81cf00
Event: 62.516 Thread 0x000002011a81bb50 Thread added: 0x000002011a81bb50
Event: 85.423 Thread 0x000002011a81dc20 Thread added: 0x000002011a81dc20
Event: 97.793 Thread 0x000002011a81e2b0 Thread added: 0x000002011a81e2b0


Dynamic libraries:
0x00007ff6226b0000 - 0x00007ff6226c0000 	C:\Program Files\Java\jdk-21.0.6\bin\java.exe
0x00007ffb8b9f0000 - 0x00007ffb8bc07000 	C:\WINDOWS\SYSTEM32\ntdll.dll
0x00007ffb897a0000 - 0x00007ffb89864000 	C:\WINDOWS\System32\KERNEL32.DLL
0x00007ffb88e50000 - 0x00007ffb89223000 	C:\WINDOWS\System32\KERNELBASE.dll
0x00007ffb88d30000 - 0x00007ffb88e41000 	C:\WINDOWS\System32\ucrtbase.dll
0x00007ffb5db70000 - 0x00007ffb5db89000 	C:\Program Files\Java\jdk-21.0.6\bin\jli.dll
0x00007ffb8a5b0000 - 0x00007ffb8a661000 	C:\WINDOWS\System32\ADVAPI32.dll
0x00007ffb8a670000 - 0x00007ffb8a717000 	C:\WINDOWS\System32\msvcrt.dll
0x00007ffb8aa20000 - 0x00007ffb8aac8000 	C:\WINDOWS\System32\sechost.dll
0x00007ffb894a0000 - 0x00007ffb894c8000 	C:\WINDOWS\System32\bcrypt.dll
0x00007ffb89ab0000 - 0x00007ffb89bc4000 	C:\WINDOWS\System32\RPCRT4.dll
0x00007ffb898f0000 - 0x00007ffb89aa1000 	C:\WINDOWS\System32\USER32.dll
0x00007ffb892b0000 - 0x00007ffb892d6000 	C:\WINDOWS\System32\win32u.dll
0x00007ffb8a9f0000 - 0x00007ffb8aa19000 	C:\WINDOWS\System32\GDI32.dll
0x00007ffb5db90000 - 0x00007ffb5dbab000 	C:\Program Files\Java\jdk-21.0.6\bin\VCRUNTIME140.dll
0x00007ffb89570000 - 0x00007ffb8968b000 	C:\WINDOWS\System32\gdi32full.dll
0x00007ffb894d0000 - 0x00007ffb8956a000 	C:\WINDOWS\System32\msvcp_win.dll
0x00007ffb7f050000 - 0x00007ffb7f2e8000 	C:\WINDOWS\WinSxS\amd64_microsoft.windows.common-controls_6595b64144ccf1df_6.0.22621.5124_none_270e8f4f7386d69d\COMCTL32.dll
0x00007ffb80360000 - 0x00007ffb8036a000 	C:\WINDOWS\SYSTEM32\VERSION.dll
0x00007ffb8b900000 - 0x00007ffb8b931000 	C:\WINDOWS\System32\IMM32.DLL
0x00007ffb79c10000 - 0x00007ffb79c1c000 	C:\Program Files\Java\jdk-21.0.6\bin\vcruntime140_1.dll
0x00007ffb5dae0000 - 0x00007ffb5db6e000 	C:\Program Files\Java\jdk-21.0.6\bin\msvcp140.dll
0x00007ffaecf00000 - 0x00007ffaedc1a000 	C:\Program Files\Java\jdk-21.0.6\bin\server\jvm.dll
0x00007ffb89bd0000 - 0x00007ffb89c41000 	C:\WINDOWS\System32\WS2_32.dll
0x00007ffb87980000 - 0x00007ffb879cd000 	C:\WINDOWS\SYSTEM32\POWRPROF.dll
0x00007ffb82ce0000 - 0x00007ffb82d14000 	C:\WINDOWS\SYSTEM32\WINMM.dll
0x00007ffb87960000 - 0x00007ffb87973000 	C:\WINDOWS\SYSTEM32\UMPDC.dll
0x00007ffb87c20000 - 0x00007ffb87c38000 	C:\WINDOWS\SYSTEM32\kernel.appcore.dll
0x00007ffb5dc70000 - 0x00007ffb5dc7a000 	C:\Program Files\Java\jdk-21.0.6\bin\jimage.dll
0x00007ffb865d0000 - 0x00007ffb86802000 	C:\WINDOWS\SYSTEM32\DBGHELP.DLL
0x00007ffb8ab00000 - 0x00007ffb8ae92000 	C:\WINDOWS\System32\combase.dll
0x00007ffb8a850000 - 0x00007ffb8a927000 	C:\WINDOWS\System32\OLEAUT32.dll
0x00007ffb7da70000 - 0x00007ffb7daa2000 	C:\WINDOWS\SYSTEM32\dbgcore.DLL
0x00007ffb89420000 - 0x00007ffb8949b000 	C:\WINDOWS\System32\bcryptPrimitives.dll
0x00007ffb5dad0000 - 0x00007ffb5dadf000 	C:\Program Files\Java\jdk-21.0.6\bin\instrument.dll
0x00007ffb5dab0000 - 0x00007ffb5dacf000 	C:\Program Files\Java\jdk-21.0.6\bin\java.dll
0x00007ffb8b060000 - 0x00007ffb8b8f6000 	C:\WINDOWS\System32\SHELL32.dll
0x00007ffb892e0000 - 0x00007ffb8941f000 	C:\WINDOWS\System32\wintypes.dll
0x00007ffb869e0000 - 0x00007ffb872fa000 	C:\WINDOWS\SYSTEM32\windows.storage.dll
0x00007ffb8a730000 - 0x00007ffb8a83a000 	C:\WINDOWS\System32\SHCORE.dll
0x00007ffb8a930000 - 0x00007ffb8a993000 	C:\WINDOWS\System32\shlwapi.dll
0x00007ffb88a30000 - 0x00007ffb88a5b000 	C:\WINDOWS\SYSTEM32\profapi.dll
0x00007ffb25a20000 - 0x00007ffb25af7000 	C:\Program Files\Java\jdk-21.0.6\bin\jsvml.dll
0x00007ffb56820000 - 0x00007ffb56838000 	C:\Program Files\Java\jdk-21.0.6\bin\zip.dll
0x00007ffb56810000 - 0x00007ffb56820000 	C:\Program Files\Java\jdk-21.0.6\bin\net.dll
0x00007ffb844b0000 - 0x00007ffb845dc000 	C:\WINDOWS\SYSTEM32\WINHTTP.dll
0x00007ffb880a0000 - 0x00007ffb8810a000 	C:\WINDOWS\system32\mswsock.dll
0x00007ffb567f0000 - 0x00007ffb56806000 	C:\Program Files\Java\jdk-21.0.6\bin\nio.dll
0x00007ffb567e0000 - 0x00007ffb567f0000 	C:\Program Files\Java\jdk-21.0.6\bin\verify.dll
0x00007ffb5dbb0000 - 0x00007ffb5dbd7000 	C:\Users\ASUS\.gradle\native\1def1411415f61bf3af743bc5b6707747c0891f09f0c88961ee8f79bc544acac\windows-amd64\native-platform.dll
0x00007ffb29230000 - 0x00007ffb292a8000 	C:\Users\ASUS\.gradle\native\0.2.7\x86_64-windows-gnu\gradle-fileevents.dll
0x00007ffb567d0000 - 0x00007ffb567da000 	C:\Program Files\Java\jdk-21.0.6\bin\management.dll
0x00007ffb56770000 - 0x00007ffb5677b000 	C:\Program Files\Java\jdk-21.0.6\bin\management_ext.dll
0x00007ffb8aad0000 - 0x00007ffb8aad8000 	C:\WINDOWS\System32\PSAPI.DLL
0x00007ffb875f0000 - 0x00007ffb8761d000 	C:\WINDOWS\SYSTEM32\IPHLPAPI.DLL
0x00007ffb8a720000 - 0x00007ffb8a729000 	C:\WINDOWS\System32\NSI.dll
0x00007ffb54250000 - 0x00007ffb54259000 	C:\Program Files\Java\jdk-21.0.6\bin\extnet.dll
0x00007ffb882f0000 - 0x00007ffb8830b000 	C:\WINDOWS\SYSTEM32\CRYPTSP.dll
0x00007ffb87b80000 - 0x00007ffb87bb7000 	C:\WINDOWS\system32\rsaenh.dll
0x00007ffb88190000 - 0x00007ffb881b8000 	C:\WINDOWS\SYSTEM32\USERENV.dll
0x00007ffb88310000 - 0x00007ffb8831c000 	C:\WINDOWS\SYSTEM32\CRYPTBASE.dll
0x00007ffb511b0000 - 0x00007ffb511be000 	C:\Program Files\Java\jdk-21.0.6\bin\sunmscapi.dll
0x00007ffb88bc0000 - 0x00007ffb88d27000 	C:\WINDOWS\System32\CRYPT32.dll
0x00007ffb88490000 - 0x00007ffb884bd000 	C:\WINDOWS\SYSTEM32\ncrypt.dll
0x00007ffb88450000 - 0x00007ffb88487000 	C:\WINDOWS\SYSTEM32\NTASN1.dll
0x00007ffb56240000 - 0x00007ffb56248000 	C:\WINDOWS\system32\wshunix.dll

dbghelp: loaded successfully - version: 4.0.5 - missing functions: none
symbol engine: initialized successfully - sym options: 0x614 - pdb path: .;C:\Program Files\Java\jdk-21.0.6\bin;C:\WINDOWS\SYSTEM32;C:\WINDOWS\WinSxS\amd64_microsoft.windows.common-controls_6595b64144ccf1df_6.0.22621.5124_none_270e8f4f7386d69d;C:\Program Files\Java\jdk-21.0.6\bin\server;C:\Users\ASUS\.gradle\native\1def1411415f61bf3af743bc5b6707747c0891f09f0c88961ee8f79bc544acac\windows-amd64;C:\Users\ASUS\.gradle\native\0.2.7\x86_64-windows-gnu

VM Arguments:
jvm_args: --add-opens=java.base/java.lang=ALL-UNNAMED --add-opens=java.base/java.lang.invoke=ALL-UNNAMED --add-opens=java.base/java.util=ALL-UNNAMED --add-opens=java.prefs/java.util.prefs=ALL-UNNAMED --add-exports=jdk.compiler/com.sun.tools.javac.api=ALL-UNNAMED --add-exports=jdk.compiler/com.sun.tools.javac.util=ALL-UNNAMED --add-opens=java.base/java.util=ALL-UNNAMED --add-opens=java.prefs/java.util.prefs=ALL-UNNAMED --add-opens=java.base/java.nio.charset=ALL-UNNAMED --add-opens=java.base/java.net=ALL-UNNAMED --add-opens=java.base/java.util.concurrent.atomic=ALL-UNNAMED --add-opens=java.xml/javax.xml.namespace=ALL-UNNAMED -XX:MaxMetaspaceSize=384m -XX:+HeapDumpOnOutOfMemoryError -Xms256m -Xmx512m -Dfile.encoding=UTF-8 -Duser.country=US -Duser.language=en -Duser.variant -javaagent:C:\Users\ASUS\.gradle\wrapper\dists\gradle-8.13-bin\5xuhj0ry160q40clulazy9h7d\gradle-8.13\lib\agents\gradle-instrumentation-agent-8.13.jar 
java_command: org.gradle.launcher.daemon.bootstrap.GradleDaemon 8.13
java_class_path (initial): C:\Users\ASUS\.gradle\wrapper\dists\gradle-8.13-bin\5xuhj0ry160q40clulazy9h7d\gradle-8.13\lib\gradle-daemon-main-8.13.jar
Launcher Type: SUN_STANDARD

[Global flags]
     intx CICompilerCount                          = 4                                         {product} {ergonomic}
   size_t CompressedClassSpaceSize                 = 335544320                                 {product} {ergonomic}
     uint ConcGCThreads                            = 3                                         {product} {ergonomic}
     uint G1ConcRefinementThreads                  = 10                                        {product} {ergonomic}
   size_t G1HeapRegionSize                         = 1048576                                   {product} {ergonomic}
    uintx GCDrainStackTargetSize                   = 64                                        {product} {ergonomic}
     bool HeapDumpOnOutOfMemoryError               = true                                   {manageable} {command line}
   size_t InitialHeapSize                          = 268435456                                 {product} {command line}
   size_t MarkStackSize                            = 4194304                                   {product} {ergonomic}
   size_t MaxHeapSize                              = 536870912                                 {product} {command line}
   size_t MaxMetaspaceSize                         = 402653184                                 {product} {command line}
   size_t MaxNewSize                               = 321912832                                 {product} {ergonomic}
   size_t MinHeapDeltaBytes                        = 1048576                                   {product} {ergonomic}
   size_t MinHeapSize                              = 268435456                                 {product} {command line}
    uintx NonNMethodCodeHeapSize                   = 5839372                                {pd product} {ergonomic}
    uintx NonProfiledCodeHeapSize                  = 122909434                              {pd product} {ergonomic}
    uintx ProfiledCodeHeapSize                     = 122909434                              {pd product} {ergonomic}
    uintx ReservedCodeCacheSize                    = 251658240                              {pd product} {ergonomic}
     bool SegmentedCodeCache                       = true                                      {product} {ergonomic}
   size_t SoftMaxHeapSize                          = 536870912                              {manageable} {ergonomic}
     bool UseCompressedOops                        = true                           {product lp64_product} {ergonomic}
     bool UseG1GC                                  = true                                      {product} {ergonomic}
     bool UseLargePagesIndividualAllocation        = false                                  {pd product} {ergonomic}

Logging:
Log output configuration:
 #0: stdout all=warning uptime,level,tags foldmultilines=false
 #1: stderr all=off uptime,level,tags foldmultilines=false

Environment Variables:
JAVA_HOME=C:\Program Files\Java\jdk-21.0.6
PATH=C:\Python312\Scripts\;C:\Python312\;C:\Windows\system32;C:\Windows;C:\Windows\System32\Wbem;C:\Windows\System32\WindowsPowerShell\v1.0\;C:\Windows\System32\OpenSSH\;C:\Program Files (x86)\NVIDIA Corporation\PhysX\Common;C:\Program Files\NVIDIA Corporation\NVIDIA NvDLISR;C:\Program Files\dotnet\;C:\Program Files\Microsoft SQL Server\Client SDK\ODBC\170\Tools\Binn\;C:\Program Files (x86)\Microsoft SQL Server\150\Tools\Binn\;C:\Program Files\Microsoft SQL Server\150\Tools\Binn\;C:\Program Files\Microsoft SQL Server\150\DTS\Binn\;C:\Program Files (x86)\Microsoft SQL Server\150\DTS\Binn\;C:\Program Files\Azure Data Studio\bin;C:\Program Files\Git\cmd;C:\Program Files\MongoDB\Server\6.0\bin;C:\apache-maven-3.9.6\bin;C:\Program Files\Java\jdk-21.0.6\bin;C:\WINDOWS\system32;C:\WINDOWS;C:\WINDOWS\System32\Wbem;C:\WINDOWS\System32\WindowsPowerShell\v1.0\;C:\WINDOWS\System32\OpenSSH\;C:\Program Files\nodejs\;C:\ProgramData\chocolatey\bin;C:\Program Files\Docker\Docker\resources\bin;C:\Program Files\gsudo\Current;C:\Users\ASUS\AppData\Local\Microsoft\WindowsApps;C:\Program Files\Azure Data Studio\bin;C:\Users\ASUS\AppData\Local\Programs\Microsoft VS Code\bin;C:\msys645\mingw64\bin;C:\Users\ASUS\AppData\Local\Programs\mongosh\;C:\Program Files\MongoDB\Tools\100\bin;C:\Users\ASUS\.dotnet\tools;C:\apache-maven-3.9.6\bin;C:\Users\ASUS\AppData\Roaming\npm;C:\Users\ASUS\pipx\venvs\poetry\Scripts;
USERNAME=ASUS
OS=Windows_NT
PROCESSOR_IDENTIFIER=Intel64 Family 6 Model 154 Stepping 3, GenuineIntel
TMP=C:\Users\ASUS\AppData\Local\Temp
TEMP=C:\Users\ASUS\AppData\Local\Temp




Periodic native trim disabled

---------------  S Y S T E M  ---------------

OS:
 Windows 11 , 64 bit Build 22621 (10.0.22621.5124)
OS uptime: 0 days 1:40 hours
Hyper-V role detected

CPU: total 12 (initial active 12) (6 cores per cpu, 2 threads per core) family 6 model 154 stepping 3 microcode 0x41c, cx8, cmov, fxsr, ht, mmx, 3dnowpref, sse, sse2, sse3, ssse3, sse4.1, sse4.2, popcnt, lzcnt, tsc, tscinvbit, avx, avx2, aes, erms, clmul, bmi1, bmi2, adx, sha, fma, vzeroupper, clflush, clflushopt, clwb, hv, serialize, rdtscp, rdpid, fsrm, f16c, cet_ibt, cet_ss
Processor Information for processor 0
  Max Mhz: 2000, Current Mhz: 2000, Mhz Limit: 2000
Processor Information for processor 1
  Max Mhz: 2000, Current Mhz: 2000, Mhz Limit: 2000
Processor Information for processor 2
  Max Mhz: 2000, Current Mhz: 2000, Mhz Limit: 2000
Processor Information for processor 3
  Max Mhz: 2000, Current Mhz: 2000, Mhz Limit: 2000
Processor Information for processor 4
  Max Mhz: 2000, Current Mhz: 2000, Mhz Limit: 2000
Processor Information for processor 5
  Max Mhz: 2000, Current Mhz: 2000, Mhz Limit: 2000
Processor Information for processor 6
  Max Mhz: 2000, Current Mhz: 2000, Mhz Limit: 2000
Processor Information for processor 7
  Max Mhz: 2000, Current Mhz: 2000, Mhz Limit: 2000
Processor Information for processor 8
  Max Mhz: 2000, Current Mhz: 1500, Mhz Limit: 1500
Processor Information for processor 9
  Max Mhz: 2000, Current Mhz: 1500, Mhz Limit: 1500
Processor Information for processor 10
  Max Mhz: 2000, Current Mhz: 1500, Mhz Limit: 1500
Processor Information for processor 11
  Max Mhz: 2000, Current Mhz: 1500, Mhz Limit: 1500

Memory: 4k page, system-wide physical 7813M (2M free)
TotalPageFile size 31365M (AvailPageFile size 14M)
current process WorkingSet (physical memory assigned to process): 17M, peak: 186M
current process commit charge ("private bytes"): 431M, peak: 433M

vm_info: Java HotSpot(TM) 64-Bit Server VM (21.0.6+8-LTS-188) for windows-amd64 JRE (21.0.6+8-LTS-188), built on 2024-12-03T10:50:54Z by "mach5one" with MS VC++ 17.6 (VS2022)

END.
