#
# There is insufficient memory for the Java Runtime Environment to continue.
# Native memory allocation (malloc) failed to allocate 229696 bytes for Chunk::new
# Possible reasons:
#   The system is out of physical RAM or swap space
#   The process is running with CompressedOops enabled, and the Java Heap may be blocking the growth of the native heap
# Possible solutions:
#   Reduce memory load on the system
#   Increase physical memory or swap space
#   Check if swap backing store is full
#   Decrease Java heap size (-Xmx/-Xms)
#   Decrease number of Java threads
#   Decrease Java thread stack sizes (-Xss)
#   Set larger code cache with -XX:ReservedCodeCacheSize=
#   JVM is running with Unscaled Compressed Oops mode in which the Java heap is
#     placed in the first 4GB address space. The Java Heap base address is the
#     maximum limit for the native heap growth. Please use -XX:HeapBaseMinAddress
#     to set the Java Heap base and to place the Java Heap above 4GB virtual address.
# This output file may be truncated or incomplete.
#
#  Out of Memory Error (arena.cpp:168), pid=23720, tid=11480
#
# JRE version: Java(TM) SE Runtime Environment (21.0.6+8) (build 21.0.6+8-LTS-188)
# Java VM: Java HotSpot(TM) 64-Bit Server VM (21.0.6+8-LTS-188, mixed mode, sharing, tiered, compressed oops, compressed class ptrs, g1 gc, windows-amd64)
# No core dump will be written. Minidumps are not enabled by default on client versions of Windows
#

---------------  S U M M A R Y ------------

Command Line: --add-opens=java.base/java.lang=ALL-UNNAMED --add-opens=java.base/java.lang.invoke=ALL-UNNAMED --add-opens=java.base/java.util=ALL-UNNAMED --add-opens=java.prefs/java.util.prefs=ALL-UNNAMED --add-exports=jdk.compiler/com.sun.tools.javac.api=ALL-UNNAMED --add-exports=jdk.compiler/com.sun.tools.javac.util=ALL-UNNAMED --add-opens=java.base/java.util=ALL-UNNAMED --add-opens=java.prefs/java.util.prefs=ALL-UNNAMED --add-opens=java.base/java.nio.charset=ALL-UNNAMED --add-opens=java.base/java.net=ALL-UNNAMED --add-opens=java.base/java.util.concurrent.atomic=ALL-UNNAMED --add-opens=java.xml/javax.xml.namespace=ALL-UNNAMED -XX:MaxMetaspaceSize=384m -XX:+HeapDumpOnOutOfMemoryError -Xms256m -Xmx512m -Dfile.encoding=UTF-8 -Duser.country=US -Duser.language=en -Duser.variant -javaagent:C:\Users\ASUS\.gradle\wrapper\dists\gradle-8.12.1-bin\eumc4uhoysa37zql93vfjkxy0\gradle-8.12.1\lib\agents\gradle-instrumentation-agent-8.12.1.jar org.gradle.launcher.daemon.bootstrap.GradleDaemon 8.12.1

Host: 12th Gen Intel(R) Core(TM) i5-12450H, 12 cores, 7G,  Windows 11 , 64 bit Build 22621 (10.0.22621.5124)
Time: Wed May  7 19:09:40 2025 SE Asia Standard Time elapsed time: 29.210759 seconds (0d 0h 0m 29s)

---------------  T H R E A D  ---------------

Current thread (0x000002b8f944b600):  JavaThread "C2 CompilerThread0" daemon [_thread_in_native, id=11480, stack(0x000000dc93e00000,0x000000dc93f00000) (1024K)]


Current CompileTask:
C2:  29210 3186       4       jdk.internal.org.objectweb.asm.Frame::accept (264 bytes)

Stack: [0x000000dc93e00000,0x000000dc93f00000]
Native frames: (J=compiled Java code, j=interpreted, Vv=VM code, C=native code)
V  [jvm.dll+0x6ca6d9]
V  [jvm.dll+0x854f51]
V  [jvm.dll+0x85747e]
V  [jvm.dll+0x857b53]
V  [jvm.dll+0x27dcc6]
V  [jvm.dll+0xc4c2d]
V  [jvm.dll+0xc5163]
V  [jvm.dll+0x3b515c]
V  [jvm.dll+0x381855]
V  [jvm.dll+0x380cca]
V  [jvm.dll+0x246920]
V  [jvm.dll+0x245eff]
V  [jvm.dll+0x1c6d2e]
V  [jvm.dll+0x2554f9]
V  [jvm.dll+0x253a8a]
V  [jvm.dll+0x3ee576]
V  [jvm.dll+0x7ff2fb]
V  [jvm.dll+0x6c8dbd]
C  [ucrtbase.dll+0x29333]
C  [KERNEL32.DLL+0x1259d]
C  [ntdll.dll+0x5af38]


---------------  P R O C E S S  ---------------

Threads class SMR info:
_java_thread_list=0x000002b8ff7921a0, length=25, elements={
0x000002b8eb207850, 0x000002b8f9444660, 0x000002b8f94451b0, 0x000002b8f9446880,
0x000002b8f94493e0, 0x000002b8f9449e30, 0x000002b8f944a880, 0x000002b8f944b600,
0x000002b8f944c1c0, 0x000002b8f941dd70, 0x000002b8f971f9a0, 0x000002b8ff3ec790,
0x000002b8ff53d660, 0x000002b8ff57dcd0, 0x000002b8f9677e60, 0x000002b8f9926630,
0x000002b8f9638620, 0x000002b8f9641370, 0x000002b8f9643bd0, 0x000002b8fe905090,
0x000002b8fe902930, 0x000002b8fe9022a0, 0x000002b8fe903650, 0x000002b8fe904370,
0x000002b8fe905720
}

Java Threads: ( => current thread )
  0x000002b8eb207850 JavaThread "main"                              [_thread_blocked, id=26124, stack(0x000000dc93000000,0x000000dc93100000) (1024K)]
  0x000002b8f9444660 JavaThread "Reference Handler"          daemon [_thread_blocked, id=1168, stack(0x000000dc93800000,0x000000dc93900000) (1024K)]
  0x000002b8f94451b0 JavaThread "Finalizer"                  daemon [_thread_blocked, id=29404, stack(0x000000dc93900000,0x000000dc93a00000) (1024K)]
  0x000002b8f9446880 JavaThread "Signal Dispatcher"          daemon [_thread_blocked, id=26452, stack(0x000000dc93a00000,0x000000dc93b00000) (1024K)]
  0x000002b8f94493e0 JavaThread "Attach Listener"            daemon [_thread_blocked, id=26192, stack(0x000000dc93b00000,0x000000dc93c00000) (1024K)]
  0x000002b8f9449e30 JavaThread "Service Thread"             daemon [_thread_blocked, id=28192, stack(0x000000dc93c00000,0x000000dc93d00000) (1024K)]
  0x000002b8f944a880 JavaThread "Monitor Deflation Thread"   daemon [_thread_blocked, id=25216, stack(0x000000dc93d00000,0x000000dc93e00000) (1024K)]
=>0x000002b8f944b600 JavaThread "C2 CompilerThread0"         daemon [_thread_in_native, id=11480, stack(0x000000dc93e00000,0x000000dc93f00000) (1024K)]
  0x000002b8f944c1c0 JavaThread "C1 CompilerThread0"         daemon [_thread_blocked, id=28572, stack(0x000000dc93f00000,0x000000dc94000000) (1024K)]
  0x000002b8f941dd70 JavaThread "Common-Cleaner"             daemon [_thread_blocked, id=23888, stack(0x000000dc94000000,0x000000dc94100000) (1024K)]
  0x000002b8f971f9a0 JavaThread "Notification Thread"        daemon [_thread_blocked, id=12860, stack(0x000000dc94100000,0x000000dc94200000) (1024K)]
  0x000002b8ff3ec790 JavaThread "Daemon health stats"               [_thread_blocked, id=19020, stack(0x000000dc94700000,0x000000dc94800000) (1024K)]
  0x000002b8ff53d660 JavaThread "Incoming local TCP Connector on port 54640"        [_thread_in_native, id=20608, stack(0x000000dc94800000,0x000000dc94900000) (1024K)]
  0x000002b8ff57dcd0 JavaThread "Daemon periodic checks"            [_thread_blocked, id=16332, stack(0x000000dc94900000,0x000000dc94a00000) (1024K)]
  0x000002b8f9677e60 JavaThread "Daemon"                            [_thread_blocked, id=29016, stack(0x000000dc94a00000,0x000000dc94b00000) (1024K)]
  0x000002b8f9926630 JavaThread "Handler for socket connection from /127.0.0.1:54640 to /127.0.0.1:54642"        [_thread_in_native, id=16416, stack(0x000000dc94b00000,0x000000dc94c00000) (1024K)]
  0x000002b8f9638620 JavaThread "Cancel handler"                    [_thread_blocked, id=2068, stack(0x000000dc94c00000,0x000000dc94d00000) (1024K)]
  0x000002b8f9641370 JavaThread "Daemon worker"                     [_thread_in_vm, id=23068, stack(0x000000dc94d00000,0x000000dc94e00000) (1024K)]
  0x000002b8f9643bd0 JavaThread "Asynchronous log dispatcher for DefaultDaemonConnection: socket connection from /127.0.0.1:54640 to /127.0.0.1:54642"        [_thread_blocked, id=1860, stack(0x000000dc94e00000,0x000000dc94f00000) (1024K)]
  0x000002b8fe905090 JavaThread "Stdin handler"                     [_thread_blocked, id=26816, stack(0x000000dc94f00000,0x000000dc95000000) (1024K)]
  0x000002b8fe902930 JavaThread "Daemon client event forwarder"        [_thread_blocked, id=30652, stack(0x000000dc95000000,0x000000dc95100000) (1024K)]
  0x000002b8fe9022a0 JavaThread "Cache worker for journal cache (C:\Users\ASUS\.gradle\caches\journal-1)"        [_thread_blocked, id=5500, stack(0x000000dc95100000,0x000000dc95200000) (1024K)]
  0x000002b8fe903650 JavaThread "File lock request listener"        [_thread_in_native, id=25508, stack(0x000000dc95200000,0x000000dc95300000) (1024K)]
  0x000002b8fe904370 JavaThread "File lock release action executor"        [_thread_blocked, id=29512, stack(0x000000dc95300000,0x000000dc95400000) (1024K)]
  0x000002b8fe905720 JavaThread "Cache worker for file hash cache (C:\Users\ASUS\.gradle\caches\8.12.1\fileHashes)"        [_thread_blocked, id=26684, stack(0x000000dc95400000,0x000000dc95500000) (1024K)]
Total: 25

Other Threads:
  0x000002b8f942e200 VMThread "VM Thread"                           [id=27104, stack(0x000000dc93700000,0x000000dc93800000) (1024K)]
  0x000002b8f941ad30 WatcherThread "VM Periodic Task Thread"        [id=23824, stack(0x000000dc93600000,0x000000dc93700000) (1024K)]
  0x000002b8ed406900 WorkerThread "GC Thread#0"                     [id=29328, stack(0x000000dc93100000,0x000000dc93200000) (1024K)]
  0x000002b8fe0a0f80 WorkerThread "GC Thread#1"                     [id=26728, stack(0x000000dc94200000,0x000000dc94300000) (1024K)]
  0x000002b8fe0a1320 WorkerThread "GC Thread#2"                     [id=25872, stack(0x000000dc94300000,0x000000dc94400000) (1024K)]
  0x000002b8fe33a7f0 WorkerThread "GC Thread#3"                     [id=23944, stack(0x000000dc94400000,0x000000dc94500000) (1024K)]
  0x000002b8fe33ab90 WorkerThread "GC Thread#4"                     [id=22028, stack(0x000000dc94500000,0x000000dc94600000) (1024K)]
  0x000002b8fe2156b0 WorkerThread "GC Thread#5"                     [id=23780, stack(0x000000dc94600000,0x000000dc94700000) (1024K)]
  0x000002b8a451b730 WorkerThread "GC Thread#6"                     [id=30156, stack(0x000000dc95500000,0x000000dc95600000) (1024K)]
  0x000002b8a4519dd0 WorkerThread "GC Thread#7"                     [id=28052, stack(0x000000dc95600000,0x000000dc95700000) (1024K)]
  0x000002b8a451aff0 WorkerThread "GC Thread#8"                     [id=5144, stack(0x000000dc95700000,0x000000dc95800000) (1024K)]
  0x000002b8a451a170 WorkerThread "GC Thread#9"                     [id=4060, stack(0x000000dc95800000,0x000000dc95900000) (1024K)]
  0x000002b8ed40bfe0 ConcurrentGCThread "G1 Main Marker"            [id=26608, stack(0x000000dc93200000,0x000000dc93300000) (1024K)]
  0x000002b8ed40ca40 WorkerThread "G1 Conc#0"                       [id=24728, stack(0x000000dc93300000,0x000000dc93400000) (1024K)]
  0x000002b8a451a510 WorkerThread "G1 Conc#1"                       [id=4736, stack(0x000000dc95900000,0x000000dc95a00000) (1024K)]
  0x000002b8a451a8b0 WorkerThread "G1 Conc#2"                       [id=26916, stack(0x000000dc95a00000,0x000000dc95b00000) (1024K)]
  0x000002b8ed49ea70 ConcurrentGCThread "G1 Refine#0"               [id=23908, stack(0x000000dc93400000,0x000000dc93500000) (1024K)]
  0x000002b8f92e89f0 ConcurrentGCThread "G1 Service"                [id=28000, stack(0x000000dc93500000,0x000000dc93600000) (1024K)]
Total: 18

Threads with active compile tasks:
C2 CompilerThread0    29466 3186       4       jdk.internal.org.objectweb.asm.Frame::accept (264 bytes)
Total: 1

VM state: not at safepoint (normal execution)

VM Mutex/Monitor currently owned by a thread: None

Heap address: 0x00000000e0000000, size: 512 MB, Compressed Oops mode: 32-bit

CDS archive(s) mapped at: [0x000002b88f000000-0x000002b88fc90000-0x000002b88fc90000), size 13172736, SharedBaseAddress: 0x000002b88f000000, ArchiveRelocationMode: 1.
Compressed class space mapped at: 0x000002b890000000-0x000002b8a4000000, reserved size: 335544320
Narrow klass base: 0x000002b88f000000, Narrow klass shift: 0, Narrow klass range: 0x100000000

GC Precious Log:
 CardTable entry size: 512
 Card Set container configuration: InlinePtr #cards 5 size 8 Array Of Cards #cards 12 size 40 Howl #buckets 4 coarsen threshold 1843 Howl Bitmap #cards 512 size 80 coarsen threshold 460 Card regions per heap region 1 cards per card region 2048
 CPUs: 12 total, 12 available
 Memory: 7813M
 Large Page Support: Disabled
 NUMA Support: Disabled
 Compressed Oops: Enabled (32-bit)
 Heap Region Size: 1M
 Heap Min Capacity: 256M
 Heap Initial Capacity: 256M
 Heap Max Capacity: 512M
 Pre-touch: Disabled
 Parallel Workers: 10
 Concurrent Workers: 3
 Concurrent Refinement Workers: 10
 Periodic GC: Disabled

Heap:
 garbage-first heap   total 262144K, used 27476K [0x00000000e0000000, 0x0000000100000000)
  region size 1024K, 16 young (16384K), 12 survivors (12288K)
 Metaspace       used 21097K, committed 21824K, reserved 393216K
  class space    used 3037K, committed 3392K, reserved 327680K

Heap Regions: E=young(eden), S=young(survivor), O=old, HS=humongous(starts), HC=humongous(continues), CS=collection set, F=free, TAMS=top-at-mark-start, PB=parsable bottom
|   0|0x00000000e0000000, 0x00000000e0100000, 0x00000000e0100000|100%| O|Cm|TAMS 0x00000000e0000000| PB 0x00000000e0000000| Complete 
|   1|0x00000000e0100000, 0x00000000e0200000, 0x00000000e0200000|100%|HS|  |TAMS 0x00000000e0100000| PB 0x00000000e0100000| Complete 
|   2|0x00000000e0200000, 0x00000000e0300000, 0x00000000e0300000|100%|HC|  |TAMS 0x00000000e0200000| PB 0x00000000e0200000| Complete 
|   3|0x00000000e0300000, 0x00000000e0400000, 0x00000000e0400000|100%|HC|  |TAMS 0x00000000e0300000| PB 0x00000000e0300000| Complete 
|   4|0x00000000e0400000, 0x00000000e0500000, 0x00000000e0500000|100%| O|  |TAMS 0x00000000e0400000| PB 0x00000000e0400000| Untracked 
|   5|0x00000000e0500000, 0x00000000e0600000, 0x00000000e0600000|100%| O|  |TAMS 0x00000000e0500000| PB 0x00000000e0500000| Untracked 
|   6|0x00000000e0600000, 0x00000000e0700000, 0x00000000e0700000|100%| O|  |TAMS 0x00000000e0600000| PB 0x00000000e0600000| Untracked 
|   7|0x00000000e0700000, 0x00000000e0800000, 0x00000000e0800000|100%|HS|  |TAMS 0x00000000e0700000| PB 0x00000000e0700000| Complete 
|   8|0x00000000e0800000, 0x00000000e0800000, 0x00000000e0900000|  0%| F|  |TAMS 0x00000000e0800000| PB 0x00000000e0800000| Untracked 
|   9|0x00000000e0900000, 0x00000000e0a00000, 0x00000000e0a00000|100%| O|  |TAMS 0x00000000e0900000| PB 0x00000000e0900000| Untracked 
|  10|0x00000000e0a00000, 0x00000000e0b00000, 0x00000000e0b00000|100%| O|  |TAMS 0x00000000e0a00000| PB 0x00000000e0a00000| Untracked 
|  11|0x00000000e0b00000, 0x00000000e0c00000, 0x00000000e0c00000|100%| O|  |TAMS 0x00000000e0b00000| PB 0x00000000e0b00000| Untracked 
|  12|0x00000000e0c00000, 0x00000000e0cdd410, 0x00000000e0d00000| 86%| O|  |TAMS 0x00000000e0c00000| PB 0x00000000e0c00000| Untracked 
|  13|0x00000000e0d00000, 0x00000000e0d00000, 0x00000000e0e00000|  0%| F|  |TAMS 0x00000000e0d00000| PB 0x00000000e0d00000| Untracked 
|  14|0x00000000e0e00000, 0x00000000e0e00000, 0x00000000e0f00000|  0%| F|  |TAMS 0x00000000e0e00000| PB 0x00000000e0e00000| Untracked 
|  15|0x00000000e0f00000, 0x00000000e0f00000, 0x00000000e1000000|  0%| F|  |TAMS 0x00000000e0f00000| PB 0x00000000e0f00000| Untracked 
|  16|0x00000000e1000000, 0x00000000e1000000, 0x00000000e1100000|  0%| F|  |TAMS 0x00000000e1000000| PB 0x00000000e1000000| Untracked 
|  17|0x00000000e1100000, 0x00000000e1100000, 0x00000000e1200000|  0%| F|  |TAMS 0x00000000e1100000| PB 0x00000000e1100000| Untracked 
|  18|0x00000000e1200000, 0x00000000e1200000, 0x00000000e1300000|  0%| F|  |TAMS 0x00000000e1200000| PB 0x00000000e1200000| Untracked 
|  19|0x00000000e1300000, 0x00000000e1300000, 0x00000000e1400000|  0%| F|  |TAMS 0x00000000e1300000| PB 0x00000000e1300000| Untracked 
|  20|0x00000000e1400000, 0x00000000e1400000, 0x00000000e1500000|  0%| F|  |TAMS 0x00000000e1400000| PB 0x00000000e1400000| Untracked 
|  21|0x00000000e1500000, 0x00000000e1500000, 0x00000000e1600000|  0%| F|  |TAMS 0x00000000e1500000| PB 0x00000000e1500000| Untracked 
|  22|0x00000000e1600000, 0x00000000e1600000, 0x00000000e1700000|  0%| F|  |TAMS 0x00000000e1600000| PB 0x00000000e1600000| Untracked 
|  23|0x00000000e1700000, 0x00000000e1700000, 0x00000000e1800000|  0%| F|  |TAMS 0x00000000e1700000| PB 0x00000000e1700000| Untracked 
|  24|0x00000000e1800000, 0x00000000e1800000, 0x00000000e1900000|  0%| F|  |TAMS 0x00000000e1800000| PB 0x00000000e1800000| Untracked 
|  25|0x00000000e1900000, 0x00000000e1900000, 0x00000000e1a00000|  0%| F|  |TAMS 0x00000000e1900000| PB 0x00000000e1900000| Untracked 
|  26|0x00000000e1a00000, 0x00000000e1a00000, 0x00000000e1b00000|  0%| F|  |TAMS 0x00000000e1a00000| PB 0x00000000e1a00000| Untracked 
|  27|0x00000000e1b00000, 0x00000000e1b00000, 0x00000000e1c00000|  0%| F|  |TAMS 0x00000000e1b00000| PB 0x00000000e1b00000| Untracked 
|  28|0x00000000e1c00000, 0x00000000e1c00000, 0x00000000e1d00000|  0%| F|  |TAMS 0x00000000e1c00000| PB 0x00000000e1c00000| Untracked 
|  29|0x00000000e1d00000, 0x00000000e1d00000, 0x00000000e1e00000|  0%| F|  |TAMS 0x00000000e1d00000| PB 0x00000000e1d00000| Untracked 
|  30|0x00000000e1e00000, 0x00000000e1e00000, 0x00000000e1f00000|  0%| F|  |TAMS 0x00000000e1e00000| PB 0x00000000e1e00000| Untracked 
|  31|0x00000000e1f00000, 0x00000000e1f00000, 0x00000000e2000000|  0%| F|  |TAMS 0x00000000e1f00000| PB 0x00000000e1f00000| Untracked 
|  32|0x00000000e2000000, 0x00000000e2000000, 0x00000000e2100000|  0%| F|  |TAMS 0x00000000e2000000| PB 0x00000000e2000000| Untracked 
|  33|0x00000000e2100000, 0x00000000e2100000, 0x00000000e2200000|  0%| F|  |TAMS 0x00000000e2100000| PB 0x00000000e2100000| Untracked 
|  34|0x00000000e2200000, 0x00000000e2200000, 0x00000000e2300000|  0%| F|  |TAMS 0x00000000e2200000| PB 0x00000000e2200000| Untracked 
|  35|0x00000000e2300000, 0x00000000e2300000, 0x00000000e2400000|  0%| F|  |TAMS 0x00000000e2300000| PB 0x00000000e2300000| Untracked 
|  36|0x00000000e2400000, 0x00000000e2400000, 0x00000000e2500000|  0%| F|  |TAMS 0x00000000e2400000| PB 0x00000000e2400000| Untracked 
|  37|0x00000000e2500000, 0x00000000e2500000, 0x00000000e2600000|  0%| F|  |TAMS 0x00000000e2500000| PB 0x00000000e2500000| Untracked 
|  38|0x00000000e2600000, 0x00000000e2600000, 0x00000000e2700000|  0%| F|  |TAMS 0x00000000e2600000| PB 0x00000000e2600000| Untracked 
|  39|0x00000000e2700000, 0x00000000e2700000, 0x00000000e2800000|  0%| F|  |TAMS 0x00000000e2700000| PB 0x00000000e2700000| Untracked 
|  40|0x00000000e2800000, 0x00000000e2800000, 0x00000000e2900000|  0%| F|  |TAMS 0x00000000e2800000| PB 0x00000000e2800000| Untracked 
|  41|0x00000000e2900000, 0x00000000e2900000, 0x00000000e2a00000|  0%| F|  |TAMS 0x00000000e2900000| PB 0x00000000e2900000| Untracked 
|  42|0x00000000e2a00000, 0x00000000e2a00000, 0x00000000e2b00000|  0%| F|  |TAMS 0x00000000e2a00000| PB 0x00000000e2a00000| Untracked 
|  43|0x00000000e2b00000, 0x00000000e2b00000, 0x00000000e2c00000|  0%| F|  |TAMS 0x00000000e2b00000| PB 0x00000000e2b00000| Untracked 
|  44|0x00000000e2c00000, 0x00000000e2c00000, 0x00000000e2d00000|  0%| F|  |TAMS 0x00000000e2c00000| PB 0x00000000e2c00000| Untracked 
|  45|0x00000000e2d00000, 0x00000000e2d00000, 0x00000000e2e00000|  0%| F|  |TAMS 0x00000000e2d00000| PB 0x00000000e2d00000| Untracked 
|  46|0x00000000e2e00000, 0x00000000e2e00000, 0x00000000e2f00000|  0%| F|  |TAMS 0x00000000e2e00000| PB 0x00000000e2e00000| Untracked 
|  47|0x00000000e2f00000, 0x00000000e2f00000, 0x00000000e3000000|  0%| F|  |TAMS 0x00000000e2f00000| PB 0x00000000e2f00000| Untracked 
|  48|0x00000000e3000000, 0x00000000e3000000, 0x00000000e3100000|  0%| F|  |TAMS 0x00000000e3000000| PB 0x00000000e3000000| Untracked 
|  49|0x00000000e3100000, 0x00000000e3100000, 0x00000000e3200000|  0%| F|  |TAMS 0x00000000e3100000| PB 0x00000000e3100000| Untracked 
|  50|0x00000000e3200000, 0x00000000e3200000, 0x00000000e3300000|  0%| F|  |TAMS 0x00000000e3200000| PB 0x00000000e3200000| Untracked 
|  51|0x00000000e3300000, 0x00000000e3300000, 0x00000000e3400000|  0%| F|  |TAMS 0x00000000e3300000| PB 0x00000000e3300000| Untracked 
|  52|0x00000000e3400000, 0x00000000e3400000, 0x00000000e3500000|  0%| F|  |TAMS 0x00000000e3400000| PB 0x00000000e3400000| Untracked 
|  53|0x00000000e3500000, 0x00000000e3500000, 0x00000000e3600000|  0%| F|  |TAMS 0x00000000e3500000| PB 0x00000000e3500000| Untracked 
|  54|0x00000000e3600000, 0x00000000e3600000, 0x00000000e3700000|  0%| F|  |TAMS 0x00000000e3600000| PB 0x00000000e3600000| Untracked 
|  55|0x00000000e3700000, 0x00000000e3700000, 0x00000000e3800000|  0%| F|  |TAMS 0x00000000e3700000| PB 0x00000000e3700000| Untracked 
|  56|0x00000000e3800000, 0x00000000e3800000, 0x00000000e3900000|  0%| F|  |TAMS 0x00000000e3800000| PB 0x00000000e3800000| Untracked 
|  57|0x00000000e3900000, 0x00000000e3900000, 0x00000000e3a00000|  0%| F|  |TAMS 0x00000000e3900000| PB 0x00000000e3900000| Untracked 
|  58|0x00000000e3a00000, 0x00000000e3a00000, 0x00000000e3b00000|  0%| F|  |TAMS 0x00000000e3a00000| PB 0x00000000e3a00000| Untracked 
|  59|0x00000000e3b00000, 0x00000000e3b00000, 0x00000000e3c00000|  0%| F|  |TAMS 0x00000000e3b00000| PB 0x00000000e3b00000| Untracked 
|  60|0x00000000e3c00000, 0x00000000e3c00000, 0x00000000e3d00000|  0%| F|  |TAMS 0x00000000e3c00000| PB 0x00000000e3c00000| Untracked 
|  61|0x00000000e3d00000, 0x00000000e3d00000, 0x00000000e3e00000|  0%| F|  |TAMS 0x00000000e3d00000| PB 0x00000000e3d00000| Untracked 
|  62|0x00000000e3e00000, 0x00000000e3e00000, 0x00000000e3f00000|  0%| F|  |TAMS 0x00000000e3e00000| PB 0x00000000e3e00000| Untracked 
|  63|0x00000000e3f00000, 0x00000000e3f00000, 0x00000000e4000000|  0%| F|  |TAMS 0x00000000e3f00000| PB 0x00000000e3f00000| Untracked 
|  64|0x00000000e4000000, 0x00000000e4000000, 0x00000000e4100000|  0%| F|  |TAMS 0x00000000e4000000| PB 0x00000000e4000000| Untracked 
|  65|0x00000000e4100000, 0x00000000e4100000, 0x00000000e4200000|  0%| F|  |TAMS 0x00000000e4100000| PB 0x00000000e4100000| Untracked 
|  66|0x00000000e4200000, 0x00000000e4200000, 0x00000000e4300000|  0%| F|  |TAMS 0x00000000e4200000| PB 0x00000000e4200000| Untracked 
|  67|0x00000000e4300000, 0x00000000e4300000, 0x00000000e4400000|  0%| F|  |TAMS 0x00000000e4300000| PB 0x00000000e4300000| Untracked 
|  68|0x00000000e4400000, 0x00000000e4400000, 0x00000000e4500000|  0%| F|  |TAMS 0x00000000e4400000| PB 0x00000000e4400000| Untracked 
|  69|0x00000000e4500000, 0x00000000e4500000, 0x00000000e4600000|  0%| F|  |TAMS 0x00000000e4500000| PB 0x00000000e4500000| Untracked 
|  70|0x00000000e4600000, 0x00000000e4600000, 0x00000000e4700000|  0%| F|  |TAMS 0x00000000e4600000| PB 0x00000000e4600000| Untracked 
|  71|0x00000000e4700000, 0x00000000e4700000, 0x00000000e4800000|  0%| F|  |TAMS 0x00000000e4700000| PB 0x00000000e4700000| Untracked 
|  72|0x00000000e4800000, 0x00000000e4800000, 0x00000000e4900000|  0%| F|  |TAMS 0x00000000e4800000| PB 0x00000000e4800000| Untracked 
|  73|0x00000000e4900000, 0x00000000e4900000, 0x00000000e4a00000|  0%| F|  |TAMS 0x00000000e4900000| PB 0x00000000e4900000| Untracked 
|  74|0x00000000e4a00000, 0x00000000e4a00000, 0x00000000e4b00000|  0%| F|  |TAMS 0x00000000e4a00000| PB 0x00000000e4a00000| Untracked 
|  75|0x00000000e4b00000, 0x00000000e4b00000, 0x00000000e4c00000|  0%| F|  |TAMS 0x00000000e4b00000| PB 0x00000000e4b00000| Untracked 
|  76|0x00000000e4c00000, 0x00000000e4c00000, 0x00000000e4d00000|  0%| F|  |TAMS 0x00000000e4c00000| PB 0x00000000e4c00000| Untracked 
|  77|0x00000000e4d00000, 0x00000000e4d00000, 0x00000000e4e00000|  0%| F|  |TAMS 0x00000000e4d00000| PB 0x00000000e4d00000| Untracked 
|  78|0x00000000e4e00000, 0x00000000e4e00000, 0x00000000e4f00000|  0%| F|  |TAMS 0x00000000e4e00000| PB 0x00000000e4e00000| Untracked 
|  79|0x00000000e4f00000, 0x00000000e4f00000, 0x00000000e5000000|  0%| F|  |TAMS 0x00000000e4f00000| PB 0x00000000e4f00000| Untracked 
|  80|0x00000000e5000000, 0x00000000e5000000, 0x00000000e5100000|  0%| F|  |TAMS 0x00000000e5000000| PB 0x00000000e5000000| Untracked 
|  81|0x00000000e5100000, 0x00000000e5100000, 0x00000000e5200000|  0%| F|  |TAMS 0x00000000e5100000| PB 0x00000000e5100000| Untracked 
|  82|0x00000000e5200000, 0x00000000e5200000, 0x00000000e5300000|  0%| F|  |TAMS 0x00000000e5200000| PB 0x00000000e5200000| Untracked 
|  83|0x00000000e5300000, 0x00000000e5300000, 0x00000000e5400000|  0%| F|  |TAMS 0x00000000e5300000| PB 0x00000000e5300000| Untracked 
|  84|0x00000000e5400000, 0x00000000e5400000, 0x00000000e5500000|  0%| F|  |TAMS 0x00000000e5400000| PB 0x00000000e5400000| Untracked 
|  85|0x00000000e5500000, 0x00000000e5500000, 0x00000000e5600000|  0%| F|  |TAMS 0x00000000e5500000| PB 0x00000000e5500000| Untracked 
|  86|0x00000000e5600000, 0x00000000e5600000, 0x00000000e5700000|  0%| F|  |TAMS 0x00000000e5600000| PB 0x00000000e5600000| Untracked 
|  87|0x00000000e5700000, 0x00000000e5700000, 0x00000000e5800000|  0%| F|  |TAMS 0x00000000e5700000| PB 0x00000000e5700000| Untracked 
|  88|0x00000000e5800000, 0x00000000e5800000, 0x00000000e5900000|  0%| F|  |TAMS 0x00000000e5800000| PB 0x00000000e5800000| Untracked 
|  89|0x00000000e5900000, 0x00000000e5900000, 0x00000000e5a00000|  0%| F|  |TAMS 0x00000000e5900000| PB 0x00000000e5900000| Untracked 
|  90|0x00000000e5a00000, 0x00000000e5a00000, 0x00000000e5b00000|  0%| F|  |TAMS 0x00000000e5a00000| PB 0x00000000e5a00000| Untracked 
|  91|0x00000000e5b00000, 0x00000000e5b00000, 0x00000000e5c00000|  0%| F|  |TAMS 0x00000000e5b00000| PB 0x00000000e5b00000| Untracked 
|  92|0x00000000e5c00000, 0x00000000e5c00000, 0x00000000e5d00000|  0%| F|  |TAMS 0x00000000e5c00000| PB 0x00000000e5c00000| Untracked 
|  93|0x00000000e5d00000, 0x00000000e5d00000, 0x00000000e5e00000|  0%| F|  |TAMS 0x00000000e5d00000| PB 0x00000000e5d00000| Untracked 
|  94|0x00000000e5e00000, 0x00000000e5e00000, 0x00000000e5f00000|  0%| F|  |TAMS 0x00000000e5e00000| PB 0x00000000e5e00000| Untracked 
|  95|0x00000000e5f00000, 0x00000000e5f00000, 0x00000000e6000000|  0%| F|  |TAMS 0x00000000e5f00000| PB 0x00000000e5f00000| Untracked 
|  96|0x00000000e6000000, 0x00000000e6000000, 0x00000000e6100000|  0%| F|  |TAMS 0x00000000e6000000| PB 0x00000000e6000000| Untracked 
|  97|0x00000000e6100000, 0x00000000e6100000, 0x00000000e6200000|  0%| F|  |TAMS 0x00000000e6100000| PB 0x00000000e6100000| Untracked 
|  98|0x00000000e6200000, 0x00000000e6200000, 0x00000000e6300000|  0%| F|  |TAMS 0x00000000e6200000| PB 0x00000000e6200000| Untracked 
|  99|0x00000000e6300000, 0x00000000e6300000, 0x00000000e6400000|  0%| F|  |TAMS 0x00000000e6300000| PB 0x00000000e6300000| Untracked 
| 100|0x00000000e6400000, 0x00000000e6400000, 0x00000000e6500000|  0%| F|  |TAMS 0x00000000e6400000| PB 0x00000000e6400000| Untracked 
| 101|0x00000000e6500000, 0x00000000e6500000, 0x00000000e6600000|  0%| F|  |TAMS 0x00000000e6500000| PB 0x00000000e6500000| Untracked 
| 102|0x00000000e6600000, 0x00000000e6600000, 0x00000000e6700000|  0%| F|  |TAMS 0x00000000e6600000| PB 0x00000000e6600000| Untracked 
| 103|0x00000000e6700000, 0x00000000e6700000, 0x00000000e6800000|  0%| F|  |TAMS 0x00000000e6700000| PB 0x00000000e6700000| Untracked 
| 104|0x00000000e6800000, 0x00000000e6800000, 0x00000000e6900000|  0%| F|  |TAMS 0x00000000e6800000| PB 0x00000000e6800000| Untracked 
| 105|0x00000000e6900000, 0x00000000e6900000, 0x00000000e6a00000|  0%| F|  |TAMS 0x00000000e6900000| PB 0x00000000e6900000| Untracked 
| 106|0x00000000e6a00000, 0x00000000e6a00000, 0x00000000e6b00000|  0%| F|  |TAMS 0x00000000e6a00000| PB 0x00000000e6a00000| Untracked 
| 107|0x00000000e6b00000, 0x00000000e6b00000, 0x00000000e6c00000|  0%| F|  |TAMS 0x00000000e6b00000| PB 0x00000000e6b00000| Untracked 
| 108|0x00000000e6c00000, 0x00000000e6c00000, 0x00000000e6d00000|  0%| F|  |TAMS 0x00000000e6c00000| PB 0x00000000e6c00000| Untracked 
| 109|0x00000000e6d00000, 0x00000000e6d00000, 0x00000000e6e00000|  0%| F|  |TAMS 0x00000000e6d00000| PB 0x00000000e6d00000| Untracked 
| 110|0x00000000e6e00000, 0x00000000e6e00000, 0x00000000e6f00000|  0%| F|  |TAMS 0x00000000e6e00000| PB 0x00000000e6e00000| Untracked 
| 111|0x00000000e6f00000, 0x00000000e6f00000, 0x00000000e7000000|  0%| F|  |TAMS 0x00000000e6f00000| PB 0x00000000e6f00000| Untracked 
| 112|0x00000000e7000000, 0x00000000e7000000, 0x00000000e7100000|  0%| F|  |TAMS 0x00000000e7000000| PB 0x00000000e7000000| Untracked 
| 113|0x00000000e7100000, 0x00000000e7100000, 0x00000000e7200000|  0%| F|  |TAMS 0x00000000e7100000| PB 0x00000000e7100000| Untracked 
| 114|0x00000000e7200000, 0x00000000e7200000, 0x00000000e7300000|  0%| F|  |TAMS 0x00000000e7200000| PB 0x00000000e7200000| Untracked 
| 115|0x00000000e7300000, 0x00000000e7300000, 0x00000000e7400000|  0%| F|  |TAMS 0x00000000e7300000| PB 0x00000000e7300000| Untracked 
| 116|0x00000000e7400000, 0x00000000e7400000, 0x00000000e7500000|  0%| F|  |TAMS 0x00000000e7400000| PB 0x00000000e7400000| Untracked 
| 117|0x00000000e7500000, 0x00000000e7500000, 0x00000000e7600000|  0%| F|  |TAMS 0x00000000e7500000| PB 0x00000000e7500000| Untracked 
| 118|0x00000000e7600000, 0x00000000e7600000, 0x00000000e7700000|  0%| F|  |TAMS 0x00000000e7600000| PB 0x00000000e7600000| Untracked 
| 119|0x00000000e7700000, 0x00000000e7700000, 0x00000000e7800000|  0%| F|  |TAMS 0x00000000e7700000| PB 0x00000000e7700000| Untracked 
| 120|0x00000000e7800000, 0x00000000e7800000, 0x00000000e7900000|  0%| F|  |TAMS 0x00000000e7800000| PB 0x00000000e7800000| Untracked 
| 121|0x00000000e7900000, 0x00000000e7900000, 0x00000000e7a00000|  0%| F|  |TAMS 0x00000000e7900000| PB 0x00000000e7900000| Untracked 
| 122|0x00000000e7a00000, 0x00000000e7a00000, 0x00000000e7b00000|  0%| F|  |TAMS 0x00000000e7a00000| PB 0x00000000e7a00000| Untracked 
| 123|0x00000000e7b00000, 0x00000000e7b00000, 0x00000000e7c00000|  0%| F|  |TAMS 0x00000000e7b00000| PB 0x00000000e7b00000| Untracked 
| 124|0x00000000e7c00000, 0x00000000e7c00000, 0x00000000e7d00000|  0%| F|  |TAMS 0x00000000e7c00000| PB 0x00000000e7c00000| Untracked 
| 125|0x00000000e7d00000, 0x00000000e7d00000, 0x00000000e7e00000|  0%| F|  |TAMS 0x00000000e7d00000| PB 0x00000000e7d00000| Untracked 
| 126|0x00000000e7e00000, 0x00000000e7e00000, 0x00000000e7f00000|  0%| F|  |TAMS 0x00000000e7e00000| PB 0x00000000e7e00000| Untracked 
| 127|0x00000000e7f00000, 0x00000000e7f00000, 0x00000000e8000000|  0%| F|  |TAMS 0x00000000e7f00000| PB 0x00000000e7f00000| Untracked 
| 128|0x00000000e8000000, 0x00000000e8000000, 0x00000000e8100000|  0%| F|  |TAMS 0x00000000e8000000| PB 0x00000000e8000000| Untracked 
| 129|0x00000000e8100000, 0x00000000e8100000, 0x00000000e8200000|  0%| F|  |TAMS 0x00000000e8100000| PB 0x00000000e8100000| Untracked 
| 130|0x00000000e8200000, 0x00000000e8200000, 0x00000000e8300000|  0%| F|  |TAMS 0x00000000e8200000| PB 0x00000000e8200000| Untracked 
| 131|0x00000000e8300000, 0x00000000e8300000, 0x00000000e8400000|  0%| F|  |TAMS 0x00000000e8300000| PB 0x00000000e8300000| Untracked 
| 132|0x00000000e8400000, 0x00000000e8400000, 0x00000000e8500000|  0%| F|  |TAMS 0x00000000e8400000| PB 0x00000000e8400000| Untracked 
| 133|0x00000000e8500000, 0x00000000e8500000, 0x00000000e8600000|  0%| F|  |TAMS 0x00000000e8500000| PB 0x00000000e8500000| Untracked 
| 134|0x00000000e8600000, 0x00000000e8600000, 0x00000000e8700000|  0%| F|  |TAMS 0x00000000e8600000| PB 0x00000000e8600000| Untracked 
| 135|0x00000000e8700000, 0x00000000e8700000, 0x00000000e8800000|  0%| F|  |TAMS 0x00000000e8700000| PB 0x00000000e8700000| Untracked 
| 136|0x00000000e8800000, 0x00000000e8800000, 0x00000000e8900000|  0%| F|  |TAMS 0x00000000e8800000| PB 0x00000000e8800000| Untracked 
| 137|0x00000000e8900000, 0x00000000e8900000, 0x00000000e8a00000|  0%| F|  |TAMS 0x00000000e8900000| PB 0x00000000e8900000| Untracked 
| 138|0x00000000e8a00000, 0x00000000e8a00000, 0x00000000e8b00000|  0%| F|  |TAMS 0x00000000e8a00000| PB 0x00000000e8a00000| Untracked 
| 139|0x00000000e8b00000, 0x00000000e8b00000, 0x00000000e8c00000|  0%| F|  |TAMS 0x00000000e8b00000| PB 0x00000000e8b00000| Untracked 
| 140|0x00000000e8c00000, 0x00000000e8c00000, 0x00000000e8d00000|  0%| F|  |TAMS 0x00000000e8c00000| PB 0x00000000e8c00000| Untracked 
| 141|0x00000000e8d00000, 0x00000000e8d00000, 0x00000000e8e00000|  0%| F|  |TAMS 0x00000000e8d00000| PB 0x00000000e8d00000| Untracked 
| 142|0x00000000e8e00000, 0x00000000e8e00000, 0x00000000e8f00000|  0%| F|  |TAMS 0x00000000e8e00000| PB 0x00000000e8e00000| Untracked 
| 143|0x00000000e8f00000, 0x00000000e8f00000, 0x00000000e9000000|  0%| F|  |TAMS 0x00000000e8f00000| PB 0x00000000e8f00000| Untracked 
| 144|0x00000000e9000000, 0x00000000e9000000, 0x00000000e9100000|  0%| F|  |TAMS 0x00000000e9000000| PB 0x00000000e9000000| Untracked 
| 145|0x00000000e9100000, 0x00000000e9100000, 0x00000000e9200000|  0%| F|  |TAMS 0x00000000e9100000| PB 0x00000000e9100000| Untracked 
| 146|0x00000000e9200000, 0x00000000e9200000, 0x00000000e9300000|  0%| F|  |TAMS 0x00000000e9200000| PB 0x00000000e9200000| Untracked 
| 147|0x00000000e9300000, 0x00000000e9300000, 0x00000000e9400000|  0%| F|  |TAMS 0x00000000e9300000| PB 0x00000000e9300000| Untracked 
| 148|0x00000000e9400000, 0x00000000e9400000, 0x00000000e9500000|  0%| F|  |TAMS 0x00000000e9400000| PB 0x00000000e9400000| Untracked 
| 149|0x00000000e9500000, 0x00000000e9500000, 0x00000000e9600000|  0%| F|  |TAMS 0x00000000e9500000| PB 0x00000000e9500000| Untracked 
| 150|0x00000000e9600000, 0x00000000e9600000, 0x00000000e9700000|  0%| F|  |TAMS 0x00000000e9600000| PB 0x00000000e9600000| Untracked 
| 151|0x00000000e9700000, 0x00000000e97f7da0, 0x00000000e9800000| 96%| S|CS|TAMS 0x00000000e9700000| PB 0x00000000e9700000| Complete 
| 152|0x00000000e9800000, 0x00000000e9900000, 0x00000000e9900000|100%| S|CS|TAMS 0x00000000e9800000| PB 0x00000000e9800000| Complete 
| 153|0x00000000e9900000, 0x00000000e9a00000, 0x00000000e9a00000|100%| S|CS|TAMS 0x00000000e9900000| PB 0x00000000e9900000| Complete 
| 154|0x00000000e9a00000, 0x00000000e9b00000, 0x00000000e9b00000|100%| S|CS|TAMS 0x00000000e9a00000| PB 0x00000000e9a00000| Complete 
| 155|0x00000000e9b00000, 0x00000000e9c00000, 0x00000000e9c00000|100%| S|CS|TAMS 0x00000000e9b00000| PB 0x00000000e9b00000| Complete 
| 156|0x00000000e9c00000, 0x00000000e9d00000, 0x00000000e9d00000|100%| S|CS|TAMS 0x00000000e9c00000| PB 0x00000000e9c00000| Complete 
| 157|0x00000000e9d00000, 0x00000000e9e00000, 0x00000000e9e00000|100%| S|CS|TAMS 0x00000000e9d00000| PB 0x00000000e9d00000| Complete 
| 158|0x00000000e9e00000, 0x00000000e9f00000, 0x00000000e9f00000|100%| S|CS|TAMS 0x00000000e9e00000| PB 0x00000000e9e00000| Complete 
| 159|0x00000000e9f00000, 0x00000000ea000000, 0x00000000ea000000|100%| S|CS|TAMS 0x00000000e9f00000| PB 0x00000000e9f00000| Complete 
| 160|0x00000000ea000000, 0x00000000ea100000, 0x00000000ea100000|100%| S|CS|TAMS 0x00000000ea000000| PB 0x00000000ea000000| Complete 
| 161|0x00000000ea100000, 0x00000000ea200000, 0x00000000ea200000|100%| S|CS|TAMS 0x00000000ea100000| PB 0x00000000ea100000| Complete 
| 162|0x00000000ea200000, 0x00000000ea300000, 0x00000000ea300000|100%| S|CS|TAMS 0x00000000ea200000| PB 0x00000000ea200000| Complete 
| 163|0x00000000ea300000, 0x00000000ea300000, 0x00000000ea400000|  0%| F|  |TAMS 0x00000000ea300000| PB 0x00000000ea300000| Untracked 
| 164|0x00000000ea400000, 0x00000000ea400000, 0x00000000ea500000|  0%| F|  |TAMS 0x00000000ea400000| PB 0x00000000ea400000| Untracked 
| 165|0x00000000ea500000, 0x00000000ea500000, 0x00000000ea600000|  0%| F|  |TAMS 0x00000000ea500000| PB 0x00000000ea500000| Untracked 
| 166|0x00000000ea600000, 0x00000000ea600000, 0x00000000ea700000|  0%| F|  |TAMS 0x00000000ea600000| PB 0x00000000ea600000| Untracked 
| 167|0x00000000ea700000, 0x00000000ea700000, 0x00000000ea800000|  0%| F|  |TAMS 0x00000000ea700000| PB 0x00000000ea700000| Untracked 
| 168|0x00000000ea800000, 0x00000000ea800000, 0x00000000ea900000|  0%| F|  |TAMS 0x00000000ea800000| PB 0x00000000ea800000| Untracked 
| 169|0x00000000ea900000, 0x00000000ea900000, 0x00000000eaa00000|  0%| F|  |TAMS 0x00000000ea900000| PB 0x00000000ea900000| Untracked 
| 170|0x00000000eaa00000, 0x00000000eaa00000, 0x00000000eab00000|  0%| F|  |TAMS 0x00000000eaa00000| PB 0x00000000eaa00000| Untracked 
| 171|0x00000000eab00000, 0x00000000eab00000, 0x00000000eac00000|  0%| F|  |TAMS 0x00000000eab00000| PB 0x00000000eab00000| Untracked 
| 172|0x00000000eac00000, 0x00000000eac00000, 0x00000000ead00000|  0%| F|  |TAMS 0x00000000eac00000| PB 0x00000000eac00000| Untracked 
| 173|0x00000000ead00000, 0x00000000ead00000, 0x00000000eae00000|  0%| F|  |TAMS 0x00000000ead00000| PB 0x00000000ead00000| Untracked 
| 174|0x00000000eae00000, 0x00000000eae00000, 0x00000000eaf00000|  0%| F|  |TAMS 0x00000000eae00000| PB 0x00000000eae00000| Untracked 
| 175|0x00000000eaf00000, 0x00000000eaf00000, 0x00000000eb000000|  0%| F|  |TAMS 0x00000000eaf00000| PB 0x00000000eaf00000| Untracked 
| 176|0x00000000eb000000, 0x00000000eb000000, 0x00000000eb100000|  0%| F|  |TAMS 0x00000000eb000000| PB 0x00000000eb000000| Untracked 
| 177|0x00000000eb100000, 0x00000000eb100000, 0x00000000eb200000|  0%| F|  |TAMS 0x00000000eb100000| PB 0x00000000eb100000| Untracked 
| 178|0x00000000eb200000, 0x00000000eb200000, 0x00000000eb300000|  0%| F|  |TAMS 0x00000000eb200000| PB 0x00000000eb200000| Untracked 
| 179|0x00000000eb300000, 0x00000000eb300000, 0x00000000eb400000|  0%| F|  |TAMS 0x00000000eb300000| PB 0x00000000eb300000| Untracked 
| 180|0x00000000eb400000, 0x00000000eb400000, 0x00000000eb500000|  0%| F|  |TAMS 0x00000000eb400000| PB 0x00000000eb400000| Untracked 
| 181|0x00000000eb500000, 0x00000000eb500000, 0x00000000eb600000|  0%| F|  |TAMS 0x00000000eb500000| PB 0x00000000eb500000| Untracked 
| 182|0x00000000eb600000, 0x00000000eb600000, 0x00000000eb700000|  0%| F|  |TAMS 0x00000000eb600000| PB 0x00000000eb600000| Untracked 
| 183|0x00000000eb700000, 0x00000000eb700000, 0x00000000eb800000|  0%| F|  |TAMS 0x00000000eb700000| PB 0x00000000eb700000| Untracked 
| 184|0x00000000eb800000, 0x00000000eb800000, 0x00000000eb900000|  0%| F|  |TAMS 0x00000000eb800000| PB 0x00000000eb800000| Untracked 
| 185|0x00000000eb900000, 0x00000000eb900000, 0x00000000eba00000|  0%| F|  |TAMS 0x00000000eb900000| PB 0x00000000eb900000| Untracked 
| 186|0x00000000eba00000, 0x00000000eba00000, 0x00000000ebb00000|  0%| F|  |TAMS 0x00000000eba00000| PB 0x00000000eba00000| Untracked 
| 187|0x00000000ebb00000, 0x00000000ebb00000, 0x00000000ebc00000|  0%| F|  |TAMS 0x00000000ebb00000| PB 0x00000000ebb00000| Untracked 
| 188|0x00000000ebc00000, 0x00000000ebc00000, 0x00000000ebd00000|  0%| F|  |TAMS 0x00000000ebc00000| PB 0x00000000ebc00000| Untracked 
| 189|0x00000000ebd00000, 0x00000000ebd00000, 0x00000000ebe00000|  0%| F|  |TAMS 0x00000000ebd00000| PB 0x00000000ebd00000| Untracked 
| 190|0x00000000ebe00000, 0x00000000ebe00000, 0x00000000ebf00000|  0%| F|  |TAMS 0x00000000ebe00000| PB 0x00000000ebe00000| Untracked 
| 191|0x00000000ebf00000, 0x00000000ebf00000, 0x00000000ec000000|  0%| F|  |TAMS 0x00000000ebf00000| PB 0x00000000ebf00000| Untracked 
| 192|0x00000000ec000000, 0x00000000ec000000, 0x00000000ec100000|  0%| F|  |TAMS 0x00000000ec000000| PB 0x00000000ec000000| Untracked 
| 193|0x00000000ec100000, 0x00000000ec100000, 0x00000000ec200000|  0%| F|  |TAMS 0x00000000ec100000| PB 0x00000000ec100000| Untracked 
| 194|0x00000000ec200000, 0x00000000ec200000, 0x00000000ec300000|  0%| F|  |TAMS 0x00000000ec200000| PB 0x00000000ec200000| Untracked 
| 195|0x00000000ec300000, 0x00000000ec300000, 0x00000000ec400000|  0%| F|  |TAMS 0x00000000ec300000| PB 0x00000000ec300000| Untracked 
| 196|0x00000000ec400000, 0x00000000ec400000, 0x00000000ec500000|  0%| F|  |TAMS 0x00000000ec400000| PB 0x00000000ec400000| Untracked 
| 197|0x00000000ec500000, 0x00000000ec500000, 0x00000000ec600000|  0%| F|  |TAMS 0x00000000ec500000| PB 0x00000000ec500000| Untracked 
| 198|0x00000000ec600000, 0x00000000ec600000, 0x00000000ec700000|  0%| F|  |TAMS 0x00000000ec600000| PB 0x00000000ec600000| Untracked 
| 199|0x00000000ec700000, 0x00000000ec700000, 0x00000000ec800000|  0%| F|  |TAMS 0x00000000ec700000| PB 0x00000000ec700000| Untracked 
| 200|0x00000000ec800000, 0x00000000ec800000, 0x00000000ec900000|  0%| F|  |TAMS 0x00000000ec800000| PB 0x00000000ec800000| Untracked 
| 201|0x00000000ec900000, 0x00000000ec900000, 0x00000000eca00000|  0%| F|  |TAMS 0x00000000ec900000| PB 0x00000000ec900000| Untracked 
| 202|0x00000000eca00000, 0x00000000eca00000, 0x00000000ecb00000|  0%| F|  |TAMS 0x00000000eca00000| PB 0x00000000eca00000| Untracked 
| 203|0x00000000ecb00000, 0x00000000ecb00000, 0x00000000ecc00000|  0%| F|  |TAMS 0x00000000ecb00000| PB 0x00000000ecb00000| Untracked 
| 204|0x00000000ecc00000, 0x00000000ecc00000, 0x00000000ecd00000|  0%| F|  |TAMS 0x00000000ecc00000| PB 0x00000000ecc00000| Untracked 
| 205|0x00000000ecd00000, 0x00000000ecd00000, 0x00000000ece00000|  0%| F|  |TAMS 0x00000000ecd00000| PB 0x00000000ecd00000| Untracked 
| 206|0x00000000ece00000, 0x00000000ece00000, 0x00000000ecf00000|  0%| F|  |TAMS 0x00000000ece00000| PB 0x00000000ece00000| Untracked 
| 207|0x00000000ecf00000, 0x00000000ecf00000, 0x00000000ed000000|  0%| F|  |TAMS 0x00000000ecf00000| PB 0x00000000ecf00000| Untracked 
| 208|0x00000000ed000000, 0x00000000ed000000, 0x00000000ed100000|  0%| F|  |TAMS 0x00000000ed000000| PB 0x00000000ed000000| Untracked 
| 209|0x00000000ed100000, 0x00000000ed100000, 0x00000000ed200000|  0%| F|  |TAMS 0x00000000ed100000| PB 0x00000000ed100000| Untracked 
| 210|0x00000000ed200000, 0x00000000ed200000, 0x00000000ed300000|  0%| F|  |TAMS 0x00000000ed200000| PB 0x00000000ed200000| Untracked 
| 211|0x00000000ed300000, 0x00000000ed300000, 0x00000000ed400000|  0%| F|  |TAMS 0x00000000ed300000| PB 0x00000000ed300000| Untracked 
| 212|0x00000000ed400000, 0x00000000ed400000, 0x00000000ed500000|  0%| F|  |TAMS 0x00000000ed400000| PB 0x00000000ed400000| Untracked 
| 213|0x00000000ed500000, 0x00000000ed500000, 0x00000000ed600000|  0%| F|  |TAMS 0x00000000ed500000| PB 0x00000000ed500000| Untracked 
| 214|0x00000000ed600000, 0x00000000ed600000, 0x00000000ed700000|  0%| F|  |TAMS 0x00000000ed600000| PB 0x00000000ed600000| Untracked 
| 215|0x00000000ed700000, 0x00000000ed700000, 0x00000000ed800000|  0%| F|  |TAMS 0x00000000ed700000| PB 0x00000000ed700000| Untracked 
| 216|0x00000000ed800000, 0x00000000ed800000, 0x00000000ed900000|  0%| F|  |TAMS 0x00000000ed800000| PB 0x00000000ed800000| Untracked 
| 217|0x00000000ed900000, 0x00000000ed900000, 0x00000000eda00000|  0%| F|  |TAMS 0x00000000ed900000| PB 0x00000000ed900000| Untracked 
| 218|0x00000000eda00000, 0x00000000eda00000, 0x00000000edb00000|  0%| F|  |TAMS 0x00000000eda00000| PB 0x00000000eda00000| Untracked 
| 219|0x00000000edb00000, 0x00000000edb00000, 0x00000000edc00000|  0%| F|  |TAMS 0x00000000edb00000| PB 0x00000000edb00000| Untracked 
| 220|0x00000000edc00000, 0x00000000edc00000, 0x00000000edd00000|  0%| F|  |TAMS 0x00000000edc00000| PB 0x00000000edc00000| Untracked 
| 221|0x00000000edd00000, 0x00000000edd00000, 0x00000000ede00000|  0%| F|  |TAMS 0x00000000edd00000| PB 0x00000000edd00000| Untracked 
| 222|0x00000000ede00000, 0x00000000ede00000, 0x00000000edf00000|  0%| F|  |TAMS 0x00000000ede00000| PB 0x00000000ede00000| Untracked 
| 223|0x00000000edf00000, 0x00000000edf00000, 0x00000000ee000000|  0%| F|  |TAMS 0x00000000edf00000| PB 0x00000000edf00000| Untracked 
| 224|0x00000000ee000000, 0x00000000ee000000, 0x00000000ee100000|  0%| F|  |TAMS 0x00000000ee000000| PB 0x00000000ee000000| Untracked 
| 225|0x00000000ee100000, 0x00000000ee100000, 0x00000000ee200000|  0%| F|  |TAMS 0x00000000ee100000| PB 0x00000000ee100000| Untracked 
| 226|0x00000000ee200000, 0x00000000ee200000, 0x00000000ee300000|  0%| F|  |TAMS 0x00000000ee200000| PB 0x00000000ee200000| Untracked 
| 227|0x00000000ee300000, 0x00000000ee300000, 0x00000000ee400000|  0%| F|  |TAMS 0x00000000ee300000| PB 0x00000000ee300000| Untracked 
| 228|0x00000000ee400000, 0x00000000ee400000, 0x00000000ee500000|  0%| F|  |TAMS 0x00000000ee400000| PB 0x00000000ee400000| Untracked 
| 229|0x00000000ee500000, 0x00000000ee500000, 0x00000000ee600000|  0%| F|  |TAMS 0x00000000ee500000| PB 0x00000000ee500000| Untracked 
| 230|0x00000000ee600000, 0x00000000ee600000, 0x00000000ee700000|  0%| F|  |TAMS 0x00000000ee600000| PB 0x00000000ee600000| Untracked 
| 231|0x00000000ee700000, 0x00000000ee700000, 0x00000000ee800000|  0%| F|  |TAMS 0x00000000ee700000| PB 0x00000000ee700000| Untracked 
| 232|0x00000000ee800000, 0x00000000ee800000, 0x00000000ee900000|  0%| F|  |TAMS 0x00000000ee800000| PB 0x00000000ee800000| Untracked 
| 233|0x00000000ee900000, 0x00000000ee900000, 0x00000000eea00000|  0%| F|  |TAMS 0x00000000ee900000| PB 0x00000000ee900000| Untracked 
| 234|0x00000000eea00000, 0x00000000eea00000, 0x00000000eeb00000|  0%| F|  |TAMS 0x00000000eea00000| PB 0x00000000eea00000| Untracked 
| 235|0x00000000eeb00000, 0x00000000eeb00000, 0x00000000eec00000|  0%| F|  |TAMS 0x00000000eeb00000| PB 0x00000000eeb00000| Untracked 
| 236|0x00000000eec00000, 0x00000000eec00000, 0x00000000eed00000|  0%| F|  |TAMS 0x00000000eec00000| PB 0x00000000eec00000| Untracked 
| 237|0x00000000eed00000, 0x00000000eed00000, 0x00000000eee00000|  0%| F|  |TAMS 0x00000000eed00000| PB 0x00000000eed00000| Untracked 
| 238|0x00000000eee00000, 0x00000000eee00000, 0x00000000eef00000|  0%| F|  |TAMS 0x00000000eee00000| PB 0x00000000eee00000| Untracked 
| 239|0x00000000eef00000, 0x00000000eef00000, 0x00000000ef000000|  0%| F|  |TAMS 0x00000000eef00000| PB 0x00000000eef00000| Untracked 
| 240|0x00000000ef000000, 0x00000000ef000000, 0x00000000ef100000|  0%| F|  |TAMS 0x00000000ef000000| PB 0x00000000ef000000| Untracked 
| 241|0x00000000ef100000, 0x00000000ef100000, 0x00000000ef200000|  0%| F|  |TAMS 0x00000000ef100000| PB 0x00000000ef100000| Untracked 
| 242|0x00000000ef200000, 0x00000000ef200000, 0x00000000ef300000|  0%| F|  |TAMS 0x00000000ef200000| PB 0x00000000ef200000| Untracked 
| 243|0x00000000ef300000, 0x00000000ef300000, 0x00000000ef400000|  0%| F|  |TAMS 0x00000000ef300000| PB 0x00000000ef300000| Untracked 
| 244|0x00000000ef400000, 0x00000000ef400000, 0x00000000ef500000|  0%| F|  |TAMS 0x00000000ef400000| PB 0x00000000ef400000| Untracked 
| 245|0x00000000ef500000, 0x00000000ef500000, 0x00000000ef600000|  0%| F|  |TAMS 0x00000000ef500000| PB 0x00000000ef500000| Untracked 
| 246|0x00000000ef600000, 0x00000000ef600000, 0x00000000ef700000|  0%| F|  |TAMS 0x00000000ef600000| PB 0x00000000ef600000| Untracked 
| 247|0x00000000ef700000, 0x00000000ef700000, 0x00000000ef800000|  0%| F|  |TAMS 0x00000000ef700000| PB 0x00000000ef700000| Untracked 
| 248|0x00000000ef800000, 0x00000000ef800000, 0x00000000ef900000|  0%| F|  |TAMS 0x00000000ef800000| PB 0x00000000ef800000| Untracked 
| 249|0x00000000ef900000, 0x00000000ef900000, 0x00000000efa00000|  0%| F|  |TAMS 0x00000000ef900000| PB 0x00000000ef900000| Untracked 
| 250|0x00000000efa00000, 0x00000000efa00000, 0x00000000efb00000|  0%| F|  |TAMS 0x00000000efa00000| PB 0x00000000efa00000| Untracked 
| 251|0x00000000efb00000, 0x00000000efb00000, 0x00000000efc00000|  0%| F|  |TAMS 0x00000000efb00000| PB 0x00000000efb00000| Untracked 
| 252|0x00000000efc00000, 0x00000000efd00000, 0x00000000efd00000|100%| E|  |TAMS 0x00000000efc00000| PB 0x00000000efc00000| Complete 
| 253|0x00000000efd00000, 0x00000000efe00000, 0x00000000efe00000|100%| E|CS|TAMS 0x00000000efd00000| PB 0x00000000efd00000| Complete 
| 254|0x00000000efe00000, 0x00000000eff00000, 0x00000000eff00000|100%| E|CS|TAMS 0x00000000efe00000| PB 0x00000000efe00000| Complete 
| 255|0x00000000eff00000, 0x00000000f0000000, 0x00000000f0000000|100%| E|CS|TAMS 0x00000000eff00000| PB 0x00000000eff00000| Complete 

Card table byte_map: [0x000002b8f5eb0000,0x000002b8f5fb0000] _byte_map_base: 0x000002b8f57b0000

Marking Bits: (CMBitMap*) 0x000002b8ed406db0
 Bits: [0x000002b8f5fb0000, 0x000002b8f67b0000)

Polling page: 0x000002b8eb3a0000

Metaspace:

Usage:
  Non-class:     17.64 MB used.
      Class:      2.97 MB used.
       Both:     20.60 MB used.

Virtual space:
  Non-class space:       64.00 MB reserved,      18.00 MB ( 28%) committed,  1 nodes.
      Class space:      320.00 MB reserved,       3.31 MB (  1%) committed,  1 nodes.
             Both:      384.00 MB reserved,      21.31 MB (  6%) committed. 

Chunk freelists:
   Non-Class:  13.31 MB
       Class:  12.73 MB
        Both:  26.04 MB

MaxMetaspaceSize: 384.00 MB
CompressedClassSpaceSize: 320.00 MB
Initial GC threshold: 21.00 MB
Current GC threshold: 35.25 MB
CDS: on
 - commit_granule_bytes: 65536.
 - commit_granule_words: 8192.
 - virtual_space_node_default_size: 8388608.
 - enlarge_chunks_in_place: 1.
 - use_allocation_guard: 0.


Internal statistics:

num_allocs_failed_limit: 3.
num_arena_births: 1028.
num_arena_deaths: 0.
num_vsnodes_births: 2.
num_vsnodes_deaths: 0.
num_space_committed: 341.
num_space_uncommitted: 0.
num_chunks_returned_to_freelist: 3.
num_chunks_taken_from_freelist: 1888.
num_chunk_merges: 3.
num_chunk_splits: 1212.
num_chunks_enlarged: 781.
num_inconsistent_stats: 0.

CodeHeap 'non-profiled nmethods': size=120000Kb used=1734Kb max_used=1734Kb free=118265Kb
 bounds [0x000002b887ad0000, 0x000002b887d40000, 0x000002b88f000000]
CodeHeap 'profiled nmethods': size=120000Kb used=6440Kb max_used=6440Kb free=113559Kb
 bounds [0x000002b880000000, 0x000002b880650000, 0x000002b887530000]
CodeHeap 'non-nmethods': size=5760Kb used=1500Kb max_used=1540Kb free=4259Kb
 bounds [0x000002b887530000, 0x000002b8877a0000, 0x000002b887ad0000]
 total_blobs=3766 nmethods=3189 adapters=481
 compilation: enabled
              stopped_count=0, restarted_count=0
 full_count=0

Compilation events (20 events):
Event: 29.035 Thread 0x000002b8f944c1c0 3179       3       org.objectweb.asm.Frame::getConcreteOutputType (111 bytes)
Event: 29.036 Thread 0x000002b8f944c1c0 nmethod 3179 0x000002b88063b710 code [0x000002b88063b8e0, 0x000002b88063bca0]
Event: 29.036 Thread 0x000002b8f944c1c0 3178       3       org.objectweb.asm.Type::getTypeInternal (203 bytes)
Event: 29.037 Thread 0x000002b8f944c1c0 nmethod 3178 0x000002b88063be10 code [0x000002b88063c160, 0x000002b88063d450]
Event: 29.039 Thread 0x000002b8f944c1c0 3182       3       jdk.internal.org.objectweb.asm.MethodVisitor::visitFieldInsn (20 bytes)
Event: 29.039 Thread 0x000002b8f944c1c0 nmethod 3182 0x000002b88063da90 code [0x000002b88063dc40, 0x000002b88063de50]
Event: 29.041 Thread 0x000002b8f944b600 3183       4       jdk.internal.org.objectweb.asm.ByteVector::putInt (74 bytes)
Event: 29.042 Thread 0x000002b8f944b600 nmethod 3183 0x000002b887c7ff10 code [0x000002b887c800a0, 0x000002b887c80228]
Event: 29.042 Thread 0x000002b8f944b600 3184       4       jdk.internal.org.objectweb.asm.Frame::pop (53 bytes)
Event: 29.048 Thread 0x000002b8f944c1c0 3187       1       java.util.concurrent.CopyOnWriteArrayList::getArray (5 bytes)
Event: 29.048 Thread 0x000002b8f944c1c0 nmethod 3187 0x000002b887c80310 code [0x000002b887c804a0, 0x000002b887c80568]
Event: 29.068 Thread 0x000002b8f944c1c0 3188       3       java.lang.invoke.InvokerBytecodeGenerator::clinit (351 bytes)
Event: 29.069 Thread 0x000002b8f944c1c0 nmethod 3188 0x000002b88063df10 code [0x000002b88063e400, 0x000002b880640798]
Event: 29.069 Thread 0x000002b8f944c1c0 3189       3       java.lang.invoke.InvokerBytecodeGenerator::bogusMethod (77 bytes)
Event: 29.070 Thread 0x000002b8f944c1c0 nmethod 3189 0x000002b880641190 code [0x000002b8806413e0, 0x000002b880641b80]
Event: 29.070 Thread 0x000002b8f944c1c0 3190       3       java.lang.invoke.InvokerBytecodeGenerator::classDataValues (260 bytes)
Event: 29.070 Thread 0x000002b8f944b600 nmethod 3184 0x000002b887c80610 code [0x000002b887c80860, 0x000002b887c812f0]
Event: 29.070 Thread 0x000002b8f944b600 3186       4       jdk.internal.org.objectweb.asm.Frame::accept (264 bytes)
Event: 29.071 Thread 0x000002b8f944c1c0 nmethod 3190 0x000002b880641e10 code [0x000002b8806422c0, 0x000002b8806452a0]
Event: 29.175 Thread 0x000002b8f944c1c0 3191       3       java.util.stream.ReferencePipeline$Head::forEach (26 bytes)

GC Heap History (8 events):
Event: 0.886 GC heap before
{Heap before GC invocations=0 (full 0):
 garbage-first heap   total 262144K, used 22528K [0x00000000e0000000, 0x0000000100000000)
  region size 1024K, 23 young (23552K), 0 survivors (0K)
 Metaspace       used 1088K, committed 1216K, reserved 393216K
  class space    used 77K, committed 128K, reserved 327680K
}
Event: 0.889 GC heap after
{Heap after GC invocations=1 (full 0):
 garbage-first heap   total 262144K, used 3849K [0x00000000e0000000, 0x0000000100000000)
  region size 1024K, 3 young (3072K), 3 survivors (3072K)
 Metaspace       used 1088K, committed 1216K, reserved 393216K
  class space    used 77K, committed 128K, reserved 327680K
}
Event: 2.020 GC heap before
{Heap before GC invocations=1 (full 0):
 garbage-first heap   total 262144K, used 39689K [0x00000000e0000000, 0x0000000100000000)
  region size 1024K, 36 young (36864K), 3 survivors (3072K)
 Metaspace       used 4426K, committed 4608K, reserved 393216K
  class space    used 541K, committed 640K, reserved 327680K
}
Event: 2.025 GC heap after
{Heap after GC invocations=2 (full 0):
 garbage-first heap   total 262144K, used 11196K [0x00000000e0000000, 0x0000000100000000)
  region size 1024K, 5 young (5120K), 5 survivors (5120K)
 Metaspace       used 4426K, committed 4608K, reserved 393216K
  class space    used 541K, committed 640K, reserved 327680K
}
Event: 3.774 GC heap before
{Heap before GC invocations=2 (full 0):
 garbage-first heap   total 262144K, used 59324K [0x00000000e0000000, 0x0000000100000000)
  region size 1024K, 50 young (51200K), 5 survivors (5120K)
 Metaspace       used 5413K, committed 5632K, reserved 393216K
  class space    used 704K, committed 832K, reserved 327680K
}
Event: 3.805 GC heap after
{Heap after GC invocations=3 (full 0):
 garbage-first heap   total 262144K, used 17198K [0x00000000e0000000, 0x0000000100000000)
  region size 1024K, 5 young (5120K), 5 survivors (5120K)
 Metaspace       used 5413K, committed 5632K, reserved 393216K
  class space    used 704K, committed 832K, reserved 327680K
}
Event: 28.069 GC heap before
{Heap before GC invocations=3 (full 0):
 garbage-first heap   total 262144K, used 106286K [0x00000000e0000000, 0x0000000100000000)
  region size 1024K, 93 young (95232K), 5 survivors (5120K)
 Metaspace       used 20818K, committed 21504K, reserved 393216K
  class space    used 2984K, committed 3264K, reserved 327680K
}
Event: 28.536 GC heap after
{Heap after GC invocations=4 (full 0):
 garbage-first heap   total 262144K, used 24404K [0x00000000e0000000, 0x0000000100000000)
  region size 1024K, 12 young (12288K), 12 survivors (12288K)
 Metaspace       used 20818K, committed 21504K, reserved 393216K
  class space    used 2984K, committed 3264K, reserved 327680K
}

Dll operation events (15 events):
Event: 0.041 Loaded shared library C:\Program Files\Java\jdk-21.0.6\bin\java.dll
Event: 0.158 Loaded shared library C:\Program Files\Java\jdk-21.0.6\bin\jsvml.dll
Event: 0.211 Loaded shared library C:\Program Files\Java\jdk-21.0.6\bin\zip.dll
Event: 0.219 Loaded shared library C:\Program Files\Java\jdk-21.0.6\bin\instrument.dll
Event: 0.230 Loaded shared library C:\Program Files\Java\jdk-21.0.6\bin\net.dll
Event: 0.235 Loaded shared library C:\Program Files\Java\jdk-21.0.6\bin\nio.dll
Event: 0.239 Loaded shared library C:\Program Files\Java\jdk-21.0.6\bin\zip.dll
Event: 0.718 Loaded shared library C:\Program Files\Java\jdk-21.0.6\bin\jimage.dll
Event: 1.103 Loaded shared library C:\Program Files\Java\jdk-21.0.6\bin\verify.dll
Event: 1.327 Loaded shared library C:\Users\ASUS\.gradle\native\1def1411415f61bf3af743bc5b6707747c0891f09f0c88961ee8f79bc544acac\windows-amd64\native-platform.dll
Event: 1.343 Loaded shared library C:\Users\ASUS\.gradle\native\0.2.6\x86_64-windows-gnu\gradle-fileevents.dll
Event: 4.124 Loaded shared library C:\Program Files\Java\jdk-21.0.6\bin\management.dll
Event: 4.128 Loaded shared library C:\Program Files\Java\jdk-21.0.6\bin\management_ext.dll
Event: 4.299 Loaded shared library C:\Program Files\Java\jdk-21.0.6\bin\extnet.dll
Event: 5.421 Loaded shared library C:\Program Files\Java\jdk-21.0.6\bin\sunmscapi.dll

Deoptimization events (20 events):
Event: 16.213 Thread 0x000002b8f9641370 DEOPT PACKING pc=0x000002b880489e41 sp=0x000000dc94df9f60
Event: 16.213 Thread 0x000002b8f9641370 DEOPT UNPACKING pc=0x000002b887584e42 sp=0x000000dc94df9470 mode 0
Event: 18.659 Thread 0x000002b8f9641370 DEOPT PACKING pc=0x000002b8800e21df sp=0x000000dc94dfb370
Event: 18.659 Thread 0x000002b8f9641370 DEOPT UNPACKING pc=0x000002b887584e42 sp=0x000000dc94dfa808 mode 0
Event: 27.493 Thread 0x000002b8f9641370 Uncommon trap: trap_request=0xffffff45 fr.pc=0x000002b887c29c3c relative=0x000000000000011c
Event: 27.493 Thread 0x000002b8f9641370 Uncommon trap: reason=unstable_if action=reinterpret pc=0x000002b887c29c3c method=java.util.Arrays.equals([Ljava/lang/Object;[Ljava/lang/Object;)Z @ 44 c2
Event: 27.493 Thread 0x000002b8f9641370 DEOPT PACKING pc=0x000002b887c29c3c sp=0x000000dc94dfb920
Event: 27.493 Thread 0x000002b8f9641370 DEOPT UNPACKING pc=0x000002b8875846a2 sp=0x000000dc94dfb8c0 mode 2
Event: 27.493 Thread 0x000002b8f9641370 Uncommon trap: trap_request=0xffffff45 fr.pc=0x000002b887c775c0 relative=0x00000000000001e0
Event: 27.493 Thread 0x000002b8f9641370 Uncommon trap: reason=unstable_if action=reinterpret pc=0x000002b887c775c0 method=java.util.HashMap.getNode(Ljava/lang/Object;)Ljava/util/HashMap$Node; @ 131 c2
Event: 27.493 Thread 0x000002b8f9641370 DEOPT PACKING pc=0x000002b887c775c0 sp=0x000000dc94dfb9e0
Event: 27.493 Thread 0x000002b8f9641370 DEOPT UNPACKING pc=0x000002b8875846a2 sp=0x000000dc94dfb900 mode 2
Event: 27.493 Thread 0x000002b8f9641370 Uncommon trap: trap_request=0xffffff45 fr.pc=0x000002b887c74604 relative=0x0000000000000764
Event: 27.493 Thread 0x000002b8f9641370 Uncommon trap: reason=unstable_if action=reinterpret pc=0x000002b887c74604 method=java.util.HashMap.putVal(ILjava/lang/Object;Ljava/lang/Object;ZZ)Ljava/lang/Object; @ 206 c2
Event: 27.493 Thread 0x000002b8f9641370 DEOPT PACKING pc=0x000002b887c74604 sp=0x000000dc94dfb910
Event: 27.493 Thread 0x000002b8f9641370 DEOPT UNPACKING pc=0x000002b8875846a2 sp=0x000000dc94dfb898 mode 2
Event: 27.496 Thread 0x000002b8f9641370 Uncommon trap: trap_request=0xffffff45 fr.pc=0x000002b887c72b10 relative=0x00000000000002b0
Event: 27.496 Thread 0x000002b8f9641370 Uncommon trap: reason=unstable_if action=reinterpret pc=0x000002b887c72b10 method=java.util.HashMap.getNode(Ljava/lang/Object;)Ljava/util/HashMap$Node; @ 131 c2
Event: 27.496 Thread 0x000002b8f9641370 DEOPT PACKING pc=0x000002b887c72b10 sp=0x000000dc94dfb980
Event: 27.496 Thread 0x000002b8f9641370 DEOPT UNPACKING pc=0x000002b8875846a2 sp=0x000000dc94dfb900 mode 2

Classes loaded (20 events):
Event: 19.421 Loading class java/io/ObjectOutput done
Event: 19.423 Loading class java/io/ObjectStreamConstants
Event: 19.424 Loading class java/io/ObjectStreamConstants done
Event: 19.424 Loading class java/io/ObjectOutputStream done
Event: 19.430 Loading class java/io/ObjectInputStream
Event: 19.431 Loading class java/io/ObjectInput
Event: 19.432 Loading class java/io/ObjectInput done
Event: 19.432 Loading class java/io/ObjectInputStream done
Event: 25.703 Loading class javax/xml/parsers/ParserConfigurationException
Event: 25.705 Loading class javax/xml/parsers/ParserConfigurationException done
Event: 25.705 Loading class org/xml/sax/SAXException
Event: 25.830 Loading class org/xml/sax/SAXException done
Event: 25.830 Loading class javax/xml/xpath/XPathExpressionException
Event: 25.834 Loading class javax/xml/xpath/XPathException
Event: 25.836 Loading class javax/xml/xpath/XPathException done
Event: 25.836 Loading class javax/xml/xpath/XPathExpressionException done
Event: 25.836 Loading class org/xml/sax/ErrorHandler
Event: 25.837 Loading class org/xml/sax/ErrorHandler done
Event: 27.715 Loading class java/lang/ThreadLocal$SuppliedThreadLocal
Event: 27.716 Loading class java/lang/ThreadLocal$SuppliedThreadLocal done

Classes unloaded (0 events):
No events

Classes redefined (0 events):
No events

Internal exceptions (20 events):
Event: 13.112 Thread 0x000002b8f9641370 Exception <a 'java/lang/NoSuchMethodError'{0x00000000ec3912e0}: 'java.lang.Object java.lang.invoke.DelegatingMethodHandle$Holder.reinvoke_L(java.lang.Object, java.lang.Object, java.lang.Object, java.lang.Object, java.lang.Object, java.lang.Object, java.lang.Object, java.lang.Object, java.lang.Object, java.lang.Object, java.lang.Object, java.lang.Object, java.lang.Object, java.lang.Object, java.lang.Object, java.lang.Object, java.lang.Object, java.lang.Object, java.lang.Object, java.lang.Object, java.lang.O
Event: 13.326 Thread 0x000002b8f9641370 Exception <a 'java/lang/NoSuchMethodError'{0x00000000ec3ff0c8}: 'java.lang.Object java.lang.invoke.DirectMethodHandle$Holder.invokeStatic(java.lang.Object, java.lang.Object, java.lang.Object, java.lang.Object, java.lang.Object, java.lang.Object, java.lang.Object, java.lang.Object, java.lang.Object, java.lang.Object, java.lang.Object, java.lang.Object, java.lang.Object, java.lang.Object, java.lang.Object, java.lang.Object, java.lang.Object)'> (0x00000000ec3ff0c8) 
thrown [s\open\src\hotspot\share\interprete
Event: 13.332 Thread 0x000002b8f9641370 Exception <a 'java/lang/NoSuchMethodError'{0x00000000ec227f58}: 'java.lang.Object java.lang.invoke.DirectMethodHandle$Holder.invokeStatic(java.lang.Object, java.lang.Object, java.lang.Object, java.lang.Object, java.lang.Object, java.lang.Object, java.lang.Object, java.lang.Object, java.lang.Object, java.lang.Object, java.lang.Object, java.lang.Object, java.lang.Object, java.lang.Object, java.lang.Object, java.lang.Object, java.lang.Object, java.lang.Object)'> (0x00000000ec227f58) 
thrown [s\open\src\hotspo
Event: 13.359 Thread 0x000002b8f9641370 Exception <a 'java/lang/NoSuchMethodError'{0x00000000ec251be8}: 'java.lang.Object java.lang.invoke.DirectMethodHandle$Holder.invokeStatic(java.lang.Object, java.lang.Object, java.lang.Object, java.lang.Object, java.lang.Object, java.lang.Object, java.lang.Object, java.lang.Object, java.lang.Object, java.lang.Object, java.lang.Object, java.lang.Object, java.lang.Object, java.lang.Object, java.lang.Object, java.lang.Object, java.lang.Object, java.lang.Object, java.lang.Object)'> (0x00000000ec251be8) 
thrown 
Event: 13.378 Thread 0x000002b8f9641370 Exception <a 'java/lang/NoSuchMethodError'{0x00000000ec27cc90}: 'java.lang.Object java.lang.invoke.DirectMethodHandle$Holder.invokeStatic(java.lang.Object, java.lang.Object, java.lang.Object, java.lang.Object, java.lang.Object, java.lang.Object, java.lang.Object, java.lang.Object, java.lang.Object, java.lang.Object, java.lang.Object, java.lang.Object, java.lang.Object, java.lang.Object, java.lang.Object, java.lang.Object, java.lang.Object, java.lang.Object, java.lang.Object, java.lang.Object)'> (0x00000000
Event: 13.380 Thread 0x000002b8f9641370 Exception <a 'java/lang/NoSuchMethodError'{0x00000000ec2a9190}: 'java.lang.Object java.lang.invoke.DirectMethodHandle$Holder.invokeStatic(java.lang.Object, java.lang.Object, java.lang.Object, java.lang.Object, java.lang.Object, java.lang.Object, java.lang.Object, java.lang.Object, java.lang.Object, java.lang.Object, java.lang.Object, java.lang.Object, java.lang.Object, java.lang.Object, java.lang.Object, java.lang.Object, java.lang.Object, java.lang.Object, java.lang.Object, java.lang.Object, java.lang.Obj
Event: 13.397 Thread 0x000002b8f9641370 Exception <a 'java/lang/NoSuchMethodError'{0x00000000ec2d6630}: 'java.lang.Object java.lang.invoke.DirectMethodHandle$Holder.invokeStatic(java.lang.Object, java.lang.Object, java.lang.Object, java.lang.Object, java.lang.Object, java.lang.Object, java.lang.Object, java.lang.Object, java.lang.Object, java.lang.Object, java.lang.Object, java.lang.Object, java.lang.Object, java.lang.Object, java.lang.Object, java.lang.Object, java.lang.Object, java.lang.Object, java.lang.Object, java.lang.Object, java.lang.Obj
Event: 13.402 Thread 0x000002b8f9641370 Exception <a 'java/lang/NoSuchMethodError'{0x00000000ec104fc8}: 'java.lang.Object java.lang.invoke.DirectMethodHandle$Holder.invokeStatic(java.lang.Object, java.lang.Object, java.lang.Object, java.lang.Object, java.lang.Object, java.lang.Object, java.lang.Object, java.lang.Object, java.lang.Object, java.lang.Object, java.lang.Object, java.lang.Object, java.lang.Object, java.lang.Object, java.lang.Object, java.lang.Object, java.lang.Object, java.lang.Object, java.lang.Object, java.lang.Object, java.lang.Obj
Event: 13.410 Thread 0x000002b8f9641370 Exception <a 'java/lang/NoSuchMethodError'{0x00000000ec134000}: 'java.lang.Object java.lang.invoke.DirectMethodHandle$Holder.invokeStatic(java.lang.Object, java.lang.Object, java.lang.Object, java.lang.Object, java.lang.Object, java.lang.Object, java.lang.Object, java.lang.Object, java.lang.Object, java.lang.Object, java.lang.Object, java.lang.Object, java.lang.Object, java.lang.Object, java.lang.Object, java.lang.Object, java.lang.Object, java.lang.Object, java.lang.Object, java.lang.Object, java.lang.Obj
Event: 13.416 Thread 0x000002b8f9641370 Exception <a 'java/lang/NoSuchMethodError'{0x00000000ec164130}: 'java.lang.Object java.lang.invoke.DirectMethodHandle$Holder.invokeStatic(java.lang.Object, java.lang.Object, java.lang.Object, java.lang.Object, java.lang.Object, java.lang.Object, java.lang.Object, java.lang.Object, java.lang.Object, java.lang.Object, java.lang.Object, java.lang.Object, java.lang.Object, java.lang.Object, java.lang.Object, java.lang.Object, java.lang.Object, java.lang.Object, java.lang.Object, java.lang.Object, java.lang.Obj
Event: 13.424 Thread 0x000002b8f9641370 Exception <a 'java/lang/NoSuchMethodError'{0x00000000ec194cb0}: 'java.lang.Object java.lang.invoke.DirectMethodHandle$Holder.invokeStatic(java.lang.Object, java.lang.Object, java.lang.Object, java.lang.Object, java.lang.Object, java.lang.Object, java.lang.Object, java.lang.Object, java.lang.Object, java.lang.Object, java.lang.Object, java.lang.Object, java.lang.Object, java.lang.Object, java.lang.Object, java.lang.Object, java.lang.Object, java.lang.Object, java.lang.Object, java.lang.Object, java.lang.Obj
Event: 13.432 Thread 0x000002b8f9641370 Exception <a 'java/lang/NoSuchMethodError'{0x00000000ec1c7018}: 'java.lang.Object java.lang.invoke.DirectMethodHandle$Holder.invokeStatic(java.lang.Object, java.lang.Object, java.lang.Object, java.lang.Object, java.lang.Object, java.lang.Object, java.lang.Object, java.lang.Object, java.lang.Object, java.lang.Object, java.lang.Object, java.lang.Object, java.lang.Object, java.lang.Object, java.lang.Object, java.lang.Object, java.lang.Object, java.lang.Object, java.lang.Object, java.lang.Object, java.lang.Obj
Event: 14.129 Thread 0x000002b8f9641370 Exception <a 'java/lang/IncompatibleClassChangeError'{0x00000000ec0e7b10}: Found class java.lang.Object, but interface was expected> (0x00000000ec0e7b10) 
thrown [s\open\src\hotspot\share\interpreter\linkResolver.cpp, line 840]
Event: 18.646 Thread 0x000002b8f9641370 Exception <a 'java/lang/IncompatibleClassChangeError'{0x00000000eb59a900}: Found class java.lang.Object, but interface was expected> (0x00000000eb59a900) 
thrown [s\open\src\hotspot\share\interpreter\linkResolver.cpp, line 840]
Event: 18.663 Thread 0x000002b8f9641370 Exception <a 'java/lang/NoSuchMethodError'{0x00000000eb5c4cd0}: 'java.lang.Object java.lang.invoke.DirectMethodHandle$Holder.newInvokeSpecial(java.lang.Object, java.lang.Object, java.lang.Object, java.lang.Object, java.lang.Object, java.lang.Object, java.lang.Object, java.lang.Object, java.lang.Object, java.lang.Object)'> (0x00000000eb5c4cd0) 
thrown [s\open\src\hotspot\share\interpreter\linkResolver.cpp, line 773]
Event: 19.641 Thread 0x000002b8f9641370 Exception <a 'java/lang/NoSuchMethodError'{0x00000000eb4fc738}: 'java.lang.Object java.lang.invoke.DirectMethodHandle$Holder.newInvokeSpecial(java.lang.Object, java.lang.Object, java.lang.Object, java.lang.Object, java.lang.Object, java.lang.Object, java.lang.Object, java.lang.Object)'> (0x00000000eb4fc738) 
thrown [s\open\src\hotspot\share\interpreter\linkResolver.cpp, line 773]
Event: 19.987 Thread 0x000002b8f9641370 Exception <a 'java/lang/NoSuchMethodError'{0x00000000eb3d9bf8}: 'int java.lang.invoke.DirectMethodHandle$Holder.invokeStaticInit(java.lang.Object, java.lang.Object, java.lang.Object)'> (0x00000000eb3d9bf8) 
thrown [s\open\src\hotspot\share\interpreter\linkResolver.cpp, line 773]
Event: 22.882 Thread 0x000002b8f9641370 Exception <a 'java/lang/NoSuchMethodError'{0x00000000ead78ed0}: 'java.lang.Object java.lang.invoke.DirectMethodHandle$Holder.invokeVirtual(java.lang.Object, java.lang.Object, java.lang.Object, java.lang.Object, java.lang.Object, java.lang.Object, java.lang.Object, java.lang.Object, java.lang.Object, java.lang.Object, java.lang.Object, java.lang.Object, java.lang.Object, java.lang.Object, java.lang.Object, java.lang.Object, java.lang.Object, java.lang.Object, java.lang.Object, java.lang.Object, java.lang.Ob
Event: 27.529 Thread 0x000002b8f9641370 Exception <a 'java/lang/NoSuchMethodError'{0x00000000ea5b4ee8}: 'java.lang.Object java.lang.invoke.DirectMethodHandle$Holder.newInvokeSpecial(java.lang.Object, java.lang.Object, java.lang.Object, java.lang.Object, java.lang.Object, java.lang.Object, java.lang.Object)'> (0x00000000ea5b4ee8) 
thrown [s\open\src\hotspot\share\interpreter\linkResolver.cpp, line 773]
Event: 28.821 Thread 0x000002b8f9641370 Exception <a 'java/lang/NoSuchMethodError'{0x00000000eff78ef8}: 'java.lang.Object java.lang.invoke.DirectMethodHandle$Holder.invokeVirtual(java.lang.Object, java.lang.Object, java.lang.Object, java.lang.Object, java.lang.Object, java.lang.Object, java.lang.Object, java.lang.Object, java.lang.Object, java.lang.Object, java.lang.Object)'> (0x00000000eff78ef8) 
thrown [s\open\src\hotspot\share\interpreter\linkResolver.cpp, line 773]

ZGC Phase Switch (0 events):
No events

VM Operations (20 events):
Event: 18.944 Executing VM operation: Cleanup
Event: 19.023 Executing VM operation: Cleanup done
Event: 20.031 Executing VM operation: Cleanup
Event: 20.093 Executing VM operation: Cleanup done
Event: 22.129 Executing VM operation: Cleanup
Event: 22.135 Executing VM operation: Cleanup done
Event: 23.146 Executing VM operation: Cleanup
Event: 23.206 Executing VM operation: Cleanup done
Event: 25.221 Executing VM operation: Cleanup
Event: 25.440 Executing VM operation: Cleanup done
Event: 26.452 Executing VM operation: Cleanup
Event: 26.817 Executing VM operation: Cleanup done
Event: 27.819 Executing VM operation: Cleanup
Event: 27.853 Executing VM operation: Cleanup done
Event: 27.989 Executing VM operation: CollectForMetadataAllocation (Metadata GC Threshold)
Event: 28.587 Executing VM operation: CollectForMetadataAllocation (Metadata GC Threshold) done
Event: 28.834 Executing VM operation: G1PauseRemark
Event: 28.868 Executing VM operation: G1PauseRemark done
Event: 28.870 Executing VM operation: G1PauseCleanup
Event: 28.871 Executing VM operation: G1PauseCleanup done

Events (20 events):
Event: 0.152 Thread 0x000002b8f9449e30 Thread added: 0x000002b8f9449e30
Event: 0.152 Thread 0x000002b8f944a880 Thread added: 0x000002b8f944a880
Event: 0.152 Thread 0x000002b8f944b600 Thread added: 0x000002b8f944b600
Event: 0.153 Thread 0x000002b8f944c1c0 Thread added: 0x000002b8f944c1c0
Event: 0.178 Thread 0x000002b8f941dd70 Thread added: 0x000002b8f941dd70
Event: 0.263 Thread 0x000002b8f971f9a0 Thread added: 0x000002b8f971f9a0
Event: 4.172 Thread 0x000002b8ff3ec790 Thread added: 0x000002b8ff3ec790
Event: 4.751 Thread 0x000002b8ff53d660 Thread added: 0x000002b8ff53d660
Event: 4.888 Thread 0x000002b8ff57dcd0 Thread added: 0x000002b8ff57dcd0
Event: 5.477 Thread 0x000002b8f9677e60 Thread added: 0x000002b8f9677e60
Event: 5.482 Thread 0x000002b8f9926630 Thread added: 0x000002b8f9926630
Event: 5.698 Thread 0x000002b8f9638620 Thread added: 0x000002b8f9638620
Event: 5.716 Thread 0x000002b8f9641370 Thread added: 0x000002b8f9641370
Event: 5.730 Thread 0x000002b8f9643bd0 Thread added: 0x000002b8f9643bd0
Event: 5.738 Thread 0x000002b8fe905090 Thread added: 0x000002b8fe905090
Event: 5.741 Thread 0x000002b8fe902930 Thread added: 0x000002b8fe902930
Event: 7.807 Thread 0x000002b8fe9022a0 Thread added: 0x000002b8fe9022a0
Event: 7.868 Thread 0x000002b8fe903650 Thread added: 0x000002b8fe903650
Event: 8.584 Thread 0x000002b8fe904370 Thread added: 0x000002b8fe904370
Event: 9.208 Thread 0x000002b8fe905720 Thread added: 0x000002b8fe905720


Dynamic libraries:
0x00007ff6226b0000 - 0x00007ff6226c0000 	C:\Program Files\Java\jdk-21.0.6\bin\java.exe
0x00007ffb8b9f0000 - 0x00007ffb8bc07000 	C:\WINDOWS\SYSTEM32\ntdll.dll
0x00007ffb897a0000 - 0x00007ffb89864000 	C:\WINDOWS\System32\KERNEL32.DLL
0x00007ffb88e50000 - 0x00007ffb89223000 	C:\WINDOWS\System32\KERNELBASE.dll
0x00007ffb88d30000 - 0x00007ffb88e41000 	C:\WINDOWS\System32\ucrtbase.dll
0x00007ffb5db90000 - 0x00007ffb5dbab000 	C:\Program Files\Java\jdk-21.0.6\bin\VCRUNTIME140.dll
0x00007ffb5db70000 - 0x00007ffb5db89000 	C:\Program Files\Java\jdk-21.0.6\bin\jli.dll
0x00007ffb8a5b0000 - 0x00007ffb8a661000 	C:\WINDOWS\System32\ADVAPI32.dll
0x00007ffb8a670000 - 0x00007ffb8a717000 	C:\WINDOWS\System32\msvcrt.dll
0x00007ffb8aa20000 - 0x00007ffb8aac8000 	C:\WINDOWS\System32\sechost.dll
0x00007ffb894a0000 - 0x00007ffb894c8000 	C:\WINDOWS\System32\bcrypt.dll
0x00007ffb89ab0000 - 0x00007ffb89bc4000 	C:\WINDOWS\System32\RPCRT4.dll
0x00007ffb898f0000 - 0x00007ffb89aa1000 	C:\WINDOWS\System32\USER32.dll
0x00007ffb892b0000 - 0x00007ffb892d6000 	C:\WINDOWS\System32\win32u.dll
0x00007ffb8a9f0000 - 0x00007ffb8aa19000 	C:\WINDOWS\System32\GDI32.dll
0x00007ffb7f050000 - 0x00007ffb7f2e8000 	C:\WINDOWS\WinSxS\amd64_microsoft.windows.common-controls_6595b64144ccf1df_6.0.22621.5124_none_270e8f4f7386d69d\COMCTL32.dll
0x00007ffb89570000 - 0x00007ffb8968b000 	C:\WINDOWS\System32\gdi32full.dll
0x00007ffb894d0000 - 0x00007ffb8956a000 	C:\WINDOWS\System32\msvcp_win.dll
0x00007ffb80360000 - 0x00007ffb8036a000 	C:\WINDOWS\SYSTEM32\VERSION.dll
0x00007ffb8b900000 - 0x00007ffb8b931000 	C:\WINDOWS\System32\IMM32.DLL
0x00007ffb79c10000 - 0x00007ffb79c1c000 	C:\Program Files\Java\jdk-21.0.6\bin\vcruntime140_1.dll
0x00007ffb5dae0000 - 0x00007ffb5db6e000 	C:\Program Files\Java\jdk-21.0.6\bin\msvcp140.dll
0x00007ffaecf00000 - 0x00007ffaedc1a000 	C:\Program Files\Java\jdk-21.0.6\bin\server\jvm.dll
0x00007ffb89bd0000 - 0x00007ffb89c41000 	C:\WINDOWS\System32\WS2_32.dll
0x00007ffb87980000 - 0x00007ffb879cd000 	C:\WINDOWS\SYSTEM32\POWRPROF.dll
0x00007ffb82ce0000 - 0x00007ffb82d14000 	C:\WINDOWS\SYSTEM32\WINMM.dll
0x00007ffb87960000 - 0x00007ffb87973000 	C:\WINDOWS\SYSTEM32\UMPDC.dll
0x00007ffb87c20000 - 0x00007ffb87c38000 	C:\WINDOWS\SYSTEM32\kernel.appcore.dll
0x00007ffb5dc70000 - 0x00007ffb5dc7a000 	C:\Program Files\Java\jdk-21.0.6\bin\jimage.dll
0x00007ffb865d0000 - 0x00007ffb86802000 	C:\WINDOWS\SYSTEM32\DBGHELP.DLL
0x00007ffb8ab00000 - 0x00007ffb8ae92000 	C:\WINDOWS\System32\combase.dll
0x00007ffb8a850000 - 0x00007ffb8a927000 	C:\WINDOWS\System32\OLEAUT32.dll
0x00007ffb7da70000 - 0x00007ffb7daa2000 	C:\WINDOWS\SYSTEM32\dbgcore.DLL
0x00007ffb89420000 - 0x00007ffb8949b000 	C:\WINDOWS\System32\bcryptPrimitives.dll
0x00007ffb5dad0000 - 0x00007ffb5dadf000 	C:\Program Files\Java\jdk-21.0.6\bin\instrument.dll
0x00007ffb5dab0000 - 0x00007ffb5dacf000 	C:\Program Files\Java\jdk-21.0.6\bin\java.dll
0x00007ffb8b060000 - 0x00007ffb8b8f6000 	C:\WINDOWS\System32\SHELL32.dll
0x00007ffb892e0000 - 0x00007ffb8941f000 	C:\WINDOWS\System32\wintypes.dll
0x00007ffb869e0000 - 0x00007ffb872fa000 	C:\WINDOWS\SYSTEM32\windows.storage.dll
0x00007ffb8a730000 - 0x00007ffb8a83a000 	C:\WINDOWS\System32\SHCORE.dll
0x00007ffb8a930000 - 0x00007ffb8a993000 	C:\WINDOWS\System32\shlwapi.dll
0x00007ffb88a30000 - 0x00007ffb88a5b000 	C:\WINDOWS\SYSTEM32\profapi.dll
0x00007ffb25a20000 - 0x00007ffb25af7000 	C:\Program Files\Java\jdk-21.0.6\bin\jsvml.dll
0x00007ffb56820000 - 0x00007ffb56838000 	C:\Program Files\Java\jdk-21.0.6\bin\zip.dll
0x00007ffb56810000 - 0x00007ffb56820000 	C:\Program Files\Java\jdk-21.0.6\bin\net.dll
0x00007ffb844b0000 - 0x00007ffb845dc000 	C:\WINDOWS\SYSTEM32\WINHTTP.dll
0x00007ffb880a0000 - 0x00007ffb8810a000 	C:\WINDOWS\system32\mswsock.dll
0x00007ffb567f0000 - 0x00007ffb56806000 	C:\Program Files\Java\jdk-21.0.6\bin\nio.dll
0x00007ffb567e0000 - 0x00007ffb567f0000 	C:\Program Files\Java\jdk-21.0.6\bin\verify.dll
0x00007ffb5dbb0000 - 0x00007ffb5dbd7000 	C:\Users\ASUS\.gradle\native\1def1411415f61bf3af743bc5b6707747c0891f09f0c88961ee8f79bc544acac\windows-amd64\native-platform.dll
0x00007ffb3d4f0000 - 0x00007ffb3d568000 	C:\Users\ASUS\.gradle\native\0.2.6\x86_64-windows-gnu\gradle-fileevents.dll
0x00007ffb567d0000 - 0x00007ffb567da000 	C:\Program Files\Java\jdk-21.0.6\bin\management.dll
0x00007ffb56770000 - 0x00007ffb5677b000 	C:\Program Files\Java\jdk-21.0.6\bin\management_ext.dll
0x00007ffb8aad0000 - 0x00007ffb8aad8000 	C:\WINDOWS\System32\PSAPI.DLL
0x00007ffb875f0000 - 0x00007ffb8761d000 	C:\WINDOWS\SYSTEM32\IPHLPAPI.DLL
0x00007ffb8a720000 - 0x00007ffb8a729000 	C:\WINDOWS\System32\NSI.dll
0x00007ffb54250000 - 0x00007ffb54259000 	C:\Program Files\Java\jdk-21.0.6\bin\extnet.dll
0x00007ffb882f0000 - 0x00007ffb8830b000 	C:\WINDOWS\SYSTEM32\CRYPTSP.dll
0x00007ffb87b80000 - 0x00007ffb87bb7000 	C:\WINDOWS\system32\rsaenh.dll
0x00007ffb88190000 - 0x00007ffb881b8000 	C:\WINDOWS\SYSTEM32\USERENV.dll
0x00007ffb88310000 - 0x00007ffb8831c000 	C:\WINDOWS\SYSTEM32\CRYPTBASE.dll
0x00007ffb511b0000 - 0x00007ffb511be000 	C:\Program Files\Java\jdk-21.0.6\bin\sunmscapi.dll
0x00007ffb88bc0000 - 0x00007ffb88d27000 	C:\WINDOWS\System32\CRYPT32.dll
0x00007ffb88490000 - 0x00007ffb884bd000 	C:\WINDOWS\SYSTEM32\ncrypt.dll
0x00007ffb88450000 - 0x00007ffb88487000 	C:\WINDOWS\SYSTEM32\NTASN1.dll
0x00007ffb56240000 - 0x00007ffb56248000 	C:\WINDOWS\system32\wshunix.dll

dbghelp: loaded successfully - version: 4.0.5 - missing functions: none
symbol engine: initialized successfully - sym options: 0x614 - pdb path: .;C:\Program Files\Java\jdk-21.0.6\bin;C:\WINDOWS\SYSTEM32;C:\WINDOWS\WinSxS\amd64_microsoft.windows.common-controls_6595b64144ccf1df_6.0.22621.5124_none_270e8f4f7386d69d;C:\Program Files\Java\jdk-21.0.6\bin\server;C:\Users\ASUS\.gradle\native\1def1411415f61bf3af743bc5b6707747c0891f09f0c88961ee8f79bc544acac\windows-amd64;C:\Users\ASUS\.gradle\native\0.2.6\x86_64-windows-gnu

VM Arguments:
jvm_args: --add-opens=java.base/java.lang=ALL-UNNAMED --add-opens=java.base/java.lang.invoke=ALL-UNNAMED --add-opens=java.base/java.util=ALL-UNNAMED --add-opens=java.prefs/java.util.prefs=ALL-UNNAMED --add-exports=jdk.compiler/com.sun.tools.javac.api=ALL-UNNAMED --add-exports=jdk.compiler/com.sun.tools.javac.util=ALL-UNNAMED --add-opens=java.base/java.util=ALL-UNNAMED --add-opens=java.prefs/java.util.prefs=ALL-UNNAMED --add-opens=java.base/java.nio.charset=ALL-UNNAMED --add-opens=java.base/java.net=ALL-UNNAMED --add-opens=java.base/java.util.concurrent.atomic=ALL-UNNAMED --add-opens=java.xml/javax.xml.namespace=ALL-UNNAMED -XX:MaxMetaspaceSize=384m -XX:+HeapDumpOnOutOfMemoryError -Xms256m -Xmx512m -Dfile.encoding=UTF-8 -Duser.country=US -Duser.language=en -Duser.variant -javaagent:C:\Users\ASUS\.gradle\wrapper\dists\gradle-8.12.1-bin\eumc4uhoysa37zql93vfjkxy0\gradle-8.12.1\lib\agents\gradle-instrumentation-agent-8.12.1.jar 
java_command: org.gradle.launcher.daemon.bootstrap.GradleDaemon 8.12.1
java_class_path (initial): C:\Users\ASUS\.gradle\wrapper\dists\gradle-8.12.1-bin\eumc4uhoysa37zql93vfjkxy0\gradle-8.12.1\lib\gradle-daemon-main-8.12.1.jar
Launcher Type: SUN_STANDARD

[Global flags]
     intx CICompilerCount                          = 4                                         {product} {ergonomic}
   size_t CompressedClassSpaceSize                 = 335544320                                 {product} {ergonomic}
     uint ConcGCThreads                            = 3                                         {product} {ergonomic}
     uint G1ConcRefinementThreads                  = 10                                        {product} {ergonomic}
   size_t G1HeapRegionSize                         = 1048576                                   {product} {ergonomic}
    uintx GCDrainStackTargetSize                   = 64                                        {product} {ergonomic}
     bool HeapDumpOnOutOfMemoryError               = true                                   {manageable} {command line}
   size_t InitialHeapSize                          = 268435456                                 {product} {command line}
   size_t MarkStackSize                            = 4194304                                   {product} {ergonomic}
   size_t MaxHeapSize                              = 536870912                                 {product} {command line}
   size_t MaxMetaspaceSize                         = 402653184                                 {product} {command line}
   size_t MaxNewSize                               = 321912832                                 {product} {ergonomic}
   size_t MinHeapDeltaBytes                        = 1048576                                   {product} {ergonomic}
   size_t MinHeapSize                              = 268435456                                 {product} {command line}
    uintx NonNMethodCodeHeapSize                   = 5839372                                {pd product} {ergonomic}
    uintx NonProfiledCodeHeapSize                  = 122909434                              {pd product} {ergonomic}
    uintx ProfiledCodeHeapSize                     = 122909434                              {pd product} {ergonomic}
    uintx ReservedCodeCacheSize                    = 251658240                              {pd product} {ergonomic}
     bool SegmentedCodeCache                       = true                                      {product} {ergonomic}
   size_t SoftMaxHeapSize                          = 536870912                              {manageable} {ergonomic}
     bool UseCompressedOops                        = true                           {product lp64_product} {ergonomic}
     bool UseG1GC                                  = true                                      {product} {ergonomic}
     bool UseLargePagesIndividualAllocation        = false                                  {pd product} {ergonomic}

Logging:
Log output configuration:
 #0: stdout all=warning uptime,level,tags foldmultilines=false
 #1: stderr all=off uptime,level,tags foldmultilines=false

Environment Variables:
JAVA_HOME=C:\Program Files\Java\jdk-21.0.6
PATH=C:\Python312\Scripts\;C:\Python312\;C:\Windows\system32;C:\Windows;C:\Windows\System32\Wbem;C:\Windows\System32\WindowsPowerShell\v1.0\;C:\Windows\System32\OpenSSH\;C:\Program Files (x86)\NVIDIA Corporation\PhysX\Common;C:\Program Files\NVIDIA Corporation\NVIDIA NvDLISR;C:\Program Files\dotnet\;C:\Program Files\Microsoft SQL Server\Client SDK\ODBC\170\Tools\Binn\;C:\Program Files (x86)\Microsoft SQL Server\150\Tools\Binn\;C:\Program Files\Microsoft SQL Server\150\Tools\Binn\;C:\Program Files\Microsoft SQL Server\150\DTS\Binn\;C:\Program Files (x86)\Microsoft SQL Server\150\DTS\Binn\;C:\Program Files\Azure Data Studio\bin;C:\Program Files\Git\cmd;C:\Program Files\MongoDB\Server\6.0\bin;C:\apache-maven-3.9.6\bin;C:\Program Files\Java\jdk-21.0.6\bin;C:\WINDOWS\system32;C:\WINDOWS;C:\WINDOWS\System32\Wbem;C:\WINDOWS\System32\WindowsPowerShell\v1.0\;C:\WINDOWS\System32\OpenSSH\;C:\Program Files\nodejs\;C:\ProgramData\chocolatey\bin;C:\Program Files\Docker\Docker\resources\bin;C:\Program Files\gsudo\Current;C:\Users\ASUS\AppData\Local\Microsoft\WindowsApps;C:\Program Files\Azure Data Studio\bin;C:\Users\ASUS\AppData\Local\Programs\Microsoft VS Code\bin;C:\msys645\mingw64\bin;C:\Users\ASUS\AppData\Local\Programs\mongosh\;C:\Program Files\MongoDB\Tools\100\bin;C:\Users\ASUS\.dotnet\tools;C:\apache-maven-3.9.6\bin;C:\Users\ASUS\AppData\Roaming\npm;C:\Users\ASUS\pipx\venvs\poetry\Scripts;
USERNAME=ASUS
OS=Windows_NT
PROCESSOR_IDENTIFIER=Intel64 Family 6 Model 154 Stepping 3, GenuineIntel
TMP=C:\Users\ASUS\AppData\Local\Temp
TEMP=C:\Users\ASUS\AppData\Local\Temp




Periodic native trim disabled

---------------  S Y S T E M  ---------------

OS:
 Windows 11 , 64 bit Build 22621 (10.0.22621.5124)
OS uptime: 0 days 1:40 hours
Hyper-V role detected

CPU: total 12 (initial active 12) (6 cores per cpu, 2 threads per core) family 6 model 154 stepping 3 microcode 0x41c, cx8, cmov, fxsr, ht, mmx, 3dnowpref, sse, sse2, sse3, ssse3, sse4.1, sse4.2, popcnt, lzcnt, tsc, tscinvbit, avx, avx2, aes, erms, clmul, bmi1, bmi2, adx, sha, fma, vzeroupper, clflush, clflushopt, clwb, hv, serialize, rdtscp, rdpid, fsrm, f16c, cet_ibt, cet_ss
Processor Information for processor 0
  Max Mhz: 2000, Current Mhz: 2000, Mhz Limit: 2000
Processor Information for processor 1
  Max Mhz: 2000, Current Mhz: 2000, Mhz Limit: 2000
Processor Information for processor 2
  Max Mhz: 2000, Current Mhz: 2000, Mhz Limit: 2000
Processor Information for processor 3
  Max Mhz: 2000, Current Mhz: 2000, Mhz Limit: 2000
Processor Information for processor 4
  Max Mhz: 2000, Current Mhz: 2000, Mhz Limit: 2000
Processor Information for processor 5
  Max Mhz: 2000, Current Mhz: 2000, Mhz Limit: 2000
Processor Information for processor 6
  Max Mhz: 2000, Current Mhz: 2000, Mhz Limit: 2000
Processor Information for processor 7
  Max Mhz: 2000, Current Mhz: 2000, Mhz Limit: 2000
Processor Information for processor 8
  Max Mhz: 2000, Current Mhz: 1500, Mhz Limit: 1500
Processor Information for processor 9
  Max Mhz: 2000, Current Mhz: 1500, Mhz Limit: 1500
Processor Information for processor 10
  Max Mhz: 2000, Current Mhz: 1500, Mhz Limit: 1500
Processor Information for processor 11
  Max Mhz: 2000, Current Mhz: 1500, Mhz Limit: 1500

Memory: 4k page, system-wide physical 7813M (0M free)
TotalPageFile size 31365M (AvailPageFile size 0M)
current process WorkingSet (physical memory assigned to process): 14M, peak: 117M
current process commit charge ("private bytes"): 407M, peak: 421M

vm_info: Java HotSpot(TM) 64-Bit Server VM (21.0.6+8-LTS-188) for windows-amd64 JRE (21.0.6+8-LTS-188), built on 2024-12-03T10:50:54Z by "mach5one" with MS VC++ 17.6 (VS2022)

END.
