#
# There is insufficient memory for the Java Runtime Environment to continue.
# Native memory allocation (malloc) failed to allocate 32744 bytes for Chunk::new
# Possible reasons:
#   The system is out of physical RAM or swap space
#   The process is running with CompressedOops enabled, and the Java Heap may be blocking the growth of the native heap
# Possible solutions:
#   Reduce memory load on the system
#   Increase physical memory or swap space
#   Check if swap backing store is full
#   Decrease Java heap size (-Xmx/-Xms)
#   Decrease number of Java threads
#   Decrease Java thread stack sizes (-Xss)
#   Set larger code cache with -XX:ReservedCodeCacheSize=
#   JVM is running with Unscaled Compressed Oops mode in which the Java heap is
#     placed in the first 4GB address space. The Java Heap base address is the
#     maximum limit for the native heap growth. Please use -XX:HeapBaseMinAddress
#     to set the Java Heap base and to place the Java Heap above 4GB virtual address.
# This output file may be truncated or incomplete.
#
#  Out of Memory Error (arena.cpp:168), pid=20292, tid=27172
#
# JRE version: Java(TM) SE Runtime Environment (21.0.6+8) (build 21.0.6+8-LTS-188)
# Java VM: Java HotSpot(TM) 64-Bit Server VM (21.0.6+8-LTS-188, mixed mode, sharing, tiered, compressed oops, compressed class ptrs, g1 gc, windows-amd64)
# No core dump will be written. Minidumps are not enabled by default on client versions of Windows
#

---------------  S U M M A R Y ------------

Command Line: --add-opens=java.base/java.lang=ALL-UNNAMED --add-opens=java.base/java.lang.invoke=ALL-UNNAMED --add-opens=java.base/java.util=ALL-UNNAMED --add-opens=java.prefs/java.util.prefs=ALL-UNNAMED --add-exports=jdk.compiler/com.sun.tools.javac.api=ALL-UNNAMED --add-exports=jdk.compiler/com.sun.tools.javac.util=ALL-UNNAMED --add-opens=java.base/java.util=ALL-UNNAMED --add-opens=java.prefs/java.util.prefs=ALL-UNNAMED --add-opens=java.base/java.nio.charset=ALL-UNNAMED --add-opens=java.base/java.net=ALL-UNNAMED --add-opens=java.base/java.util.concurrent.atomic=ALL-UNNAMED --add-opens=java.xml/javax.xml.namespace=ALL-UNNAMED -XX:MaxMetaspaceSize=384m -XX:+HeapDumpOnOutOfMemoryError -Xms256m -Xmx512m -Dfile.encoding=UTF-8 -Duser.country=US -Duser.language=en -Duser.variant -javaagent:C:\Users\ASUS\.gradle\wrapper\dists\gradle-8.12.1-bin\eumc4uhoysa37zql93vfjkxy0\gradle-8.12.1\lib\agents\gradle-instrumentation-agent-8.12.1.jar org.gradle.launcher.daemon.bootstrap.GradleDaemon 8.12.1

Host: 12th Gen Intel(R) Core(TM) i5-12450H, 12 cores, 7G,  Windows 11 , 64 bit Build 22621 (10.0.22621.5124)
Time: Wed May  7 19:09:40 2025 SE Asia Standard Time elapsed time: 103.967985 seconds (0d 0h 1m 43s)

---------------  T H R E A D  ---------------

Current thread (0x00000259975038b0):  JavaThread "C2 CompilerThread0" daemon [_thread_in_vm, id=27172, stack(0x0000006417c00000,0x0000006417d00000) (1024K)]


Current CompileTask:
C2: 103968 3759   !   4       java.lang.ClassLoader::loadClass (121 bytes)

Stack: [0x0000006417c00000,0x0000006417d00000]
Native frames: (J=compiled Java code, j=interpreted, Vv=VM code, C=native code)
V  [jvm.dll+0x6ca6d9]
V  [jvm.dll+0x854f51]
V  [jvm.dll+0x85747e]
V  [jvm.dll+0x857b53]
V  [jvm.dll+0x27dcc6]
V  [jvm.dll+0xc4c2d]
V  [jvm.dll+0xc5163]
V  [jvm.dll+0x1fa0e8]
V  [jvm.dll+0x1fa996]
V  [jvm.dll+0x1e807f]
V  [jvm.dll+0x201789]
V  [jvm.dll+0x1f0a0b]
V  [jvm.dll+0x1fa20b]
V  [jvm.dll+0x1fa996]
V  [jvm.dll+0x1e858c]
V  [jvm.dll+0x1e8170]
V  [jvm.dll+0x202ee2]
V  [jvm.dll+0x207ad7]
V  [jvm.dll+0x20596f]
V  [jvm.dll+0x207eba]
V  [jvm.dll+0x20774c]
V  [jvm.dll+0x20852c]
V  [jvm.dll+0x2079ae]
V  [jvm.dll+0x1f2220]
V  [jvm.dll+0x14683e]
V  [jvm.dll+0x2ee178]
V  [jvm.dll+0x2f0153]
V  [jvm.dll+0x6e4918]
V  [jvm.dll+0x6dcb45]
V  [jvm.dll+0x6dc00e]
V  [jvm.dll+0x6da22c]
V  [jvm.dll+0x1c9dec]
V  [jvm.dll+0x2f01cf]
V  [jvm.dll+0x6e4918]
V  [jvm.dll+0x6dcb45]
V  [jvm.dll+0x6dc00e]
V  [jvm.dll+0x6da22c]
V  [jvm.dll+0x1c9dec]
V  [jvm.dll+0x1ca96c]
V  [jvm.dll+0x2f01cf]
V  [jvm.dll+0x6e4918]
V  [jvm.dll+0x6dcb45]
V  [jvm.dll+0x6dc00e]
V  [jvm.dll+0x6da22c]
V  [jvm.dll+0x1c9dec]
V  [jvm.dll+0x1ca96c]
V  [jvm.dll+0x1ca96c]
V  [jvm.dll+0x2f01cf]
V  [jvm.dll+0x6e4918]
V  [jvm.dll+0x6dcb45]
V  [jvm.dll+0x6dc00e]
V  [jvm.dll+0x6da22c]
V  [jvm.dll+0x1c9dec]
V  [jvm.dll+0x1ca96c]
V  [jvm.dll+0x1ca96c]
V  [jvm.dll+0x2f01cf]
V  [jvm.dll+0x6e4918]
V  [jvm.dll+0x6dcb45]
V  [jvm.dll+0x6dc00e]
V  [jvm.dll+0x6da22c]
V  [jvm.dll+0x1c9dec]
V  [jvm.dll+0x1ca96c]
V  [jvm.dll+0x2f01cf]
V  [jvm.dll+0x6e4918]
V  [jvm.dll+0x6dcb45]
V  [jvm.dll+0x6dc00e]
V  [jvm.dll+0x6da22c]
V  [jvm.dll+0x1c9dec]
V  [jvm.dll+0x1ca96c]
V  [jvm.dll+0x2f01cf]
V  [jvm.dll+0x6e4918]
V  [jvm.dll+0x6dcb45]
V  [jvm.dll+0x6dc00e]
V  [jvm.dll+0x6da22c]
V  [jvm.dll+0x1c9dec]
V  [jvm.dll+0x1ca96c]
V  [jvm.dll+0x2f01cf]
V  [jvm.dll+0x6e4918]
V  [jvm.dll+0x6dcb45]
V  [jvm.dll+0x6dc00e]
V  [jvm.dll+0x6da22c]
V  [jvm.dll+0x1c9dec]
V  [jvm.dll+0x2f01cf]
V  [jvm.dll+0x6e4918]
V  [jvm.dll+0x6dcb45]
V  [jvm.dll+0x6dc00e]
V  [jvm.dll+0x6da22c]
V  [jvm.dll+0x1c9dec]
V  [jvm.dll+0x2f01cf]
V  [jvm.dll+0x6e4918]
V  [jvm.dll+0x6dcb45]
V  [jvm.dll+0x6dc00e]
V  [jvm.dll+0x6da22c]
V  [jvm.dll+0x1c9dec]
V  [jvm.dll+0x1ca96c]
V  [jvm.dll+0x1ca96c]
V  [jvm.dll+0x2f01cf]
V  [jvm.dll+0x6e4918]
V  [jvm.dll+0x6dcb45]
...<more frames>...


---------------  P R O C E S S  ---------------

Threads class SMR info:
_java_thread_list=0x00000259b237d080, length=31, elements={
0x00000259f9a2c310, 0x00000259fd6e0510, 0x00000259fd6e11c0, 0x00000259fd6e7270,
0x00000259fd6eb270, 0x00000259fd6ebcc0, 0x00000259fd6ec710, 0x00000259975038b0,
0x00000259fd6ee690, 0x00000259975d6ea0, 0x00000259977c8350, 0x00000259b2197100,
0x00000259978b05c0, 0x00000259b22c84e0, 0x00000259b2332eb0, 0x00000259975b8b90,
0x00000259b251aec0, 0x00000259b251f8f0, 0x00000259b2522850, 0x00000259b221bf20,
0x00000259b221b890, 0x00000259b221c5b0, 0x00000259b221ab70, 0x00000259b221d2d0,
0x00000259b221dff0, 0x00000259b221d960, 0x00000259b221b200, 0x00000259b27e9360,
0x00000259b27e99f0, 0x00000259b27ec7e0, 0x00000259b27e7290
}

Java Threads: ( => current thread )
  0x00000259f9a2c310 JavaThread "main"                              [_thread_blocked, id=27604, stack(0x0000006416e00000,0x0000006416f00000) (1024K)]
  0x00000259fd6e0510 JavaThread "Reference Handler"          daemon [_thread_blocked, id=17676, stack(0x0000006417600000,0x0000006417700000) (1024K)]
  0x00000259fd6e11c0 JavaThread "Finalizer"                  daemon [_thread_blocked, id=28156, stack(0x0000006417700000,0x0000006417800000) (1024K)]
  0x00000259fd6e7270 JavaThread "Signal Dispatcher"          daemon [_thread_blocked, id=30008, stack(0x0000006417800000,0x0000006417900000) (1024K)]
  0x00000259fd6eb270 JavaThread "Attach Listener"            daemon [_thread_blocked, id=3768, stack(0x0000006417900000,0x0000006417a00000) (1024K)]
  0x00000259fd6ebcc0 JavaThread "Service Thread"             daemon [_thread_blocked, id=25140, stack(0x0000006417a00000,0x0000006417b00000) (1024K)]
  0x00000259fd6ec710 JavaThread "Monitor Deflation Thread"   daemon [_thread_blocked, id=6528, stack(0x0000006417b00000,0x0000006417c00000) (1024K)]
=>0x00000259975038b0 JavaThread "C2 CompilerThread0"         daemon [_thread_in_vm, id=27172, stack(0x0000006417c00000,0x0000006417d00000) (1024K)]
  0x00000259fd6ee690 JavaThread "C1 CompilerThread0"         daemon [_thread_blocked, id=16564, stack(0x0000006417d00000,0x0000006417e00000) (1024K)]
  0x00000259975d6ea0 JavaThread "Common-Cleaner"             daemon [_thread_blocked, id=21380, stack(0x0000006417e00000,0x0000006417f00000) (1024K)]
  0x00000259977c8350 JavaThread "Notification Thread"        daemon [_thread_blocked, id=9936, stack(0x0000006417f00000,0x0000006418000000) (1024K)]
  0x00000259b2197100 JavaThread "Daemon health stats"               [_thread_blocked, id=18020, stack(0x0000006418500000,0x0000006418600000) (1024K)]
  0x00000259978b05c0 JavaThread "Incoming local TCP Connector on port 54621"        [_thread_in_native, id=22584, stack(0x0000006418600000,0x0000006418700000) (1024K)]
  0x00000259b22c84e0 JavaThread "Daemon periodic checks"            [_thread_blocked, id=9208, stack(0x0000006418700000,0x0000006418800000) (1024K)]
  0x00000259b2332eb0 JavaThread "Daemon"                            [_thread_blocked, id=2516, stack(0x0000006418800000,0x0000006418900000) (1024K)]
  0x00000259975b8b90 JavaThread "Handler for socket connection from /127.0.0.1:54621 to /127.0.0.1:54625"        [_thread_in_native, id=28464, stack(0x0000006418900000,0x0000006418a00000) (1024K)]
  0x00000259b251aec0 JavaThread "Cancel handler"                    [_thread_blocked, id=29164, stack(0x0000006418a00000,0x0000006418b00000) (1024K)]
  0x00000259b251f8f0 JavaThread "Daemon worker"                     [_thread_in_vm, id=29784, stack(0x0000006418b00000,0x0000006418c00000) (1024K)]
  0x00000259b2522850 JavaThread "Asynchronous log dispatcher for DefaultDaemonConnection: socket connection from /127.0.0.1:54621 to /127.0.0.1:54625"        [_thread_blocked, id=12424, stack(0x0000006418c00000,0x0000006418d00000) (1024K)]
  0x00000259b221bf20 JavaThread "Stdin handler"                     [_thread_blocked, id=27288, stack(0x0000006418d00000,0x0000006418e00000) (1024K)]
  0x00000259b221b890 JavaThread "Daemon client event forwarder"        [_thread_blocked, id=3580, stack(0x0000006418e00000,0x0000006418f00000) (1024K)]
  0x00000259b221c5b0 JavaThread "Cache worker for journal cache (C:\Users\ASUS\.gradle\caches\journal-1)"        [_thread_blocked, id=29112, stack(0x0000006418f00000,0x0000006419000000) (1024K)]
  0x00000259b221ab70 JavaThread "File lock request listener"        [_thread_in_native, id=29684, stack(0x0000006419000000,0x0000006419100000) (1024K)]
  0x00000259b221d2d0 JavaThread "File lock release action executor"        [_thread_blocked, id=29020, stack(0x0000006419100000,0x0000006419200000) (1024K)]
  0x00000259b221dff0 JavaThread "Cache worker for file hash cache (C:\Users\ASUS\.gradle\caches\8.12.1\fileHashes)"        [_thread_blocked, id=30672, stack(0x0000006419200000,0x0000006419300000) (1024K)]
  0x00000259b221d960 JavaThread "Cache worker for file hash cache (D:\Projects\Architecture\SUBJECT-PROJECT__Software-Architecture-and-Design\inventory-service\.gradle\8.12.1\fileHashes)"        [_thread_blocked, id=1780, stack(0x0000006419800000,0x0000006419900000) (1024K)]
  0x00000259b221b200 JavaThread "Cache worker for Build Output Cleanup Cache (D:\Projects\Architecture\SUBJECT-PROJECT__Software-Architecture-and-Design\inventory-service\.gradle\buildOutputCleanup)"        [_thread_blocked, id=30396, stack(0x0000006419900000,0x0000006419a00000) (1024K)]
  0x00000259b27e9360 JavaThread "File watcher server"        daemon [_thread_in_native, id=26812, stack(0x0000006419a00000,0x0000006419b00000) (1024K)]
  0x00000259b27e99f0 JavaThread "File watcher consumer"      daemon [_thread_blocked, id=19628, stack(0x0000006419b00000,0x0000006419c00000) (1024K)]
  0x00000259b27ec7e0 JavaThread "jar transforms"                    [_thread_blocked, id=2920, stack(0x0000006416c00000,0x0000006416d00000) (1024K)]
  0x00000259b27e7290 JavaThread "jar transforms Thread 2"           [_thread_blocked, id=4296, stack(0x0000006416d00000,0x0000006416e00000) (1024K)]
Total: 31

Other Threads:
  0x00000259f77ce030 VMThread "VM Thread"                           [id=28760, stack(0x0000006417500000,0x0000006417600000) (1024K)]
  0x00000259fd6b8ab0 WatcherThread "VM Periodic Task Thread"        [id=13180, stack(0x0000006417400000,0x0000006417500000) (1024K)]
  0x00000259f77ce770 WorkerThread "GC Thread#0"                     [id=29576, stack(0x0000006416f00000,0x0000006417000000) (1024K)]
  0x00000259f77cdc90 WorkerThread "GC Thread#1"                     [id=19668, stack(0x0000006418000000,0x0000006418100000) (1024K)]
  0x00000259f77cf250 WorkerThread "GC Thread#2"                     [id=7536, stack(0x0000006418100000,0x0000006418200000) (1024K)]
  0x00000259f77ce3d0 WorkerThread "GC Thread#3"                     [id=9136, stack(0x0000006418200000,0x0000006418300000) (1024K)]
  0x00000259b12c43e0 WorkerThread "GC Thread#4"                     [id=23752, stack(0x0000006418300000,0x0000006418400000) (1024K)]
  0x00000259b12c4ec0 WorkerThread "GC Thread#5"                     [id=25080, stack(0x0000006418400000,0x0000006418500000) (1024K)]
  0x00000259b12c4780 WorkerThread "GC Thread#6"                     [id=24032, stack(0x0000006416b00000,0x0000006416c00000) (1024K)]
  0x00000259b12c6480 WorkerThread "GC Thread#7"                     [id=28924, stack(0x0000006419300000,0x0000006419400000) (1024K)]
  0x00000259b12c7a40 WorkerThread "GC Thread#8"                     [id=26256, stack(0x0000006419400000,0x0000006419500000) (1024K)]
  0x00000259b12c59a0 WorkerThread "GC Thread#9"                     [id=8968, stack(0x0000006419500000,0x0000006419600000) (1024K)]
  0x00000259f9a5d060 ConcurrentGCThread "G1 Main Marker"            [id=27100, stack(0x0000006417000000,0x0000006417100000) (1024K)]
  0x00000259f77ceeb0 WorkerThread "G1 Conc#0"                       [id=27760, stack(0x0000006417100000,0x0000006417200000) (1024K)]
  0x00000259b12c6bc0 WorkerThread "G1 Conc#1"                       [id=1016, stack(0x0000006419600000,0x0000006419700000) (1024K)]
  0x00000259b12c7300 WorkerThread "G1 Conc#2"                       [id=4188, stack(0x0000006419700000,0x0000006419800000) (1024K)]
  0x00000259fd589a10 ConcurrentGCThread "G1 Refine#0"               [id=25572, stack(0x0000006417200000,0x0000006417300000) (1024K)]
  0x00000259fd58a580 ConcurrentGCThread "G1 Service"                [id=28180, stack(0x0000006417300000,0x0000006417400000) (1024K)]
Total: 18

Threads with active compile tasks:
C2 CompilerThread0   104333 3759   !   4       java.lang.ClassLoader::loadClass (121 bytes)
Total: 1

VM state: not at safepoint (normal execution)

VM Mutex/Monitor currently owned by a thread: None

Heap address: 0x00000000e0000000, size: 512 MB, Compressed Oops mode: 32-bit

CDS archive(s) mapped at: [0x0000025998000000-0x0000025998c90000-0x0000025998c90000), size 13172736, SharedBaseAddress: 0x0000025998000000, ArchiveRelocationMode: 1.
Compressed class space mapped at: 0x0000025999000000-0x00000259ad000000, reserved size: 335544320
Narrow klass base: 0x0000025998000000, Narrow klass shift: 0, Narrow klass range: 0x100000000

GC Precious Log:
 CardTable entry size: 512
 Card Set container configuration: InlinePtr #cards 5 size 8 Array Of Cards #cards 12 size 40 Howl #buckets 4 coarsen threshold 1843 Howl Bitmap #cards 512 size 80 coarsen threshold 460 Card regions per heap region 1 cards per card region 2048
 CPUs: 12 total, 12 available
 Memory: 7813M
 Large Page Support: Disabled
 NUMA Support: Disabled
 Compressed Oops: Enabled (32-bit)
 Heap Region Size: 1M
 Heap Min Capacity: 256M
 Heap Initial Capacity: 256M
 Heap Max Capacity: 512M
 Pre-touch: Disabled
 Parallel Workers: 10
 Concurrent Workers: 3
 Concurrent Refinement Workers: 10
 Periodic GC: Disabled

Heap:
 garbage-first heap   total 262144K, used 70640K [0x00000000e0000000, 0x0000000100000000)
  region size 1024K, 60 young (61440K), 13 survivors (13312K)
 Metaspace       used 26691K, committed 27648K, reserved 393216K
  class space    used 3944K, committed 4416K, reserved 327680K

Heap Regions: E=young(eden), S=young(survivor), O=old, HS=humongous(starts), HC=humongous(continues), CS=collection set, F=free, TAMS=top-at-mark-start, PB=parsable bottom
|   0|0x00000000e0000000, 0x00000000e0100000, 0x00000000e0100000|100%| O|  |TAMS 0x00000000e0000000| PB 0x00000000e0000000| Untracked 
|   1|0x00000000e0100000, 0x00000000e0200000, 0x00000000e0200000|100%|HS|  |TAMS 0x00000000e0100000| PB 0x00000000e0100000| Complete 
|   2|0x00000000e0200000, 0x00000000e0300000, 0x00000000e0300000|100%|HC|  |TAMS 0x00000000e0200000| PB 0x00000000e0200000| Complete 
|   3|0x00000000e0300000, 0x00000000e0400000, 0x00000000e0400000|100%|HC|  |TAMS 0x00000000e0300000| PB 0x00000000e0300000| Complete 
|   4|0x00000000e0400000, 0x00000000e0500000, 0x00000000e0500000|100%| O|  |TAMS 0x00000000e0400000| PB 0x00000000e0400000| Untracked 
|   5|0x00000000e0500000, 0x00000000e0600000, 0x00000000e0600000|100%| O|Cm|TAMS 0x00000000e0500000| PB 0x00000000e0500000| Complete 
|   6|0x00000000e0600000, 0x00000000e0700000, 0x00000000e0700000|100%| O|  |TAMS 0x00000000e0600000| PB 0x00000000e0600000| Untracked 
|   7|0x00000000e0700000, 0x00000000e0800000, 0x00000000e0800000|100%|HS|  |TAMS 0x00000000e0700000| PB 0x00000000e0700000| Complete 
|   8|0x00000000e0800000, 0x00000000e0900000, 0x00000000e0900000|100%| O|  |TAMS 0x00000000e0800000| PB 0x00000000e0800000| Untracked 
|   9|0x00000000e0900000, 0x00000000e0a00000, 0x00000000e0a00000|100%| O|  |TAMS 0x00000000e0900000| PB 0x00000000e0900000| Untracked 
|  10|0x00000000e0a00000, 0x00000000e0b00000, 0x00000000e0b00000|100%| O|  |TAMS 0x00000000e0a00000| PB 0x00000000e0a00000| Untracked 
|  11|0x00000000e0b00000, 0x00000000e0be7d00, 0x00000000e0c00000| 90%| O|  |TAMS 0x00000000e0b00000| PB 0x00000000e0b00000| Untracked 
|  12|0x00000000e0c00000, 0x00000000e0c00000, 0x00000000e0d00000|  0%| F|  |TAMS 0x00000000e0c00000| PB 0x00000000e0c00000| Untracked 
|  13|0x00000000e0d00000, 0x00000000e0d00000, 0x00000000e0e00000|  0%| F|  |TAMS 0x00000000e0d00000| PB 0x00000000e0d00000| Untracked 
|  14|0x00000000e0e00000, 0x00000000e0e00000, 0x00000000e0f00000|  0%| F|  |TAMS 0x00000000e0e00000| PB 0x00000000e0e00000| Untracked 
|  15|0x00000000e0f00000, 0x00000000e0f00000, 0x00000000e1000000|  0%| F|  |TAMS 0x00000000e0f00000| PB 0x00000000e0f00000| Untracked 
|  16|0x00000000e1000000, 0x00000000e1000000, 0x00000000e1100000|  0%| F|  |TAMS 0x00000000e1000000| PB 0x00000000e1000000| Untracked 
|  17|0x00000000e1100000, 0x00000000e1100000, 0x00000000e1200000|  0%| F|  |TAMS 0x00000000e1100000| PB 0x00000000e1100000| Untracked 
|  18|0x00000000e1200000, 0x00000000e1200000, 0x00000000e1300000|  0%| F|  |TAMS 0x00000000e1200000| PB 0x00000000e1200000| Untracked 
|  19|0x00000000e1300000, 0x00000000e1300000, 0x00000000e1400000|  0%| F|  |TAMS 0x00000000e1300000| PB 0x00000000e1300000| Untracked 
|  20|0x00000000e1400000, 0x00000000e1400000, 0x00000000e1500000|  0%| F|  |TAMS 0x00000000e1400000| PB 0x00000000e1400000| Untracked 
|  21|0x00000000e1500000, 0x00000000e1500000, 0x00000000e1600000|  0%| F|  |TAMS 0x00000000e1500000| PB 0x00000000e1500000| Untracked 
|  22|0x00000000e1600000, 0x00000000e1600000, 0x00000000e1700000|  0%| F|  |TAMS 0x00000000e1600000| PB 0x00000000e1600000| Untracked 
|  23|0x00000000e1700000, 0x00000000e1700000, 0x00000000e1800000|  0%| F|  |TAMS 0x00000000e1700000| PB 0x00000000e1700000| Untracked 
|  24|0x00000000e1800000, 0x00000000e1800000, 0x00000000e1900000|  0%| F|  |TAMS 0x00000000e1800000| PB 0x00000000e1800000| Untracked 
|  25|0x00000000e1900000, 0x00000000e1900000, 0x00000000e1a00000|  0%| F|  |TAMS 0x00000000e1900000| PB 0x00000000e1900000| Untracked 
|  26|0x00000000e1a00000, 0x00000000e1a00000, 0x00000000e1b00000|  0%| F|  |TAMS 0x00000000e1a00000| PB 0x00000000e1a00000| Untracked 
|  27|0x00000000e1b00000, 0x00000000e1b00000, 0x00000000e1c00000|  0%| F|  |TAMS 0x00000000e1b00000| PB 0x00000000e1b00000| Untracked 
|  28|0x00000000e1c00000, 0x00000000e1c00000, 0x00000000e1d00000|  0%| F|  |TAMS 0x00000000e1c00000| PB 0x00000000e1c00000| Untracked 
|  29|0x00000000e1d00000, 0x00000000e1d00000, 0x00000000e1e00000|  0%| F|  |TAMS 0x00000000e1d00000| PB 0x00000000e1d00000| Untracked 
|  30|0x00000000e1e00000, 0x00000000e1e00000, 0x00000000e1f00000|  0%| F|  |TAMS 0x00000000e1e00000| PB 0x00000000e1e00000| Untracked 
|  31|0x00000000e1f00000, 0x00000000e1f00000, 0x00000000e2000000|  0%| F|  |TAMS 0x00000000e1f00000| PB 0x00000000e1f00000| Untracked 
|  32|0x00000000e2000000, 0x00000000e2000000, 0x00000000e2100000|  0%| F|  |TAMS 0x00000000e2000000| PB 0x00000000e2000000| Untracked 
|  33|0x00000000e2100000, 0x00000000e2100000, 0x00000000e2200000|  0%| F|  |TAMS 0x00000000e2100000| PB 0x00000000e2100000| Untracked 
|  34|0x00000000e2200000, 0x00000000e2200000, 0x00000000e2300000|  0%| F|  |TAMS 0x00000000e2200000| PB 0x00000000e2200000| Untracked 
|  35|0x00000000e2300000, 0x00000000e2300000, 0x00000000e2400000|  0%| F|  |TAMS 0x00000000e2300000| PB 0x00000000e2300000| Untracked 
|  36|0x00000000e2400000, 0x00000000e2400000, 0x00000000e2500000|  0%| F|  |TAMS 0x00000000e2400000| PB 0x00000000e2400000| Untracked 
|  37|0x00000000e2500000, 0x00000000e2500000, 0x00000000e2600000|  0%| F|  |TAMS 0x00000000e2500000| PB 0x00000000e2500000| Untracked 
|  38|0x00000000e2600000, 0x00000000e2600000, 0x00000000e2700000|  0%| F|  |TAMS 0x00000000e2600000| PB 0x00000000e2600000| Untracked 
|  39|0x00000000e2700000, 0x00000000e2700000, 0x00000000e2800000|  0%| F|  |TAMS 0x00000000e2700000| PB 0x00000000e2700000| Untracked 
|  40|0x00000000e2800000, 0x00000000e2800000, 0x00000000e2900000|  0%| F|  |TAMS 0x00000000e2800000| PB 0x00000000e2800000| Untracked 
|  41|0x00000000e2900000, 0x00000000e2900000, 0x00000000e2a00000|  0%| F|  |TAMS 0x00000000e2900000| PB 0x00000000e2900000| Untracked 
|  42|0x00000000e2a00000, 0x00000000e2a00000, 0x00000000e2b00000|  0%| F|  |TAMS 0x00000000e2a00000| PB 0x00000000e2a00000| Untracked 
|  43|0x00000000e2b00000, 0x00000000e2b00000, 0x00000000e2c00000|  0%| F|  |TAMS 0x00000000e2b00000| PB 0x00000000e2b00000| Untracked 
|  44|0x00000000e2c00000, 0x00000000e2c00000, 0x00000000e2d00000|  0%| F|  |TAMS 0x00000000e2c00000| PB 0x00000000e2c00000| Untracked 
|  45|0x00000000e2d00000, 0x00000000e2d00000, 0x00000000e2e00000|  0%| F|  |TAMS 0x00000000e2d00000| PB 0x00000000e2d00000| Untracked 
|  46|0x00000000e2e00000, 0x00000000e2e00000, 0x00000000e2f00000|  0%| F|  |TAMS 0x00000000e2e00000| PB 0x00000000e2e00000| Untracked 
|  47|0x00000000e2f00000, 0x00000000e2f00000, 0x00000000e3000000|  0%| F|  |TAMS 0x00000000e2f00000| PB 0x00000000e2f00000| Untracked 
|  48|0x00000000e3000000, 0x00000000e3000000, 0x00000000e3100000|  0%| F|  |TAMS 0x00000000e3000000| PB 0x00000000e3000000| Untracked 
|  49|0x00000000e3100000, 0x00000000e3100000, 0x00000000e3200000|  0%| F|  |TAMS 0x00000000e3100000| PB 0x00000000e3100000| Untracked 
|  50|0x00000000e3200000, 0x00000000e3200000, 0x00000000e3300000|  0%| F|  |TAMS 0x00000000e3200000| PB 0x00000000e3200000| Untracked 
|  51|0x00000000e3300000, 0x00000000e3300000, 0x00000000e3400000|  0%| F|  |TAMS 0x00000000e3300000| PB 0x00000000e3300000| Untracked 
|  52|0x00000000e3400000, 0x00000000e3400000, 0x00000000e3500000|  0%| F|  |TAMS 0x00000000e3400000| PB 0x00000000e3400000| Untracked 
|  53|0x00000000e3500000, 0x00000000e3500000, 0x00000000e3600000|  0%| F|  |TAMS 0x00000000e3500000| PB 0x00000000e3500000| Untracked 
|  54|0x00000000e3600000, 0x00000000e3600000, 0x00000000e3700000|  0%| F|  |TAMS 0x00000000e3600000| PB 0x00000000e3600000| Untracked 
|  55|0x00000000e3700000, 0x00000000e3700000, 0x00000000e3800000|  0%| F|  |TAMS 0x00000000e3700000| PB 0x00000000e3700000| Untracked 
|  56|0x00000000e3800000, 0x00000000e3800000, 0x00000000e3900000|  0%| F|  |TAMS 0x00000000e3800000| PB 0x00000000e3800000| Untracked 
|  57|0x00000000e3900000, 0x00000000e3900000, 0x00000000e3a00000|  0%| F|  |TAMS 0x00000000e3900000| PB 0x00000000e3900000| Untracked 
|  58|0x00000000e3a00000, 0x00000000e3a00000, 0x00000000e3b00000|  0%| F|  |TAMS 0x00000000e3a00000| PB 0x00000000e3a00000| Untracked 
|  59|0x00000000e3b00000, 0x00000000e3b00000, 0x00000000e3c00000|  0%| F|  |TAMS 0x00000000e3b00000| PB 0x00000000e3b00000| Untracked 
|  60|0x00000000e3c00000, 0x00000000e3c00000, 0x00000000e3d00000|  0%| F|  |TAMS 0x00000000e3c00000| PB 0x00000000e3c00000| Untracked 
|  61|0x00000000e3d00000, 0x00000000e3d00000, 0x00000000e3e00000|  0%| F|  |TAMS 0x00000000e3d00000| PB 0x00000000e3d00000| Untracked 
|  62|0x00000000e3e00000, 0x00000000e3e00000, 0x00000000e3f00000|  0%| F|  |TAMS 0x00000000e3e00000| PB 0x00000000e3e00000| Untracked 
|  63|0x00000000e3f00000, 0x00000000e3f00000, 0x00000000e4000000|  0%| F|  |TAMS 0x00000000e3f00000| PB 0x00000000e3f00000| Untracked 
|  64|0x00000000e4000000, 0x00000000e4000000, 0x00000000e4100000|  0%| F|  |TAMS 0x00000000e4000000| PB 0x00000000e4000000| Untracked 
|  65|0x00000000e4100000, 0x00000000e4100000, 0x00000000e4200000|  0%| F|  |TAMS 0x00000000e4100000| PB 0x00000000e4100000| Untracked 
|  66|0x00000000e4200000, 0x00000000e4200000, 0x00000000e4300000|  0%| F|  |TAMS 0x00000000e4200000| PB 0x00000000e4200000| Untracked 
|  67|0x00000000e4300000, 0x00000000e4300000, 0x00000000e4400000|  0%| F|  |TAMS 0x00000000e4300000| PB 0x00000000e4300000| Untracked 
|  68|0x00000000e4400000, 0x00000000e4400000, 0x00000000e4500000|  0%| F|  |TAMS 0x00000000e4400000| PB 0x00000000e4400000| Untracked 
|  69|0x00000000e4500000, 0x00000000e4500000, 0x00000000e4600000|  0%| F|  |TAMS 0x00000000e4500000| PB 0x00000000e4500000| Untracked 
|  70|0x00000000e4600000, 0x00000000e4600000, 0x00000000e4700000|  0%| F|  |TAMS 0x00000000e4600000| PB 0x00000000e4600000| Untracked 
|  71|0x00000000e4700000, 0x00000000e4700000, 0x00000000e4800000|  0%| F|  |TAMS 0x00000000e4700000| PB 0x00000000e4700000| Untracked 
|  72|0x00000000e4800000, 0x00000000e4800000, 0x00000000e4900000|  0%| F|  |TAMS 0x00000000e4800000| PB 0x00000000e4800000| Untracked 
|  73|0x00000000e4900000, 0x00000000e4900000, 0x00000000e4a00000|  0%| F|  |TAMS 0x00000000e4900000| PB 0x00000000e4900000| Untracked 
|  74|0x00000000e4a00000, 0x00000000e4a00000, 0x00000000e4b00000|  0%| F|  |TAMS 0x00000000e4a00000| PB 0x00000000e4a00000| Untracked 
|  75|0x00000000e4b00000, 0x00000000e4b00000, 0x00000000e4c00000|  0%| F|  |TAMS 0x00000000e4b00000| PB 0x00000000e4b00000| Untracked 
|  76|0x00000000e4c00000, 0x00000000e4c00000, 0x00000000e4d00000|  0%| F|  |TAMS 0x00000000e4c00000| PB 0x00000000e4c00000| Untracked 
|  77|0x00000000e4d00000, 0x00000000e4d00000, 0x00000000e4e00000|  0%| F|  |TAMS 0x00000000e4d00000| PB 0x00000000e4d00000| Untracked 
|  78|0x00000000e4e00000, 0x00000000e4e00000, 0x00000000e4f00000|  0%| F|  |TAMS 0x00000000e4e00000| PB 0x00000000e4e00000| Untracked 
|  79|0x00000000e4f00000, 0x00000000e4f00000, 0x00000000e5000000|  0%| F|  |TAMS 0x00000000e4f00000| PB 0x00000000e4f00000| Untracked 
|  80|0x00000000e5000000, 0x00000000e5000000, 0x00000000e5100000|  0%| F|  |TAMS 0x00000000e5000000| PB 0x00000000e5000000| Untracked 
|  81|0x00000000e5100000, 0x00000000e5100000, 0x00000000e5200000|  0%| F|  |TAMS 0x00000000e5100000| PB 0x00000000e5100000| Untracked 
|  82|0x00000000e5200000, 0x00000000e5200000, 0x00000000e5300000|  0%| F|  |TAMS 0x00000000e5200000| PB 0x00000000e5200000| Untracked 
|  83|0x00000000e5300000, 0x00000000e5300000, 0x00000000e5400000|  0%| F|  |TAMS 0x00000000e5300000| PB 0x00000000e5300000| Untracked 
|  84|0x00000000e5400000, 0x00000000e5400000, 0x00000000e5500000|  0%| F|  |TAMS 0x00000000e5400000| PB 0x00000000e5400000| Untracked 
|  85|0x00000000e5500000, 0x00000000e5500000, 0x00000000e5600000|  0%| F|  |TAMS 0x00000000e5500000| PB 0x00000000e5500000| Untracked 
|  86|0x00000000e5600000, 0x00000000e5600000, 0x00000000e5700000|  0%| F|  |TAMS 0x00000000e5600000| PB 0x00000000e5600000| Untracked 
|  87|0x00000000e5700000, 0x00000000e5700000, 0x00000000e5800000|  0%| F|  |TAMS 0x00000000e5700000| PB 0x00000000e5700000| Untracked 
|  88|0x00000000e5800000, 0x00000000e5800000, 0x00000000e5900000|  0%| F|  |TAMS 0x00000000e5800000| PB 0x00000000e5800000| Untracked 
|  89|0x00000000e5900000, 0x00000000e5900000, 0x00000000e5a00000|  0%| F|  |TAMS 0x00000000e5900000| PB 0x00000000e5900000| Untracked 
|  90|0x00000000e5a00000, 0x00000000e5a00000, 0x00000000e5b00000|  0%| F|  |TAMS 0x00000000e5a00000| PB 0x00000000e5a00000| Untracked 
|  91|0x00000000e5b00000, 0x00000000e5b00000, 0x00000000e5c00000|  0%| F|  |TAMS 0x00000000e5b00000| PB 0x00000000e5b00000| Untracked 
|  92|0x00000000e5c00000, 0x00000000e5c00000, 0x00000000e5d00000|  0%| F|  |TAMS 0x00000000e5c00000| PB 0x00000000e5c00000| Untracked 
|  93|0x00000000e5d00000, 0x00000000e5d00000, 0x00000000e5e00000|  0%| F|  |TAMS 0x00000000e5d00000| PB 0x00000000e5d00000| Untracked 
|  94|0x00000000e5e00000, 0x00000000e5e00000, 0x00000000e5f00000|  0%| F|  |TAMS 0x00000000e5e00000| PB 0x00000000e5e00000| Untracked 
|  95|0x00000000e5f00000, 0x00000000e5f00000, 0x00000000e6000000|  0%| F|  |TAMS 0x00000000e5f00000| PB 0x00000000e5f00000| Untracked 
|  96|0x00000000e6000000, 0x00000000e6000000, 0x00000000e6100000|  0%| F|  |TAMS 0x00000000e6000000| PB 0x00000000e6000000| Untracked 
|  97|0x00000000e6100000, 0x00000000e6100000, 0x00000000e6200000|  0%| F|  |TAMS 0x00000000e6100000| PB 0x00000000e6100000| Untracked 
|  98|0x00000000e6200000, 0x00000000e6200000, 0x00000000e6300000|  0%| F|  |TAMS 0x00000000e6200000| PB 0x00000000e6200000| Untracked 
|  99|0x00000000e6300000, 0x00000000e6300000, 0x00000000e6400000|  0%| F|  |TAMS 0x00000000e6300000| PB 0x00000000e6300000| Untracked 
| 100|0x00000000e6400000, 0x00000000e6400000, 0x00000000e6500000|  0%| F|  |TAMS 0x00000000e6400000| PB 0x00000000e6400000| Untracked 
| 101|0x00000000e6500000, 0x00000000e6500000, 0x00000000e6600000|  0%| F|  |TAMS 0x00000000e6500000| PB 0x00000000e6500000| Untracked 
| 102|0x00000000e6600000, 0x00000000e6600000, 0x00000000e6700000|  0%| F|  |TAMS 0x00000000e6600000| PB 0x00000000e6600000| Untracked 
| 103|0x00000000e6700000, 0x00000000e6700000, 0x00000000e6800000|  0%| F|  |TAMS 0x00000000e6700000| PB 0x00000000e6700000| Untracked 
| 104|0x00000000e6800000, 0x00000000e6800000, 0x00000000e6900000|  0%| F|  |TAMS 0x00000000e6800000| PB 0x00000000e6800000| Untracked 
| 105|0x00000000e6900000, 0x00000000e6900000, 0x00000000e6a00000|  0%| F|  |TAMS 0x00000000e6900000| PB 0x00000000e6900000| Untracked 
| 106|0x00000000e6a00000, 0x00000000e6a00000, 0x00000000e6b00000|  0%| F|  |TAMS 0x00000000e6a00000| PB 0x00000000e6a00000| Untracked 
| 107|0x00000000e6b00000, 0x00000000e6b00000, 0x00000000e6c00000|  0%| F|  |TAMS 0x00000000e6b00000| PB 0x00000000e6b00000| Untracked 
| 108|0x00000000e6c00000, 0x00000000e6c00000, 0x00000000e6d00000|  0%| F|  |TAMS 0x00000000e6c00000| PB 0x00000000e6c00000| Untracked 
| 109|0x00000000e6d00000, 0x00000000e6d00000, 0x00000000e6e00000|  0%| F|  |TAMS 0x00000000e6d00000| PB 0x00000000e6d00000| Untracked 
| 110|0x00000000e6e00000, 0x00000000e6e00000, 0x00000000e6f00000|  0%| F|  |TAMS 0x00000000e6e00000| PB 0x00000000e6e00000| Untracked 
| 111|0x00000000e6f00000, 0x00000000e6f00000, 0x00000000e7000000|  0%| F|  |TAMS 0x00000000e6f00000| PB 0x00000000e6f00000| Untracked 
| 112|0x00000000e7000000, 0x00000000e7000000, 0x00000000e7100000|  0%| F|  |TAMS 0x00000000e7000000| PB 0x00000000e7000000| Untracked 
| 113|0x00000000e7100000, 0x00000000e7100000, 0x00000000e7200000|  0%| F|  |TAMS 0x00000000e7100000| PB 0x00000000e7100000| Untracked 
| 114|0x00000000e7200000, 0x00000000e7200000, 0x00000000e7300000|  0%| F|  |TAMS 0x00000000e7200000| PB 0x00000000e7200000| Untracked 
| 115|0x00000000e7300000, 0x00000000e7300000, 0x00000000e7400000|  0%| F|  |TAMS 0x00000000e7300000| PB 0x00000000e7300000| Untracked 
| 116|0x00000000e7400000, 0x00000000e7400000, 0x00000000e7500000|  0%| F|  |TAMS 0x00000000e7400000| PB 0x00000000e7400000| Untracked 
| 117|0x00000000e7500000, 0x00000000e7500000, 0x00000000e7600000|  0%| F|  |TAMS 0x00000000e7500000| PB 0x00000000e7500000| Untracked 
| 118|0x00000000e7600000, 0x00000000e7600000, 0x00000000e7700000|  0%| F|  |TAMS 0x00000000e7600000| PB 0x00000000e7600000| Untracked 
| 119|0x00000000e7700000, 0x00000000e7700000, 0x00000000e7800000|  0%| F|  |TAMS 0x00000000e7700000| PB 0x00000000e7700000| Untracked 
| 120|0x00000000e7800000, 0x00000000e7800000, 0x00000000e7900000|  0%| F|  |TAMS 0x00000000e7800000| PB 0x00000000e7800000| Untracked 
| 121|0x00000000e7900000, 0x00000000e7900000, 0x00000000e7a00000|  0%| F|  |TAMS 0x00000000e7900000| PB 0x00000000e7900000| Untracked 
| 122|0x00000000e7a00000, 0x00000000e7a00000, 0x00000000e7b00000|  0%| F|  |TAMS 0x00000000e7a00000| PB 0x00000000e7a00000| Untracked 
| 123|0x00000000e7b00000, 0x00000000e7b00000, 0x00000000e7c00000|  0%| F|  |TAMS 0x00000000e7b00000| PB 0x00000000e7b00000| Untracked 
| 124|0x00000000e7c00000, 0x00000000e7c00000, 0x00000000e7d00000|  0%| F|  |TAMS 0x00000000e7c00000| PB 0x00000000e7c00000| Untracked 
| 125|0x00000000e7d00000, 0x00000000e7d00000, 0x00000000e7e00000|  0%| F|  |TAMS 0x00000000e7d00000| PB 0x00000000e7d00000| Untracked 
| 126|0x00000000e7e00000, 0x00000000e7e00000, 0x00000000e7f00000|  0%| F|  |TAMS 0x00000000e7e00000| PB 0x00000000e7e00000| Untracked 
| 127|0x00000000e7f00000, 0x00000000e7f00000, 0x00000000e8000000|  0%| F|  |TAMS 0x00000000e7f00000| PB 0x00000000e7f00000| Untracked 
| 128|0x00000000e8000000, 0x00000000e8000000, 0x00000000e8100000|  0%| F|  |TAMS 0x00000000e8000000| PB 0x00000000e8000000| Untracked 
| 129|0x00000000e8100000, 0x00000000e8100000, 0x00000000e8200000|  0%| F|  |TAMS 0x00000000e8100000| PB 0x00000000e8100000| Untracked 
| 130|0x00000000e8200000, 0x00000000e8200000, 0x00000000e8300000|  0%| F|  |TAMS 0x00000000e8200000| PB 0x00000000e8200000| Untracked 
| 131|0x00000000e8300000, 0x00000000e8300000, 0x00000000e8400000|  0%| F|  |TAMS 0x00000000e8300000| PB 0x00000000e8300000| Untracked 
| 132|0x00000000e8400000, 0x00000000e8400000, 0x00000000e8500000|  0%| F|  |TAMS 0x00000000e8400000| PB 0x00000000e8400000| Untracked 
| 133|0x00000000e8500000, 0x00000000e8500000, 0x00000000e8600000|  0%| F|  |TAMS 0x00000000e8500000| PB 0x00000000e8500000| Untracked 
| 134|0x00000000e8600000, 0x00000000e8600000, 0x00000000e8700000|  0%| F|  |TAMS 0x00000000e8600000| PB 0x00000000e8600000| Untracked 
| 135|0x00000000e8700000, 0x00000000e8700000, 0x00000000e8800000|  0%| F|  |TAMS 0x00000000e8700000| PB 0x00000000e8700000| Untracked 
| 136|0x00000000e8800000, 0x00000000e8814500, 0x00000000e8900000|  7%| S|CS|TAMS 0x00000000e8800000| PB 0x00000000e8800000| Complete 
| 137|0x00000000e8900000, 0x00000000e8a00000, 0x00000000e8a00000|100%| S|CS|TAMS 0x00000000e8900000| PB 0x00000000e8900000| Complete 
| 138|0x00000000e8a00000, 0x00000000e8b00000, 0x00000000e8b00000|100%| S|CS|TAMS 0x00000000e8a00000| PB 0x00000000e8a00000| Complete 
| 139|0x00000000e8b00000, 0x00000000e8c00000, 0x00000000e8c00000|100%| S|CS|TAMS 0x00000000e8b00000| PB 0x00000000e8b00000| Complete 
| 140|0x00000000e8c00000, 0x00000000e8d00000, 0x00000000e8d00000|100%| S|CS|TAMS 0x00000000e8c00000| PB 0x00000000e8c00000| Complete 
| 141|0x00000000e8d00000, 0x00000000e8e00000, 0x00000000e8e00000|100%| S|CS|TAMS 0x00000000e8d00000| PB 0x00000000e8d00000| Complete 
| 142|0x00000000e8e00000, 0x00000000e8f00000, 0x00000000e8f00000|100%| S|CS|TAMS 0x00000000e8e00000| PB 0x00000000e8e00000| Complete 
| 143|0x00000000e8f00000, 0x00000000e9000000, 0x00000000e9000000|100%| S|CS|TAMS 0x00000000e8f00000| PB 0x00000000e8f00000| Complete 
| 144|0x00000000e9000000, 0x00000000e9100000, 0x00000000e9100000|100%| S|CS|TAMS 0x00000000e9000000| PB 0x00000000e9000000| Complete 
| 145|0x00000000e9100000, 0x00000000e9200000, 0x00000000e9200000|100%| S|CS|TAMS 0x00000000e9100000| PB 0x00000000e9100000| Complete 
| 146|0x00000000e9200000, 0x00000000e9300000, 0x00000000e9300000|100%| S|CS|TAMS 0x00000000e9200000| PB 0x00000000e9200000| Complete 
| 147|0x00000000e9300000, 0x00000000e9400000, 0x00000000e9400000|100%| S|CS|TAMS 0x00000000e9300000| PB 0x00000000e9300000| Complete 
| 148|0x00000000e9400000, 0x00000000e9500000, 0x00000000e9500000|100%| S|CS|TAMS 0x00000000e9400000| PB 0x00000000e9400000| Complete 
| 149|0x00000000e9500000, 0x00000000e9500000, 0x00000000e9600000|  0%| F|  |TAMS 0x00000000e9500000| PB 0x00000000e9500000| Untracked 
| 150|0x00000000e9600000, 0x00000000e9600000, 0x00000000e9700000|  0%| F|  |TAMS 0x00000000e9600000| PB 0x00000000e9600000| Untracked 
| 151|0x00000000e9700000, 0x00000000e9700000, 0x00000000e9800000|  0%| F|  |TAMS 0x00000000e9700000| PB 0x00000000e9700000| Untracked 
| 152|0x00000000e9800000, 0x00000000e9800000, 0x00000000e9900000|  0%| F|  |TAMS 0x00000000e9800000| PB 0x00000000e9800000| Untracked 
| 153|0x00000000e9900000, 0x00000000e9900000, 0x00000000e9a00000|  0%| F|  |TAMS 0x00000000e9900000| PB 0x00000000e9900000| Untracked 
| 154|0x00000000e9a00000, 0x00000000e9a00000, 0x00000000e9b00000|  0%| F|  |TAMS 0x00000000e9a00000| PB 0x00000000e9a00000| Untracked 
| 155|0x00000000e9b00000, 0x00000000e9b00000, 0x00000000e9c00000|  0%| F|  |TAMS 0x00000000e9b00000| PB 0x00000000e9b00000| Untracked 
| 156|0x00000000e9c00000, 0x00000000e9c00000, 0x00000000e9d00000|  0%| F|  |TAMS 0x00000000e9c00000| PB 0x00000000e9c00000| Untracked 
| 157|0x00000000e9d00000, 0x00000000e9d00000, 0x00000000e9e00000|  0%| F|  |TAMS 0x00000000e9d00000| PB 0x00000000e9d00000| Untracked 
| 158|0x00000000e9e00000, 0x00000000e9e00000, 0x00000000e9f00000|  0%| F|  |TAMS 0x00000000e9e00000| PB 0x00000000e9e00000| Untracked 
| 159|0x00000000e9f00000, 0x00000000e9f00000, 0x00000000ea000000|  0%| F|  |TAMS 0x00000000e9f00000| PB 0x00000000e9f00000| Untracked 
| 160|0x00000000ea000000, 0x00000000ea000000, 0x00000000ea100000|  0%| F|  |TAMS 0x00000000ea000000| PB 0x00000000ea000000| Untracked 
| 161|0x00000000ea100000, 0x00000000ea100000, 0x00000000ea200000|  0%| F|  |TAMS 0x00000000ea100000| PB 0x00000000ea100000| Untracked 
| 162|0x00000000ea200000, 0x00000000ea200000, 0x00000000ea300000|  0%| F|  |TAMS 0x00000000ea200000| PB 0x00000000ea200000| Untracked 
| 163|0x00000000ea300000, 0x00000000ea300000, 0x00000000ea400000|  0%| F|  |TAMS 0x00000000ea300000| PB 0x00000000ea300000| Untracked 
| 164|0x00000000ea400000, 0x00000000ea400000, 0x00000000ea500000|  0%| F|  |TAMS 0x00000000ea400000| PB 0x00000000ea400000| Untracked 
| 165|0x00000000ea500000, 0x00000000ea500000, 0x00000000ea600000|  0%| F|  |TAMS 0x00000000ea500000| PB 0x00000000ea500000| Untracked 
| 166|0x00000000ea600000, 0x00000000ea600000, 0x00000000ea700000|  0%| F|  |TAMS 0x00000000ea600000| PB 0x00000000ea600000| Untracked 
| 167|0x00000000ea700000, 0x00000000ea700000, 0x00000000ea800000|  0%| F|  |TAMS 0x00000000ea700000| PB 0x00000000ea700000| Untracked 
| 168|0x00000000ea800000, 0x00000000ea800000, 0x00000000ea900000|  0%| F|  |TAMS 0x00000000ea800000| PB 0x00000000ea800000| Untracked 
| 169|0x00000000ea900000, 0x00000000ea900000, 0x00000000eaa00000|  0%| F|  |TAMS 0x00000000ea900000| PB 0x00000000ea900000| Untracked 
| 170|0x00000000eaa00000, 0x00000000eaa00000, 0x00000000eab00000|  0%| F|  |TAMS 0x00000000eaa00000| PB 0x00000000eaa00000| Untracked 
| 171|0x00000000eab00000, 0x00000000eab00000, 0x00000000eac00000|  0%| F|  |TAMS 0x00000000eab00000| PB 0x00000000eab00000| Untracked 
| 172|0x00000000eac00000, 0x00000000eac00000, 0x00000000ead00000|  0%| F|  |TAMS 0x00000000eac00000| PB 0x00000000eac00000| Untracked 
| 173|0x00000000ead00000, 0x00000000ead00000, 0x00000000eae00000|  0%| F|  |TAMS 0x00000000ead00000| PB 0x00000000ead00000| Untracked 
| 174|0x00000000eae00000, 0x00000000eae00000, 0x00000000eaf00000|  0%| F|  |TAMS 0x00000000eae00000| PB 0x00000000eae00000| Untracked 
| 175|0x00000000eaf00000, 0x00000000eaf00000, 0x00000000eb000000|  0%| F|  |TAMS 0x00000000eaf00000| PB 0x00000000eaf00000| Untracked 
| 176|0x00000000eb000000, 0x00000000eb000000, 0x00000000eb100000|  0%| F|  |TAMS 0x00000000eb000000| PB 0x00000000eb000000| Untracked 
| 177|0x00000000eb100000, 0x00000000eb100000, 0x00000000eb200000|  0%| F|  |TAMS 0x00000000eb100000| PB 0x00000000eb100000| Untracked 
| 178|0x00000000eb200000, 0x00000000eb200000, 0x00000000eb300000|  0%| F|  |TAMS 0x00000000eb200000| PB 0x00000000eb200000| Untracked 
| 179|0x00000000eb300000, 0x00000000eb300000, 0x00000000eb400000|  0%| F|  |TAMS 0x00000000eb300000| PB 0x00000000eb300000| Untracked 
| 180|0x00000000eb400000, 0x00000000eb400000, 0x00000000eb500000|  0%| F|  |TAMS 0x00000000eb400000| PB 0x00000000eb400000| Untracked 
| 181|0x00000000eb500000, 0x00000000eb500000, 0x00000000eb600000|  0%| F|  |TAMS 0x00000000eb500000| PB 0x00000000eb500000| Untracked 
| 182|0x00000000eb600000, 0x00000000eb600000, 0x00000000eb700000|  0%| F|  |TAMS 0x00000000eb600000| PB 0x00000000eb600000| Untracked 
| 183|0x00000000eb700000, 0x00000000eb700000, 0x00000000eb800000|  0%| F|  |TAMS 0x00000000eb700000| PB 0x00000000eb700000| Untracked 
| 184|0x00000000eb800000, 0x00000000eb800000, 0x00000000eb900000|  0%| F|  |TAMS 0x00000000eb800000| PB 0x00000000eb800000| Untracked 
| 185|0x00000000eb900000, 0x00000000eb900000, 0x00000000eba00000|  0%| F|  |TAMS 0x00000000eb900000| PB 0x00000000eb900000| Untracked 
| 186|0x00000000eba00000, 0x00000000eba00000, 0x00000000ebb00000|  0%| F|  |TAMS 0x00000000eba00000| PB 0x00000000eba00000| Untracked 
| 187|0x00000000ebb00000, 0x00000000ebb00000, 0x00000000ebc00000|  0%| F|  |TAMS 0x00000000ebb00000| PB 0x00000000ebb00000| Untracked 
| 188|0x00000000ebc00000, 0x00000000ebc00000, 0x00000000ebd00000|  0%| F|  |TAMS 0x00000000ebc00000| PB 0x00000000ebc00000| Untracked 
| 189|0x00000000ebd00000, 0x00000000ebd00000, 0x00000000ebe00000|  0%| F|  |TAMS 0x00000000ebd00000| PB 0x00000000ebd00000| Untracked 
| 190|0x00000000ebe00000, 0x00000000ebe00000, 0x00000000ebf00000|  0%| F|  |TAMS 0x00000000ebe00000| PB 0x00000000ebe00000| Untracked 
| 191|0x00000000ebf00000, 0x00000000ebf00000, 0x00000000ec000000|  0%| F|  |TAMS 0x00000000ebf00000| PB 0x00000000ebf00000| Untracked 
| 192|0x00000000ec000000, 0x00000000ec000000, 0x00000000ec100000|  0%| F|  |TAMS 0x00000000ec000000| PB 0x00000000ec000000| Untracked 
| 193|0x00000000ec100000, 0x00000000ec100000, 0x00000000ec200000|  0%| F|  |TAMS 0x00000000ec100000| PB 0x00000000ec100000| Untracked 
| 194|0x00000000ec200000, 0x00000000ec200000, 0x00000000ec300000|  0%| F|  |TAMS 0x00000000ec200000| PB 0x00000000ec200000| Untracked 
| 195|0x00000000ec300000, 0x00000000ec300000, 0x00000000ec400000|  0%| F|  |TAMS 0x00000000ec300000| PB 0x00000000ec300000| Untracked 
| 196|0x00000000ec400000, 0x00000000ec400000, 0x00000000ec500000|  0%| F|  |TAMS 0x00000000ec400000| PB 0x00000000ec400000| Untracked 
| 197|0x00000000ec500000, 0x00000000ec500000, 0x00000000ec600000|  0%| F|  |TAMS 0x00000000ec500000| PB 0x00000000ec500000| Untracked 
| 198|0x00000000ec600000, 0x00000000ec600000, 0x00000000ec700000|  0%| F|  |TAMS 0x00000000ec600000| PB 0x00000000ec600000| Untracked 
| 199|0x00000000ec700000, 0x00000000ec700000, 0x00000000ec800000|  0%| F|  |TAMS 0x00000000ec700000| PB 0x00000000ec700000| Untracked 
| 200|0x00000000ec800000, 0x00000000ec800000, 0x00000000ec900000|  0%| F|  |TAMS 0x00000000ec800000| PB 0x00000000ec800000| Untracked 
| 201|0x00000000ec900000, 0x00000000ec900000, 0x00000000eca00000|  0%| F|  |TAMS 0x00000000ec900000| PB 0x00000000ec900000| Untracked 
| 202|0x00000000eca00000, 0x00000000eca00000, 0x00000000ecb00000|  0%| F|  |TAMS 0x00000000eca00000| PB 0x00000000eca00000| Untracked 
| 203|0x00000000ecb00000, 0x00000000ecb00000, 0x00000000ecc00000|  0%| F|  |TAMS 0x00000000ecb00000| PB 0x00000000ecb00000| Untracked 
| 204|0x00000000ecc00000, 0x00000000ecc00000, 0x00000000ecd00000|  0%| F|  |TAMS 0x00000000ecc00000| PB 0x00000000ecc00000| Untracked 
| 205|0x00000000ecd00000, 0x00000000ecd00000, 0x00000000ece00000|  0%| F|  |TAMS 0x00000000ecd00000| PB 0x00000000ecd00000| Untracked 
| 206|0x00000000ece00000, 0x00000000ece00000, 0x00000000ecf00000|  0%| F|  |TAMS 0x00000000ece00000| PB 0x00000000ece00000| Untracked 
| 207|0x00000000ecf00000, 0x00000000ecf00000, 0x00000000ed000000|  0%| F|  |TAMS 0x00000000ecf00000| PB 0x00000000ecf00000| Untracked 
| 208|0x00000000ed000000, 0x00000000ed000000, 0x00000000ed100000|  0%| F|  |TAMS 0x00000000ed000000| PB 0x00000000ed000000| Untracked 
| 209|0x00000000ed100000, 0x00000000ed180800, 0x00000000ed200000| 50%| E|  |TAMS 0x00000000ed100000| PB 0x00000000ed100000| Complete 
| 210|0x00000000ed200000, 0x00000000ed300000, 0x00000000ed300000|100%| E|CS|TAMS 0x00000000ed200000| PB 0x00000000ed200000| Complete 
| 211|0x00000000ed300000, 0x00000000ed400000, 0x00000000ed400000|100%| E|CS|TAMS 0x00000000ed300000| PB 0x00000000ed300000| Complete 
| 212|0x00000000ed400000, 0x00000000ed500000, 0x00000000ed500000|100%| E|CS|TAMS 0x00000000ed400000| PB 0x00000000ed400000| Complete 
| 213|0x00000000ed500000, 0x00000000ed600000, 0x00000000ed600000|100%| E|CS|TAMS 0x00000000ed500000| PB 0x00000000ed500000| Complete 
| 214|0x00000000ed600000, 0x00000000ed700000, 0x00000000ed700000|100%| E|CS|TAMS 0x00000000ed600000| PB 0x00000000ed600000| Complete 
| 215|0x00000000ed700000, 0x00000000ed800000, 0x00000000ed800000|100%| E|CS|TAMS 0x00000000ed700000| PB 0x00000000ed700000| Complete 
| 216|0x00000000ed800000, 0x00000000ed900000, 0x00000000ed900000|100%| E|CS|TAMS 0x00000000ed800000| PB 0x00000000ed800000| Complete 
| 217|0x00000000ed900000, 0x00000000eda00000, 0x00000000eda00000|100%| E|CS|TAMS 0x00000000ed900000| PB 0x00000000ed900000| Complete 
| 218|0x00000000eda00000, 0x00000000edb00000, 0x00000000edb00000|100%| E|CS|TAMS 0x00000000eda00000| PB 0x00000000eda00000| Complete 
| 219|0x00000000edb00000, 0x00000000edc00000, 0x00000000edc00000|100%| E|CS|TAMS 0x00000000edb00000| PB 0x00000000edb00000| Complete 
| 220|0x00000000edc00000, 0x00000000edd00000, 0x00000000edd00000|100%| E|CS|TAMS 0x00000000edc00000| PB 0x00000000edc00000| Complete 
| 221|0x00000000edd00000, 0x00000000ede00000, 0x00000000ede00000|100%| E|CS|TAMS 0x00000000edd00000| PB 0x00000000edd00000| Complete 
| 222|0x00000000ede00000, 0x00000000edf00000, 0x00000000edf00000|100%| E|CS|TAMS 0x00000000ede00000| PB 0x00000000ede00000| Complete 
| 223|0x00000000edf00000, 0x00000000ee000000, 0x00000000ee000000|100%| E|CS|TAMS 0x00000000edf00000| PB 0x00000000edf00000| Complete 
| 224|0x00000000ee000000, 0x00000000ee100000, 0x00000000ee100000|100%| E|CS|TAMS 0x00000000ee000000| PB 0x00000000ee000000| Complete 
| 225|0x00000000ee100000, 0x00000000ee200000, 0x00000000ee200000|100%| E|CS|TAMS 0x00000000ee100000| PB 0x00000000ee100000| Complete 
| 226|0x00000000ee200000, 0x00000000ee300000, 0x00000000ee300000|100%| E|CS|TAMS 0x00000000ee200000| PB 0x00000000ee200000| Complete 
| 227|0x00000000ee300000, 0x00000000ee400000, 0x00000000ee400000|100%| E|CS|TAMS 0x00000000ee300000| PB 0x00000000ee300000| Complete 
| 228|0x00000000ee400000, 0x00000000ee500000, 0x00000000ee500000|100%| E|CS|TAMS 0x00000000ee400000| PB 0x00000000ee400000| Complete 
| 229|0x00000000ee500000, 0x00000000ee600000, 0x00000000ee600000|100%| E|CS|TAMS 0x00000000ee500000| PB 0x00000000ee500000| Complete 
| 230|0x00000000ee600000, 0x00000000ee700000, 0x00000000ee700000|100%| E|CS|TAMS 0x00000000ee600000| PB 0x00000000ee600000| Complete 
| 231|0x00000000ee700000, 0x00000000ee800000, 0x00000000ee800000|100%| E|CS|TAMS 0x00000000ee700000| PB 0x00000000ee700000| Complete 
| 232|0x00000000ee800000, 0x00000000ee900000, 0x00000000ee900000|100%| E|CS|TAMS 0x00000000ee800000| PB 0x00000000ee800000| Complete 
| 233|0x00000000ee900000, 0x00000000eea00000, 0x00000000eea00000|100%| E|CS|TAMS 0x00000000ee900000| PB 0x00000000ee900000| Complete 
| 234|0x00000000eea00000, 0x00000000eeb00000, 0x00000000eeb00000|100%| E|CS|TAMS 0x00000000eea00000| PB 0x00000000eea00000| Complete 
| 235|0x00000000eeb00000, 0x00000000eec00000, 0x00000000eec00000|100%| E|CS|TAMS 0x00000000eeb00000| PB 0x00000000eeb00000| Complete 
| 236|0x00000000eec00000, 0x00000000eed00000, 0x00000000eed00000|100%| E|CS|TAMS 0x00000000eec00000| PB 0x00000000eec00000| Complete 
| 237|0x00000000eed00000, 0x00000000eee00000, 0x00000000eee00000|100%| E|CS|TAMS 0x00000000eed00000| PB 0x00000000eed00000| Complete 
| 238|0x00000000eee00000, 0x00000000eef00000, 0x00000000eef00000|100%| E|CS|TAMS 0x00000000eee00000| PB 0x00000000eee00000| Complete 
| 239|0x00000000eef00000, 0x00000000ef000000, 0x00000000ef000000|100%| E|CS|TAMS 0x00000000eef00000| PB 0x00000000eef00000| Complete 
| 240|0x00000000ef000000, 0x00000000ef100000, 0x00000000ef100000|100%| E|CS|TAMS 0x00000000ef000000| PB 0x00000000ef000000| Complete 
| 241|0x00000000ef100000, 0x00000000ef200000, 0x00000000ef200000|100%| E|CS|TAMS 0x00000000ef100000| PB 0x00000000ef100000| Complete 
| 242|0x00000000ef200000, 0x00000000ef300000, 0x00000000ef300000|100%| E|CS|TAMS 0x00000000ef200000| PB 0x00000000ef200000| Complete 
| 243|0x00000000ef300000, 0x00000000ef400000, 0x00000000ef400000|100%| E|CS|TAMS 0x00000000ef300000| PB 0x00000000ef300000| Complete 
| 244|0x00000000ef400000, 0x00000000ef500000, 0x00000000ef500000|100%| E|CS|TAMS 0x00000000ef400000| PB 0x00000000ef400000| Complete 
| 245|0x00000000ef500000, 0x00000000ef600000, 0x00000000ef600000|100%| E|CS|TAMS 0x00000000ef500000| PB 0x00000000ef500000| Complete 
| 246|0x00000000ef600000, 0x00000000ef700000, 0x00000000ef700000|100%| E|CS|TAMS 0x00000000ef600000| PB 0x00000000ef600000| Complete 
| 247|0x00000000ef700000, 0x00000000ef800000, 0x00000000ef800000|100%| E|CS|TAMS 0x00000000ef700000| PB 0x00000000ef700000| Complete 
| 248|0x00000000ef800000, 0x00000000ef900000, 0x00000000ef900000|100%| E|CS|TAMS 0x00000000ef800000| PB 0x00000000ef800000| Complete 
| 249|0x00000000ef900000, 0x00000000efa00000, 0x00000000efa00000|100%| E|CS|TAMS 0x00000000ef900000| PB 0x00000000ef900000| Complete 
| 250|0x00000000efa00000, 0x00000000efb00000, 0x00000000efb00000|100%| E|CS|TAMS 0x00000000efa00000| PB 0x00000000efa00000| Complete 
| 251|0x00000000efb00000, 0x00000000efc00000, 0x00000000efc00000|100%| E|CS|TAMS 0x00000000efb00000| PB 0x00000000efb00000| Complete 
| 252|0x00000000efc00000, 0x00000000efd00000, 0x00000000efd00000|100%| E|CS|TAMS 0x00000000efc00000| PB 0x00000000efc00000| Complete 
| 253|0x00000000efd00000, 0x00000000efe00000, 0x00000000efe00000|100%| E|CS|TAMS 0x00000000efd00000| PB 0x00000000efd00000| Complete 
| 254|0x00000000efe00000, 0x00000000eff00000, 0x00000000eff00000|100%| E|CS|TAMS 0x00000000efe00000| PB 0x00000000efe00000| Complete 
| 255|0x00000000eff00000, 0x00000000f0000000, 0x00000000f0000000|100%| E|  |TAMS 0x00000000eff00000| PB 0x00000000eff00000| Complete 

Card table byte_map: [0x00000259fa140000,0x00000259fa240000] _byte_map_base: 0x00000259f9a40000

Marking Bits: (CMBitMap*) 0x00000259f9a58780
 Bits: [0x00000259fa240000, 0x00000259faa40000)

Polling page: 0x00000259f91f0000

Metaspace:

Usage:
  Non-class:     22.21 MB used.
      Class:      3.85 MB used.
       Both:     26.07 MB used.

Virtual space:
  Non-class space:       64.00 MB reserved,      22.69 MB ( 35%) committed,  1 nodes.
      Class space:      320.00 MB reserved,       4.31 MB (  1%) committed,  1 nodes.
             Both:      384.00 MB reserved,      27.00 MB (  7%) committed. 

Chunk freelists:
   Non-Class:  8.38 MB
       Class:  11.74 MB
        Both:  20.12 MB

MaxMetaspaceSize: 384.00 MB
CompressedClassSpaceSize: 320.00 MB
Initial GC threshold: 21.00 MB
Current GC threshold: 35.44 MB
CDS: on
 - commit_granule_bytes: 65536.
 - commit_granule_words: 8192.
 - virtual_space_node_default_size: 8388608.
 - enlarge_chunks_in_place: 1.
 - use_allocation_guard: 0.


Internal statistics:

num_allocs_failed_limit: 3.
num_arena_births: 1498.
num_arena_deaths: 0.
num_vsnodes_births: 2.
num_vsnodes_deaths: 0.
num_space_committed: 432.
num_space_uncommitted: 0.
num_chunks_returned_to_freelist: 3.
num_chunks_taken_from_freelist: 2689.
num_chunk_merges: 3.
num_chunk_splits: 1727.
num_chunks_enlarged: 1075.
num_inconsistent_stats: 0.

CodeHeap 'non-profiled nmethods': size=120000Kb used=2017Kb max_used=2017Kb free=117982Kb
 bounds [0x000002598fe90000, 0x0000025990100000, 0x00000259973c0000]
CodeHeap 'profiled nmethods': size=120000Kb used=7558Kb max_used=7558Kb free=112441Kb
 bounds [0x00000259883c0000, 0x0000025988b30000, 0x000002598f8f0000]
CodeHeap 'non-nmethods': size=5760Kb used=1516Kb max_used=1545Kb free=4243Kb
 bounds [0x000002598f8f0000, 0x000002598fb60000, 0x000002598fe90000]
 total_blobs=4337 nmethods=3751 adapters=490
 compilation: enabled
              stopped_count=0, restarted_count=0
 full_count=0

Compilation events (20 events):
Event: 102.219 Thread 0x00000259fd6ee690 nmethod 3747 0x0000025990085f10 code [0x00000259900860a0, 0x0000025990086168]
Event: 102.219 Thread 0x00000259fd6ee690 3748       1       com.sun.management.internal.PlatformMBeanProviderImpl$3::mbeanInterfaceNames (5 bytes)
Event: 102.219 Thread 0x00000259fd6ee690 nmethod 3748 0x0000025990086210 code [0x00000259900863a0, 0x0000025990086468]
Event: 102.219 Thread 0x00000259fd6ee690 3749       1       java.lang.management.DefaultPlatformMBeanProvider$5::mbeanInterfaceNames (5 bytes)
Event: 102.219 Thread 0x00000259fd6ee690 nmethod 3749 0x0000025990086510 code [0x00000259900866a0, 0x0000025990086768]
Event: 102.219 Thread 0x00000259fd6ee690 3750       1       java.lang.management.DefaultPlatformMBeanProvider$6::mbeanInterfaceNames (5 bytes)
Event: 102.219 Thread 0x00000259fd6ee690 nmethod 3750 0x0000025990086810 code [0x00000259900869a0, 0x0000025990086a68]
Event: 102.764 Thread 0x00000259975038b0 3753       4       jdk.internal.org.objectweb.asm.Label::resolve (219 bytes)
Event: 102.781 Thread 0x00000259975038b0 nmethod 3753 0x0000025990087110 code [0x00000259900872a0, 0x0000025990087568]
Event: 102.813 Thread 0x00000259fd6ee690 3754       3       java.io.WinNTFileSystem::isSlash (18 bytes)
Event: 102.813 Thread 0x00000259fd6ee690 nmethod 3754 0x0000025988b1c710 code [0x0000025988b1c8c0, 0x0000025988b1ca60]
Event: 103.013 Thread 0x00000259fd6ee690 3755       3       sun.nio.fs.WindowsPath::isEmpty (8 bytes)
Event: 103.013 Thread 0x00000259fd6ee690 nmethod 3755 0x0000025988b1cb10 code [0x0000025988b1ccc0, 0x0000025988b1ce98]
Event: 103.048 Thread 0x00000259975038b0 3756   !   4       jdk.internal.loader.URLClassPath$JarLoader::getResource (40 bytes)
Event: 103.058 Thread 0x00000259975038b0 nmethod 3756 0x0000025990087790 code [0x00000259900879a0, 0x0000025990087d90]
Event: 103.371 Thread 0x00000259fd6ee690 3757   !   3       jdk.internal.loader.Resource::getBytes (244 bytes)
Event: 103.373 Thread 0x00000259fd6ee690 nmethod 3757 0x0000025988b1cf90 code [0x0000025988b1d2c0, 0x0000025988b1e9e8]
Event: 103.464 Thread 0x00000259fd6ee690 3758       1       java.util.concurrent.atomic.AtomicInteger::set (6 bytes)
Event: 103.464 Thread 0x00000259fd6ee690 nmethod 3758 0x0000025990088110 code [0x00000259900882a0, 0x0000025990088370]
Event: 103.466 Thread 0x00000259975038b0 3759   !   4       java.lang.ClassLoader::loadClass (121 bytes)

GC Heap History (8 events):
Event: 19.594 GC heap before
{Heap before GC invocations=0 (full 0):
 garbage-first heap   total 262144K, used 22528K [0x00000000e0000000, 0x0000000100000000)
  region size 1024K, 23 young (23552K), 0 survivors (0K)
 Metaspace       used 1096K, committed 1216K, reserved 393216K
  class space    used 77K, committed 128K, reserved 327680K
}
Event: 19.773 GC heap after
{Heap after GC invocations=1 (full 0):
 garbage-first heap   total 262144K, used 3698K [0x00000000e0000000, 0x0000000100000000)
  region size 1024K, 3 young (3072K), 3 survivors (3072K)
 Metaspace       used 1096K, committed 1216K, reserved 393216K
  class space    used 77K, committed 128K, reserved 327680K
}
Event: 36.682 GC heap before
{Heap before GC invocations=1 (full 0):
 garbage-first heap   total 262144K, used 34418K [0x00000000e0000000, 0x0000000100000000)
  region size 1024K, 31 young (31744K), 3 survivors (3072K)
 Metaspace       used 4390K, committed 4608K, reserved 393216K
  class space    used 542K, committed 640K, reserved 327680K
}
Event: 36.686 GC heap after
{Heap after GC invocations=2 (full 0):
 garbage-first heap   total 262144K, used 11154K [0x00000000e0000000, 0x0000000100000000)
  region size 1024K, 4 young (4096K), 4 survivors (4096K)
 Metaspace       used 4390K, committed 4608K, reserved 393216K
  class space    used 542K, committed 640K, reserved 327680K
}
Event: 38.408 GC heap before
{Heap before GC invocations=2 (full 0):
 garbage-first heap   total 262144K, used 46994K [0x00000000e0000000, 0x0000000100000000)
  region size 1024K, 38 young (38912K), 4 survivors (4096K)
 Metaspace       used 4475K, committed 4672K, reserved 393216K
  class space    used 542K, committed 640K, reserved 327680K
}
Event: 38.411 GC heap after
{Heap after GC invocations=3 (full 0):
 garbage-first heap   total 262144K, used 14626K [0x00000000e0000000, 0x0000000100000000)
  region size 1024K, 3 young (3072K), 3 survivors (3072K)
 Metaspace       used 4475K, committed 4672K, reserved 393216K
  class space    used 542K, committed 640K, reserved 327680K
}
Event: 60.395 GC heap before
{Heap before GC invocations=3 (full 0):
 garbage-first heap   total 262144K, used 121122K [0x00000000e0000000, 0x0000000100000000)
  region size 1024K, 107 young (109568K), 3 survivors (3072K)
 Metaspace       used 20840K, committed 21504K, reserved 393216K
  class space    used 2984K, committed 3264K, reserved 327680K
}
Event: 60.495 GC heap after
{Heap after GC invocations=4 (full 0):
 garbage-first heap   total 262144K, used 24560K [0x00000000e0000000, 0x0000000100000000)
  region size 1024K, 13 young (13312K), 13 survivors (13312K)
 Metaspace       used 20840K, committed 21504K, reserved 393216K
  class space    used 2984K, committed 3264K, reserved 327680K
}

Dll operation events (15 events):
Event: 0.324 Loaded shared library C:\Program Files\Java\jdk-21.0.6\bin\java.dll
Event: 1.466 Loaded shared library C:\Program Files\Java\jdk-21.0.6\bin\jsvml.dll
Event: 2.274 Loaded shared library C:\Program Files\Java\jdk-21.0.6\bin\zip.dll
Event: 2.301 Loaded shared library C:\Program Files\Java\jdk-21.0.6\bin\instrument.dll
Event: 2.313 Loaded shared library C:\Program Files\Java\jdk-21.0.6\bin\net.dll
Event: 2.316 Loaded shared library C:\Program Files\Java\jdk-21.0.6\bin\nio.dll
Event: 2.322 Loaded shared library C:\Program Files\Java\jdk-21.0.6\bin\zip.dll
Event: 13.901 Loaded shared library C:\Program Files\Java\jdk-21.0.6\bin\jimage.dll
Event: 26.538 Loaded shared library C:\Program Files\Java\jdk-21.0.6\bin\verify.dll
Event: 33.961 Loaded shared library C:\Users\ASUS\.gradle\native\1def1411415f61bf3af743bc5b6707747c0891f09f0c88961ee8f79bc544acac\windows-amd64\native-platform.dll
Event: 33.989 Loaded shared library C:\Users\ASUS\.gradle\native\0.2.6\x86_64-windows-gnu\gradle-fileevents.dll
Event: 40.989 Loaded shared library C:\Program Files\Java\jdk-21.0.6\bin\management.dll
Event: 41.038 Loaded shared library C:\Program Files\Java\jdk-21.0.6\bin\management_ext.dll
Event: 42.036 Loaded shared library C:\Program Files\Java\jdk-21.0.6\bin\extnet.dll
Event: 44.519 Loaded shared library C:\Program Files\Java\jdk-21.0.6\bin\sunmscapi.dll

Deoptimization events (20 events):
Event: 102.818 Thread 0x00000259b251f8f0 Uncommon trap: trap_request=0xffffff45 fr.pc=0x000002599003a3a8 relative=0x0000000000002d08
Event: 102.818 Thread 0x00000259b251f8f0 Uncommon trap: reason=unstable_if action=reinterpret pc=0x000002599003a3a8 method=java.lang.String.regionMatches(ZILjava/lang/String;II)Z @ 36 c2
Event: 102.818 Thread 0x00000259b251f8f0 DEOPT PACKING pc=0x000002599003a3a8 sp=0x0000006418bfa100
Event: 102.819 Thread 0x00000259b251f8f0 DEOPT UNPACKING pc=0x000002598f9446a2 sp=0x0000006418bfa000 mode 2
Event: 102.850 Thread 0x00000259b251f8f0 Uncommon trap: trap_request=0xffffffde fr.pc=0x000002598fef9be8 relative=0x0000000000001088
Event: 102.850 Thread 0x00000259b251f8f0 Uncommon trap: reason=class_check action=maybe_recompile pc=0x000002598fef9be8 method=jdk.internal.loader.URLClassPath.getLoader(I)Ljdk/internal/loader/URLClassPath$Loader; @ 88 c2
Event: 102.850 Thread 0x00000259b251f8f0 DEOPT PACKING pc=0x000002598fef9be8 sp=0x0000006418bfa3c0
Event: 102.850 Thread 0x00000259b251f8f0 DEOPT UNPACKING pc=0x000002598f9446a2 sp=0x0000006418bfa3b0 mode 2
Event: 102.850 Thread 0x00000259b251f8f0 Uncommon trap: trap_request=0xffffffde fr.pc=0x0000025990014dc8 relative=0x0000000000004188
Event: 102.850 Thread 0x00000259b251f8f0 Uncommon trap: reason=class_check action=maybe_recompile pc=0x0000025990014dc8 method=jdk.internal.loader.URLClassPath.getResource(Ljava/lang/String;Z)Ljdk/internal/loader/Resource; @ 53 c2
Event: 102.850 Thread 0x00000259b251f8f0 DEOPT PACKING pc=0x0000025990014dc8 sp=0x0000006418bfa480
Event: 102.850 Thread 0x00000259b251f8f0 DEOPT UNPACKING pc=0x000002598f9446a2 sp=0x0000006418bfa2a0 mode 2
Event: 103.016 Thread 0x00000259b251f8f0 Uncommon trap: trap_request=0xffffff45 fr.pc=0x000002598ffa3f98 relative=0x00000000000000f8
Event: 103.016 Thread 0x00000259b251f8f0 Uncommon trap: reason=unstable_if action=reinterpret pc=0x000002598ffa3f98 method=java.lang.ClassLoader.getClassLoadingLock(Ljava/lang/String;)Ljava/lang/Object; @ 6 c2
Event: 103.016 Thread 0x00000259b251f8f0 DEOPT PACKING pc=0x000002598ffa3f98 sp=0x0000006418bf89c0
Event: 103.016 Thread 0x00000259b251f8f0 DEOPT UNPACKING pc=0x000002598f9446a2 sp=0x0000006418bf8950 mode 2
Event: 103.214 Thread 0x00000259b251f8f0 Uncommon trap: trap_request=0xffffff45 fr.pc=0x000002599000cd6c relative=0x00000000000008cc
Event: 103.214 Thread 0x00000259b251f8f0 Uncommon trap: reason=unstable_if action=reinterpret pc=0x000002599000cd6c method=java.lang.Class.getPackageName()Ljava/lang/String; @ 55 c2
Event: 103.230 Thread 0x00000259b251f8f0 DEOPT PACKING pc=0x000002599000cd6c sp=0x0000006418bfa050
Event: 103.230 Thread 0x00000259b251f8f0 DEOPT UNPACKING pc=0x000002598f9446a2 sp=0x0000006418bfa020 mode 2

Classes loaded (20 events):
Event: 79.402 Loading class java/nio/charset/CharacterCodingException
Event: 79.402 Loading class java/nio/charset/CharacterCodingException done
Event: 79.583 Loading class java/nio/file/FileTreeWalker
Event: 79.585 Loading class java/nio/file/FileTreeWalker done
Event: 79.591 Loading class java/nio/file/FileTreeWalker$DirectoryNode
Event: 79.592 Loading class java/nio/file/FileTreeWalker$DirectoryNode done
Event: 79.592 Loading class java/nio/file/FileTreeWalker$Event
Event: 79.592 Loading class java/nio/file/FileTreeWalker$Event done
Event: 79.592 Loading class java/nio/file/FileTreeWalker$EventType
Event: 79.592 Loading class java/nio/file/FileTreeWalker$EventType done
Event: 79.593 Loading class java/nio/file/Files$3
Event: 79.593 Loading class java/nio/file/Files$3 done
Event: 79.598 Loading class java/nio/file/FileVisitResult
Event: 79.598 Loading class java/nio/file/FileVisitResult done
Event: 79.927 Loading class java/util/stream/Streams$RangeIntSpliterator
Event: 79.929 Loading class java/util/stream/Streams$RangeIntSpliterator done
Event: 102.809 Loading class jdk/internal/loader/URLClassPath$FileLoader
Event: 102.812 Loading class jdk/internal/loader/URLClassPath$FileLoader done
Event: 102.854 Loading class jdk/internal/loader/URLClassPath$FileLoader$1
Event: 102.874 Loading class jdk/internal/loader/URLClassPath$FileLoader$1 done

Classes unloaded (0 events):
No events

Classes redefined (0 events):
No events

Internal exceptions (20 events):
Event: 61.835 Thread 0x00000259b251f8f0 Exception <a 'java/lang/NoSuchMethodError'{0x00000000ef6803e0}: 'java.lang.Object java.lang.invoke.DelegatingMethodHandle$Holder.delegate(java.lang.Object, java.lang.Object, java.lang.Object, java.lang.Object, java.lang.Object, java.lang.Object, java.lang.Object, java.lang.Object, java.lang.Object, java.lang.Object, java.lang.Object, java.lang.Object, java.lang.Object, java.lang.Object, java.lang.Object, java.lang.Object, java.lang.Object, java.lang.Object, java.lang.Object, java.lang.Object, java.lang.Obj
Event: 62.002 Thread 0x00000259b251f8f0 Exception <a 'java/lang/NoSuchMethodError'{0x00000000ef3542c8}: 'java.lang.Object java.lang.invoke.DirectMethodHandle$Holder.invokeStaticInit(java.lang.Object, java.lang.Object, java.lang.Object, java.lang.Object)'> (0x00000000ef3542c8) 
thrown [s\open\src\hotspot\share\interpreter\linkResolver.cpp, line 773]
Event: 62.240 Thread 0x00000259b251f8f0 Exception <a 'java/lang/NoSuchMethodError'{0x00000000ef121620}: 'void java.lang.invoke.DirectMethodHandle$Holder.invokeStatic(java.lang.Object, java.lang.Object, java.lang.Object, java.lang.Object)'> (0x00000000ef121620) 
thrown [s\open\src\hotspot\share\interpreter\linkResolver.cpp, line 773]
Event: 62.289 Thread 0x00000259b251f8f0 Exception <a 'java/lang/NoSuchMethodError'{0x00000000ef1b4668}: 'java.lang.Object java.lang.invoke.DirectMethodHandle$Holder.invokeVirtual(java.lang.Object, java.lang.Object, java.lang.Object, java.lang.Object, java.lang.Object, java.lang.Object, java.lang.Object, java.lang.Object, java.lang.Object, java.lang.Object, java.lang.Object, java.lang.Object, java.lang.Object)'> (0x00000000ef1b4668) 
thrown [s\open\src\hotspot\share\interpreter\linkResolver.cpp, line 773]
Event: 62.289 Thread 0x00000259b251f8f0 Exception <a 'java/lang/NoSuchMethodError'{0x00000000ef1b9880}: 'java.lang.Object java.lang.invoke.DirectMethodHandle$Holder.invokeSpecial(java.lang.Object, java.lang.Object, java.lang.Object, java.lang.Object, java.lang.Object, java.lang.Object, java.lang.Object, java.lang.Object, java.lang.Object, java.lang.Object, java.lang.Object, java.lang.Object, java.lang.Object, java.lang.Object)'> (0x00000000ef1b9880) 
thrown [s\open\src\hotspot\share\interpreter\linkResolver.cpp, line 773]
Event: 62.290 Thread 0x00000259b251f8f0 Exception <a 'java/lang/NoSuchMethodError'{0x00000000ef1be5d0}: 'java.lang.Object java.lang.invoke.DelegatingMethodHandle$Holder.reinvoke_L(java.lang.Object, java.lang.Object, java.lang.Object, java.lang.Object, java.lang.Object, java.lang.Object, java.lang.Object, java.lang.Object, java.lang.Object, java.lang.Object, java.lang.Object, java.lang.Object, java.lang.Object)'> (0x00000000ef1be5d0) 
thrown [s\open\src\hotspot\share\interpreter\linkResolver.cpp, line 773]
Event: 62.474 Thread 0x00000259b251f8f0 Exception <a 'java/lang/NoSuchMethodError'{0x00000000eef65710}: 'void java.lang.invoke.DirectMethodHandle$Holder.invokeStaticInit(java.lang.Object, java.lang.Object)'> (0x00000000eef65710) 
thrown [s\open\src\hotspot\share\interpreter\linkResolver.cpp, line 773]
Event: 62.840 Thread 0x00000259b251f8f0 Exception <a 'java/lang/NoSuchMethodError'{0x00000000ee811610}: 'int java.lang.invoke.DirectMethodHandle$Holder.invokeVirtual(java.lang.Object, java.lang.Object)'> (0x00000000ee811610) 
thrown [s\open\src\hotspot\share\interpreter\linkResolver.cpp, line 773]
Event: 63.066 Thread 0x00000259b251f8f0 Exception <a 'java/lang/NoSuchMethodError'{0x00000000ee518460}: 'void java.lang.invoke.DirectMethodHandle$Holder.invokeInterface(java.lang.Object, java.lang.Object, java.lang.Object, java.lang.Object, java.lang.Object)'> (0x00000000ee518460) 
thrown [s\open\src\hotspot\share\interpreter\linkResolver.cpp, line 773]
Event: 63.114 Thread 0x00000259b251f8f0 Exception <a 'java/lang/NoSuchMethodError'{0x00000000ee556708}: 'void java.lang.invoke.DirectMethodHandle$Holder.invokeStatic(java.lang.Object, java.lang.Object, java.lang.Object, java.lang.Object, java.lang.Object, java.lang.Object)'> (0x00000000ee556708) 
thrown [s\open\src\hotspot\share\interpreter\linkResolver.cpp, line 773]
Event: 63.473 Thread 0x00000259b251f8f0 Exception <a 'java/lang/IncompatibleClassChangeError'{0x00000000eddb62c8}: Found class java.lang.Object, but interface was expected> (0x00000000eddb62c8) 
thrown [s\open\src\hotspot\share\interpreter\linkResolver.cpp, line 840]
Event: 79.400 Thread 0x00000259b251f8f0 Exception <a 'java/lang/NoSuchMethodError'{0x00000000eda8e490}: 'java.lang.Object java.lang.invoke.DirectMethodHandle$Holder.newInvokeSpecial(java.lang.Object, java.lang.Object, long)'> (0x00000000eda8e490) 
thrown [s\open\src\hotspot\share\interpreter\linkResolver.cpp, line 773]
Event: 79.402 Thread 0x00000259b251f8f0 Exception <a 'java/lang/NoSuchMethodError'{0x00000000eda92858}: 'java.lang.Object java.lang.invoke.Invokers$Holder.linkToTargetMethod(java.lang.Object, long, java.lang.Object)'> (0x00000000eda92858) 
thrown [s\open\src\hotspot\share\interpreter\linkResolver.cpp, line 773]
Event: 79.872 Thread 0x00000259b251f8f0 Exception <a 'java/lang/NoSuchMethodError'{0x00000000ed8dda90}: 'int java.lang.invoke.DirectMethodHandle$Holder.invokeInterface(java.lang.Object, java.lang.Object)'> (0x00000000ed8dda90) 
thrown [s\open\src\hotspot\share\interpreter\linkResolver.cpp, line 773]
Event: 79.920 Thread 0x00000259b251f8f0 Exception <a 'java/lang/NoSuchMethodError'{0x00000000ed766440}: 'java.lang.Object java.lang.invoke.DirectMethodHandle$Holder.invokeVirtual(java.lang.Object, java.lang.Object, int)'> (0x00000000ed766440) 
thrown [s\open\src\hotspot\share\interpreter\linkResolver.cpp, line 773]
Event: 94.534 Thread 0x00000259b251f8f0 Exception <a 'java/lang/NoSuchMethodError'{0x00000000ed51c6a0}: 'java.lang.Object java.lang.invoke.DirectMethodHandle$Holder.invokeStatic(java.lang.Object, java.lang.Object, int, java.lang.Object)'> (0x00000000ed51c6a0) 
thrown [s\open\src\hotspot\share\interpreter\linkResolver.cpp, line 773]
Event: 94.648 Thread 0x00000259b251f8f0 Exception <a 'java/lang/NoSuchMethodError'{0x00000000ed523a98}: 'java.lang.Object java.lang.invoke.DirectMethodHandle$Holder.newInvokeSpecial(java.lang.Object, java.lang.Object, int, java.lang.Object)'> (0x00000000ed523a98) 
thrown [s\open\src\hotspot\share\interpreter\linkResolver.cpp, line 773]
Event: 94.669 Thread 0x00000259b251f8f0 Exception <a 'java/lang/NoSuchMethodError'{0x00000000ed528220}: 'java.lang.Object java.lang.invoke.DirectMethodHandle$Holder.invokeSpecial(java.lang.Object, java.lang.Object, java.lang.Object, int, java.lang.Object)'> (0x00000000ed528220) 
thrown [s\open\src\hotspot\share\interpreter\linkResolver.cpp, line 773]
Event: 102.561 Thread 0x00000259b251f8f0 Exception <a 'java/lang/NoSuchMethodError'{0x00000000ed2ee3c0}: 'void java.lang.invoke.DirectMethodHandle$Holder.invokeInterface(java.lang.Object, java.lang.Object, java.lang.Object, java.lang.Object, java.lang.Object, java.lang.Object, java.lang.Object)'> (0x00000000ed2ee3c0) 
thrown [s\open\src\hotspot\share\interpreter\linkResolver.cpp, line 773]
Event: 102.577 Thread 0x00000259b251f8f0 Exception <a 'java/lang/NoSuchMethodError'{0x00000000ed2f2d28}: 'void java.lang.invoke.DelegatingMethodHandle$Holder.reinvoke_L(java.lang.Object, java.lang.Object, java.lang.Object, java.lang.Object, java.lang.Object, java.lang.Object, java.lang.Object)'> (0x00000000ed2f2d28) 
thrown [s\open\src\hotspot\share\interpreter\linkResolver.cpp, line 773]

ZGC Phase Switch (0 events):
No events

VM Operations (20 events):
Event: 94.835 Executing VM operation: Cleanup
Event: 94.881 Executing VM operation: Cleanup done
Event: 95.894 Executing VM operation: Cleanup
Event: 95.925 Executing VM operation: Cleanup done
Event: 96.937 Executing VM operation: Cleanup
Event: 97.015 Executing VM operation: Cleanup done
Event: 98.026 Executing VM operation: Cleanup
Event: 98.087 Executing VM operation: Cleanup done
Event: 99.097 Executing VM operation: Cleanup
Event: 99.112 Executing VM operation: Cleanup done
Event: 100.323 Executing VM operation: Cleanup
Event: 100.351 Executing VM operation: Cleanup done
Event: 101.692 Executing VM operation: Cleanup
Event: 101.698 Executing VM operation: Cleanup done
Event: 102.699 Executing VM operation: Cleanup
Event: 102.733 Executing VM operation: Cleanup done
Event: 102.891 Executing VM operation: HandshakeAllThreads (Deoptimize)
Event: 102.891 Executing VM operation: HandshakeAllThreads (Deoptimize) done
Event: 102.934 Executing VM operation: HandshakeAllThreads (Deoptimize)
Event: 102.934 Executing VM operation: HandshakeAllThreads (Deoptimize) done

Events (20 events):
Event: 41.149 Thread 0x00000259b2197100 Thread added: 0x00000259b2197100
Event: 43.063 Thread 0x00000259978b05c0 Thread added: 0x00000259978b05c0
Event: 44.083 Thread 0x00000259b22c84e0 Thread added: 0x00000259b22c84e0
Event: 44.568 Thread 0x00000259b2332eb0 Thread added: 0x00000259b2332eb0
Event: 44.587 Thread 0x00000259975b8b90 Thread added: 0x00000259975b8b90
Event: 45.622 Thread 0x00000259b251aec0 Thread added: 0x00000259b251aec0
Event: 45.658 Thread 0x00000259b251f8f0 Thread added: 0x00000259b251f8f0
Event: 45.679 Thread 0x00000259b2522850 Thread added: 0x00000259b2522850
Event: 45.690 Thread 0x00000259b221bf20 Thread added: 0x00000259b221bf20
Event: 45.692 Thread 0x00000259b221b890 Thread added: 0x00000259b221b890
Event: 48.702 Thread 0x00000259b221c5b0 Thread added: 0x00000259b221c5b0
Event: 48.887 Thread 0x00000259b221ab70 Thread added: 0x00000259b221ab70
Event: 50.415 Thread 0x00000259b221d2d0 Thread added: 0x00000259b221d2d0
Event: 51.306 Thread 0x00000259b221dff0 Thread added: 0x00000259b221dff0
Event: 61.691 Thread 0x00000259b221d960 Thread added: 0x00000259b221d960
Event: 61.790 Thread 0x00000259b221b200 Thread added: 0x00000259b221b200
Event: 62.789 Thread 0x00000259b27e9360 Thread added: 0x00000259b27e9360
Event: 62.833 Thread 0x00000259b27e99f0 Thread added: 0x00000259b27e99f0
Event: 94.974 Thread 0x00000259b27ec7e0 Thread added: 0x00000259b27ec7e0
Event: 101.501 Thread 0x00000259b27e7290 Thread added: 0x00000259b27e7290


Dynamic libraries:
0x00007ff6226b0000 - 0x00007ff6226c0000 	C:\Program Files\Java\jdk-21.0.6\bin\java.exe
0x00007ffb8b9f0000 - 0x00007ffb8bc07000 	C:\WINDOWS\SYSTEM32\ntdll.dll
0x00007ffb897a0000 - 0x00007ffb89864000 	C:\WINDOWS\System32\KERNEL32.DLL
0x00007ffb88e50000 - 0x00007ffb89223000 	C:\WINDOWS\System32\KERNELBASE.dll
0x00007ffb88d30000 - 0x00007ffb88e41000 	C:\WINDOWS\System32\ucrtbase.dll
0x00007ffb5db90000 - 0x00007ffb5dbab000 	C:\Program Files\Java\jdk-21.0.6\bin\VCRUNTIME140.dll
0x00007ffb5db70000 - 0x00007ffb5db89000 	C:\Program Files\Java\jdk-21.0.6\bin\jli.dll
0x00007ffb8a5b0000 - 0x00007ffb8a661000 	C:\WINDOWS\System32\ADVAPI32.dll
0x00007ffb8a670000 - 0x00007ffb8a717000 	C:\WINDOWS\System32\msvcrt.dll
0x00007ffb8aa20000 - 0x00007ffb8aac8000 	C:\WINDOWS\System32\sechost.dll
0x00007ffb894a0000 - 0x00007ffb894c8000 	C:\WINDOWS\System32\bcrypt.dll
0x00007ffb89ab0000 - 0x00007ffb89bc4000 	C:\WINDOWS\System32\RPCRT4.dll
0x00007ffb898f0000 - 0x00007ffb89aa1000 	C:\WINDOWS\System32\USER32.dll
0x00007ffb892b0000 - 0x00007ffb892d6000 	C:\WINDOWS\System32\win32u.dll
0x00007ffb7f050000 - 0x00007ffb7f2e8000 	C:\WINDOWS\WinSxS\amd64_microsoft.windows.common-controls_6595b64144ccf1df_6.0.22621.5124_none_270e8f4f7386d69d\COMCTL32.dll
0x00007ffb8a9f0000 - 0x00007ffb8aa19000 	C:\WINDOWS\System32\GDI32.dll
0x00007ffb89570000 - 0x00007ffb8968b000 	C:\WINDOWS\System32\gdi32full.dll
0x00007ffb894d0000 - 0x00007ffb8956a000 	C:\WINDOWS\System32\msvcp_win.dll
0x00007ffb80360000 - 0x00007ffb8036a000 	C:\WINDOWS\SYSTEM32\VERSION.dll
0x00007ffb8b900000 - 0x00007ffb8b931000 	C:\WINDOWS\System32\IMM32.DLL
0x00007ffb79c10000 - 0x00007ffb79c1c000 	C:\Program Files\Java\jdk-21.0.6\bin\vcruntime140_1.dll
0x00007ffb5dae0000 - 0x00007ffb5db6e000 	C:\Program Files\Java\jdk-21.0.6\bin\msvcp140.dll
0x00007ffaecf00000 - 0x00007ffaedc1a000 	C:\Program Files\Java\jdk-21.0.6\bin\server\jvm.dll
0x00007ffb89bd0000 - 0x00007ffb89c41000 	C:\WINDOWS\System32\WS2_32.dll
0x00007ffb87980000 - 0x00007ffb879cd000 	C:\WINDOWS\SYSTEM32\POWRPROF.dll
0x00007ffb82ce0000 - 0x00007ffb82d14000 	C:\WINDOWS\SYSTEM32\WINMM.dll
0x00007ffb87960000 - 0x00007ffb87973000 	C:\WINDOWS\SYSTEM32\UMPDC.dll
0x00007ffb87c20000 - 0x00007ffb87c38000 	C:\WINDOWS\SYSTEM32\kernel.appcore.dll
0x00007ffb5dc70000 - 0x00007ffb5dc7a000 	C:\Program Files\Java\jdk-21.0.6\bin\jimage.dll
0x00007ffb865d0000 - 0x00007ffb86802000 	C:\WINDOWS\SYSTEM32\DBGHELP.DLL
0x00007ffb8ab00000 - 0x00007ffb8ae92000 	C:\WINDOWS\System32\combase.dll
0x00007ffb8a850000 - 0x00007ffb8a927000 	C:\WINDOWS\System32\OLEAUT32.dll
0x00007ffb7da70000 - 0x00007ffb7daa2000 	C:\WINDOWS\SYSTEM32\dbgcore.DLL
0x00007ffb89420000 - 0x00007ffb8949b000 	C:\WINDOWS\System32\bcryptPrimitives.dll
0x00007ffb5dad0000 - 0x00007ffb5dadf000 	C:\Program Files\Java\jdk-21.0.6\bin\instrument.dll
0x00007ffb5dab0000 - 0x00007ffb5dacf000 	C:\Program Files\Java\jdk-21.0.6\bin\java.dll
0x00007ffb8b060000 - 0x00007ffb8b8f6000 	C:\WINDOWS\System32\SHELL32.dll
0x00007ffb892e0000 - 0x00007ffb8941f000 	C:\WINDOWS\System32\wintypes.dll
0x00007ffb869e0000 - 0x00007ffb872fa000 	C:\WINDOWS\SYSTEM32\windows.storage.dll
0x00007ffb8a730000 - 0x00007ffb8a83a000 	C:\WINDOWS\System32\SHCORE.dll
0x00007ffb8a930000 - 0x00007ffb8a993000 	C:\WINDOWS\System32\shlwapi.dll
0x00007ffb88a30000 - 0x00007ffb88a5b000 	C:\WINDOWS\SYSTEM32\profapi.dll
0x00007ffb25a20000 - 0x00007ffb25af7000 	C:\Program Files\Java\jdk-21.0.6\bin\jsvml.dll
0x00007ffb56820000 - 0x00007ffb56838000 	C:\Program Files\Java\jdk-21.0.6\bin\zip.dll
0x00007ffb56810000 - 0x00007ffb56820000 	C:\Program Files\Java\jdk-21.0.6\bin\net.dll
0x00007ffb844b0000 - 0x00007ffb845dc000 	C:\WINDOWS\SYSTEM32\WINHTTP.dll
0x00007ffb880a0000 - 0x00007ffb8810a000 	C:\WINDOWS\system32\mswsock.dll
0x00007ffb567f0000 - 0x00007ffb56806000 	C:\Program Files\Java\jdk-21.0.6\bin\nio.dll
0x00007ffb567e0000 - 0x00007ffb567f0000 	C:\Program Files\Java\jdk-21.0.6\bin\verify.dll
0x00007ffb5dbb0000 - 0x00007ffb5dbd7000 	C:\Users\ASUS\.gradle\native\1def1411415f61bf3af743bc5b6707747c0891f09f0c88961ee8f79bc544acac\windows-amd64\native-platform.dll
0x00007ffb3d4f0000 - 0x00007ffb3d568000 	C:\Users\ASUS\.gradle\native\0.2.6\x86_64-windows-gnu\gradle-fileevents.dll
0x00007ffb567d0000 - 0x00007ffb567da000 	C:\Program Files\Java\jdk-21.0.6\bin\management.dll
0x00007ffb56770000 - 0x00007ffb5677b000 	C:\Program Files\Java\jdk-21.0.6\bin\management_ext.dll
0x00007ffb8aad0000 - 0x00007ffb8aad8000 	C:\WINDOWS\System32\PSAPI.DLL
0x00007ffb875f0000 - 0x00007ffb8761d000 	C:\WINDOWS\SYSTEM32\IPHLPAPI.DLL
0x00007ffb8a720000 - 0x00007ffb8a729000 	C:\WINDOWS\System32\NSI.dll
0x00007ffb54250000 - 0x00007ffb54259000 	C:\Program Files\Java\jdk-21.0.6\bin\extnet.dll
0x00007ffb882f0000 - 0x00007ffb8830b000 	C:\WINDOWS\SYSTEM32\CRYPTSP.dll
0x00007ffb87b80000 - 0x00007ffb87bb7000 	C:\WINDOWS\system32\rsaenh.dll
0x00007ffb88190000 - 0x00007ffb881b8000 	C:\WINDOWS\SYSTEM32\USERENV.dll
0x00007ffb88310000 - 0x00007ffb8831c000 	C:\WINDOWS\SYSTEM32\CRYPTBASE.dll
0x00007ffb511b0000 - 0x00007ffb511be000 	C:\Program Files\Java\jdk-21.0.6\bin\sunmscapi.dll
0x00007ffb88bc0000 - 0x00007ffb88d27000 	C:\WINDOWS\System32\CRYPT32.dll
0x00007ffb88490000 - 0x00007ffb884bd000 	C:\WINDOWS\SYSTEM32\ncrypt.dll
0x00007ffb88450000 - 0x00007ffb88487000 	C:\WINDOWS\SYSTEM32\NTASN1.dll
0x00007ffb56240000 - 0x00007ffb56248000 	C:\WINDOWS\system32\wshunix.dll

dbghelp: loaded successfully - version: 4.0.5 - missing functions: none
symbol engine: initialized successfully - sym options: 0x614 - pdb path: .;C:\Program Files\Java\jdk-21.0.6\bin;C:\WINDOWS\SYSTEM32;C:\WINDOWS\WinSxS\amd64_microsoft.windows.common-controls_6595b64144ccf1df_6.0.22621.5124_none_270e8f4f7386d69d;C:\Program Files\Java\jdk-21.0.6\bin\server;C:\Users\ASUS\.gradle\native\1def1411415f61bf3af743bc5b6707747c0891f09f0c88961ee8f79bc544acac\windows-amd64;C:\Users\ASUS\.gradle\native\0.2.6\x86_64-windows-gnu

VM Arguments:
jvm_args: --add-opens=java.base/java.lang=ALL-UNNAMED --add-opens=java.base/java.lang.invoke=ALL-UNNAMED --add-opens=java.base/java.util=ALL-UNNAMED --add-opens=java.prefs/java.util.prefs=ALL-UNNAMED --add-exports=jdk.compiler/com.sun.tools.javac.api=ALL-UNNAMED --add-exports=jdk.compiler/com.sun.tools.javac.util=ALL-UNNAMED --add-opens=java.base/java.util=ALL-UNNAMED --add-opens=java.prefs/java.util.prefs=ALL-UNNAMED --add-opens=java.base/java.nio.charset=ALL-UNNAMED --add-opens=java.base/java.net=ALL-UNNAMED --add-opens=java.base/java.util.concurrent.atomic=ALL-UNNAMED --add-opens=java.xml/javax.xml.namespace=ALL-UNNAMED -XX:MaxMetaspaceSize=384m -XX:+HeapDumpOnOutOfMemoryError -Xms256m -Xmx512m -Dfile.encoding=UTF-8 -Duser.country=US -Duser.language=en -Duser.variant -javaagent:C:\Users\ASUS\.gradle\wrapper\dists\gradle-8.12.1-bin\eumc4uhoysa37zql93vfjkxy0\gradle-8.12.1\lib\agents\gradle-instrumentation-agent-8.12.1.jar 
java_command: org.gradle.launcher.daemon.bootstrap.GradleDaemon 8.12.1
java_class_path (initial): C:\Users\ASUS\.gradle\wrapper\dists\gradle-8.12.1-bin\eumc4uhoysa37zql93vfjkxy0\gradle-8.12.1\lib\gradle-daemon-main-8.12.1.jar
Launcher Type: SUN_STANDARD

[Global flags]
     intx CICompilerCount                          = 4                                         {product} {ergonomic}
   size_t CompressedClassSpaceSize                 = 335544320                                 {product} {ergonomic}
     uint ConcGCThreads                            = 3                                         {product} {ergonomic}
     uint G1ConcRefinementThreads                  = 10                                        {product} {ergonomic}
   size_t G1HeapRegionSize                         = 1048576                                   {product} {ergonomic}
    uintx GCDrainStackTargetSize                   = 64                                        {product} {ergonomic}
     bool HeapDumpOnOutOfMemoryError               = true                                   {manageable} {command line}
   size_t InitialHeapSize                          = 268435456                                 {product} {command line}
   size_t MarkStackSize                            = 4194304                                   {product} {ergonomic}
   size_t MaxHeapSize                              = 536870912                                 {product} {command line}
   size_t MaxMetaspaceSize                         = 402653184                                 {product} {command line}
   size_t MaxNewSize                               = 321912832                                 {product} {ergonomic}
   size_t MinHeapDeltaBytes                        = 1048576                                   {product} {ergonomic}
   size_t MinHeapSize                              = 268435456                                 {product} {command line}
    uintx NonNMethodCodeHeapSize                   = 5839372                                {pd product} {ergonomic}
    uintx NonProfiledCodeHeapSize                  = 122909434                              {pd product} {ergonomic}
    uintx ProfiledCodeHeapSize                     = 122909434                              {pd product} {ergonomic}
    uintx ReservedCodeCacheSize                    = 251658240                              {pd product} {ergonomic}
     bool SegmentedCodeCache                       = true                                      {product} {ergonomic}
   size_t SoftMaxHeapSize                          = 536870912                              {manageable} {ergonomic}
     bool UseCompressedOops                        = true                           {product lp64_product} {ergonomic}
     bool UseG1GC                                  = true                                      {product} {ergonomic}
     bool UseLargePagesIndividualAllocation        = false                                  {pd product} {ergonomic}

Logging:
Log output configuration:
 #0: stdout all=warning uptime,level,tags foldmultilines=false
 #1: stderr all=off uptime,level,tags foldmultilines=false

Environment Variables:
JAVA_HOME=C:\Program Files\Java\jdk-21.0.6
PATH=C:\Python312\Scripts\;C:\Python312\;C:\Windows\system32;C:\Windows;C:\Windows\System32\Wbem;C:\Windows\System32\WindowsPowerShell\v1.0\;C:\Windows\System32\OpenSSH\;C:\Program Files (x86)\NVIDIA Corporation\PhysX\Common;C:\Program Files\NVIDIA Corporation\NVIDIA NvDLISR;C:\Program Files\dotnet\;C:\Program Files\Microsoft SQL Server\Client SDK\ODBC\170\Tools\Binn\;C:\Program Files (x86)\Microsoft SQL Server\150\Tools\Binn\;C:\Program Files\Microsoft SQL Server\150\Tools\Binn\;C:\Program Files\Microsoft SQL Server\150\DTS\Binn\;C:\Program Files (x86)\Microsoft SQL Server\150\DTS\Binn\;C:\Program Files\Azure Data Studio\bin;C:\Program Files\Git\cmd;C:\Program Files\MongoDB\Server\6.0\bin;C:\apache-maven-3.9.6\bin;C:\Program Files\Java\jdk-21.0.6\bin;C:\WINDOWS\system32;C:\WINDOWS;C:\WINDOWS\System32\Wbem;C:\WINDOWS\System32\WindowsPowerShell\v1.0\;C:\WINDOWS\System32\OpenSSH\;C:\Program Files\nodejs\;C:\ProgramData\chocolatey\bin;C:\Program Files\Docker\Docker\resources\bin;C:\Program Files\gsudo\Current;C:\Users\ASUS\AppData\Local\Microsoft\WindowsApps;C:\Program Files\Azure Data Studio\bin;C:\Users\ASUS\AppData\Local\Programs\Microsoft VS Code\bin;C:\msys645\mingw64\bin;C:\Users\ASUS\AppData\Local\Programs\mongosh\;C:\Program Files\MongoDB\Tools\100\bin;C:\Users\ASUS\.dotnet\tools;C:\apache-maven-3.9.6\bin;C:\Users\ASUS\AppData\Roaming\npm;C:\Users\ASUS\pipx\venvs\poetry\Scripts;
USERNAME=ASUS
OS=Windows_NT
PROCESSOR_IDENTIFIER=Intel64 Family 6 Model 154 Stepping 3, GenuineIntel
TMP=C:\Users\ASUS\AppData\Local\Temp
TEMP=C:\Users\ASUS\AppData\Local\Temp




Periodic native trim disabled

---------------  S Y S T E M  ---------------

OS:
 Windows 11 , 64 bit Build 22621 (10.0.22621.5124)
OS uptime: 0 days 1:40 hours
Hyper-V role detected

CPU: total 12 (initial active 12) (6 cores per cpu, 2 threads per core) family 6 model 154 stepping 3 microcode 0x41c, cx8, cmov, fxsr, ht, mmx, 3dnowpref, sse, sse2, sse3, ssse3, sse4.1, sse4.2, popcnt, lzcnt, tsc, tscinvbit, avx, avx2, aes, erms, clmul, bmi1, bmi2, adx, sha, fma, vzeroupper, clflush, clflushopt, clwb, hv, serialize, rdtscp, rdpid, fsrm, f16c, cet_ibt, cet_ss
Processor Information for processor 0
  Max Mhz: 2000, Current Mhz: 2000, Mhz Limit: 2000
Processor Information for processor 1
  Max Mhz: 2000, Current Mhz: 2000, Mhz Limit: 2000
Processor Information for processor 2
  Max Mhz: 2000, Current Mhz: 2000, Mhz Limit: 2000
Processor Information for processor 3
  Max Mhz: 2000, Current Mhz: 2000, Mhz Limit: 2000
Processor Information for processor 4
  Max Mhz: 2000, Current Mhz: 2000, Mhz Limit: 2000
Processor Information for processor 5
  Max Mhz: 2000, Current Mhz: 2000, Mhz Limit: 2000
Processor Information for processor 6
  Max Mhz: 2000, Current Mhz: 2000, Mhz Limit: 2000
Processor Information for processor 7
  Max Mhz: 2000, Current Mhz: 2000, Mhz Limit: 2000
Processor Information for processor 8
  Max Mhz: 2000, Current Mhz: 1500, Mhz Limit: 1500
Processor Information for processor 9
  Max Mhz: 2000, Current Mhz: 1500, Mhz Limit: 1500
Processor Information for processor 10
  Max Mhz: 2000, Current Mhz: 1500, Mhz Limit: 1500
Processor Information for processor 11
  Max Mhz: 2000, Current Mhz: 1500, Mhz Limit: 1500

Memory: 4k page, system-wide physical 7813M (3M free)
TotalPageFile size 31365M (AvailPageFile size 0M)
current process WorkingSet (physical memory assigned to process): 7M, peak: 183M
current process commit charge ("private bytes"): 416M, peak: 419M

vm_info: Java HotSpot(TM) 64-Bit Server VM (21.0.6+8-LTS-188) for windows-amd64 JRE (21.0.6+8-LTS-188), built on 2024-12-03T10:50:54Z by "mach5one" with MS VC++ 17.6 (VS2022)

END.
