#
# There is insufficient memory for the Java Runtime Environment to continue.
# Native memory allocation (malloc) failed to allocate 278576 bytes for Chunk::new
# Possible reasons:
#   The system is out of physical RAM or swap space
#   The process is running with CompressedOops enabled, and the Java Heap may be blocking the growth of the native heap
# Possible solutions:
#   Reduce memory load on the system
#   Increase physical memory or swap space
#   Check if swap backing store is full
#   Decrease Java heap size (-Xmx/-Xms)
#   Decrease number of Java threads
#   Decrease Java thread stack sizes (-Xss)
#   Set larger code cache with -XX:ReservedCodeCacheSize=
#   JVM is running with Unscaled Compressed Oops mode in which the Java heap is
#     placed in the first 4GB address space. The Java Heap base address is the
#     maximum limit for the native heap growth. Please use -XX:HeapBaseMinAddress
#     to set the Java Heap base and to place the Java Heap above 4GB virtual address.
# This output file may be truncated or incomplete.
#
#  Out of Memory Error (arena.cpp:168), pid=28748, tid=18884
#
# JRE version: Java(TM) SE Runtime Environment (21.0.6+8) (build 21.0.6+8-LTS-188)
# Java VM: Java HotSpot(TM) 64-Bit Server VM (21.0.6+8-LTS-188, mixed mode, sharing, tiered, compressed oops, compressed class ptrs, g1 gc, windows-amd64)
# No core dump will be written. Minidumps are not enabled by default on client versions of Windows
#

---------------  S U M M A R Y ------------

Command Line: --add-opens=java.base/java.lang=ALL-UNNAMED --add-opens=java.base/java.lang.invoke=ALL-UNNAMED --add-opens=java.base/java.util=ALL-UNNAMED --add-opens=java.prefs/java.util.prefs=ALL-UNNAMED --add-exports=jdk.compiler/com.sun.tools.javac.api=ALL-UNNAMED --add-exports=jdk.compiler/com.sun.tools.javac.util=ALL-UNNAMED --add-opens=java.base/java.util=ALL-UNNAMED --add-opens=java.prefs/java.util.prefs=ALL-UNNAMED --add-opens=java.base/java.nio.charset=ALL-UNNAMED --add-opens=java.base/java.net=ALL-UNNAMED --add-opens=java.base/java.util.concurrent.atomic=ALL-UNNAMED --add-opens=java.xml/javax.xml.namespace=ALL-UNNAMED -XX:MaxMetaspaceSize=384m -XX:+HeapDumpOnOutOfMemoryError -Xms256m -Xmx512m -Dfile.encoding=UTF-8 -Duser.country=US -Duser.language=en -Duser.variant -javaagent:C:\Users\ASUS\.gradle\wrapper\dists\gradle-8.12.1-bin\eumc4uhoysa37zql93vfjkxy0\gradle-8.12.1\lib\agents\gradle-instrumentation-agent-8.12.1.jar org.gradle.launcher.daemon.bootstrap.GradleDaemon 8.12.1

Host: 12th Gen Intel(R) Core(TM) i5-12450H, 12 cores, 7G,  Windows 11 , 64 bit Build 22621 (10.0.22621.5124)
Time: Wed May  7 19:09:41 2025 SE Asia Standard Time elapsed time: 111.950102 seconds (0d 0h 1m 51s)

---------------  T H R E A D  ---------------

Current thread (0x000001c9038b7850):  JavaThread "C2 CompilerThread0" daemon [_thread_in_native, id=18884, stack(0x00000086d6800000,0x00000086d6900000) (1024K)]


Current CompileTask:
C2: 111950 3940   !   4       java.lang.String::<init> (890 bytes)

Stack: [0x00000086d6800000,0x00000086d6900000]
Native frames: (J=compiled Java code, j=interpreted, Vv=VM code, C=native code)
V  [jvm.dll+0x6ca6d9]
V  [jvm.dll+0x854f51]
V  [jvm.dll+0x85747e]
V  [jvm.dll+0x857b53]
V  [jvm.dll+0x27dcc6]
V  [jvm.dll+0xc4c2d]
V  [jvm.dll+0xc5163]
V  [jvm.dll+0x2f0fbd]
V  [jvm.dll+0x5f546a]
V  [jvm.dll+0x24f8a2]
V  [jvm.dll+0x247fbe]
V  [jvm.dll+0x245df4]
V  [jvm.dll+0x1c6d2e]
V  [jvm.dll+0x2554f9]
V  [jvm.dll+0x253a8a]
V  [jvm.dll+0x3ee576]
V  [jvm.dll+0x7ff2fb]
V  [jvm.dll+0x6c8dbd]
C  [ucrtbase.dll+0x29333]
C  [KERNEL32.DLL+0x1259d]
C  [ntdll.dll+0x5af38]


---------------  P R O C E S S  ---------------

Threads class SMR info:
_java_thread_list=0x000001c91f956240, length=31, elements={
0x000001c966506130, 0x000001c9038aeac0, 0x000001c9038afd80, 0x000001c9038b29d0,
0x000001c9038b3620, 0x000001c9038b6080, 0x000001c9038b6ad0, 0x000001c9038b7850,
0x000001c903a08090, 0x000001c903b001c0, 0x000001c903c31bb0, 0x000001c91d11d7d0,
0x000001c91e43bf30, 0x000001c91e326740, 0x000001c903a62ea0, 0x000001c903a63500,
0x000001c91e36b6a0, 0x000001c91e3613b0, 0x000001c91e147fe0, 0x000001c91e7493e0,
0x000001c91e748d50, 0x000001c91e74a790, 0x000001c91e749a70, 0x000001c91e74a100,
0x000001c91e74ae20, 0x000001c91e748030, 0x000001c91e7486c0, 0x000001c91e4742c0,
0x000001c91e470e40, 0x000001c91e4714d0, 0x000001c91e472880
}

Java Threads: ( => current thread )
  0x000001c966506130 JavaThread "main"                              [_thread_blocked, id=5760, stack(0x00000086d5a00000,0x00000086d5b00000) (1024K)]
  0x000001c9038aeac0 JavaThread "Reference Handler"          daemon [_thread_blocked, id=7684, stack(0x00000086d6200000,0x00000086d6300000) (1024K)]
  0x000001c9038afd80 JavaThread "Finalizer"                  daemon [_thread_blocked, id=25920, stack(0x00000086d6300000,0x00000086d6400000) (1024K)]
  0x000001c9038b29d0 JavaThread "Signal Dispatcher"          daemon [_thread_blocked, id=26108, stack(0x00000086d6400000,0x00000086d6500000) (1024K)]
  0x000001c9038b3620 JavaThread "Attach Listener"            daemon [_thread_blocked, id=18444, stack(0x00000086d6500000,0x00000086d6600000) (1024K)]
  0x000001c9038b6080 JavaThread "Service Thread"             daemon [_thread_blocked, id=27992, stack(0x00000086d6600000,0x00000086d6700000) (1024K)]
  0x000001c9038b6ad0 JavaThread "Monitor Deflation Thread"   daemon [_thread_blocked, id=25940, stack(0x00000086d6700000,0x00000086d6800000) (1024K)]
=>0x000001c9038b7850 JavaThread "C2 CompilerThread0"         daemon [_thread_in_native, id=18884, stack(0x00000086d6800000,0x00000086d6900000) (1024K)]
  0x000001c903a08090 JavaThread "C1 CompilerThread0"         daemon [_thread_in_vm, id=26748, stack(0x00000086d6900000,0x00000086d6a00000) (1024K)]
  0x000001c903b001c0 JavaThread "Common-Cleaner"             daemon [_thread_blocked, id=7052, stack(0x00000086d6a00000,0x00000086d6b00000) (1024K)]
  0x000001c903c31bb0 JavaThread "Notification Thread"        daemon [_thread_blocked, id=30328, stack(0x00000086d6b00000,0x00000086d6c00000) (1024K)]
  0x000001c91d11d7d0 JavaThread "Daemon health stats"               [_thread_blocked, id=2376, stack(0x00000086d7100000,0x00000086d7200000) (1024K)]
  0x000001c91e43bf30 JavaThread "Incoming local TCP Connector on port 54608"        [_thread_in_native, id=7912, stack(0x00000086d7200000,0x00000086d7300000) (1024K)]
  0x000001c91e326740 JavaThread "Daemon periodic checks"            [_thread_blocked, id=4896, stack(0x00000086d7300000,0x00000086d7400000) (1024K)]
  0x000001c903a62ea0 JavaThread "Daemon"                            [_thread_blocked, id=4400, stack(0x00000086d7400000,0x00000086d7500000) (1024K)]
  0x000001c903a63500 JavaThread "Handler for socket connection from /127.0.0.1:54608 to /127.0.0.1:54614"        [_thread_in_native, id=11484, stack(0x00000086d7500000,0x00000086d7600000) (1024K)]
  0x000001c91e36b6a0 JavaThread "Cancel handler"                    [_thread_blocked, id=26072, stack(0x00000086d7600000,0x00000086d7700000) (1024K)]
  0x000001c91e3613b0 JavaThread "Daemon worker"                     [_thread_in_vm, id=26908, stack(0x00000086d7700000,0x00000086d7800000) (1024K)]
  0x000001c91e147fe0 JavaThread "Asynchronous log dispatcher for DefaultDaemonConnection: socket connection from /127.0.0.1:54608 to /127.0.0.1:54614"        [_thread_blocked, id=7952, stack(0x00000086d7800000,0x00000086d7900000) (1024K)]
  0x000001c91e7493e0 JavaThread "Stdin handler"                     [_thread_blocked, id=25676, stack(0x00000086d7900000,0x00000086d7a00000) (1024K)]
  0x000001c91e748d50 JavaThread "Daemon client event forwarder"        [_thread_blocked, id=10864, stack(0x00000086d7a00000,0x00000086d7b00000) (1024K)]
  0x000001c91e74a790 JavaThread "Cache worker for journal cache (C:\Users\ASUS\.gradle\caches\journal-1)"        [_thread_blocked, id=25772, stack(0x00000086d7b00000,0x00000086d7c00000) (1024K)]
  0x000001c91e749a70 JavaThread "File lock request listener"        [_thread_in_native, id=24784, stack(0x00000086d7c00000,0x00000086d7d00000) (1024K)]
  0x000001c91e74a100 JavaThread "File lock release action executor"        [_thread_blocked, id=23668, stack(0x00000086d7d00000,0x00000086d7e00000) (1024K)]
  0x000001c91e74ae20 JavaThread "Cache worker for file hash cache (C:\Users\ASUS\.gradle\caches\8.12.1\fileHashes)"        [_thread_blocked, id=13488, stack(0x00000086d7e00000,0x00000086d7f00000) (1024K)]
  0x000001c91e748030 JavaThread "Cache worker for file hash cache (D:\Projects\Architecture\SUBJECT-PROJECT__Software-Architecture-and-Design\user-service\.gradle\8.12.1\fileHashes)"        [_thread_blocked, id=26704, stack(0x00000086d8400000,0x00000086d8500000) (1024K)]
  0x000001c91e7486c0 JavaThread "Cache worker for Build Output Cleanup Cache (D:\Projects\Architecture\SUBJECT-PROJECT__Software-Architecture-and-Design\user-service\.gradle\buildOutputCleanup)"        [_thread_blocked, id=19108, stack(0x00000086d8500000,0x00000086d8600000) (1024K)]
  0x000001c91e4742c0 JavaThread "File watcher server"        daemon [_thread_in_native, id=28712, stack(0x00000086d8600000,0x00000086d8700000) (1024K)]
  0x000001c91e470e40 JavaThread "File watcher consumer"      daemon [_thread_blocked, id=30548, stack(0x00000086d8700000,0x00000086d8800000) (1024K)]
  0x000001c91e4714d0 JavaThread "jar transforms"                    [_thread_blocked, id=22752, stack(0x00000086d8800000,0x00000086d8900000) (1024K)]
  0x000001c91e472880 JavaThread "jar transforms Thread 2"           [_thread_blocked, id=21632, stack(0x00000086d8900000,0x00000086d8a00000) (1024K)]
Total: 31

Other Threads:
  0x000001c9038975b0 VMThread "VM Thread"                           [id=15272, stack(0x00000086d6100000,0x00000086d6200000) (1024K)]
  0x000001c9038878e0 WatcherThread "VM Periodic Task Thread"        [id=19700, stack(0x00000086d6000000,0x00000086d6100000) (1024K)]
  0x000001c968843bc0 WorkerThread "GC Thread#0"                     [id=11596, stack(0x00000086d5b00000,0x00000086d5c00000) (1024K)]
  0x000001c91d1426d0 WorkerThread "GC Thread#1"                     [id=30176, stack(0x00000086d6c00000,0x00000086d6d00000) (1024K)]
  0x000001c91d142a70 WorkerThread "GC Thread#2"                     [id=22840, stack(0x00000086d6d00000,0x00000086d6e00000) (1024K)]
  0x000001c91d0720f0 WorkerThread "GC Thread#3"                     [id=29712, stack(0x00000086d6e00000,0x00000086d6f00000) (1024K)]
  0x000001c91d072490 WorkerThread "GC Thread#4"                     [id=25520, stack(0x00000086d6f00000,0x00000086d7000000) (1024K)]
  0x000001c91d164f50 WorkerThread "GC Thread#5"                     [id=13704, stack(0x00000086d7000000,0x00000086d7100000) (1024K)]
  0x000001c91eb3ac40 WorkerThread "GC Thread#6"                     [id=3512, stack(0x00000086d5900000,0x00000086d5a00000) (1024K)]
  0x000001c91eb38ba0 WorkerThread "GC Thread#7"                     [id=28236, stack(0x00000086d7f00000,0x00000086d8000000) (1024K)]
  0x000001c91eb38f40 WorkerThread "GC Thread#8"                     [id=26428, stack(0x00000086d8000000,0x00000086d8100000) (1024K)]
  0x000001c91eb39680 WorkerThread "GC Thread#9"                     [id=3992, stack(0x00000086d8100000,0x00000086d8200000) (1024K)]
  0x000001c968848ba0 ConcurrentGCThread "G1 Main Marker"            [id=25628, stack(0x00000086d5c00000,0x00000086d5d00000) (1024K)]
  0x000001c968849850 WorkerThread "G1 Conc#0"                       [id=25492, stack(0x00000086d5d00000,0x00000086d5e00000) (1024K)]
  0x000001c91eb3afe0 WorkerThread "G1 Conc#1"                       [id=17928, stack(0x00000086d8200000,0x00000086d8300000) (1024K)]
  0x000001c91eb39a20 WorkerThread "G1 Conc#2"                       [id=17484, stack(0x00000086d8300000,0x00000086d8400000) (1024K)]
  0x000001c9688de9d0 ConcurrentGCThread "G1 Refine#0"               [id=2908, stack(0x00000086d5e00000,0x00000086d5f00000) (1024K)]
  0x000001c90375c880 ConcurrentGCThread "G1 Service"                [id=4708, stack(0x00000086d5f00000,0x00000086d6000000) (1024K)]
Total: 18

Threads with active compile tasks:
C2 CompilerThread0   112584 3940   !   4       java.lang.String::<init> (890 bytes)
Total: 1

VM state: not at safepoint (normal execution)

VM Mutex/Monitor currently owned by a thread: None

Heap address: 0x00000000e0000000, size: 512 MB, Compressed Oops mode: 32-bit

CDS archive(s) mapped at: [0x000001c904000000-0x000001c904c90000-0x000001c904c90000), size 13172736, SharedBaseAddress: 0x000001c904000000, ArchiveRelocationMode: 1.
Compressed class space mapped at: 0x000001c905000000-0x000001c919000000, reserved size: 335544320
Narrow klass base: 0x000001c904000000, Narrow klass shift: 0, Narrow klass range: 0x100000000

GC Precious Log:
 CardTable entry size: 512
 Card Set container configuration: InlinePtr #cards 5 size 8 Array Of Cards #cards 12 size 40 Howl #buckets 4 coarsen threshold 1843 Howl Bitmap #cards 512 size 80 coarsen threshold 460 Card regions per heap region 1 cards per card region 2048
 CPUs: 12 total, 12 available
 Memory: 7813M
 Large Page Support: Disabled
 NUMA Support: Disabled
 Compressed Oops: Enabled (32-bit)
 Heap Region Size: 1M
 Heap Min Capacity: 256M
 Heap Initial Capacity: 256M
 Heap Max Capacity: 512M
 Pre-touch: Disabled
 Parallel Workers: 10
 Concurrent Workers: 3
 Concurrent Refinement Workers: 10
 Periodic GC: Disabled

Heap:
 garbage-first heap   total 262144K, used 86008K [0x00000000e0000000, 0x0000000100000000)
  region size 1024K, 73 young (74752K), 12 survivors (12288K)
 Metaspace       used 30517K, committed 31424K, reserved 393216K
  class space    used 4359K, committed 4800K, reserved 327680K

Heap Regions: E=young(eden), S=young(survivor), O=old, HS=humongous(starts), HC=humongous(continues), CS=collection set, F=free, TAMS=top-at-mark-start, PB=parsable bottom
|   0|0x00000000e0000000, 0x00000000e0100000, 0x00000000e0100000|100%| O|  |TAMS 0x00000000e0000000| PB 0x00000000e0000000| Untracked 
|   1|0x00000000e0100000, 0x00000000e0200000, 0x00000000e0200000|100%|HS|  |TAMS 0x00000000e0100000| PB 0x00000000e0100000| Complete 
|   2|0x00000000e0200000, 0x00000000e0300000, 0x00000000e0300000|100%|HC|  |TAMS 0x00000000e0200000| PB 0x00000000e0200000| Complete 
|   3|0x00000000e0300000, 0x00000000e0400000, 0x00000000e0400000|100%|HC|  |TAMS 0x00000000e0300000| PB 0x00000000e0300000| Complete 
|   4|0x00000000e0400000, 0x00000000e0500000, 0x00000000e0500000|100%| O|  |TAMS 0x00000000e0400000| PB 0x00000000e0400000| Untracked 
|   5|0x00000000e0500000, 0x00000000e0600000, 0x00000000e0600000|100%| O|  |TAMS 0x00000000e0500000| PB 0x00000000e0500000| Untracked 
|   6|0x00000000e0600000, 0x00000000e0700000, 0x00000000e0700000|100%| O|  |TAMS 0x00000000e0600000| PB 0x00000000e0600000| Untracked 
|   7|0x00000000e0700000, 0x00000000e0800000, 0x00000000e0800000|100%|HS|  |TAMS 0x00000000e0700000| PB 0x00000000e0700000| Complete 
|   8|0x00000000e0800000, 0x00000000e0800000, 0x00000000e0900000|  0%| F|  |TAMS 0x00000000e0800000| PB 0x00000000e0800000| Untracked 
|   9|0x00000000e0900000, 0x00000000e0a00000, 0x00000000e0a00000|100%| O|  |TAMS 0x00000000e0900000| PB 0x00000000e0900000| Untracked 
|  10|0x00000000e0a00000, 0x00000000e0b00000, 0x00000000e0b00000|100%| O|  |TAMS 0x00000000e0a00000| PB 0x00000000e0a00000| Untracked 
|  11|0x00000000e0b00000, 0x00000000e0c00000, 0x00000000e0c00000|100%| O|  |TAMS 0x00000000e0b00000| PB 0x00000000e0b00000| Untracked 
|  12|0x00000000e0c00000, 0x00000000e0d00000, 0x00000000e0d00000|100%| O|Cm|TAMS 0x00000000e0c00000| PB 0x00000000e0c00000| Complete 
|  13|0x00000000e0d00000, 0x00000000e0d00000, 0x00000000e0e00000|  0%| F|  |TAMS 0x00000000e0d00000| PB 0x00000000e0d00000| Untracked 
|  14|0x00000000e0e00000, 0x00000000e0e00000, 0x00000000e0f00000|  0%| F|  |TAMS 0x00000000e0e00000| PB 0x00000000e0e00000| Untracked 
|  15|0x00000000e0f00000, 0x00000000e0f00000, 0x00000000e1000000|  0%| F|  |TAMS 0x00000000e0f00000| PB 0x00000000e0f00000| Untracked 
|  16|0x00000000e1000000, 0x00000000e1000000, 0x00000000e1100000|  0%| F|  |TAMS 0x00000000e1000000| PB 0x00000000e1000000| Untracked 
|  17|0x00000000e1100000, 0x00000000e1100000, 0x00000000e1200000|  0%| F|  |TAMS 0x00000000e1100000| PB 0x00000000e1100000| Untracked 
|  18|0x00000000e1200000, 0x00000000e1200000, 0x00000000e1300000|  0%| F|  |TAMS 0x00000000e1200000| PB 0x00000000e1200000| Untracked 
|  19|0x00000000e1300000, 0x00000000e1300000, 0x00000000e1400000|  0%| F|  |TAMS 0x00000000e1300000| PB 0x00000000e1300000| Untracked 
|  20|0x00000000e1400000, 0x00000000e1400000, 0x00000000e1500000|  0%| F|  |TAMS 0x00000000e1400000| PB 0x00000000e1400000| Untracked 
|  21|0x00000000e1500000, 0x00000000e1500000, 0x00000000e1600000|  0%| F|  |TAMS 0x00000000e1500000| PB 0x00000000e1500000| Untracked 
|  22|0x00000000e1600000, 0x00000000e1600000, 0x00000000e1700000|  0%| F|  |TAMS 0x00000000e1600000| PB 0x00000000e1600000| Untracked 
|  23|0x00000000e1700000, 0x00000000e1700000, 0x00000000e1800000|  0%| F|  |TAMS 0x00000000e1700000| PB 0x00000000e1700000| Untracked 
|  24|0x00000000e1800000, 0x00000000e1800000, 0x00000000e1900000|  0%| F|  |TAMS 0x00000000e1800000| PB 0x00000000e1800000| Untracked 
|  25|0x00000000e1900000, 0x00000000e1900000, 0x00000000e1a00000|  0%| F|  |TAMS 0x00000000e1900000| PB 0x00000000e1900000| Untracked 
|  26|0x00000000e1a00000, 0x00000000e1a00000, 0x00000000e1b00000|  0%| F|  |TAMS 0x00000000e1a00000| PB 0x00000000e1a00000| Untracked 
|  27|0x00000000e1b00000, 0x00000000e1b00000, 0x00000000e1c00000|  0%| F|  |TAMS 0x00000000e1b00000| PB 0x00000000e1b00000| Untracked 
|  28|0x00000000e1c00000, 0x00000000e1c00000, 0x00000000e1d00000|  0%| F|  |TAMS 0x00000000e1c00000| PB 0x00000000e1c00000| Untracked 
|  29|0x00000000e1d00000, 0x00000000e1d00000, 0x00000000e1e00000|  0%| F|  |TAMS 0x00000000e1d00000| PB 0x00000000e1d00000| Untracked 
|  30|0x00000000e1e00000, 0x00000000e1e00000, 0x00000000e1f00000|  0%| F|  |TAMS 0x00000000e1e00000| PB 0x00000000e1e00000| Untracked 
|  31|0x00000000e1f00000, 0x00000000e1f00000, 0x00000000e2000000|  0%| F|  |TAMS 0x00000000e1f00000| PB 0x00000000e1f00000| Untracked 
|  32|0x00000000e2000000, 0x00000000e2000000, 0x00000000e2100000|  0%| F|  |TAMS 0x00000000e2000000| PB 0x00000000e2000000| Untracked 
|  33|0x00000000e2100000, 0x00000000e2100000, 0x00000000e2200000|  0%| F|  |TAMS 0x00000000e2100000| PB 0x00000000e2100000| Untracked 
|  34|0x00000000e2200000, 0x00000000e2200000, 0x00000000e2300000|  0%| F|  |TAMS 0x00000000e2200000| PB 0x00000000e2200000| Untracked 
|  35|0x00000000e2300000, 0x00000000e2300000, 0x00000000e2400000|  0%| F|  |TAMS 0x00000000e2300000| PB 0x00000000e2300000| Untracked 
|  36|0x00000000e2400000, 0x00000000e2400000, 0x00000000e2500000|  0%| F|  |TAMS 0x00000000e2400000| PB 0x00000000e2400000| Untracked 
|  37|0x00000000e2500000, 0x00000000e2500000, 0x00000000e2600000|  0%| F|  |TAMS 0x00000000e2500000| PB 0x00000000e2500000| Untracked 
|  38|0x00000000e2600000, 0x00000000e2600000, 0x00000000e2700000|  0%| F|  |TAMS 0x00000000e2600000| PB 0x00000000e2600000| Untracked 
|  39|0x00000000e2700000, 0x00000000e2700000, 0x00000000e2800000|  0%| F|  |TAMS 0x00000000e2700000| PB 0x00000000e2700000| Untracked 
|  40|0x00000000e2800000, 0x00000000e2800000, 0x00000000e2900000|  0%| F|  |TAMS 0x00000000e2800000| PB 0x00000000e2800000| Untracked 
|  41|0x00000000e2900000, 0x00000000e2900000, 0x00000000e2a00000|  0%| F|  |TAMS 0x00000000e2900000| PB 0x00000000e2900000| Untracked 
|  42|0x00000000e2a00000, 0x00000000e2a00000, 0x00000000e2b00000|  0%| F|  |TAMS 0x00000000e2a00000| PB 0x00000000e2a00000| Untracked 
|  43|0x00000000e2b00000, 0x00000000e2b00000, 0x00000000e2c00000|  0%| F|  |TAMS 0x00000000e2b00000| PB 0x00000000e2b00000| Untracked 
|  44|0x00000000e2c00000, 0x00000000e2c00000, 0x00000000e2d00000|  0%| F|  |TAMS 0x00000000e2c00000| PB 0x00000000e2c00000| Untracked 
|  45|0x00000000e2d00000, 0x00000000e2d00000, 0x00000000e2e00000|  0%| F|  |TAMS 0x00000000e2d00000| PB 0x00000000e2d00000| Untracked 
|  46|0x00000000e2e00000, 0x00000000e2e00000, 0x00000000e2f00000|  0%| F|  |TAMS 0x00000000e2e00000| PB 0x00000000e2e00000| Untracked 
|  47|0x00000000e2f00000, 0x00000000e2f00000, 0x00000000e3000000|  0%| F|  |TAMS 0x00000000e2f00000| PB 0x00000000e2f00000| Untracked 
|  48|0x00000000e3000000, 0x00000000e3000000, 0x00000000e3100000|  0%| F|  |TAMS 0x00000000e3000000| PB 0x00000000e3000000| Untracked 
|  49|0x00000000e3100000, 0x00000000e3100000, 0x00000000e3200000|  0%| F|  |TAMS 0x00000000e3100000| PB 0x00000000e3100000| Untracked 
|  50|0x00000000e3200000, 0x00000000e3200000, 0x00000000e3300000|  0%| F|  |TAMS 0x00000000e3200000| PB 0x00000000e3200000| Untracked 
|  51|0x00000000e3300000, 0x00000000e3300000, 0x00000000e3400000|  0%| F|  |TAMS 0x00000000e3300000| PB 0x00000000e3300000| Untracked 
|  52|0x00000000e3400000, 0x00000000e3400000, 0x00000000e3500000|  0%| F|  |TAMS 0x00000000e3400000| PB 0x00000000e3400000| Untracked 
|  53|0x00000000e3500000, 0x00000000e3500000, 0x00000000e3600000|  0%| F|  |TAMS 0x00000000e3500000| PB 0x00000000e3500000| Untracked 
|  54|0x00000000e3600000, 0x00000000e3600000, 0x00000000e3700000|  0%| F|  |TAMS 0x00000000e3600000| PB 0x00000000e3600000| Untracked 
|  55|0x00000000e3700000, 0x00000000e3700000, 0x00000000e3800000|  0%| F|  |TAMS 0x00000000e3700000| PB 0x00000000e3700000| Untracked 
|  56|0x00000000e3800000, 0x00000000e3800000, 0x00000000e3900000|  0%| F|  |TAMS 0x00000000e3800000| PB 0x00000000e3800000| Untracked 
|  57|0x00000000e3900000, 0x00000000e3900000, 0x00000000e3a00000|  0%| F|  |TAMS 0x00000000e3900000| PB 0x00000000e3900000| Untracked 
|  58|0x00000000e3a00000, 0x00000000e3a00000, 0x00000000e3b00000|  0%| F|  |TAMS 0x00000000e3a00000| PB 0x00000000e3a00000| Untracked 
|  59|0x00000000e3b00000, 0x00000000e3b00000, 0x00000000e3c00000|  0%| F|  |TAMS 0x00000000e3b00000| PB 0x00000000e3b00000| Untracked 
|  60|0x00000000e3c00000, 0x00000000e3c00000, 0x00000000e3d00000|  0%| F|  |TAMS 0x00000000e3c00000| PB 0x00000000e3c00000| Untracked 
|  61|0x00000000e3d00000, 0x00000000e3d00000, 0x00000000e3e00000|  0%| F|  |TAMS 0x00000000e3d00000| PB 0x00000000e3d00000| Untracked 
|  62|0x00000000e3e00000, 0x00000000e3e00000, 0x00000000e3f00000|  0%| F|  |TAMS 0x00000000e3e00000| PB 0x00000000e3e00000| Untracked 
|  63|0x00000000e3f00000, 0x00000000e3f00000, 0x00000000e4000000|  0%| F|  |TAMS 0x00000000e3f00000| PB 0x00000000e3f00000| Untracked 
|  64|0x00000000e4000000, 0x00000000e4000000, 0x00000000e4100000|  0%| F|  |TAMS 0x00000000e4000000| PB 0x00000000e4000000| Untracked 
|  65|0x00000000e4100000, 0x00000000e4100000, 0x00000000e4200000|  0%| F|  |TAMS 0x00000000e4100000| PB 0x00000000e4100000| Untracked 
|  66|0x00000000e4200000, 0x00000000e4200000, 0x00000000e4300000|  0%| F|  |TAMS 0x00000000e4200000| PB 0x00000000e4200000| Untracked 
|  67|0x00000000e4300000, 0x00000000e4300000, 0x00000000e4400000|  0%| F|  |TAMS 0x00000000e4300000| PB 0x00000000e4300000| Untracked 
|  68|0x00000000e4400000, 0x00000000e4400000, 0x00000000e4500000|  0%| F|  |TAMS 0x00000000e4400000| PB 0x00000000e4400000| Untracked 
|  69|0x00000000e4500000, 0x00000000e4500000, 0x00000000e4600000|  0%| F|  |TAMS 0x00000000e4500000| PB 0x00000000e4500000| Untracked 
|  70|0x00000000e4600000, 0x00000000e4600000, 0x00000000e4700000|  0%| F|  |TAMS 0x00000000e4600000| PB 0x00000000e4600000| Untracked 
|  71|0x00000000e4700000, 0x00000000e4700000, 0x00000000e4800000|  0%| F|  |TAMS 0x00000000e4700000| PB 0x00000000e4700000| Untracked 
|  72|0x00000000e4800000, 0x00000000e4800000, 0x00000000e4900000|  0%| F|  |TAMS 0x00000000e4800000| PB 0x00000000e4800000| Untracked 
|  73|0x00000000e4900000, 0x00000000e4900000, 0x00000000e4a00000|  0%| F|  |TAMS 0x00000000e4900000| PB 0x00000000e4900000| Untracked 
|  74|0x00000000e4a00000, 0x00000000e4a00000, 0x00000000e4b00000|  0%| F|  |TAMS 0x00000000e4a00000| PB 0x00000000e4a00000| Untracked 
|  75|0x00000000e4b00000, 0x00000000e4b00000, 0x00000000e4c00000|  0%| F|  |TAMS 0x00000000e4b00000| PB 0x00000000e4b00000| Untracked 
|  76|0x00000000e4c00000, 0x00000000e4c00000, 0x00000000e4d00000|  0%| F|  |TAMS 0x00000000e4c00000| PB 0x00000000e4c00000| Untracked 
|  77|0x00000000e4d00000, 0x00000000e4d00000, 0x00000000e4e00000|  0%| F|  |TAMS 0x00000000e4d00000| PB 0x00000000e4d00000| Untracked 
|  78|0x00000000e4e00000, 0x00000000e4e00000, 0x00000000e4f00000|  0%| F|  |TAMS 0x00000000e4e00000| PB 0x00000000e4e00000| Untracked 
|  79|0x00000000e4f00000, 0x00000000e4f00000, 0x00000000e5000000|  0%| F|  |TAMS 0x00000000e4f00000| PB 0x00000000e4f00000| Untracked 
|  80|0x00000000e5000000, 0x00000000e5000000, 0x00000000e5100000|  0%| F|  |TAMS 0x00000000e5000000| PB 0x00000000e5000000| Untracked 
|  81|0x00000000e5100000, 0x00000000e5100000, 0x00000000e5200000|  0%| F|  |TAMS 0x00000000e5100000| PB 0x00000000e5100000| Untracked 
|  82|0x00000000e5200000, 0x00000000e5200000, 0x00000000e5300000|  0%| F|  |TAMS 0x00000000e5200000| PB 0x00000000e5200000| Untracked 
|  83|0x00000000e5300000, 0x00000000e5300000, 0x00000000e5400000|  0%| F|  |TAMS 0x00000000e5300000| PB 0x00000000e5300000| Untracked 
|  84|0x00000000e5400000, 0x00000000e5400000, 0x00000000e5500000|  0%| F|  |TAMS 0x00000000e5400000| PB 0x00000000e5400000| Untracked 
|  85|0x00000000e5500000, 0x00000000e5500000, 0x00000000e5600000|  0%| F|  |TAMS 0x00000000e5500000| PB 0x00000000e5500000| Untracked 
|  86|0x00000000e5600000, 0x00000000e5600000, 0x00000000e5700000|  0%| F|  |TAMS 0x00000000e5600000| PB 0x00000000e5600000| Untracked 
|  87|0x00000000e5700000, 0x00000000e5700000, 0x00000000e5800000|  0%| F|  |TAMS 0x00000000e5700000| PB 0x00000000e5700000| Untracked 
|  88|0x00000000e5800000, 0x00000000e5800000, 0x00000000e5900000|  0%| F|  |TAMS 0x00000000e5800000| PB 0x00000000e5800000| Untracked 
|  89|0x00000000e5900000, 0x00000000e5900000, 0x00000000e5a00000|  0%| F|  |TAMS 0x00000000e5900000| PB 0x00000000e5900000| Untracked 
|  90|0x00000000e5a00000, 0x00000000e5a00000, 0x00000000e5b00000|  0%| F|  |TAMS 0x00000000e5a00000| PB 0x00000000e5a00000| Untracked 
|  91|0x00000000e5b00000, 0x00000000e5b00000, 0x00000000e5c00000|  0%| F|  |TAMS 0x00000000e5b00000| PB 0x00000000e5b00000| Untracked 
|  92|0x00000000e5c00000, 0x00000000e5c00000, 0x00000000e5d00000|  0%| F|  |TAMS 0x00000000e5c00000| PB 0x00000000e5c00000| Untracked 
|  93|0x00000000e5d00000, 0x00000000e5d00000, 0x00000000e5e00000|  0%| F|  |TAMS 0x00000000e5d00000| PB 0x00000000e5d00000| Untracked 
|  94|0x00000000e5e00000, 0x00000000e5e00000, 0x00000000e5f00000|  0%| F|  |TAMS 0x00000000e5e00000| PB 0x00000000e5e00000| Untracked 
|  95|0x00000000e5f00000, 0x00000000e5f00000, 0x00000000e6000000|  0%| F|  |TAMS 0x00000000e5f00000| PB 0x00000000e5f00000| Untracked 
|  96|0x00000000e6000000, 0x00000000e6000000, 0x00000000e6100000|  0%| F|  |TAMS 0x00000000e6000000| PB 0x00000000e6000000| Untracked 
|  97|0x00000000e6100000, 0x00000000e6100000, 0x00000000e6200000|  0%| F|  |TAMS 0x00000000e6100000| PB 0x00000000e6100000| Untracked 
|  98|0x00000000e6200000, 0x00000000e6200000, 0x00000000e6300000|  0%| F|  |TAMS 0x00000000e6200000| PB 0x00000000e6200000| Untracked 
|  99|0x00000000e6300000, 0x00000000e6300000, 0x00000000e6400000|  0%| F|  |TAMS 0x00000000e6300000| PB 0x00000000e6300000| Untracked 
| 100|0x00000000e6400000, 0x00000000e6400000, 0x00000000e6500000|  0%| F|  |TAMS 0x00000000e6400000| PB 0x00000000e6400000| Untracked 
| 101|0x00000000e6500000, 0x00000000e6500000, 0x00000000e6600000|  0%| F|  |TAMS 0x00000000e6500000| PB 0x00000000e6500000| Untracked 
| 102|0x00000000e6600000, 0x00000000e6600000, 0x00000000e6700000|  0%| F|  |TAMS 0x00000000e6600000| PB 0x00000000e6600000| Untracked 
| 103|0x00000000e6700000, 0x00000000e6700000, 0x00000000e6800000|  0%| F|  |TAMS 0x00000000e6700000| PB 0x00000000e6700000| Untracked 
| 104|0x00000000e6800000, 0x00000000e6800000, 0x00000000e6900000|  0%| F|  |TAMS 0x00000000e6800000| PB 0x00000000e6800000| Untracked 
| 105|0x00000000e6900000, 0x00000000e6900000, 0x00000000e6a00000|  0%| F|  |TAMS 0x00000000e6900000| PB 0x00000000e6900000| Untracked 
| 106|0x00000000e6a00000, 0x00000000e6a00000, 0x00000000e6b00000|  0%| F|  |TAMS 0x00000000e6a00000| PB 0x00000000e6a00000| Untracked 
| 107|0x00000000e6b00000, 0x00000000e6b00000, 0x00000000e6c00000|  0%| F|  |TAMS 0x00000000e6b00000| PB 0x00000000e6b00000| Untracked 
| 108|0x00000000e6c00000, 0x00000000e6c00000, 0x00000000e6d00000|  0%| F|  |TAMS 0x00000000e6c00000| PB 0x00000000e6c00000| Untracked 
| 109|0x00000000e6d00000, 0x00000000e6d00000, 0x00000000e6e00000|  0%| F|  |TAMS 0x00000000e6d00000| PB 0x00000000e6d00000| Untracked 
| 110|0x00000000e6e00000, 0x00000000e6e00000, 0x00000000e6f00000|  0%| F|  |TAMS 0x00000000e6e00000| PB 0x00000000e6e00000| Untracked 
| 111|0x00000000e6f00000, 0x00000000e6f00000, 0x00000000e7000000|  0%| F|  |TAMS 0x00000000e6f00000| PB 0x00000000e6f00000| Untracked 
| 112|0x00000000e7000000, 0x00000000e7000000, 0x00000000e7100000|  0%| F|  |TAMS 0x00000000e7000000| PB 0x00000000e7000000| Untracked 
| 113|0x00000000e7100000, 0x00000000e7100000, 0x00000000e7200000|  0%| F|  |TAMS 0x00000000e7100000| PB 0x00000000e7100000| Untracked 
| 114|0x00000000e7200000, 0x00000000e7200000, 0x00000000e7300000|  0%| F|  |TAMS 0x00000000e7200000| PB 0x00000000e7200000| Untracked 
| 115|0x00000000e7300000, 0x00000000e7300000, 0x00000000e7400000|  0%| F|  |TAMS 0x00000000e7300000| PB 0x00000000e7300000| Untracked 
| 116|0x00000000e7400000, 0x00000000e7400000, 0x00000000e7500000|  0%| F|  |TAMS 0x00000000e7400000| PB 0x00000000e7400000| Untracked 
| 117|0x00000000e7500000, 0x00000000e7500000, 0x00000000e7600000|  0%| F|  |TAMS 0x00000000e7500000| PB 0x00000000e7500000| Untracked 
| 118|0x00000000e7600000, 0x00000000e7600000, 0x00000000e7700000|  0%| F|  |TAMS 0x00000000e7600000| PB 0x00000000e7600000| Untracked 
| 119|0x00000000e7700000, 0x00000000e7700000, 0x00000000e7800000|  0%| F|  |TAMS 0x00000000e7700000| PB 0x00000000e7700000| Untracked 
| 120|0x00000000e7800000, 0x00000000e7800000, 0x00000000e7900000|  0%| F|  |TAMS 0x00000000e7800000| PB 0x00000000e7800000| Untracked 
| 121|0x00000000e7900000, 0x00000000e7900000, 0x00000000e7a00000|  0%| F|  |TAMS 0x00000000e7900000| PB 0x00000000e7900000| Untracked 
| 122|0x00000000e7a00000, 0x00000000e7a00000, 0x00000000e7b00000|  0%| F|  |TAMS 0x00000000e7a00000| PB 0x00000000e7a00000| Untracked 
| 123|0x00000000e7b00000, 0x00000000e7b00000, 0x00000000e7c00000|  0%| F|  |TAMS 0x00000000e7b00000| PB 0x00000000e7b00000| Untracked 
| 124|0x00000000e7c00000, 0x00000000e7c00000, 0x00000000e7d00000|  0%| F|  |TAMS 0x00000000e7c00000| PB 0x00000000e7c00000| Untracked 
| 125|0x00000000e7d00000, 0x00000000e7d00000, 0x00000000e7e00000|  0%| F|  |TAMS 0x00000000e7d00000| PB 0x00000000e7d00000| Untracked 
| 126|0x00000000e7e00000, 0x00000000e7e00000, 0x00000000e7f00000|  0%| F|  |TAMS 0x00000000e7e00000| PB 0x00000000e7e00000| Untracked 
| 127|0x00000000e7f00000, 0x00000000e7f00000, 0x00000000e8000000|  0%| F|  |TAMS 0x00000000e7f00000| PB 0x00000000e7f00000| Untracked 
| 128|0x00000000e8000000, 0x00000000e8000000, 0x00000000e8100000|  0%| F|  |TAMS 0x00000000e8000000| PB 0x00000000e8000000| Untracked 
| 129|0x00000000e8100000, 0x00000000e8100000, 0x00000000e8200000|  0%| F|  |TAMS 0x00000000e8100000| PB 0x00000000e8100000| Untracked 
| 130|0x00000000e8200000, 0x00000000e8200000, 0x00000000e8300000|  0%| F|  |TAMS 0x00000000e8200000| PB 0x00000000e8200000| Untracked 
| 131|0x00000000e8300000, 0x00000000e8300000, 0x00000000e8400000|  0%| F|  |TAMS 0x00000000e8300000| PB 0x00000000e8300000| Untracked 
| 132|0x00000000e8400000, 0x00000000e8400000, 0x00000000e8500000|  0%| F|  |TAMS 0x00000000e8400000| PB 0x00000000e8400000| Untracked 
| 133|0x00000000e8500000, 0x00000000e8500000, 0x00000000e8600000|  0%| F|  |TAMS 0x00000000e8500000| PB 0x00000000e8500000| Untracked 
| 134|0x00000000e8600000, 0x00000000e8600000, 0x00000000e8700000|  0%| F|  |TAMS 0x00000000e8600000| PB 0x00000000e8600000| Untracked 
| 135|0x00000000e8700000, 0x00000000e8700000, 0x00000000e8800000|  0%| F|  |TAMS 0x00000000e8700000| PB 0x00000000e8700000| Untracked 
| 136|0x00000000e8800000, 0x00000000e8800000, 0x00000000e8900000|  0%| F|  |TAMS 0x00000000e8800000| PB 0x00000000e8800000| Untracked 
| 137|0x00000000e8900000, 0x00000000e8900000, 0x00000000e8a00000|  0%| F|  |TAMS 0x00000000e8900000| PB 0x00000000e8900000| Untracked 
| 138|0x00000000e8a00000, 0x00000000e8a00000, 0x00000000e8b00000|  0%| F|  |TAMS 0x00000000e8a00000| PB 0x00000000e8a00000| Untracked 
| 139|0x00000000e8b00000, 0x00000000e8b00000, 0x00000000e8c00000|  0%| F|  |TAMS 0x00000000e8b00000| PB 0x00000000e8b00000| Untracked 
| 140|0x00000000e8c00000, 0x00000000e8c00000, 0x00000000e8d00000|  0%| F|  |TAMS 0x00000000e8c00000| PB 0x00000000e8c00000| Untracked 
| 141|0x00000000e8d00000, 0x00000000e8d00000, 0x00000000e8e00000|  0%| F|  |TAMS 0x00000000e8d00000| PB 0x00000000e8d00000| Untracked 
| 142|0x00000000e8e00000, 0x00000000e8e00000, 0x00000000e8f00000|  0%| F|  |TAMS 0x00000000e8e00000| PB 0x00000000e8e00000| Untracked 
| 143|0x00000000e8f00000, 0x00000000e8f00000, 0x00000000e9000000|  0%| F|  |TAMS 0x00000000e8f00000| PB 0x00000000e8f00000| Untracked 
| 144|0x00000000e9000000, 0x00000000e9000000, 0x00000000e9100000|  0%| F|  |TAMS 0x00000000e9000000| PB 0x00000000e9000000| Untracked 
| 145|0x00000000e9100000, 0x00000000e91fe340, 0x00000000e9200000| 99%| S|CS|TAMS 0x00000000e9100000| PB 0x00000000e9100000| Complete 
| 146|0x00000000e9200000, 0x00000000e9300000, 0x00000000e9300000|100%| S|CS|TAMS 0x00000000e9200000| PB 0x00000000e9200000| Complete 
| 147|0x00000000e9300000, 0x00000000e9400000, 0x00000000e9400000|100%| S|CS|TAMS 0x00000000e9300000| PB 0x00000000e9300000| Complete 
| 148|0x00000000e9400000, 0x00000000e9500000, 0x00000000e9500000|100%| S|CS|TAMS 0x00000000e9400000| PB 0x00000000e9400000| Complete 
| 149|0x00000000e9500000, 0x00000000e9600000, 0x00000000e9600000|100%| S|CS|TAMS 0x00000000e9500000| PB 0x00000000e9500000| Complete 
| 150|0x00000000e9600000, 0x00000000e9700000, 0x00000000e9700000|100%| S|CS|TAMS 0x00000000e9600000| PB 0x00000000e9600000| Complete 
| 151|0x00000000e9700000, 0x00000000e9800000, 0x00000000e9800000|100%| S|CS|TAMS 0x00000000e9700000| PB 0x00000000e9700000| Complete 
| 152|0x00000000e9800000, 0x00000000e9900000, 0x00000000e9900000|100%| S|CS|TAMS 0x00000000e9800000| PB 0x00000000e9800000| Complete 
| 153|0x00000000e9900000, 0x00000000e9a00000, 0x00000000e9a00000|100%| S|CS|TAMS 0x00000000e9900000| PB 0x00000000e9900000| Complete 
| 154|0x00000000e9a00000, 0x00000000e9b00000, 0x00000000e9b00000|100%| S|CS|TAMS 0x00000000e9a00000| PB 0x00000000e9a00000| Complete 
| 155|0x00000000e9b00000, 0x00000000e9c00000, 0x00000000e9c00000|100%| S|CS|TAMS 0x00000000e9b00000| PB 0x00000000e9b00000| Complete 
| 156|0x00000000e9c00000, 0x00000000e9d00000, 0x00000000e9d00000|100%| S|CS|TAMS 0x00000000e9c00000| PB 0x00000000e9c00000| Complete 
| 157|0x00000000e9d00000, 0x00000000e9d00000, 0x00000000e9e00000|  0%| F|  |TAMS 0x00000000e9d00000| PB 0x00000000e9d00000| Untracked 
| 158|0x00000000e9e00000, 0x00000000e9e00000, 0x00000000e9f00000|  0%| F|  |TAMS 0x00000000e9e00000| PB 0x00000000e9e00000| Untracked 
| 159|0x00000000e9f00000, 0x00000000e9f00000, 0x00000000ea000000|  0%| F|  |TAMS 0x00000000e9f00000| PB 0x00000000e9f00000| Untracked 
| 160|0x00000000ea000000, 0x00000000ea000000, 0x00000000ea100000|  0%| F|  |TAMS 0x00000000ea000000| PB 0x00000000ea000000| Untracked 
| 161|0x00000000ea100000, 0x00000000ea100000, 0x00000000ea200000|  0%| F|  |TAMS 0x00000000ea100000| PB 0x00000000ea100000| Untracked 
| 162|0x00000000ea200000, 0x00000000ea200000, 0x00000000ea300000|  0%| F|  |TAMS 0x00000000ea200000| PB 0x00000000ea200000| Untracked 
| 163|0x00000000ea300000, 0x00000000ea300000, 0x00000000ea400000|  0%| F|  |TAMS 0x00000000ea300000| PB 0x00000000ea300000| Untracked 
| 164|0x00000000ea400000, 0x00000000ea400000, 0x00000000ea500000|  0%| F|  |TAMS 0x00000000ea400000| PB 0x00000000ea400000| Untracked 
| 165|0x00000000ea500000, 0x00000000ea500000, 0x00000000ea600000|  0%| F|  |TAMS 0x00000000ea500000| PB 0x00000000ea500000| Untracked 
| 166|0x00000000ea600000, 0x00000000ea600000, 0x00000000ea700000|  0%| F|  |TAMS 0x00000000ea600000| PB 0x00000000ea600000| Untracked 
| 167|0x00000000ea700000, 0x00000000ea700000, 0x00000000ea800000|  0%| F|  |TAMS 0x00000000ea700000| PB 0x00000000ea700000| Untracked 
| 168|0x00000000ea800000, 0x00000000ea800000, 0x00000000ea900000|  0%| F|  |TAMS 0x00000000ea800000| PB 0x00000000ea800000| Untracked 
| 169|0x00000000ea900000, 0x00000000ea900000, 0x00000000eaa00000|  0%| F|  |TAMS 0x00000000ea900000| PB 0x00000000ea900000| Untracked 
| 170|0x00000000eaa00000, 0x00000000eaa00000, 0x00000000eab00000|  0%| F|  |TAMS 0x00000000eaa00000| PB 0x00000000eaa00000| Untracked 
| 171|0x00000000eab00000, 0x00000000eab00000, 0x00000000eac00000|  0%| F|  |TAMS 0x00000000eab00000| PB 0x00000000eab00000| Untracked 
| 172|0x00000000eac00000, 0x00000000eac00000, 0x00000000ead00000|  0%| F|  |TAMS 0x00000000eac00000| PB 0x00000000eac00000| Untracked 
| 173|0x00000000ead00000, 0x00000000ead00000, 0x00000000eae00000|  0%| F|  |TAMS 0x00000000ead00000| PB 0x00000000ead00000| Untracked 
| 174|0x00000000eae00000, 0x00000000eae00000, 0x00000000eaf00000|  0%| F|  |TAMS 0x00000000eae00000| PB 0x00000000eae00000| Untracked 
| 175|0x00000000eaf00000, 0x00000000eaf00000, 0x00000000eb000000|  0%| F|  |TAMS 0x00000000eaf00000| PB 0x00000000eaf00000| Untracked 
| 176|0x00000000eb000000, 0x00000000eb000000, 0x00000000eb100000|  0%| F|  |TAMS 0x00000000eb000000| PB 0x00000000eb000000| Untracked 
| 177|0x00000000eb100000, 0x00000000eb100000, 0x00000000eb200000|  0%| F|  |TAMS 0x00000000eb100000| PB 0x00000000eb100000| Untracked 
| 178|0x00000000eb200000, 0x00000000eb200000, 0x00000000eb300000|  0%| F|  |TAMS 0x00000000eb200000| PB 0x00000000eb200000| Untracked 
| 179|0x00000000eb300000, 0x00000000eb300000, 0x00000000eb400000|  0%| F|  |TAMS 0x00000000eb300000| PB 0x00000000eb300000| Untracked 
| 180|0x00000000eb400000, 0x00000000eb400000, 0x00000000eb500000|  0%| F|  |TAMS 0x00000000eb400000| PB 0x00000000eb400000| Untracked 
| 181|0x00000000eb500000, 0x00000000eb500000, 0x00000000eb600000|  0%| F|  |TAMS 0x00000000eb500000| PB 0x00000000eb500000| Untracked 
| 182|0x00000000eb600000, 0x00000000eb600000, 0x00000000eb700000|  0%| F|  |TAMS 0x00000000eb600000| PB 0x00000000eb600000| Untracked 
| 183|0x00000000eb700000, 0x00000000eb700000, 0x00000000eb800000|  0%| F|  |TAMS 0x00000000eb700000| PB 0x00000000eb700000| Untracked 
| 184|0x00000000eb800000, 0x00000000eb800000, 0x00000000eb900000|  0%| F|  |TAMS 0x00000000eb800000| PB 0x00000000eb800000| Untracked 
| 185|0x00000000eb900000, 0x00000000eb900000, 0x00000000eba00000|  0%| F|  |TAMS 0x00000000eb900000| PB 0x00000000eb900000| Untracked 
| 186|0x00000000eba00000, 0x00000000eba00000, 0x00000000ebb00000|  0%| F|  |TAMS 0x00000000eba00000| PB 0x00000000eba00000| Untracked 
| 187|0x00000000ebb00000, 0x00000000ebb00000, 0x00000000ebc00000|  0%| F|  |TAMS 0x00000000ebb00000| PB 0x00000000ebb00000| Untracked 
| 188|0x00000000ebc00000, 0x00000000ebc00000, 0x00000000ebd00000|  0%| F|  |TAMS 0x00000000ebc00000| PB 0x00000000ebc00000| Untracked 
| 189|0x00000000ebd00000, 0x00000000ebd00000, 0x00000000ebe00000|  0%| F|  |TAMS 0x00000000ebd00000| PB 0x00000000ebd00000| Untracked 
| 190|0x00000000ebe00000, 0x00000000ebe00000, 0x00000000ebf00000|  0%| F|  |TAMS 0x00000000ebe00000| PB 0x00000000ebe00000| Untracked 
| 191|0x00000000ebf00000, 0x00000000ebf00000, 0x00000000ec000000|  0%| F|  |TAMS 0x00000000ebf00000| PB 0x00000000ebf00000| Untracked 
| 192|0x00000000ec000000, 0x00000000ec000000, 0x00000000ec100000|  0%| F|  |TAMS 0x00000000ec000000| PB 0x00000000ec000000| Untracked 
| 193|0x00000000ec100000, 0x00000000ec100000, 0x00000000ec200000|  0%| F|  |TAMS 0x00000000ec100000| PB 0x00000000ec100000| Untracked 
| 194|0x00000000ec200000, 0x00000000ec200000, 0x00000000ec300000|  0%| F|  |TAMS 0x00000000ec200000| PB 0x00000000ec200000| Untracked 
| 195|0x00000000ec300000, 0x00000000ec400000, 0x00000000ec400000|100%| E|  |TAMS 0x00000000ec300000| PB 0x00000000ec300000| Complete 
| 196|0x00000000ec400000, 0x00000000ec500000, 0x00000000ec500000|100%| E|CS|TAMS 0x00000000ec400000| PB 0x00000000ec400000| Complete 
| 197|0x00000000ec500000, 0x00000000ec600000, 0x00000000ec600000|100%| E|CS|TAMS 0x00000000ec500000| PB 0x00000000ec500000| Complete 
| 198|0x00000000ec600000, 0x00000000ec700000, 0x00000000ec700000|100%| E|CS|TAMS 0x00000000ec600000| PB 0x00000000ec600000| Complete 
| 199|0x00000000ec700000, 0x00000000ec800000, 0x00000000ec800000|100%| E|CS|TAMS 0x00000000ec700000| PB 0x00000000ec700000| Complete 
| 200|0x00000000ec800000, 0x00000000ec900000, 0x00000000ec900000|100%| E|CS|TAMS 0x00000000ec800000| PB 0x00000000ec800000| Complete 
| 201|0x00000000ec900000, 0x00000000eca00000, 0x00000000eca00000|100%| E|CS|TAMS 0x00000000ec900000| PB 0x00000000ec900000| Complete 
| 202|0x00000000eca00000, 0x00000000ecb00000, 0x00000000ecb00000|100%| E|CS|TAMS 0x00000000eca00000| PB 0x00000000eca00000| Complete 
| 203|0x00000000ecb00000, 0x00000000ecc00000, 0x00000000ecc00000|100%| E|CS|TAMS 0x00000000ecb00000| PB 0x00000000ecb00000| Complete 
| 204|0x00000000ecc00000, 0x00000000ecd00000, 0x00000000ecd00000|100%| E|CS|TAMS 0x00000000ecc00000| PB 0x00000000ecc00000| Complete 
| 205|0x00000000ecd00000, 0x00000000ece00000, 0x00000000ece00000|100%| E|CS|TAMS 0x00000000ecd00000| PB 0x00000000ecd00000| Complete 
| 206|0x00000000ece00000, 0x00000000ecf00000, 0x00000000ecf00000|100%| E|CS|TAMS 0x00000000ece00000| PB 0x00000000ece00000| Complete 
| 207|0x00000000ecf00000, 0x00000000ed000000, 0x00000000ed000000|100%| E|CS|TAMS 0x00000000ecf00000| PB 0x00000000ecf00000| Complete 
| 208|0x00000000ed000000, 0x00000000ed100000, 0x00000000ed100000|100%| E|CS|TAMS 0x00000000ed000000| PB 0x00000000ed000000| Complete 
| 209|0x00000000ed100000, 0x00000000ed200000, 0x00000000ed200000|100%| E|CS|TAMS 0x00000000ed100000| PB 0x00000000ed100000| Complete 
| 210|0x00000000ed200000, 0x00000000ed300000, 0x00000000ed300000|100%| E|CS|TAMS 0x00000000ed200000| PB 0x00000000ed200000| Complete 
| 211|0x00000000ed300000, 0x00000000ed400000, 0x00000000ed400000|100%| E|CS|TAMS 0x00000000ed300000| PB 0x00000000ed300000| Complete 
| 212|0x00000000ed400000, 0x00000000ed500000, 0x00000000ed500000|100%| E|CS|TAMS 0x00000000ed400000| PB 0x00000000ed400000| Complete 
| 213|0x00000000ed500000, 0x00000000ed600000, 0x00000000ed600000|100%| E|CS|TAMS 0x00000000ed500000| PB 0x00000000ed500000| Complete 
| 214|0x00000000ed600000, 0x00000000ed700000, 0x00000000ed700000|100%| E|CS|TAMS 0x00000000ed600000| PB 0x00000000ed600000| Complete 
| 215|0x00000000ed700000, 0x00000000ed800000, 0x00000000ed800000|100%| E|CS|TAMS 0x00000000ed700000| PB 0x00000000ed700000| Complete 
| 216|0x00000000ed800000, 0x00000000ed900000, 0x00000000ed900000|100%| E|CS|TAMS 0x00000000ed800000| PB 0x00000000ed800000| Complete 
| 217|0x00000000ed900000, 0x00000000eda00000, 0x00000000eda00000|100%| E|CS|TAMS 0x00000000ed900000| PB 0x00000000ed900000| Complete 
| 218|0x00000000eda00000, 0x00000000edb00000, 0x00000000edb00000|100%| E|CS|TAMS 0x00000000eda00000| PB 0x00000000eda00000| Complete 
| 219|0x00000000edb00000, 0x00000000edc00000, 0x00000000edc00000|100%| E|CS|TAMS 0x00000000edb00000| PB 0x00000000edb00000| Complete 
| 220|0x00000000edc00000, 0x00000000edd00000, 0x00000000edd00000|100%| E|CS|TAMS 0x00000000edc00000| PB 0x00000000edc00000| Complete 
| 221|0x00000000edd00000, 0x00000000ede00000, 0x00000000ede00000|100%| E|CS|TAMS 0x00000000edd00000| PB 0x00000000edd00000| Complete 
| 222|0x00000000ede00000, 0x00000000edf00000, 0x00000000edf00000|100%| E|CS|TAMS 0x00000000ede00000| PB 0x00000000ede00000| Complete 
| 223|0x00000000edf00000, 0x00000000ee000000, 0x00000000ee000000|100%| E|CS|TAMS 0x00000000edf00000| PB 0x00000000edf00000| Complete 
| 224|0x00000000ee000000, 0x00000000ee100000, 0x00000000ee100000|100%| E|CS|TAMS 0x00000000ee000000| PB 0x00000000ee000000| Complete 
| 225|0x00000000ee100000, 0x00000000ee200000, 0x00000000ee200000|100%| E|CS|TAMS 0x00000000ee100000| PB 0x00000000ee100000| Complete 
| 226|0x00000000ee200000, 0x00000000ee300000, 0x00000000ee300000|100%| E|CS|TAMS 0x00000000ee200000| PB 0x00000000ee200000| Complete 
| 227|0x00000000ee300000, 0x00000000ee400000, 0x00000000ee400000|100%| E|CS|TAMS 0x00000000ee300000| PB 0x00000000ee300000| Complete 
| 228|0x00000000ee400000, 0x00000000ee500000, 0x00000000ee500000|100%| E|CS|TAMS 0x00000000ee400000| PB 0x00000000ee400000| Complete 
| 229|0x00000000ee500000, 0x00000000ee600000, 0x00000000ee600000|100%| E|CS|TAMS 0x00000000ee500000| PB 0x00000000ee500000| Complete 
| 230|0x00000000ee600000, 0x00000000ee700000, 0x00000000ee700000|100%| E|CS|TAMS 0x00000000ee600000| PB 0x00000000ee600000| Complete 
| 231|0x00000000ee700000, 0x00000000ee800000, 0x00000000ee800000|100%| E|CS|TAMS 0x00000000ee700000| PB 0x00000000ee700000| Complete 
| 232|0x00000000ee800000, 0x00000000ee900000, 0x00000000ee900000|100%| E|CS|TAMS 0x00000000ee800000| PB 0x00000000ee800000| Complete 
| 233|0x00000000ee900000, 0x00000000eea00000, 0x00000000eea00000|100%| E|CS|TAMS 0x00000000ee900000| PB 0x00000000ee900000| Complete 
| 234|0x00000000eea00000, 0x00000000eeb00000, 0x00000000eeb00000|100%| E|CS|TAMS 0x00000000eea00000| PB 0x00000000eea00000| Complete 
| 235|0x00000000eeb00000, 0x00000000eec00000, 0x00000000eec00000|100%| E|CS|TAMS 0x00000000eeb00000| PB 0x00000000eeb00000| Complete 
| 236|0x00000000eec00000, 0x00000000eed00000, 0x00000000eed00000|100%| E|CS|TAMS 0x00000000eec00000| PB 0x00000000eec00000| Complete 
| 237|0x00000000eed00000, 0x00000000eee00000, 0x00000000eee00000|100%| E|CS|TAMS 0x00000000eed00000| PB 0x00000000eed00000| Complete 
| 238|0x00000000eee00000, 0x00000000eef00000, 0x00000000eef00000|100%| E|CS|TAMS 0x00000000eee00000| PB 0x00000000eee00000| Complete 
| 239|0x00000000eef00000, 0x00000000ef000000, 0x00000000ef000000|100%| E|CS|TAMS 0x00000000eef00000| PB 0x00000000eef00000| Complete 
| 240|0x00000000ef000000, 0x00000000ef100000, 0x00000000ef100000|100%| E|CS|TAMS 0x00000000ef000000| PB 0x00000000ef000000| Complete 
| 241|0x00000000ef100000, 0x00000000ef200000, 0x00000000ef200000|100%| E|CS|TAMS 0x00000000ef100000| PB 0x00000000ef100000| Complete 
| 242|0x00000000ef200000, 0x00000000ef300000, 0x00000000ef300000|100%| E|CS|TAMS 0x00000000ef200000| PB 0x00000000ef200000| Complete 
| 243|0x00000000ef300000, 0x00000000ef400000, 0x00000000ef400000|100%| E|CS|TAMS 0x00000000ef300000| PB 0x00000000ef300000| Complete 
| 244|0x00000000ef400000, 0x00000000ef500000, 0x00000000ef500000|100%| E|CS|TAMS 0x00000000ef400000| PB 0x00000000ef400000| Complete 
| 245|0x00000000ef500000, 0x00000000ef600000, 0x00000000ef600000|100%| E|CS|TAMS 0x00000000ef500000| PB 0x00000000ef500000| Complete 
| 246|0x00000000ef600000, 0x00000000ef700000, 0x00000000ef700000|100%| E|CS|TAMS 0x00000000ef600000| PB 0x00000000ef600000| Complete 
| 247|0x00000000ef700000, 0x00000000ef800000, 0x00000000ef800000|100%| E|CS|TAMS 0x00000000ef700000| PB 0x00000000ef700000| Complete 
| 248|0x00000000ef800000, 0x00000000ef900000, 0x00000000ef900000|100%| E|CS|TAMS 0x00000000ef800000| PB 0x00000000ef800000| Complete 
| 249|0x00000000ef900000, 0x00000000efa00000, 0x00000000efa00000|100%| E|CS|TAMS 0x00000000ef900000| PB 0x00000000ef900000| Complete 
| 250|0x00000000efa00000, 0x00000000efb00000, 0x00000000efb00000|100%| E|CS|TAMS 0x00000000efa00000| PB 0x00000000efa00000| Complete 
| 251|0x00000000efb00000, 0x00000000efc00000, 0x00000000efc00000|100%| E|CS|TAMS 0x00000000efb00000| PB 0x00000000efb00000| Complete 
| 252|0x00000000efc00000, 0x00000000efd00000, 0x00000000efd00000|100%| E|CS|TAMS 0x00000000efc00000| PB 0x00000000efc00000| Complete 
| 253|0x00000000efd00000, 0x00000000efe00000, 0x00000000efe00000|100%| E|CS|TAMS 0x00000000efd00000| PB 0x00000000efd00000| Complete 
| 254|0x00000000efe00000, 0x00000000eff00000, 0x00000000eff00000|100%| E|CS|TAMS 0x00000000efe00000| PB 0x00000000efe00000| Complete 
| 255|0x00000000eff00000, 0x00000000f0000000, 0x00000000f0000000|100%| E|CS|TAMS 0x00000000eff00000| PB 0x00000000eff00000| Complete 

Card table byte_map: [0x000001c900320000,0x000001c900420000] _byte_map_base: 0x000001c8ffc20000

Marking Bits: (CMBitMap*) 0x000001c9688442c0
 Bits: [0x000001c900420000, 0x000001c900c20000)

Polling page: 0x000001c9667f0000

Metaspace:

Usage:
  Non-class:     25.54 MB used.
      Class:      4.26 MB used.
       Both:     29.80 MB used.

Virtual space:
  Non-class space:       64.00 MB reserved,      26.00 MB ( 41%) committed,  1 nodes.
      Class space:      320.00 MB reserved,       4.69 MB (  1%) committed,  1 nodes.
             Both:      384.00 MB reserved,      30.69 MB (  8%) committed. 

Chunk freelists:
   Non-Class:  6.00 MB
       Class:  11.12 MB
        Both:  17.12 MB

MaxMetaspaceSize: 384.00 MB
CompressedClassSpaceSize: 320.00 MB
Initial GC threshold: 21.00 MB
Current GC threshold: 35.44 MB
CDS: on
 - commit_granule_bytes: 65536.
 - commit_granule_words: 8192.
 - virtual_space_node_default_size: 8388608.
 - enlarge_chunks_in_place: 1.
 - use_allocation_guard: 0.


Internal statistics:

num_allocs_failed_limit: 3.
num_arena_births: 1556.
num_arena_deaths: 0.
num_vsnodes_births: 2.
num_vsnodes_deaths: 0.
num_space_committed: 491.
num_space_uncommitted: 0.
num_chunks_returned_to_freelist: 3.
num_chunks_taken_from_freelist: 2837.
num_chunk_merges: 3.
num_chunk_splits: 1828.
num_chunks_enlarged: 1151.
num_inconsistent_stats: 0.

CodeHeap 'non-profiled nmethods': size=120000Kb used=2241Kb max_used=2241Kb free=117758Kb
 bounds [0x000001c978770000, 0x000001c9789e0000, 0x000001c97fca0000]
CodeHeap 'profiled nmethods': size=120000Kb used=7875Kb max_used=7875Kb free=112124Kb
 bounds [0x000001c970ca0000, 0x000001c971460000, 0x000001c9781d0000]
CodeHeap 'non-nmethods': size=5760Kb used=1520Kb max_used=1563Kb free=4239Kb
 bounds [0x000001c9781d0000, 0x000001c978440000, 0x000001c978770000]
 total_blobs=4534 nmethods=3943 adapters=495
 compilation: enabled
              stopped_count=0, restarted_count=0
 full_count=0

Compilation events (20 events):
Event: 111.129 Thread 0x000001c903a08090 nmethod 3930 0x000001c971446510 code [0x000001c971446880, 0x000001c971447e20]
Event: 111.145 Thread 0x000001c9038b7850 3931       4       java.lang.reflect.Method::getParameterTypes (11 bytes)
Event: 111.146 Thread 0x000001c9038b7850 nmethod 3931 0x000001c97899f990 code [0x000001c97899fb20, 0x000001c97899fca8]
Event: 111.198 Thread 0x000001c9038b7850 3932       4       java.util.regex.Pattern$BmpCharProperty::match (55 bytes)
Event: 111.285 Thread 0x000001c9038b7850 nmethod 3932 0x000001c97899fd90 code [0x000001c97899ff60, 0x000001c9789a0238]
Event: 111.314 Thread 0x000001c903a08090 3933       3       org.codehaus.groovy.reflection.CachedClass$3$$Lambda/0x000001c90548d428::test (8 bytes)
Event: 111.314 Thread 0x000001c903a08090 nmethod 3933 0x000001c971448910 code [0x000001c971448ae0, 0x000001c971448e60]
Event: 111.314 Thread 0x000001c903a08090 3934       3       org.codehaus.groovy.reflection.CachedClass$3::lambda$initValue$0 (18 bytes)
Event: 111.314 Thread 0x000001c903a08090 nmethod 3934 0x000001c971448f90 code [0x000001c971449140, 0x000001c971449348]
Event: 111.314 Thread 0x000001c903a08090 3935       3       org.codehaus.groovy.reflection.CachedClass$3$$Lambda/0x000001c90548d668::test (8 bytes)
Event: 111.332 Thread 0x000001c903a08090 nmethod 3935 0x000001c971449490 code [0x000001c971449680, 0x000001c971449b08]
Event: 111.332 Thread 0x000001c903a08090 3936       3       org.codehaus.groovy.reflection.CachedClass$3::lambda$initValue$1 (25 bytes)
Event: 111.332 Thread 0x000001c903a08090 nmethod 3936 0x000001c971449c90 code [0x000001c971449e60, 0x000001c97144a180]
Event: 111.425 Thread 0x000001c903a08090 3937       3       java.util.stream.ReduceOps$ReduceOp::<init> (10 bytes)
Event: 111.425 Thread 0x000001c903a08090 nmethod 3937 0x000001c97144a290 code [0x000001c97144a440, 0x000001c97144a5f8]
Event: 111.425 Thread 0x000001c903a08090 3938       3       java.util.stream.ReduceOps$ReduceOp::evaluateSequential (18 bytes)
Event: 111.425 Thread 0x000001c903a08090 nmethod 3938 0x000001c97144a690 code [0x000001c97144a880, 0x000001c97144ad00]
Event: 111.425 Thread 0x000001c903a08090 3939       3       java.util.stream.ReduceOps$Box::<init> (5 bytes)
Event: 111.425 Thread 0x000001c903a08090 nmethod 3939 0x000001c97144ae10 code [0x000001c97144afc0, 0x000001c97144b128]
Event: 111.609 Thread 0x000001c9038b7850 3940   !   4       java.lang.String::<init> (890 bytes)

GC Heap History (8 events):
Event: 3.541 GC heap before
{Heap before GC invocations=0 (full 0):
 garbage-first heap   total 262144K, used 22528K [0x00000000e0000000, 0x0000000100000000)
  region size 1024K, 23 young (23552K), 0 survivors (0K)
 Metaspace       used 1088K, committed 1216K, reserved 393216K
  class space    used 77K, committed 128K, reserved 327680K
}
Event: 3.545 GC heap after
{Heap after GC invocations=1 (full 0):
 garbage-first heap   total 262144K, used 3795K [0x00000000e0000000, 0x0000000100000000)
  region size 1024K, 3 young (3072K), 3 survivors (3072K)
 Metaspace       used 1088K, committed 1216K, reserved 393216K
  class space    used 77K, committed 128K, reserved 327680K
}
Event: 27.988 GC heap before
{Heap before GC invocations=1 (full 0):
 garbage-first heap   total 262144K, used 39635K [0x00000000e0000000, 0x0000000100000000)
  region size 1024K, 36 young (36864K), 3 survivors (3072K)
 Metaspace       used 4418K, committed 4608K, reserved 393216K
  class space    used 540K, committed 640K, reserved 327680K
}
Event: 28.115 GC heap after
{Heap after GC invocations=2 (full 0):
 garbage-first heap   total 262144K, used 11255K [0x00000000e0000000, 0x0000000100000000)
  region size 1024K, 5 young (5120K), 5 survivors (5120K)
 Metaspace       used 4418K, committed 4608K, reserved 393216K
  class space    used 540K, committed 640K, reserved 327680K
}
Event: 44.399 GC heap before
{Heap before GC invocations=2 (full 0):
 garbage-first heap   total 262144K, used 54263K [0x00000000e0000000, 0x0000000100000000)
  region size 1024K, 45 young (46080K), 5 survivors (5120K)
 Metaspace       used 4695K, committed 4928K, reserved 393216K
  class space    used 581K, committed 704K, reserved 327680K
}
Event: 44.407 GC heap after
{Heap after GC invocations=3 (full 0):
 garbage-first heap   total 262144K, used 16623K [0x00000000e0000000, 0x0000000100000000)
  region size 1024K, 5 young (5120K), 5 survivors (5120K)
 Metaspace       used 4695K, committed 4928K, reserved 393216K
  class space    used 581K, committed 704K, reserved 327680K
}
Event: 61.552 GC heap before
{Heap before GC invocations=3 (full 0):
 garbage-first heap   total 262144K, used 111855K [0x00000000e0000000, 0x0000000100000000)
  region size 1024K, 99 young (101376K), 5 survivors (5120K)
 Metaspace       used 20851K, committed 21504K, reserved 393216K
  class space    used 2985K, committed 3264K, reserved 327680K
}
Event: 61.849 GC heap after
{Heap after GC invocations=4 (full 0):
 garbage-first heap   total 262144K, used 24568K [0x00000000e0000000, 0x0000000100000000)
  region size 1024K, 12 young (12288K), 12 survivors (12288K)
 Metaspace       used 20851K, committed 21504K, reserved 393216K
  class space    used 2985K, committed 3264K, reserved 327680K
}

Dll operation events (15 events):
Event: 0.036 Loaded shared library C:\Program Files\Java\jdk-21.0.6\bin\java.dll
Event: 0.462 Loaded shared library C:\Program Files\Java\jdk-21.0.6\bin\jsvml.dll
Event: 0.717 Loaded shared library C:\Program Files\Java\jdk-21.0.6\bin\zip.dll
Event: 0.724 Loaded shared library C:\Program Files\Java\jdk-21.0.6\bin\instrument.dll
Event: 0.732 Loaded shared library C:\Program Files\Java\jdk-21.0.6\bin\net.dll
Event: 0.781 Loaded shared library C:\Program Files\Java\jdk-21.0.6\bin\nio.dll
Event: 0.856 Loaded shared library C:\Program Files\Java\jdk-21.0.6\bin\zip.dll
Event: 2.858 Loaded shared library C:\Program Files\Java\jdk-21.0.6\bin\jimage.dll
Event: 4.788 Loaded shared library C:\Program Files\Java\jdk-21.0.6\bin\verify.dll
Event: 6.347 Loaded shared library C:\Users\ASUS\.gradle\native\1def1411415f61bf3af743bc5b6707747c0891f09f0c88961ee8f79bc544acac\windows-amd64\native-platform.dll
Event: 6.499 Loaded shared library C:\Users\ASUS\.gradle\native\0.2.6\x86_64-windows-gnu\gradle-fileevents.dll
Event: 45.859 Loaded shared library C:\Program Files\Java\jdk-21.0.6\bin\management.dll
Event: 45.871 Loaded shared library C:\Program Files\Java\jdk-21.0.6\bin\management_ext.dll
Event: 47.116 Loaded shared library C:\Program Files\Java\jdk-21.0.6\bin\extnet.dll
Event: 48.346 Loaded shared library C:\Program Files\Java\jdk-21.0.6\bin\sunmscapi.dll

Deoptimization events (20 events):
Event: 105.962 Thread 0x000001c91e3613b0 Uncommon trap: trap_request=0xffffff45 fr.pc=0x000001c978826a84 relative=0x00000000000005e4
Event: 105.962 Thread 0x000001c91e3613b0 Uncommon trap: reason=unstable_if action=reinterpret pc=0x000001c978826a84 method=java.util.Properties$LineReader.readLine()I @ 95 c2
Event: 105.963 Thread 0x000001c91e3613b0 DEOPT PACKING pc=0x000001c978826a84 sp=0x00000086d77f88f0
Event: 105.963 Thread 0x000001c91e3613b0 DEOPT UNPACKING pc=0x000001c9782246a2 sp=0x00000086d77f8898 mode 2
Event: 106.120 Thread 0x000001c91e3613b0 Uncommon trap: trap_request=0xffffffc6 fr.pc=0x000001c97894f118 relative=0x0000000000000238
Event: 106.120 Thread 0x000001c91e3613b0 Uncommon trap: reason=bimorphic_or_optimized_type_check action=maybe_recompile pc=0x000001c97894f118 method=java.util.regex.Pattern$BmpCharProperty.match(Ljava/util/regex/Matcher;ILjava/lang/CharSequence;)Z @ 19 c2
Event: 106.120 Thread 0x000001c91e3613b0 DEOPT PACKING pc=0x000001c97894f118 sp=0x00000086d77f85b0
Event: 106.120 Thread 0x000001c91e3613b0 DEOPT UNPACKING pc=0x000001c9782246a2 sp=0x00000086d77f8548 mode 2
Event: 106.120 Thread 0x000001c91e3613b0 Uncommon trap: trap_request=0xffffffc6 fr.pc=0x000001c97894f118 relative=0x0000000000000238
Event: 106.120 Thread 0x000001c91e3613b0 Uncommon trap: reason=bimorphic_or_optimized_type_check action=maybe_recompile pc=0x000001c97894f118 method=java.util.regex.Pattern$BmpCharProperty.match(Ljava/util/regex/Matcher;ILjava/lang/CharSequence;)Z @ 19 c2
Event: 106.120 Thread 0x000001c91e3613b0 DEOPT PACKING pc=0x000001c97894f118 sp=0x00000086d77f85b0
Event: 106.120 Thread 0x000001c91e3613b0 DEOPT UNPACKING pc=0x000001c9782246a2 sp=0x00000086d77f8548 mode 2
Event: 106.120 Thread 0x000001c91e3613b0 Uncommon trap: trap_request=0xffffffc6 fr.pc=0x000001c97894f118 relative=0x0000000000000238
Event: 106.120 Thread 0x000001c91e3613b0 Uncommon trap: reason=bimorphic_or_optimized_type_check action=maybe_recompile pc=0x000001c97894f118 method=java.util.regex.Pattern$BmpCharProperty.match(Ljava/util/regex/Matcher;ILjava/lang/CharSequence;)Z @ 19 c2
Event: 106.120 Thread 0x000001c91e3613b0 DEOPT PACKING pc=0x000001c97894f118 sp=0x00000086d77f85b0
Event: 106.120 Thread 0x000001c91e3613b0 DEOPT UNPACKING pc=0x000001c9782246a2 sp=0x00000086d77f8548 mode 2
Event: 106.120 Thread 0x000001c91e3613b0 Uncommon trap: trap_request=0xffffffc6 fr.pc=0x000001c97894f118 relative=0x0000000000000238
Event: 106.120 Thread 0x000001c91e3613b0 Uncommon trap: reason=bimorphic_or_optimized_type_check action=maybe_recompile pc=0x000001c97894f118 method=java.util.regex.Pattern$BmpCharProperty.match(Ljava/util/regex/Matcher;ILjava/lang/CharSequence;)Z @ 19 c2
Event: 106.120 Thread 0x000001c91e3613b0 DEOPT PACKING pc=0x000001c97894f118 sp=0x00000086d77f85b0
Event: 106.120 Thread 0x000001c91e3613b0 DEOPT UNPACKING pc=0x000001c9782246a2 sp=0x00000086d77f8548 mode 2

Classes loaded (20 events):
Event: 110.429 Loading class javax/swing/ListSelectionModel
Event: 110.431 Loading class javax/swing/ListSelectionModel done
Event: 110.432 Loading class javax/swing/event/TableColumnModelListener
Event: 110.433 Loading class javax/swing/event/TableColumnModelListener done
Event: 110.541 Loading class javax/swing/Icon
Event: 110.569 Loading class javax/swing/Icon done
Event: 110.569 Loading class javax/swing/AbstractButton$Handler
Event: 110.616 Loading class javax/swing/event/ChangeListener
Event: 110.619 Loading class javax/swing/event/ChangeListener done
Event: 110.619 Loading class javax/swing/AbstractButton$Handler done
Event: 110.630 Loading class javax/swing/ButtonModel
Event: 110.668 Loading class javax/swing/ButtonModel done
Event: 110.668 Loading class javax/swing/plaf/ButtonUI
Event: 110.913 Loading class javax/swing/plaf/ButtonUI done
Event: 110.918 Loading class java/awt/LayoutManager
Event: 110.921 Loading class java/awt/LayoutManager done
Event: 110.921 Loading class java/awt/event/ItemEvent
Event: 110.923 Loading class java/awt/event/ItemEvent done
Event: 111.123 Loading class javax/swing/event/TableModelEvent
Event: 111.125 Loading class javax/swing/event/TableModelEvent done

Classes unloaded (0 events):
No events

Classes redefined (0 events):
No events

Internal exceptions (20 events):
Event: 74.588 Thread 0x000001c91e3613b0 Exception <a 'java/lang/NoSuchMethodError'{0x00000000edca3518}: 'java.lang.Object java.lang.invoke.Invokers$Holder.linkToTargetMethod(java.lang.Object, long, java.lang.Object)'> (0x00000000edca3518) 
thrown [s\open\src\hotspot\share\interpreter\linkResolver.cpp, line 773]
Event: 74.600 Thread 0x000001c91e74a790 Implicit null exception at 0x000001c9789111cf to 0x000001c978911548
Event: 74.698 Thread 0x000001c91e3613b0 Exception <a 'java/lang/NoSuchMethodError'{0x00000000ed9344b8}: 'int java.lang.invoke.DirectMethodHandle$Holder.invokeInterface(java.lang.Object, java.lang.Object)'> (0x00000000ed9344b8) 
thrown [s\open\src\hotspot\share\interpreter\linkResolver.cpp, line 773]
Event: 74.729 Thread 0x000001c91e3613b0 Exception <a 'java/lang/NoSuchMethodError'{0x00000000ed9bcbb8}: 'java.lang.Object java.lang.invoke.DirectMethodHandle$Holder.invokeVirtual(java.lang.Object, java.lang.Object, int)'> (0x00000000ed9bcbb8) 
thrown [s\open\src\hotspot\share\interpreter\linkResolver.cpp, line 773]
Event: 74.797 Thread 0x000001c91e3613b0 Exception <a 'java/lang/NoSuchMethodError'{0x00000000ed86d418}: 'java.lang.Object java.lang.invoke.DirectMethodHandle$Holder.invokeStatic(java.lang.Object, java.lang.Object, int, java.lang.Object)'> (0x00000000ed86d418) 
thrown [s\open\src\hotspot\share\interpreter\linkResolver.cpp, line 773]
Event: 74.798 Thread 0x000001c91e3613b0 Exception <a 'java/lang/NoSuchMethodError'{0x00000000ed874810}: 'java.lang.Object java.lang.invoke.DirectMethodHandle$Holder.newInvokeSpecial(java.lang.Object, java.lang.Object, int, java.lang.Object)'> (0x00000000ed874810) 
thrown [s\open\src\hotspot\share\interpreter\linkResolver.cpp, line 773]
Event: 74.798 Thread 0x000001c91e3613b0 Exception <a 'java/lang/NoSuchMethodError'{0x00000000ed878f98}: 'java.lang.Object java.lang.invoke.DirectMethodHandle$Holder.invokeSpecial(java.lang.Object, java.lang.Object, java.lang.Object, int, java.lang.Object)'> (0x00000000ed878f98) 
thrown [s\open\src\hotspot\share\interpreter\linkResolver.cpp, line 773]
Event: 89.723 Thread 0x000001c91e3613b0 Exception <a 'java/lang/NoSuchMethodError'{0x00000000ed4c0a60}: 'void java.lang.invoke.DirectMethodHandle$Holder.invokeInterface(java.lang.Object, java.lang.Object, java.lang.Object, java.lang.Object, java.lang.Object, java.lang.Object, java.lang.Object)'> (0x00000000ed4c0a60) 
thrown [s\open\src\hotspot\share\interpreter\linkResolver.cpp, line 773]
Event: 89.725 Thread 0x000001c91e3613b0 Exception <a 'java/lang/NoSuchMethodError'{0x00000000ed4c53c8}: 'void java.lang.invoke.DelegatingMethodHandle$Holder.reinvoke_L(java.lang.Object, java.lang.Object, java.lang.Object, java.lang.Object, java.lang.Object, java.lang.Object, java.lang.Object)'> (0x00000000ed4c53c8) 
thrown [s\open\src\hotspot\share\interpreter\linkResolver.cpp, line 773]
Event: 91.824 Thread 0x000001c91e3613b0 Exception <a 'java/lang/NoSuchMethodError'{0x00000000ed2828f8}: 'java.lang.Object java.lang.invoke.DirectMethodHandle$Holder.invokeStaticInit(java.lang.Object, java.lang.Object, java.lang.Object, java.lang.Object, java.lang.Object, java.lang.Object, java.lang.Object)'> (0x00000000ed2828f8) 
thrown [s\open\src\hotspot\share\interpreter\linkResolver.cpp, line 773]
Event: 92.203 Thread 0x000001c91e3613b0 Exception <a 'java/lang/NoSuchMethodError'{0x00000000ed2a8a60}: 'java.lang.Object java.lang.invoke.DirectMethodHandle$Holder.invokeSpecial(java.lang.Object, java.lang.Object, java.lang.Object, int, java.lang.Object, java.lang.Object)'> (0x00000000ed2a8a60) 
thrown [s\open\src\hotspot\share\interpreter\linkResolver.cpp, line 773]
Event: 98.122 Thread 0x000001c91e3613b0 Implicit null exception at 0x000001c978890d34 to 0x000001c978891250
Event: 98.122 Thread 0x000001c91e3613b0 Implicit null exception at 0x000001c978933518 to 0x000001c978933894
Event: 98.122 Thread 0x000001c91e3613b0 Implicit null exception at 0x000001c978934130 to 0x000001c9789349f4
Event: 98.133 Thread 0x000001c91e3613b0 Exception <a 'java/lang/NoSuchMethodError'{0x00000000ecc69408}: 'java.lang.reflect.Method[] java.lang.Class.getDeclaredMethods(java.lang.Class)'> (0x00000000ecc69408) 
thrown [s\open\src\hotspot\share\interpreter\linkResolver.cpp, line 773]
Event: 98.866 Thread 0x000001c91e3613b0 Exception <a 'java/lang/NoSuchMethodError'{0x00000000ecb231a8}: 'java.lang.Object java.lang.invoke.DirectMethodHandle$Holder.invokeStaticInit(java.lang.Object, java.lang.Object, java.lang.Object)'> (0x00000000ecb231a8) 
thrown [s\open\src\hotspot\share\interpreter\linkResolver.cpp, line 773]
Event: 100.072 Thread 0x000001c91e3613b0 Exception <a 'java/lang/NoSuchMethodError'{0x00000000eca3ae28}: 'void java.lang.invoke.DirectMethodHandle$Holder.invokeStaticInit(java.lang.Object, java.lang.Object, java.lang.Object)'> (0x00000000eca3ae28) 
thrown [s\open\src\hotspot\share\interpreter\linkResolver.cpp, line 773]
Event: 100.108 Thread 0x000001c91e3613b0 Exception <a 'java/lang/NoSuchMethodError'{0x00000000eca41910}: 'void java.lang.invoke.DirectMethodHandle$Holder.invokeStaticInit(java.lang.Object, java.lang.Object, java.lang.Object, java.lang.Object)'> (0x00000000eca41910) 
thrown [s\open\src\hotspot\share\interpreter\linkResolver.cpp, line 773]
Event: 101.154 Thread 0x000001c91e3613b0 Exception <a 'java/lang/NoSuchMethodError'{0x00000000eca63700}: 'void java.lang.invoke.DirectMethodHandle$Holder.invokeStaticInit(java.lang.Object, java.lang.Object, java.lang.Object, java.lang.Object, java.lang.Object)'> (0x00000000eca63700) 
thrown [s\open\src\hotspot\share\interpreter\linkResolver.cpp, line 773]
Event: 101.675 Thread 0x000001c91e3613b0 Exception <a 'java/lang/NoSuchMethodError'{0x00000000ecabc7a8}: 'int java.lang.invoke.DirectMethodHandle$Holder.invokeStaticInit(java.lang.Object, java.lang.Object, java.lang.Object, java.lang.Object)'> (0x00000000ecabc7a8) 
thrown [s\open\src\hotspot\share\interpreter\linkResolver.cpp, line 773]

ZGC Phase Switch (0 events):
No events

VM Operations (20 events):
Event: 99.577 Executing VM operation: Cleanup
Event: 99.609 Executing VM operation: Cleanup done
Event: 100.617 Executing VM operation: Cleanup
Event: 100.648 Executing VM operation: Cleanup done
Event: 101.660 Executing VM operation: Cleanup
Event: 101.662 Executing VM operation: Cleanup done
Event: 102.670 Executing VM operation: Cleanup
Event: 102.687 Executing VM operation: Cleanup done
Event: 104.714 Executing VM operation: Cleanup
Event: 104.776 Executing VM operation: Cleanup done
Event: 105.782 Executing VM operation: Cleanup
Event: 105.798 Executing VM operation: Cleanup done
Event: 106.804 Executing VM operation: Cleanup
Event: 106.916 Executing VM operation: Cleanup done
Event: 108.582 Executing VM operation: HandshakeAllThreads (Deoptimize)
Event: 108.593 Executing VM operation: HandshakeAllThreads (Deoptimize) done
Event: 108.593 Executing VM operation: Cleanup
Event: 108.593 Executing VM operation: Cleanup done
Event: 111.626 Executing VM operation: Cleanup
Event: 111.642 Executing VM operation: Cleanup done

Events (20 events):
Event: 46.284 Thread 0x000001c91d11d7d0 Thread added: 0x000001c91d11d7d0
Event: 47.494 Thread 0x000001c91e43bf30 Thread added: 0x000001c91e43bf30
Event: 47.833 Thread 0x000001c91e326740 Thread added: 0x000001c91e326740
Event: 48.505 Thread 0x000001c903a62ea0 Thread added: 0x000001c903a62ea0
Event: 48.582 Thread 0x000001c903a63500 Thread added: 0x000001c903a63500
Event: 48.749 Thread 0x000001c91e36b6a0 Thread added: 0x000001c91e36b6a0
Event: 49.089 Thread 0x000001c91e3613b0 Thread added: 0x000001c91e3613b0
Event: 49.411 Thread 0x000001c91e147fe0 Thread added: 0x000001c91e147fe0
Event: 49.423 Thread 0x000001c91e7493e0 Thread added: 0x000001c91e7493e0
Event: 49.427 Thread 0x000001c91e748d50 Thread added: 0x000001c91e748d50
Event: 51.232 Thread 0x000001c91e74a790 Thread added: 0x000001c91e74a790
Event: 51.250 Thread 0x000001c91e749a70 Thread added: 0x000001c91e749a70
Event: 53.528 Thread 0x000001c91e74a100 Thread added: 0x000001c91e74a100
Event: 53.683 Thread 0x000001c91e74ae20 Thread added: 0x000001c91e74ae20
Event: 64.016 Thread 0x000001c91e748030 Thread added: 0x000001c91e748030
Event: 64.347 Thread 0x000001c91e7486c0 Thread added: 0x000001c91e7486c0
Event: 66.982 Thread 0x000001c91e4742c0 Thread added: 0x000001c91e4742c0
Event: 67.048 Thread 0x000001c91e470e40 Thread added: 0x000001c91e470e40
Event: 74.802 Thread 0x000001c91e4714d0 Thread added: 0x000001c91e4714d0
Event: 88.802 Thread 0x000001c91e472880 Thread added: 0x000001c91e472880


Dynamic libraries:
0x00007ff6226b0000 - 0x00007ff6226c0000 	C:\Program Files\Java\jdk-21.0.6\bin\java.exe
0x00007ffb8b9f0000 - 0x00007ffb8bc07000 	C:\WINDOWS\SYSTEM32\ntdll.dll
0x00007ffb897a0000 - 0x00007ffb89864000 	C:\WINDOWS\System32\KERNEL32.DLL
0x00007ffb88e50000 - 0x00007ffb89223000 	C:\WINDOWS\System32\KERNELBASE.dll
0x00007ffb88d30000 - 0x00007ffb88e41000 	C:\WINDOWS\System32\ucrtbase.dll
0x00007ffb5db90000 - 0x00007ffb5dbab000 	C:\Program Files\Java\jdk-21.0.6\bin\VCRUNTIME140.dll
0x00007ffb5db70000 - 0x00007ffb5db89000 	C:\Program Files\Java\jdk-21.0.6\bin\jli.dll
0x00007ffb8a5b0000 - 0x00007ffb8a661000 	C:\WINDOWS\System32\ADVAPI32.dll
0x00007ffb8a670000 - 0x00007ffb8a717000 	C:\WINDOWS\System32\msvcrt.dll
0x00007ffb8aa20000 - 0x00007ffb8aac8000 	C:\WINDOWS\System32\sechost.dll
0x00007ffb894a0000 - 0x00007ffb894c8000 	C:\WINDOWS\System32\bcrypt.dll
0x00007ffb89ab0000 - 0x00007ffb89bc4000 	C:\WINDOWS\System32\RPCRT4.dll
0x00007ffb898f0000 - 0x00007ffb89aa1000 	C:\WINDOWS\System32\USER32.dll
0x00007ffb7f050000 - 0x00007ffb7f2e8000 	C:\WINDOWS\WinSxS\amd64_microsoft.windows.common-controls_6595b64144ccf1df_6.0.22621.5124_none_270e8f4f7386d69d\COMCTL32.dll
0x00007ffb892b0000 - 0x00007ffb892d6000 	C:\WINDOWS\System32\win32u.dll
0x00007ffb8a9f0000 - 0x00007ffb8aa19000 	C:\WINDOWS\System32\GDI32.dll
0x00007ffb89570000 - 0x00007ffb8968b000 	C:\WINDOWS\System32\gdi32full.dll
0x00007ffb894d0000 - 0x00007ffb8956a000 	C:\WINDOWS\System32\msvcp_win.dll
0x00007ffb80360000 - 0x00007ffb8036a000 	C:\WINDOWS\SYSTEM32\VERSION.dll
0x00007ffb8b900000 - 0x00007ffb8b931000 	C:\WINDOWS\System32\IMM32.DLL
0x00007ffb79c10000 - 0x00007ffb79c1c000 	C:\Program Files\Java\jdk-21.0.6\bin\vcruntime140_1.dll
0x00007ffb5dae0000 - 0x00007ffb5db6e000 	C:\Program Files\Java\jdk-21.0.6\bin\msvcp140.dll
0x00007ffaecf00000 - 0x00007ffaedc1a000 	C:\Program Files\Java\jdk-21.0.6\bin\server\jvm.dll
0x00007ffb89bd0000 - 0x00007ffb89c41000 	C:\WINDOWS\System32\WS2_32.dll
0x00007ffb87980000 - 0x00007ffb879cd000 	C:\WINDOWS\SYSTEM32\POWRPROF.dll
0x00007ffb82ce0000 - 0x00007ffb82d14000 	C:\WINDOWS\SYSTEM32\WINMM.dll
0x00007ffb87960000 - 0x00007ffb87973000 	C:\WINDOWS\SYSTEM32\UMPDC.dll
0x00007ffb87c20000 - 0x00007ffb87c38000 	C:\WINDOWS\SYSTEM32\kernel.appcore.dll
0x00007ffb5dc70000 - 0x00007ffb5dc7a000 	C:\Program Files\Java\jdk-21.0.6\bin\jimage.dll
0x00007ffb865d0000 - 0x00007ffb86802000 	C:\WINDOWS\SYSTEM32\DBGHELP.DLL
0x00007ffb8ab00000 - 0x00007ffb8ae92000 	C:\WINDOWS\System32\combase.dll
0x00007ffb8a850000 - 0x00007ffb8a927000 	C:\WINDOWS\System32\OLEAUT32.dll
0x00007ffb7da70000 - 0x00007ffb7daa2000 	C:\WINDOWS\SYSTEM32\dbgcore.DLL
0x00007ffb89420000 - 0x00007ffb8949b000 	C:\WINDOWS\System32\bcryptPrimitives.dll
0x00007ffb5dad0000 - 0x00007ffb5dadf000 	C:\Program Files\Java\jdk-21.0.6\bin\instrument.dll
0x00007ffb5dab0000 - 0x00007ffb5dacf000 	C:\Program Files\Java\jdk-21.0.6\bin\java.dll
0x00007ffb8b060000 - 0x00007ffb8b8f6000 	C:\WINDOWS\System32\SHELL32.dll
0x00007ffb892e0000 - 0x00007ffb8941f000 	C:\WINDOWS\System32\wintypes.dll
0x00007ffb869e0000 - 0x00007ffb872fa000 	C:\WINDOWS\SYSTEM32\windows.storage.dll
0x00007ffb8a730000 - 0x00007ffb8a83a000 	C:\WINDOWS\System32\SHCORE.dll
0x00007ffb8a930000 - 0x00007ffb8a993000 	C:\WINDOWS\System32\shlwapi.dll
0x00007ffb88a30000 - 0x00007ffb88a5b000 	C:\WINDOWS\SYSTEM32\profapi.dll
0x00007ffb25a20000 - 0x00007ffb25af7000 	C:\Program Files\Java\jdk-21.0.6\bin\jsvml.dll
0x00007ffb56820000 - 0x00007ffb56838000 	C:\Program Files\Java\jdk-21.0.6\bin\zip.dll
0x00007ffb56810000 - 0x00007ffb56820000 	C:\Program Files\Java\jdk-21.0.6\bin\net.dll
0x00007ffb844b0000 - 0x00007ffb845dc000 	C:\WINDOWS\SYSTEM32\WINHTTP.dll
0x00007ffb880a0000 - 0x00007ffb8810a000 	C:\WINDOWS\system32\mswsock.dll
0x00007ffb567f0000 - 0x00007ffb56806000 	C:\Program Files\Java\jdk-21.0.6\bin\nio.dll
0x00007ffb567e0000 - 0x00007ffb567f0000 	C:\Program Files\Java\jdk-21.0.6\bin\verify.dll
0x00007ffb5dbb0000 - 0x00007ffb5dbd7000 	C:\Users\ASUS\.gradle\native\1def1411415f61bf3af743bc5b6707747c0891f09f0c88961ee8f79bc544acac\windows-amd64\native-platform.dll
0x00007ffb3d4f0000 - 0x00007ffb3d568000 	C:\Users\ASUS\.gradle\native\0.2.6\x86_64-windows-gnu\gradle-fileevents.dll
0x00007ffb567d0000 - 0x00007ffb567da000 	C:\Program Files\Java\jdk-21.0.6\bin\management.dll
0x00007ffb56770000 - 0x00007ffb5677b000 	C:\Program Files\Java\jdk-21.0.6\bin\management_ext.dll
0x00007ffb8aad0000 - 0x00007ffb8aad8000 	C:\WINDOWS\System32\PSAPI.DLL
0x00007ffb875f0000 - 0x00007ffb8761d000 	C:\WINDOWS\SYSTEM32\IPHLPAPI.DLL
0x00007ffb8a720000 - 0x00007ffb8a729000 	C:\WINDOWS\System32\NSI.dll
0x00007ffb54250000 - 0x00007ffb54259000 	C:\Program Files\Java\jdk-21.0.6\bin\extnet.dll
0x00007ffb882f0000 - 0x00007ffb8830b000 	C:\WINDOWS\SYSTEM32\CRYPTSP.dll
0x00007ffb87b80000 - 0x00007ffb87bb7000 	C:\WINDOWS\system32\rsaenh.dll
0x00007ffb88190000 - 0x00007ffb881b8000 	C:\WINDOWS\SYSTEM32\USERENV.dll
0x00007ffb88310000 - 0x00007ffb8831c000 	C:\WINDOWS\SYSTEM32\CRYPTBASE.dll
0x00007ffb511b0000 - 0x00007ffb511be000 	C:\Program Files\Java\jdk-21.0.6\bin\sunmscapi.dll
0x00007ffb88bc0000 - 0x00007ffb88d27000 	C:\WINDOWS\System32\CRYPT32.dll
0x00007ffb88490000 - 0x00007ffb884bd000 	C:\WINDOWS\SYSTEM32\ncrypt.dll
0x00007ffb88450000 - 0x00007ffb88487000 	C:\WINDOWS\SYSTEM32\NTASN1.dll
0x00007ffb56240000 - 0x00007ffb56248000 	C:\WINDOWS\system32\wshunix.dll

dbghelp: loaded successfully - version: 4.0.5 - missing functions: none
symbol engine: initialized successfully - sym options: 0x614 - pdb path: .;C:\Program Files\Java\jdk-21.0.6\bin;C:\WINDOWS\SYSTEM32;C:\WINDOWS\WinSxS\amd64_microsoft.windows.common-controls_6595b64144ccf1df_6.0.22621.5124_none_270e8f4f7386d69d;C:\Program Files\Java\jdk-21.0.6\bin\server;C:\Users\ASUS\.gradle\native\1def1411415f61bf3af743bc5b6707747c0891f09f0c88961ee8f79bc544acac\windows-amd64;C:\Users\ASUS\.gradle\native\0.2.6\x86_64-windows-gnu

VM Arguments:
jvm_args: --add-opens=java.base/java.lang=ALL-UNNAMED --add-opens=java.base/java.lang.invoke=ALL-UNNAMED --add-opens=java.base/java.util=ALL-UNNAMED --add-opens=java.prefs/java.util.prefs=ALL-UNNAMED --add-exports=jdk.compiler/com.sun.tools.javac.api=ALL-UNNAMED --add-exports=jdk.compiler/com.sun.tools.javac.util=ALL-UNNAMED --add-opens=java.base/java.util=ALL-UNNAMED --add-opens=java.prefs/java.util.prefs=ALL-UNNAMED --add-opens=java.base/java.nio.charset=ALL-UNNAMED --add-opens=java.base/java.net=ALL-UNNAMED --add-opens=java.base/java.util.concurrent.atomic=ALL-UNNAMED --add-opens=java.xml/javax.xml.namespace=ALL-UNNAMED -XX:MaxMetaspaceSize=384m -XX:+HeapDumpOnOutOfMemoryError -Xms256m -Xmx512m -Dfile.encoding=UTF-8 -Duser.country=US -Duser.language=en -Duser.variant -javaagent:C:\Users\ASUS\.gradle\wrapper\dists\gradle-8.12.1-bin\eumc4uhoysa37zql93vfjkxy0\gradle-8.12.1\lib\agents\gradle-instrumentation-agent-8.12.1.jar 
java_command: org.gradle.launcher.daemon.bootstrap.GradleDaemon 8.12.1
java_class_path (initial): C:\Users\ASUS\.gradle\wrapper\dists\gradle-8.12.1-bin\eumc4uhoysa37zql93vfjkxy0\gradle-8.12.1\lib\gradle-daemon-main-8.12.1.jar
Launcher Type: SUN_STANDARD

[Global flags]
     intx CICompilerCount                          = 4                                         {product} {ergonomic}
   size_t CompressedClassSpaceSize                 = 335544320                                 {product} {ergonomic}
     uint ConcGCThreads                            = 3                                         {product} {ergonomic}
     uint G1ConcRefinementThreads                  = 10                                        {product} {ergonomic}
   size_t G1HeapRegionSize                         = 1048576                                   {product} {ergonomic}
    uintx GCDrainStackTargetSize                   = 64                                        {product} {ergonomic}
     bool HeapDumpOnOutOfMemoryError               = true                                   {manageable} {command line}
   size_t InitialHeapSize                          = 268435456                                 {product} {command line}
   size_t MarkStackSize                            = 4194304                                   {product} {ergonomic}
   size_t MaxHeapSize                              = 536870912                                 {product} {command line}
   size_t MaxMetaspaceSize                         = 402653184                                 {product} {command line}
   size_t MaxNewSize                               = 321912832                                 {product} {ergonomic}
   size_t MinHeapDeltaBytes                        = 1048576                                   {product} {ergonomic}
   size_t MinHeapSize                              = 268435456                                 {product} {command line}
    uintx NonNMethodCodeHeapSize                   = 5839372                                {pd product} {ergonomic}
    uintx NonProfiledCodeHeapSize                  = 122909434                              {pd product} {ergonomic}
    uintx ProfiledCodeHeapSize                     = 122909434                              {pd product} {ergonomic}
    uintx ReservedCodeCacheSize                    = 251658240                              {pd product} {ergonomic}
     bool SegmentedCodeCache                       = true                                      {product} {ergonomic}
   size_t SoftMaxHeapSize                          = 536870912                              {manageable} {ergonomic}
     bool UseCompressedOops                        = true                           {product lp64_product} {ergonomic}
     bool UseG1GC                                  = true                                      {product} {ergonomic}
     bool UseLargePagesIndividualAllocation        = false                                  {pd product} {ergonomic}

Logging:
Log output configuration:
 #0: stdout all=warning uptime,level,tags foldmultilines=false
 #1: stderr all=off uptime,level,tags foldmultilines=false

Environment Variables:
JAVA_HOME=C:\Program Files\Java\jdk-21.0.6
PATH=C:\Python312\Scripts\;C:\Python312\;C:\Windows\system32;C:\Windows;C:\Windows\System32\Wbem;C:\Windows\System32\WindowsPowerShell\v1.0\;C:\Windows\System32\OpenSSH\;C:\Program Files (x86)\NVIDIA Corporation\PhysX\Common;C:\Program Files\NVIDIA Corporation\NVIDIA NvDLISR;C:\Program Files\dotnet\;C:\Program Files\Microsoft SQL Server\Client SDK\ODBC\170\Tools\Binn\;C:\Program Files (x86)\Microsoft SQL Server\150\Tools\Binn\;C:\Program Files\Microsoft SQL Server\150\Tools\Binn\;C:\Program Files\Microsoft SQL Server\150\DTS\Binn\;C:\Program Files (x86)\Microsoft SQL Server\150\DTS\Binn\;C:\Program Files\Azure Data Studio\bin;C:\Program Files\Git\cmd;C:\Program Files\MongoDB\Server\6.0\bin;C:\apache-maven-3.9.6\bin;C:\Program Files\Java\jdk-21.0.6\bin;C:\WINDOWS\system32;C:\WINDOWS;C:\WINDOWS\System32\Wbem;C:\WINDOWS\System32\WindowsPowerShell\v1.0\;C:\WINDOWS\System32\OpenSSH\;C:\Program Files\nodejs\;C:\ProgramData\chocolatey\bin;C:\Program Files\Docker\Docker\resources\bin;C:\Program Files\gsudo\Current;C:\Users\ASUS\AppData\Local\Microsoft\WindowsApps;C:\Program Files\Azure Data Studio\bin;C:\Users\ASUS\AppData\Local\Programs\Microsoft VS Code\bin;C:\msys645\mingw64\bin;C:\Users\ASUS\AppData\Local\Programs\mongosh\;C:\Program Files\MongoDB\Tools\100\bin;C:\Users\ASUS\.dotnet\tools;C:\apache-maven-3.9.6\bin;C:\Users\ASUS\AppData\Roaming\npm;C:\Users\ASUS\pipx\venvs\poetry\Scripts;
USERNAME=ASUS
OS=Windows_NT
PROCESSOR_IDENTIFIER=Intel64 Family 6 Model 154 Stepping 3, GenuineIntel
TMP=C:\Users\ASUS\AppData\Local\Temp
TEMP=C:\Users\ASUS\AppData\Local\Temp




Periodic native trim disabled

---------------  S Y S T E M  ---------------

OS:
 Windows 11 , 64 bit Build 22621 (10.0.22621.5124)
OS uptime: 0 days 1:40 hours
Hyper-V role detected

CPU: total 12 (initial active 12) (6 cores per cpu, 2 threads per core) family 6 model 154 stepping 3 microcode 0x41c, cx8, cmov, fxsr, ht, mmx, 3dnowpref, sse, sse2, sse3, ssse3, sse4.1, sse4.2, popcnt, lzcnt, tsc, tscinvbit, avx, avx2, aes, erms, clmul, bmi1, bmi2, adx, sha, fma, vzeroupper, clflush, clflushopt, clwb, hv, serialize, rdtscp, rdpid, fsrm, f16c, cet_ibt, cet_ss
Processor Information for processor 0
  Max Mhz: 2000, Current Mhz: 2000, Mhz Limit: 2000
Processor Information for processor 1
  Max Mhz: 2000, Current Mhz: 2000, Mhz Limit: 2000
Processor Information for processor 2
  Max Mhz: 2000, Current Mhz: 2000, Mhz Limit: 2000
Processor Information for processor 3
  Max Mhz: 2000, Current Mhz: 2000, Mhz Limit: 2000
Processor Information for processor 4
  Max Mhz: 2000, Current Mhz: 2000, Mhz Limit: 2000
Processor Information for processor 5
  Max Mhz: 2000, Current Mhz: 2000, Mhz Limit: 2000
Processor Information for processor 6
  Max Mhz: 2000, Current Mhz: 2000, Mhz Limit: 2000
Processor Information for processor 7
  Max Mhz: 2000, Current Mhz: 2000, Mhz Limit: 2000
Processor Information for processor 8
  Max Mhz: 2000, Current Mhz: 1500, Mhz Limit: 1500
Processor Information for processor 9
  Max Mhz: 2000, Current Mhz: 1500, Mhz Limit: 1500
Processor Information for processor 10
  Max Mhz: 2000, Current Mhz: 1500, Mhz Limit: 1500
Processor Information for processor 11
  Max Mhz: 2000, Current Mhz: 1500, Mhz Limit: 1500

Memory: 4k page, system-wide physical 7813M (10M free)
TotalPageFile size 31365M (AvailPageFile size 16M)
current process WorkingSet (physical memory assigned to process): 17M, peak: 121M
current process commit charge ("private bytes"): 419M, peak: 441M

vm_info: Java HotSpot(TM) 64-Bit Server VM (21.0.6+8-LTS-188) for windows-amd64 JRE (21.0.6+8-LTS-188), built on 2024-12-03T10:50:54Z by "mach5one" with MS VC++ 17.6 (VS2022)

END.
