#
# A fatal error has been detected by the Java Runtime Environment:
#
#  EXCEPTION_ACCESS_VIOLATION (0xc0000005) at pc=0x00007fff48411950, pid=13268, tid=10904
#
# JRE version: Java(TM) SE Runtime Environment Oracle GraalVM 17.0.12+8.1 (17.0.12+8) (build 17.0.12+8-LTS-jvmci-23.0-b41)
# Java VM: Java HotSpot(TM) 64-Bit Server VM Oracle GraalVM 17.0.12+8.1 (17.0.12+8-LTS-jvmci-23.0-b41, mixed mode, sharing, tiered, jvmci, jvmci compiler, compressed oops, compressed class ptrs, g1 gc, windows-amd64)
# Problematic frame:
# C  [native-platform-file-events.dll+0xf1950]
#
# No core dump will be written. Minidumps are not enabled by default on client versions of Windows
#
# If you would like to submit a bug report, please visit:
#   https://bugreport.java.com/bugreport/crash.jsp
# The crash happened outside the Java Virtual Machine in native code.
# See problematic frame for where to report the bug.
#

---------------  S U M M A R Y ------------

Command Line: -XX:ThreadPriorityPolicy=1 -XX:+UnlockExperimentalVMOptions -XX:+EnableJVMCIProduct -XX:-UnlockExperimentalVMOptions --add-opens=java.base/java.lang=ALL-UNNAMED --add-opens=java.base/java.lang.invoke=ALL-UNNAMED --add-opens=java.base/java.util=ALL-UNNAMED --add-opens=java.prefs/java.util.prefs=ALL-UNNAMED --add-exports=jdk.compiler/com.sun.tools.javac.api=ALL-UNNAMED --add-exports=jdk.compiler/com.sun.tools.javac.util=ALL-UNNAMED --add-opens=java.base/java.util=ALL-UNNAMED --add-opens=java.prefs/java.util.prefs=ALL-UNNAMED --add-opens=java.base/java.nio.charset=ALL-UNNAMED --add-opens=java.base/java.net=ALL-UNNAMED --add-opens=java.base/java.util.concurrent.atomic=ALL-UNNAMED --add-opens=java.xml/javax.xml.namespace=ALL-UNNAMED -XX:MaxMetaspaceSize=384m -XX:+HeapDumpOnOutOfMemoryError -Xms256m -Xmx512m -Dfile.encoding=UTF-8 -Duser.country=US -Duser.language=en -Duser.variant -javaagent:F:\IUH\HK_I_2024\LapTrinhWWWJava\gradle-8.11.1\lib\agents\gradle-instrumentation-agent-8.11.1.jar org.gradle.launcher.daemon.bootstrap.GradleDaemon 8.11.1

Host: Intel(R) Core(TM) i5-7200U CPU @ 2.50GHz, 4 cores, 11G,  Windows 10 , 64 bit Build 19041 (10.0.19041.2364)
Time: Tue May 13 13:49:51 2025 SE Asia Standard Time elapsed time: 2107.915669 seconds (0d 0h 35m 7s)

---------------  T H R E A D  ---------------

Current thread (0x0000020f819053f0):  JavaThread "File watcher server" daemon [_thread_in_native, id=10904, stack(0x00000017c0f00000,0x00000017c1000000)]

Stack: [0x00000017c0f00000,0x00000017c1000000],  sp=0x00000017c0ffec28,  free space=1019k
Native frames: (J=compiled Java code, j=interpreted, Vv=VM code, C=native code)
C  [native-platform-file-events.dll+0xf1950]

Java frames: (J=compiled Java code, j=interpreted, Vv=VM code)
j  net.rubygrapefruit.platform.internal.jni.AbstractNativeFileEventFunctions$NativeFileWatcher.executeRunLoop0(Ljava/lang/Object;)V+0
j  net.rubygrapefruit.platform.internal.jni.AbstractNativeFileEventFunctions$NativeFileWatcher.executeRunLoop()V+5
j  net.rubygrapefruit.platform.internal.jni.AbstractFileEventFunctions$AbstractFileWatcher$1.run()V+21
v  ~StubRoutines::call_stub

siginfo: EXCEPTION_ACCESS_VIOLATION (0xc0000005), reading address 0xffffffffffffffff


Registers:
RAX=0x4800000104876348, RBX=0x0000000000000000, RCX=0x00000017c06fa948, RDX=0x0000000000000000
RSP=0x00000017c0ffec28, RBP=0x00000017c0fff5f8, RSI=0x00000017c06fa940, RDI=0x00000017c06fa900
R8 =0x0000020fbf877380, R9 =0x0000000000000001, R10=0x0000000000008000, R11=0x00000017c0ffe8e0
R12=0x0000000000000000, R13=0x0000020ff5394dd0, R14=0x0000000000000000, R15=0x0000020f819053f0
RIP=0x00007fff48411950, EFLAGS=0x0000000000010296


Register to memory mapping:

RIP=0x00007fff48411950 native-platform-file-events.dll
RAX=0x4800000104876348 is an unknown value
RBX=0x0 is NULL
RCX=0x00000017c06fa948 is pointing into the stack for thread: 0x0000020fdea47f90
RDX=0x0 is NULL
RSP=0x00000017c0ffec28 is pointing into the stack for thread: 0x0000020f819053f0
RBP=0x00000017c0fff5f8 is pointing into the stack for thread: 0x0000020f819053f0
RSI=0x00000017c06fa940 is pointing into the stack for thread: 0x0000020fdea47f90
RDI=0x00000017c06fa900 is pointing into the stack for thread: 0x0000020fdea47f90
R8 =0x0000020fbf877380 points into unknown readable memory: 0x0000020fbf870d20 | 20 0d 87 bf 0f 02 00 00
R9 =0x0000000000000001 is an unknown value
R10=0x0000000000008000 is an unknown value
R11=0x00000017c0ffe8e0 is pointing into the stack for thread: 0x0000020f819053f0
R12=0x0 is NULL
R13={method} {0x0000020ff5394dd8} 'executeRunLoop0' '(Ljava/lang/Object;)V' in 'net/rubygrapefruit/platform/internal/jni/AbstractNativeFileEventFunctions$NativeFileWatcher'
R14=0x0 is NULL
R15=0x0000020f819053f0 is a thread


Top of Stack: (sp=0x00000017c0ffec28)
0x00000017c0ffec28:   00007fff48366449 0000000000000000
0x00000017c0ffec38:   0000020fd32eab96 00000000ef0000d8
0x00000017c0ffec48:   00007fff483431d3 0000020f82b91478
0x00000017c0ffec58:   00007fff4836681f 000002df94b6dc8d
0x00000017c0ffec68:   00007fff4834db23 00000017c0fff620
0x00000017c0ffec78:   00000017c06fa900 00007fff4833f1f0
0x00000017c0ffec88:   00007fff4835713b 00000017c06fa940
0x00000017c0ffec98:   00000017c0ffed00 0000000000000000
0x00000017c0ffeca8:   00007fff4834c04e 0000020f82b91470
0x00000017c0ffecb8:   00007fff48349346 00000017c06fa940
0x00000017c0ffecc8:   00000017c0ffed38 0000020f82b91470
0x00000017c0ffecd8:   0000000000000000 00000000e07369f8
0x00000017c0ffece8:   00007fff48356562 00000017c0ffed30
0x00000017c0ffecf8:   00000017c06fa940 0000001700000000
0x00000017c0ffed08:   0000020f82ca21d0 00007fff00000001
0x00000017c0ffed18:   0000000000000000 00000000e11e7538 

Instructions: (pc=0x00007fff48411950)
0x00007fff48411850:   cc cc cc cc cc cc cc cc cc cc cc cc cc cc cc cc
0x00007fff48411860:   cc cc cc cc cc cc cc cc cc cc cc cc cc cc cc cc
0x00007fff48411870:   cc cc cc cc cc cc cc cc cc cc cc cc cc cc cc cc
0x00007fff48411880:   cc cc cc cc cc cc cc cc cc cc cc cc cc cc cc cc
0x00007fff48411890:   cc cc cc cc cc cc cc cc cc cc cc cc cc cc cc cc
0x00007fff484118a0:   cc cc cc cc cc cc cc cc cc cc cc cc cc cc cc cc
0x00007fff484118b0:   cc cc cc cc cc cc cc cc cc cc cc cc cc cc cc cc
0x00007fff484118c0:   cc cc cc cc cc cc cc cc cc cc cc cc cc cc cc cc
0x00007fff484118d0:   cc cc cc cc cc cc cc cc cc cc cc cc cc cc cc cc
0x00007fff484118e0:   cc cc cc cc cc cc cc cc cc cc cc cc cc cc cc cc
0x00007fff484118f0:   cc cc cc cc cc cc cc cc cc cc cc cc cc cc cc cc
0x00007fff48411900:   cc cc cc cc cc cc cc cc cc cc cc cc cc cc cc cc
0x00007fff48411910:   cc cc cc cc cc cc cc cc cc cc cc cc cc cc cc cc
0x00007fff48411920:   cc cc cc cc cc cc cc cc cc cc cc cc cc cc cc cc
0x00007fff48411930:   cc cc cc cc cc cc cc cc cc cc cc cc cc cc cc cc
0x00007fff48411940:   cc cc cc cc cc cc 66 66 0f 1f 84 00 00 00 00 00
0x00007fff48411950:   ff e0 cc cc cc cc cc cc cc cc cc cc cc cc cc cc
0x00007fff48411960:   cc cc cc cc cc cc 66 66 0f 1f 84 00 00 00 00 00
0x00007fff48411970:   ff 25 aa e6 04 00 cc cc cc cc cc cc cc cc cc cc
0x00007fff48411980:   cc cc cc cc cc cc cc cc cc cc cc cc cc cc cc cc
0x00007fff48411990:   cc cc cc cc cc cc cc cc cc cc cc cc cc cc cc cc
0x00007fff484119a0:   cc cc cc cc cc cc cc cc cc cc cc cc cc cc cc cc
0x00007fff484119b0:   cc cc cc cc cc cc cc cc cc cc cc cc cc cc cc cc
0x00007fff484119c0:   cc cc cc cc cc cc cc cc cc cc cc cc cc cc cc cc
0x00007fff484119d0:   cc cc cc cc cc cc cc cc cc cc cc cc cc cc cc cc
0x00007fff484119e0:   cc cc cc cc cc cc cc cc cc cc cc cc cc cc cc cc
0x00007fff484119f0:   cc cc cc cc cc cc cc cc cc cc cc cc cc cc cc cc
0x00007fff48411a00:   cc cc cc cc cc cc cc cc cc cc cc cc cc cc cc cc
0x00007fff48411a10:   cc cc cc cc cc cc cc cc cc cc cc cc cc cc cc cc
0x00007fff48411a20:   cc cc cc cc cc cc cc cc cc cc cc cc cc cc cc cc
0x00007fff48411a30:   cc cc cc cc cc cc cc cc cc cc cc cc cc cc cc cc
0x00007fff48411a40:   cc cc cc cc cc cc cc cc cc cc cc cc cc cc cc cc 


Stack slot to memory mapping:
stack at sp + 0 slots: 0x00007fff48366449 native-platform-file-events.dll
stack at sp + 1 slots: 0x0 is NULL
stack at sp + 2 slots: 0x0000020fd32eab96 is at code_begin+22 in an Interpreter codelet
result handlers for native calls  [0x0000020fd32eab80, 0x0000020fd32eaba0]  32 bytes
stack at sp + 3 slots: 0x00000000ef0000d8 is an oop: java.lang.String 
{0x00000000ef0000d8} - klass: 'java/lang/String'
 - string: "F:\"
stack at sp + 4 slots: 0x00007fff483431d3 native-platform-file-events.dll
stack at sp + 5 slots: 0x0000020f82b91478 points into unknown readable memory: 0x0000020f8199d2f0 | f0 d2 99 81 0f 02 00 00
stack at sp + 6 slots: 0x00007fff4836681f native-platform-file-events.dll
stack at sp + 7 slots: 0x000002df94b6dc8d is an unknown value


---------------  P R O C E S S  ---------------

Threads class SMR info:
_java_thread_list=0x0000020f8293b0f0, length=83, elements={
0x0000020fc1b23ed0, 0x0000020fde596a80, 0x0000020fde597550, 0x0000020fde5ac200,
0x0000020fde5acbd0, 0x0000020fde5ad4a0, 0x0000020fde5add70, 0x0000020fde5aeaf0,
0x0000020fde5b04c0, 0x0000020fde5e4850, 0x0000020fde57b040, 0x0000020fde8cf190,
0x0000020fde92ff10, 0x0000020fde926170, 0x0000020f808419c0, 0x0000020fdea493d0,
0x0000020fdea4a300, 0x0000020fdea48ec0, 0x0000020fdea47570, 0x0000020f819053f0,
0x0000020f81906830, 0x0000020f81904ee0, 0x0000020f81906320, 0x0000020f81903590,
0x0000020f827331f0, 0x0000020f82e75bc0, 0x0000020f82e700a0, 0x0000020f82e751a0,
0x0000020f82e714e0, 0x0000020f82e719f0, 0x0000020f82e756b0, 0x0000020f82e72920,
0x0000020f82e765e0, 0x0000020f82e77000, 0x0000020f82e77510, 0x0000020f82e72410,
0x0000020f82e72e30, 0x0000020f82e760d0, 0x0000020f82e73850, 0x0000020f82e74780,
0x0000020f82e74c90, 0x0000020f82a3b4d0, 0x0000020f82a3f6a0, 0x0000020f82a3e770,
0x0000020f82a3ec80, 0x0000020f82a3a090, 0x0000020f82a400c0, 0x0000020f82a405d0,
0x0000020f82a3d840, 0x0000020f82a3c910, 0x0000020f82a40ae0, 0x0000020f82a3ce20,
0x0000020f82a41500, 0x0000020f82a40ff0, 0x0000020f82a3d330, 0x0000020f82a41a10,
0x0000020f82a3e260, 0x0000020f82a3dd50, 0x0000020f82730e80, 0x0000020f82736490,
0x0000020f82734b40, 0x0000020f8272f020, 0x0000020f82735a70, 0x0000020f82735f80,
0x0000020f8272f530, 0x0000020f8272fa40, 0x0000020f8272ff50, 0x0000020f82732ce0,
0x0000020f82735050, 0x0000020f827318a0, 0x0000020f82733700, 0x0000020f82733c10,
0x0000020f82730460, 0x0000020f82730970, 0x0000020f82731390, 0x0000020f82731db0,
0x0000020f827322c0, 0x0000020fdea47a80, 0x0000020fdea47f90, 0x0000020fdea489b0,
0x0000020fdea484a0, 0x0000020fdea49df0, 0x0000020f81903aa0
}

Java Threads: ( => current thread )
  0x0000020fc1b23ed0 JavaThread "main" [_thread_blocked, id=15308, stack(0x00000017be900000,0x00000017bea00000)]
  0x0000020fde596a80 JavaThread "Reference Handler" daemon [_thread_blocked, id=15448, stack(0x00000017bf100000,0x00000017bf200000)]
  0x0000020fde597550 JavaThread "Finalizer" daemon [_thread_blocked, id=16948, stack(0x00000017bf200000,0x00000017bf300000)]
  0x0000020fde5ac200 JavaThread "Signal Dispatcher" daemon [_thread_blocked, id=3360, stack(0x00000017bf300000,0x00000017bf400000)]
  0x0000020fde5acbd0 JavaThread "Attach Listener" daemon [_thread_blocked, id=16672, stack(0x00000017bf400000,0x00000017bf500000)]
  0x0000020fde5ad4a0 JavaThread "Service Thread" daemon [_thread_blocked, id=2776, stack(0x00000017bf500000,0x00000017bf600000)]
  0x0000020fde5add70 JavaThread "Monitor Deflation Thread" daemon [_thread_blocked, id=13456, stack(0x00000017bf600000,0x00000017bf700000)]
  0x0000020fde5aeaf0 JavaThread "JVMCI-native CompilerThread0" daemon [_thread_blocked, id=1688, stack(0x00000017bf700000,0x00000017bf800000)]
  0x0000020fde5b04c0 JavaThread "C1 CompilerThread0" daemon [_thread_blocked, id=17132, stack(0x00000017bf800000,0x00000017bf900000)]
  0x0000020fde5e4850 JavaThread "Sweeper thread" daemon [_thread_blocked, id=10016, stack(0x00000017bf900000,0x00000017bfa00000)]
  0x0000020fde57b040 JavaThread "Common-Cleaner" daemon [_thread_blocked, id=9184, stack(0x00000017bfa00000,0x00000017bfb00000)]
  0x0000020fde8cf190 JavaThread "Notification Thread" daemon [_thread_blocked, id=12324, stack(0x00000017bfc00000,0x00000017bfd00000)]
  0x0000020fde92ff10 JavaThread "Daemon health stats" [_thread_blocked, id=13640, stack(0x00000017c0100000,0x00000017c0200000)]
  0x0000020fde926170 JavaThread "Incoming local TCP Connector on port 49873" [_thread_in_native, id=13648, stack(0x00000017c0200000,0x00000017c0300000)]
  0x0000020f808419c0 JavaThread "Daemon periodic checks" [_thread_blocked, id=8848, stack(0x00000017c0300000,0x00000017c0400000)]
  0x0000020fdea493d0 JavaThread "Cache worker for journal cache (F:\IUH\HK_I_2024\LapTrinhWWWJava\gradle-8.11.1\caches\journal-1)" [_thread_blocked, id=8048, stack(0x00000017c0a00000,0x00000017c0b00000)]
  0x0000020fdea4a300 JavaThread "File lock request listener" [_thread_in_native, id=13552, stack(0x00000017c0b00000,0x00000017c0c00000)]
  0x0000020fdea48ec0 JavaThread "Cache worker for file hash cache (F:\IUH\HK_I_2024\LapTrinhWWWJava\gradle-8.11.1\caches\8.11.1\fileHashes)" [_thread_blocked, id=17344, stack(0x00000017c0d00000,0x00000017c0e00000)]
  0x0000020fdea47570 JavaThread "Cache worker for file content cache (F:\IUH\HK_I_2024\LapTrinhWWWJava\gradle-8.11.1\caches\8.11.1\fileContent)" [_thread_blocked, id=15996, stack(0x00000017c0c00000,0x00000017c0d00000)]
=>0x0000020f819053f0 JavaThread "File watcher server" daemon [_thread_in_native, id=10904, stack(0x00000017c0f00000,0x00000017c1000000)]
  0x0000020f81906830 JavaThread "jar transforms" [_thread_blocked, id=3020, stack(0x00000017c1800000,0x00000017c1900000)]
  0x0000020f81904ee0 JavaThread "jar transforms Thread 2" [_thread_blocked, id=16644, stack(0x00000017c1900000,0x00000017c1a00000)]
  0x0000020f81906320 JavaThread "jar transforms Thread 3" [_thread_blocked, id=13780, stack(0x00000017c1b00000,0x00000017c1c00000)]
  0x0000020f81903590 JavaThread "jar transforms Thread 4" [_thread_blocked, id=11020, stack(0x00000017c1c00000,0x00000017c1d00000)]
  0x0000020f827331f0 JavaThread "Memory manager" [_thread_blocked, id=6756, stack(0x00000017c2600000,0x00000017c2700000)]
  0x0000020f82e75bc0 JavaThread "Daemon Thread 9" [_thread_blocked, id=15976, stack(0x00000017c0900000,0x00000017c0a00000)]
  0x0000020f82e700a0 JavaThread "Handler for socket connection from /127.0.0.1:49873 to /127.0.0.1:50836" [_thread_in_native, id=17588, stack(0x00000017c0e00000,0x00000017c0f00000)]
  0x0000020f82e751a0 JavaThread "Cancel handler" [_thread_blocked, id=17828, stack(0x00000017c1000000,0x00000017c1100000)]
  0x0000020f82e714e0 JavaThread "Daemon worker Thread 3" [_thread_blocked, id=17916, stack(0x00000017c1300000,0x00000017c1400000)]
  0x0000020f82e719f0 JavaThread "Asynchronous log dispatcher for DefaultDaemonConnection: socket connection from /127.0.0.1:49873 to /127.0.0.1:50836" [_thread_blocked, id=17780, stack(0x00000017c1100000,0x00000017c1200000)]
  0x0000020f82e756b0 JavaThread "Stdin handler" [_thread_blocked, id=14980, stack(0x00000017c1500000,0x00000017c1600000)]
  0x0000020f82e72920 JavaThread "Daemon client event forwarder" [_thread_blocked, id=1936, stack(0x00000017c1600000,0x00000017c1700000)]
  0x0000020f82e765e0 JavaThread "Cache worker for file hash cache (F:\IUH\HK_II_2024\KienTrucPhanMem\Project\SUBJECT-PROJECT__Software-Architecture-and-Design\inventory-service\.gradle\8.11.1\fileHashes)" [_thread_blocked, id=9420, stack(0x00000017c1700000,0x00000017c1800000)]
  0x0000020f82e77000 JavaThread "Cache worker for Build Output Cleanup Cache (F:\IUH\HK_II_2024\KienTrucPhanMem\Project\SUBJECT-PROJECT__Software-Architecture-and-Design\inventory-service\.gradle\buildOutputCleanup)" [_thread_blocked, id=17664, stack(0x00000017c1a00000,0x00000017c1b00000)]
  0x0000020f82e77510 JavaThread "Cache worker for checksums cache (F:\IUH\HK_II_2024\KienTrucPhanMem\Project\SUBJECT-PROJECT__Software-Architecture-and-Design\inventory-service\.gradle\8.11.1\checksums)" [_thread_blocked, id=15908, stack(0x00000017c0800000,0x00000017c0900000)]
  0x0000020f82e72410 JavaThread "Cache worker for cache directory md-rule (F:\IUH\HK_I_2024\LapTrinhWWWJava\gradle-8.11.1\caches\8.11.1\md-rule)" [_thread_blocked, id=17668, stack(0x00000017c1d00000,0x00000017c1e00000)]
  0x0000020f82e72e30 JavaThread "Cache worker for cache directory md-supplier (F:\IUH\HK_I_2024\LapTrinhWWWJava\gradle-8.11.1\caches\8.11.1\md-supplier)" [_thread_blocked, id=15204, stack(0x00000017c1e00000,0x00000017c1f00000)]
  0x0000020f82e760d0 JavaThread "Unconstrained build operations" [_thread_blocked, id=18800, stack(0x00000017c0400000,0x00000017c0500000)]
  0x0000020f82e73850 JavaThread "Unconstrained build operations Thread 2" [_thread_blocked, id=18912, stack(0x00000017c0500000,0x00000017c0600000)]
  0x0000020f82e74780 JavaThread "Unconstrained build operations Thread 3" [_thread_blocked, id=19220, stack(0x00000017c1f00000,0x00000017c2000000)]
  0x0000020f82e74c90 JavaThread "Unconstrained build operations Thread 4" [_thread_blocked, id=18084, stack(0x00000017c2000000,0x00000017c2100000)]
  0x0000020f82a3b4d0 JavaThread "Unconstrained build operations Thread 5" [_thread_blocked, id=16812, stack(0x00000017c2100000,0x00000017c2200000)]
  0x0000020f82a3f6a0 JavaThread "Unconstrained build operations Thread 6" [_thread_blocked, id=19336, stack(0x00000017c2200000,0x00000017c2300000)]
  0x0000020f82a3e770 JavaThread "Unconstrained build operations Thread 7" [_thread_blocked, id=17104, stack(0x00000017c2300000,0x00000017c2400000)]
  0x0000020f82a3ec80 JavaThread "Unconstrained build operations Thread 8" [_thread_blocked, id=16528, stack(0x00000017c2400000,0x00000017c2500000)]
  0x0000020f82a3a090 JavaThread "Unconstrained build operations Thread 9" [_thread_blocked, id=15524, stack(0x00000017c2500000,0x00000017c2600000)]
  0x0000020f82a400c0 JavaThread "Unconstrained build operations Thread 10" [_thread_blocked, id=18632, stack(0x00000017c2800000,0x00000017c2900000)]
  0x0000020f82a405d0 JavaThread "Unconstrained build operations Thread 11" [_thread_blocked, id=19368, stack(0x00000017c2900000,0x00000017c2a00000)]
  0x0000020f82a3d840 JavaThread "Unconstrained build operations Thread 12" [_thread_blocked, id=19292, stack(0x00000017c2a00000,0x00000017c2b00000)]
  0x0000020f82a3c910 JavaThread "Unconstrained build operations Thread 13" [_thread_blocked, id=17688, stack(0x00000017c2b00000,0x00000017c2c00000)]
  0x0000020f82a40ae0 JavaThread "Unconstrained build operations Thread 14" [_thread_blocked, id=16824, stack(0x00000017c2c00000,0x00000017c2d00000)]
  0x0000020f82a3ce20 JavaThread "Unconstrained build operations Thread 15" [_thread_blocked, id=3936, stack(0x00000017c2d00000,0x00000017c2e00000)]
  0x0000020f82a41500 JavaThread "Unconstrained build operations Thread 16" [_thread_blocked, id=12680, stack(0x00000017c2e00000,0x00000017c2f00000)]
  0x0000020f82a40ff0 JavaThread "Unconstrained build operations Thread 17" [_thread_blocked, id=7960, stack(0x00000017c2f00000,0x00000017c3000000)]
  0x0000020f82a3d330 JavaThread "Unconstrained build operations Thread 18" [_thread_blocked, id=6796, stack(0x00000017c3000000,0x00000017c3100000)]
  0x0000020f82a41a10 JavaThread "Unconstrained build operations Thread 19" [_thread_blocked, id=18716, stack(0x00000017c3100000,0x00000017c3200000)]
  0x0000020f82a3e260 JavaThread "Unconstrained build operations Thread 20" [_thread_blocked, id=6424, stack(0x00000017c3200000,0x00000017c3300000)]
  0x0000020f82a3dd50 JavaThread "Unconstrained build operations Thread 21" [_thread_blocked, id=16416, stack(0x00000017c3300000,0x00000017c3400000)]
  0x0000020f82730e80 JavaThread "Unconstrained build operations Thread 22" [_thread_blocked, id=8316, stack(0x00000017c3400000,0x00000017c3500000)]
  0x0000020f82736490 JavaThread "Unconstrained build operations Thread 23" [_thread_blocked, id=19344, stack(0x00000017c3500000,0x00000017c3600000)]
  0x0000020f82734b40 JavaThread "Unconstrained build operations Thread 24" [_thread_blocked, id=18412, stack(0x00000017c3600000,0x00000017c3700000)]
  0x0000020f8272f020 JavaThread "Unconstrained build operations Thread 25" [_thread_blocked, id=16176, stack(0x00000017c3700000,0x00000017c3800000)]
  0x0000020f82735a70 JavaThread "Unconstrained build operations Thread 26" [_thread_blocked, id=17456, stack(0x00000017c3800000,0x00000017c3900000)]
  0x0000020f82735f80 JavaThread "Unconstrained build operations Thread 27" [_thread_blocked, id=17416, stack(0x00000017c3900000,0x00000017c3a00000)]
  0x0000020f8272f530 JavaThread "Unconstrained build operations Thread 28" [_thread_blocked, id=17904, stack(0x00000017c3a00000,0x00000017c3b00000)]
  0x0000020f8272fa40 JavaThread "Unconstrained build operations Thread 29" [_thread_blocked, id=17148, stack(0x00000017c3b00000,0x00000017c3c00000)]
  0x0000020f8272ff50 JavaThread "Unconstrained build operations Thread 30" [_thread_blocked, id=17836, stack(0x00000017c3c00000,0x00000017c3d00000)]
  0x0000020f82732ce0 JavaThread "Unconstrained build operations Thread 31" [_thread_blocked, id=12660, stack(0x00000017c3d00000,0x00000017c3e00000)]
  0x0000020f82735050 JavaThread "Unconstrained build operations Thread 32" [_thread_blocked, id=13952, stack(0x00000017c3e00000,0x00000017c3f00000)]
  0x0000020f827318a0 JavaThread "Unconstrained build operations Thread 33" [_thread_blocked, id=8688, stack(0x00000017c3f00000,0x00000017c4000000)]
  0x0000020f82733700 JavaThread "Unconstrained build operations Thread 34" [_thread_blocked, id=7704, stack(0x00000017c4000000,0x00000017c4100000)]
  0x0000020f82733c10 JavaThread "Unconstrained build operations Thread 35" [_thread_blocked, id=18400, stack(0x00000017c4100000,0x00000017c4200000)]
  0x0000020f82730460 JavaThread "Unconstrained build operations Thread 36" [_thread_blocked, id=3456, stack(0x00000017c4200000,0x00000017c4300000)]
  0x0000020f82730970 JavaThread "Unconstrained build operations Thread 37" [_thread_blocked, id=18472, stack(0x00000017c4300000,0x00000017c4400000)]
  0x0000020f82731390 JavaThread "Unconstrained build operations Thread 38" [_thread_blocked, id=14192, stack(0x00000017c4400000,0x00000017c4500000)]
  0x0000020f82731db0 JavaThread "Unconstrained build operations Thread 39" [_thread_blocked, id=15492, stack(0x00000017c4500000,0x00000017c4600000)]
  0x0000020f827322c0 JavaThread "Unconstrained build operations Thread 40" [_thread_blocked, id=19228, stack(0x00000017c4600000,0x00000017c4700000)]
  0x0000020fdea47a80 JavaThread "included builds" [_thread_blocked, id=16804, stack(0x00000017bfb00000,0x00000017bfc00000)]
  0x0000020fdea47f90 JavaThread "Execution worker" [_thread_in_Java, id=19608, stack(0x00000017c0600000,0x00000017c0700000)]
  0x0000020fdea489b0 JavaThread "Execution worker Thread 2" [_thread_blocked, id=20260, stack(0x00000017c0700000,0x00000017c0800000)]
  0x0000020fdea484a0 JavaThread "Execution worker Thread 3" [_thread_blocked, id=3112, stack(0x00000017c1400000,0x00000017c1500000)]
  0x0000020fdea49df0 JavaThread "Cache worker for execution history cache (F:\IUH\HK_II_2024\KienTrucPhanMem\Project\SUBJECT-PROJECT__Software-Architecture-and-Design\inventory-service\.gradle\8.11.1\executionHistory)" [_thread_blocked, id=20024, stack(0x00000017c4700000,0x00000017c4800000)]
  0x0000020f81903aa0 JavaThread "File lock release action executor Thread 5" [_thread_blocked, id=11116, stack(0x00000017c1200000,0x00000017c1300000)]

Other Threads:
  0x0000020fde58ed50 VMThread "VM Thread" [stack: 0x00000017bf000000,0x00000017bf100000] [id=9044]
  0x0000020fde8588d0 WatcherThread [stack: 0x00000017bfd00000,0x00000017bfe00000] [id=17216]
  0x0000020fc1b4f8f0 GCTaskThread "GC Thread#0" [stack: 0x00000017beb00000,0x00000017bec00000] [id=5192]
  0x0000020fdea934c0 GCTaskThread "GC Thread#1" [stack: 0x00000017bfe00000,0x00000017bff00000] [id=17020]
  0x0000020fde985260 GCTaskThread "GC Thread#2" [stack: 0x00000017bff00000,0x00000017c0000000] [id=9636]
  0x0000020fde985520 GCTaskThread "GC Thread#3" [stack: 0x00000017c0000000,0x00000017c0100000] [id=16996]
  0x0000020fc1b55600 ConcurrentGCThread "G1 Main Marker" [stack: 0x00000017bec00000,0x00000017bed00000] [id=1244]
  0x0000020fc1b55dc0 ConcurrentGCThread "G1 Conc#0" [stack: 0x00000017bed00000,0x00000017bee00000] [id=16136]
  0x0000020fc1bfdca0 ConcurrentGCThread "G1 Refine#0" [stack: 0x00000017bee00000,0x00000017bef00000] [id=2900]
  0x0000020f8205f380 ConcurrentGCThread "G1 Refine#1" [stack: 0x00000017be800000,0x00000017be900000] [id=7144]
  0x0000020f82079f90 ConcurrentGCThread "G1 Refine#2" [stack: 0x00000017bea00000,0x00000017beb00000] [id=14808]
  0x0000020f822d1fc0 ConcurrentGCThread "G1 Refine#3" [stack: 0x00000017c2700000,0x00000017c2800000] [id=13604]
  0x0000020fc1bfe480 ConcurrentGCThread "G1 Service" [stack: 0x00000017bef00000,0x00000017bf000000] [id=13348]

Threads with active compile tasks:

VM state: not at safepoint (normal execution)

VM Mutex/Monitor currently owned by a thread: None

Heap address: 0x00000000e0000000, size: 512 MB, Compressed Oops mode: 32-bit

CDS archive(s) mapped at: [0x0000020fdf000000-0x0000020fdfbd0000-0x0000020fdfbd0000), size 12386304, SharedBaseAddress: 0x0000020fdf000000, ArchiveRelocationMode: 1.
Compressed class space mapped at: 0x0000020fe0000000-0x0000020ff4000000, reserved size: 335544320
Narrow klass base: 0x0000020fdf000000, Narrow klass shift: 0, Narrow klass range: 0x100000000

GC Precious Log:
 CPUs: 4 total, 4 available
 Memory: 12154M
 Large Page Support: Disabled
 NUMA Support: Disabled
 Compressed Oops: Enabled (32-bit)
 Heap Region Size: 1M
 Heap Min Capacity: 256M
 Heap Initial Capacity: 256M
 Heap Max Capacity: 512M
 Pre-touch: Disabled
 Parallel Workers: 4
 Concurrent Workers: 1
 Concurrent Refinement Workers: 4
 Periodic GC: Disabled

Heap:
 garbage-first heap   total 262144K, used 100932K [0x00000000e0000000, 0x0000000100000000)
  region size 1024K, 5 young (5120K), 1 survivors (1024K)
 Metaspace       used 64072K, committed 66176K, reserved 393216K
  class space    used 8175K, committed 8704K, reserved 327680K

Heap Regions: E=young(eden), S=young(survivor), O=old, HS=humongous(starts), HC=humongous(continues), CS=collection set, F=free, OA=open archive, CA=closed archive, TAMS=top-at-mark-start (previous, next)
|   0|0x00000000e0000000, 0x00000000e0100000, 0x00000000e0100000|100%| O|  |TAMS 0x00000000e0100000, 0x00000000e0000000| Untracked 
|   1|0x00000000e0100000, 0x00000000e0200000, 0x00000000e0200000|100%|HS|  |TAMS 0x00000000e0200000, 0x00000000e0100000| Complete 
|   2|0x00000000e0200000, 0x00000000e0300000, 0x00000000e0300000|100%|HC|  |TAMS 0x00000000e0300000, 0x00000000e0200000| Complete 
|   3|0x00000000e0300000, 0x00000000e0400000, 0x00000000e0400000|100%|HC|  |TAMS 0x00000000e0400000, 0x00000000e0300000| Complete 
|   4|0x00000000e0400000, 0x00000000e0500000, 0x00000000e0500000|100%| O|  |TAMS 0x00000000e0500000, 0x00000000e0400000| Untracked 
|   5|0x00000000e0500000, 0x00000000e0600000, 0x00000000e0600000|100%| O|  |TAMS 0x00000000e0600000, 0x00000000e0500000| Untracked 
|   6|0x00000000e0600000, 0x00000000e0700000, 0x00000000e0700000|100%| O|  |TAMS 0x00000000e0700000, 0x00000000e0600000| Untracked 
|   7|0x00000000e0700000, 0x00000000e0800000, 0x00000000e0800000|100%| O|  |TAMS 0x00000000e0800000, 0x00000000e0700000| Untracked 
|   8|0x00000000e0800000, 0x00000000e0900000, 0x00000000e0900000|100%|HS|  |TAMS 0x00000000e0900000, 0x00000000e0800000| Complete 
|   9|0x00000000e0900000, 0x00000000e0a00000, 0x00000000e0a00000|100%| O|  |TAMS 0x00000000e0a00000, 0x00000000e0900000| Untracked 
|  10|0x00000000e0a00000, 0x00000000e0b00000, 0x00000000e0b00000|100%| O|  |TAMS 0x00000000e0b00000, 0x00000000e0a00000| Untracked 
|  11|0x00000000e0b00000, 0x00000000e0c00000, 0x00000000e0c00000|100%| O|  |TAMS 0x00000000e0c00000, 0x00000000e0b00000| Untracked 
|  12|0x00000000e0c00000, 0x00000000e0d00000, 0x00000000e0d00000|100%| O|  |TAMS 0x00000000e0d00000, 0x00000000e0c00000| Untracked 
|  13|0x00000000e0d00000, 0x00000000e0e00000, 0x00000000e0e00000|100%| O|  |TAMS 0x00000000e0e00000, 0x00000000e0d00000| Untracked 
|  14|0x00000000e0e00000, 0x00000000e0f00000, 0x00000000e0f00000|100%| O|  |TAMS 0x00000000e0f00000, 0x00000000e0e00000| Untracked 
|  15|0x00000000e0f00000, 0x00000000e1000000, 0x00000000e1000000|100%| O|  |TAMS 0x00000000e1000000, 0x00000000e0f00000| Untracked 
|  16|0x00000000e1000000, 0x00000000e1100000, 0x00000000e1100000|100%| O|  |TAMS 0x00000000e1100000, 0x00000000e1000000| Untracked 
|  17|0x00000000e1100000, 0x00000000e1200000, 0x00000000e1200000|100%| O|  |TAMS 0x00000000e1200000, 0x00000000e1100000| Untracked 
|  18|0x00000000e1200000, 0x00000000e1300000, 0x00000000e1300000|100%| O|  |TAMS 0x00000000e1300000, 0x00000000e1200000| Untracked 
|  19|0x00000000e1300000, 0x00000000e1400000, 0x00000000e1400000|100%| O|  |TAMS 0x00000000e1400000, 0x00000000e1300000| Untracked 
|  20|0x00000000e1400000, 0x00000000e1500000, 0x00000000e1500000|100%| O|  |TAMS 0x00000000e1500000, 0x00000000e1400000| Untracked 
|  21|0x00000000e1500000, 0x00000000e1600000, 0x00000000e1600000|100%| O|  |TAMS 0x00000000e1600000, 0x00000000e1500000| Untracked 
|  22|0x00000000e1600000, 0x00000000e1700000, 0x00000000e1700000|100%| O|  |TAMS 0x00000000e1700000, 0x00000000e1600000| Untracked 
|  23|0x00000000e1700000, 0x00000000e1800000, 0x00000000e1800000|100%| O|  |TAMS 0x00000000e1800000, 0x00000000e1700000| Untracked 
|  24|0x00000000e1800000, 0x00000000e1900000, 0x00000000e1900000|100%| O|  |TAMS 0x00000000e1900000, 0x00000000e1800000| Untracked 
|  25|0x00000000e1900000, 0x00000000e1a00000, 0x00000000e1a00000|100%| O|  |TAMS 0x00000000e1a00000, 0x00000000e1900000| Untracked 
|  26|0x00000000e1a00000, 0x00000000e1b00000, 0x00000000e1b00000|100%| O|  |TAMS 0x00000000e1b00000, 0x00000000e1a00000| Untracked 
|  27|0x00000000e1b00000, 0x00000000e1c00000, 0x00000000e1c00000|100%| O|  |TAMS 0x00000000e1c00000, 0x00000000e1b00000| Untracked 
|  28|0x00000000e1c00000, 0x00000000e1d00000, 0x00000000e1d00000|100%| O|  |TAMS 0x00000000e1d00000, 0x00000000e1c00000| Untracked 
|  29|0x00000000e1d00000, 0x00000000e1e00000, 0x00000000e1e00000|100%| O|  |TAMS 0x00000000e1e00000, 0x00000000e1d00000| Untracked 
|  30|0x00000000e1e00000, 0x00000000e1f00000, 0x00000000e1f00000|100%| O|  |TAMS 0x00000000e1f00000, 0x00000000e1e00000| Untracked 
|  31|0x00000000e1f00000, 0x00000000e2000000, 0x00000000e2000000|100%| O|  |TAMS 0x00000000e2000000, 0x00000000e1f00000| Untracked 
|  32|0x00000000e2000000, 0x00000000e2100000, 0x00000000e2100000|100%| O|  |TAMS 0x00000000e2100000, 0x00000000e2000000| Untracked 
|  33|0x00000000e2100000, 0x00000000e2200000, 0x00000000e2200000|100%| O|  |TAMS 0x00000000e2200000, 0x00000000e2100000| Untracked 
|  34|0x00000000e2200000, 0x00000000e2300000, 0x00000000e2300000|100%| O|  |TAMS 0x00000000e2300000, 0x00000000e2200000| Untracked 
|  35|0x00000000e2300000, 0x00000000e2400000, 0x00000000e2400000|100%| O|  |TAMS 0x00000000e2400000, 0x00000000e2300000| Untracked 
|  36|0x00000000e2400000, 0x00000000e2500000, 0x00000000e2500000|100%| O|  |TAMS 0x00000000e2400000, 0x00000000e2400000| Untracked 
|  37|0x00000000e2500000, 0x00000000e2600000, 0x00000000e2600000|100%| O|  |TAMS 0x00000000e2500000, 0x00000000e2500000| Untracked 
|  38|0x00000000e2600000, 0x00000000e2700000, 0x00000000e2700000|100%| O|  |TAMS 0x00000000e2600000, 0x00000000e2600000| Untracked 
|  39|0x00000000e2700000, 0x00000000e2800000, 0x00000000e2800000|100%| O|  |TAMS 0x00000000e2700000, 0x00000000e2700000| Untracked 
|  40|0x00000000e2800000, 0x00000000e2900000, 0x00000000e2900000|100%| O|  |TAMS 0x00000000e2900000, 0x00000000e2800000| Untracked 
|  41|0x00000000e2900000, 0x00000000e2a00000, 0x00000000e2a00000|100%| O|  |TAMS 0x00000000e2a00000, 0x00000000e2900000| Untracked 
|  42|0x00000000e2a00000, 0x00000000e2b00000, 0x00000000e2b00000|100%| O|  |TAMS 0x00000000e2b00000, 0x00000000e2a00000| Untracked 
|  43|0x00000000e2b00000, 0x00000000e2c00000, 0x00000000e2c00000|100%| O|  |TAMS 0x00000000e2c00000, 0x00000000e2b00000| Untracked 
|  44|0x00000000e2c00000, 0x00000000e2d00000, 0x00000000e2d00000|100%| O|  |TAMS 0x00000000e2d00000, 0x00000000e2c00000| Untracked 
|  45|0x00000000e2d00000, 0x00000000e2e00000, 0x00000000e2e00000|100%| O|  |TAMS 0x00000000e2d00000, 0x00000000e2d00000| Untracked 
|  46|0x00000000e2e00000, 0x00000000e2f00000, 0x00000000e2f00000|100%| O|  |TAMS 0x00000000e2e00000, 0x00000000e2e00000| Untracked 
|  47|0x00000000e2f00000, 0x00000000e3000000, 0x00000000e3000000|100%| O|  |TAMS 0x00000000e2f00000, 0x00000000e2f00000| Untracked 
|  48|0x00000000e3000000, 0x00000000e3100000, 0x00000000e3100000|100%| O|  |TAMS 0x00000000e3000000, 0x00000000e3000000| Untracked 
|  49|0x00000000e3100000, 0x00000000e3200000, 0x00000000e3200000|100%| O|  |TAMS 0x00000000e3100000, 0x00000000e3100000| Untracked 
|  50|0x00000000e3200000, 0x00000000e3300000, 0x00000000e3300000|100%| O|  |TAMS 0x00000000e3300000, 0x00000000e3200000| Untracked 
|  51|0x00000000e3300000, 0x00000000e3400000, 0x00000000e3400000|100%| O|  |TAMS 0x00000000e3400000, 0x00000000e3300000| Untracked 
|  52|0x00000000e3400000, 0x00000000e3500000, 0x00000000e3500000|100%| O|  |TAMS 0x00000000e3500000, 0x00000000e3400000| Untracked 
|  53|0x00000000e3500000, 0x00000000e3600000, 0x00000000e3600000|100%| O|  |TAMS 0x00000000e3500000, 0x00000000e3500000| Untracked 
|  54|0x00000000e3600000, 0x00000000e3700000, 0x00000000e3700000|100%| O|  |TAMS 0x00000000e3600000, 0x00000000e3600000| Untracked 
|  55|0x00000000e3700000, 0x00000000e3800000, 0x00000000e3800000|100%| O|  |TAMS 0x00000000e3700000, 0x00000000e3700000| Untracked 
|  56|0x00000000e3800000, 0x00000000e3900000, 0x00000000e3900000|100%| O|  |TAMS 0x00000000e3800000, 0x00000000e3800000| Untracked 
|  57|0x00000000e3900000, 0x00000000e3a00000, 0x00000000e3a00000|100%| O|  |TAMS 0x00000000e3900000, 0x00000000e3900000| Untracked 
|  58|0x00000000e3a00000, 0x00000000e3b00000, 0x00000000e3b00000|100%| O|  |TAMS 0x00000000e3b00000, 0x00000000e3a00000| Untracked 
|  59|0x00000000e3b00000, 0x00000000e3c00000, 0x00000000e3c00000|100%| O|  |TAMS 0x00000000e3c00000, 0x00000000e3b00000| Untracked 
|  60|0x00000000e3c00000, 0x00000000e3d00000, 0x00000000e3d00000|100%| O|  |TAMS 0x00000000e3d00000, 0x00000000e3c00000| Untracked 
|  61|0x00000000e3d00000, 0x00000000e3e00000, 0x00000000e3e00000|100%| O|  |TAMS 0x00000000e3e00000, 0x00000000e3d00000| Untracked 
|  62|0x00000000e3e00000, 0x00000000e3f00000, 0x00000000e3f00000|100%| O|  |TAMS 0x00000000e3e00000, 0x00000000e3e00000| Untracked 
|  63|0x00000000e3f00000, 0x00000000e4000000, 0x00000000e4000000|100%| O|  |TAMS 0x00000000e3f00000, 0x00000000e3f00000| Untracked 
|  64|0x00000000e4000000, 0x00000000e4100000, 0x00000000e4100000|100%| O|  |TAMS 0x00000000e4000000, 0x00000000e4000000| Untracked 
|  65|0x00000000e4100000, 0x00000000e4200000, 0x00000000e4200000|100%| O|  |TAMS 0x00000000e4100000, 0x00000000e4100000| Untracked 
|  66|0x00000000e4200000, 0x00000000e4300000, 0x00000000e4300000|100%| O|  |TAMS 0x00000000e4200000, 0x00000000e4200000| Untracked 
|  67|0x00000000e4300000, 0x00000000e4400000, 0x00000000e4400000|100%| O|  |TAMS 0x00000000e4300000, 0x00000000e4300000| Untracked 
|  68|0x00000000e4400000, 0x00000000e4500000, 0x00000000e4500000|100%| O|  |TAMS 0x00000000e4400000, 0x00000000e4400000| Untracked 
|  69|0x00000000e4500000, 0x00000000e4600000, 0x00000000e4600000|100%| O|  |TAMS 0x00000000e4500000, 0x00000000e4500000| Untracked 
|  70|0x00000000e4600000, 0x00000000e4700000, 0x00000000e4700000|100%| O|  |TAMS 0x00000000e4600000, 0x00000000e4600000| Untracked 
|  71|0x00000000e4700000, 0x00000000e4800000, 0x00000000e4800000|100%| O|  |TAMS 0x00000000e4700000, 0x00000000e4700000| Untracked 
|  72|0x00000000e4800000, 0x00000000e4900000, 0x00000000e4900000|100%| O|  |TAMS 0x00000000e4800000, 0x00000000e4800000| Untracked 
|  73|0x00000000e4900000, 0x00000000e4a00000, 0x00000000e4a00000|100%| O|  |TAMS 0x00000000e4900000, 0x00000000e4900000| Untracked 
|  74|0x00000000e4a00000, 0x00000000e4b00000, 0x00000000e4b00000|100%| O|  |TAMS 0x00000000e4a00000, 0x00000000e4a00000| Untracked 
|  75|0x00000000e4b00000, 0x00000000e4c00000, 0x00000000e4c00000|100%| O|  |TAMS 0x00000000e4b00000, 0x00000000e4b00000| Untracked 
|  76|0x00000000e4c00000, 0x00000000e4d00000, 0x00000000e4d00000|100%| O|  |TAMS 0x00000000e4c00000, 0x00000000e4c00000| Untracked 
|  77|0x00000000e4d00000, 0x00000000e4e00000, 0x00000000e4e00000|100%| O|  |TAMS 0x00000000e4d00000, 0x00000000e4d00000| Untracked 
|  78|0x00000000e4e00000, 0x00000000e4f00000, 0x00000000e4f00000|100%| O|  |TAMS 0x00000000e4e00000, 0x00000000e4e00000| Untracked 
|  79|0x00000000e4f00000, 0x00000000e5000000, 0x00000000e5000000|100%| O|  |TAMS 0x00000000e4f00000, 0x00000000e4f00000| Untracked 
|  80|0x00000000e5000000, 0x00000000e5100000, 0x00000000e5100000|100%| O|  |TAMS 0x00000000e5000000, 0x00000000e5000000| Untracked 
|  81|0x00000000e5100000, 0x00000000e5200000, 0x00000000e5200000|100%| O|  |TAMS 0x00000000e5100000, 0x00000000e5100000| Untracked 
|  82|0x00000000e5200000, 0x00000000e5300000, 0x00000000e5300000|100%| O|  |TAMS 0x00000000e5200000, 0x00000000e5200000| Untracked 
|  83|0x00000000e5300000, 0x00000000e5400000, 0x00000000e5400000|100%| O|  |TAMS 0x00000000e5300000, 0x00000000e5300000| Untracked 
|  84|0x00000000e5400000, 0x00000000e5417c00, 0x00000000e5500000|  9%| O|  |TAMS 0x00000000e5400000, 0x00000000e5400000| Untracked 
|  85|0x00000000e5500000, 0x00000000e5500000, 0x00000000e5600000|  0%| F|  |TAMS 0x00000000e5500000, 0x00000000e5500000| Untracked 
|  86|0x00000000e5600000, 0x00000000e5600000, 0x00000000e5700000|  0%| F|  |TAMS 0x00000000e5600000, 0x00000000e5600000| Untracked 
|  87|0x00000000e5700000, 0x00000000e5700000, 0x00000000e5800000|  0%| F|  |TAMS 0x00000000e5700000, 0x00000000e5700000| Untracked 
|  88|0x00000000e5800000, 0x00000000e5800000, 0x00000000e5900000|  0%| F|  |TAMS 0x00000000e5800000, 0x00000000e5800000| Untracked 
|  89|0x00000000e5900000, 0x00000000e5900000, 0x00000000e5a00000|  0%| F|  |TAMS 0x00000000e5900000, 0x00000000e5900000| Untracked 
|  90|0x00000000e5a00000, 0x00000000e5a00000, 0x00000000e5b00000|  0%| F|  |TAMS 0x00000000e5a00000, 0x00000000e5a00000| Untracked 
|  91|0x00000000e5b00000, 0x00000000e5b00000, 0x00000000e5c00000|  0%| F|  |TAMS 0x00000000e5b00000, 0x00000000e5b00000| Untracked 
|  92|0x00000000e5c00000, 0x00000000e5c00000, 0x00000000e5d00000|  0%| F|  |TAMS 0x00000000e5c00000, 0x00000000e5c00000| Untracked 
|  93|0x00000000e5d00000, 0x00000000e5d00000, 0x00000000e5e00000|  0%| F|  |TAMS 0x00000000e5d00000, 0x00000000e5d00000| Untracked 
|  94|0x00000000e5e00000, 0x00000000e5f00000, 0x00000000e5f00000|100%| O|  |TAMS 0x00000000e5f00000, 0x00000000e5e00000| Untracked 
|  95|0x00000000e5f00000, 0x00000000e6000000, 0x00000000e6000000|100%| O|  |TAMS 0x00000000e6000000, 0x00000000e5f00000| Untracked 
|  96|0x00000000e6000000, 0x00000000e6100000, 0x00000000e6100000|100%| O|  |TAMS 0x00000000e6100000, 0x00000000e6000000| Untracked 
|  97|0x00000000e6100000, 0x00000000e6100000, 0x00000000e6200000|  0%| F|  |TAMS 0x00000000e6100000, 0x00000000e6100000| Untracked 
|  98|0x00000000e6200000, 0x00000000e6200000, 0x00000000e6300000|  0%| F|  |TAMS 0x00000000e6200000, 0x00000000e6200000| Untracked 
|  99|0x00000000e6300000, 0x00000000e6300000, 0x00000000e6400000|  0%| F|  |TAMS 0x00000000e6300000, 0x00000000e6300000| Untracked 
| 100|0x00000000e6400000, 0x00000000e6400000, 0x00000000e6500000|  0%| F|  |TAMS 0x00000000e6400000, 0x00000000e6400000| Untracked 
| 101|0x00000000e6500000, 0x00000000e6600000, 0x00000000e6600000|100%| O|  |TAMS 0x00000000e6600000, 0x00000000e6500000| Untracked 
| 102|0x00000000e6600000, 0x00000000e6700000, 0x00000000e6700000|100%| O|  |TAMS 0x00000000e6700000, 0x00000000e6600000| Untracked 
| 103|0x00000000e6700000, 0x00000000e6800000, 0x00000000e6800000|100%| O|  |TAMS 0x00000000e6800000, 0x00000000e6700000| Untracked 
| 104|0x00000000e6800000, 0x00000000e6900000, 0x00000000e6900000|100%| O|  |TAMS 0x00000000e6900000, 0x00000000e6800000| Untracked 
| 105|0x00000000e6900000, 0x00000000e6a00000, 0x00000000e6a00000|100%| O|  |TAMS 0x00000000e6a00000, 0x00000000e6900000| Untracked 
| 106|0x00000000e6a00000, 0x00000000e6b00000, 0x00000000e6b00000|100%| O|  |TAMS 0x00000000e6b00000, 0x00000000e6a00000| Untracked 
| 107|0x00000000e6b00000, 0x00000000e6b00000, 0x00000000e6c00000|  0%| F|  |TAMS 0x00000000e6b00000, 0x00000000e6b00000| Untracked 
| 108|0x00000000e6c00000, 0x00000000e6d00000, 0x00000000e6d00000|100%| O|  |TAMS 0x00000000e6d00000, 0x00000000e6c00000| Untracked 
| 109|0x00000000e6d00000, 0x00000000e6d00000, 0x00000000e6e00000|  0%| F|  |TAMS 0x00000000e6d00000, 0x00000000e6d00000| Untracked 
| 110|0x00000000e6e00000, 0x00000000e6f00000, 0x00000000e6f00000|100%| O|  |TAMS 0x00000000e6f00000, 0x00000000e6e00000| Untracked 
| 111|0x00000000e6f00000, 0x00000000e7000000, 0x00000000e7000000|100%| O|  |TAMS 0x00000000e7000000, 0x00000000e6f00000| Untracked 
| 112|0x00000000e7000000, 0x00000000e7000000, 0x00000000e7100000|  0%| F|  |TAMS 0x00000000e7000000, 0x00000000e7000000| Untracked 
| 113|0x00000000e7100000, 0x00000000e7100000, 0x00000000e7200000|  0%| F|  |TAMS 0x00000000e7100000, 0x00000000e7100000| Untracked 
| 114|0x00000000e7200000, 0x00000000e7200000, 0x00000000e7300000|  0%| F|  |TAMS 0x00000000e7200000, 0x00000000e7200000| Untracked 
| 115|0x00000000e7300000, 0x00000000e7300000, 0x00000000e7400000|  0%| F|  |TAMS 0x00000000e7300000, 0x00000000e7300000| Untracked 
| 116|0x00000000e7400000, 0x00000000e7400000, 0x00000000e7500000|  0%| F|  |TAMS 0x00000000e7400000, 0x00000000e7400000| Untracked 
| 117|0x00000000e7500000, 0x00000000e7500000, 0x00000000e7600000|  0%| F|  |TAMS 0x00000000e7500000, 0x00000000e7500000| Untracked 
| 118|0x00000000e7600000, 0x00000000e7600000, 0x00000000e7700000|  0%| F|  |TAMS 0x00000000e7600000, 0x00000000e7600000| Untracked 
| 119|0x00000000e7700000, 0x00000000e7700000, 0x00000000e7800000|  0%| F|  |TAMS 0x00000000e7700000, 0x00000000e7700000| Untracked 
| 120|0x00000000e7800000, 0x00000000e7800000, 0x00000000e7900000|  0%| F|  |TAMS 0x00000000e7800000, 0x00000000e7800000| Untracked 
| 121|0x00000000e7900000, 0x00000000e7900000, 0x00000000e7a00000|  0%| F|  |TAMS 0x00000000e7900000, 0x00000000e7900000| Untracked 
| 122|0x00000000e7a00000, 0x00000000e7a00000, 0x00000000e7b00000|  0%| F|  |TAMS 0x00000000e7a00000, 0x00000000e7a00000| Untracked 
| 123|0x00000000e7b00000, 0x00000000e7b00000, 0x00000000e7c00000|  0%| F|  |TAMS 0x00000000e7b00000, 0x00000000e7b00000| Untracked 
| 124|0x00000000e7c00000, 0x00000000e7c00000, 0x00000000e7d00000|  0%| F|  |TAMS 0x00000000e7c00000, 0x00000000e7c00000| Untracked 
| 125|0x00000000e7d00000, 0x00000000e7d00000, 0x00000000e7e00000|  0%| F|  |TAMS 0x00000000e7d00000, 0x00000000e7d00000| Untracked 
| 126|0x00000000e7e00000, 0x00000000e7e00000, 0x00000000e7f00000|  0%| F|  |TAMS 0x00000000e7e00000, 0x00000000e7e00000| Untracked 
| 127|0x00000000e7f00000, 0x00000000e7f00000, 0x00000000e8000000|  0%| F|  |TAMS 0x00000000e7f00000, 0x00000000e7f00000| Untracked 
| 128|0x00000000e8000000, 0x00000000e8000000, 0x00000000e8100000|  0%| F|  |TAMS 0x00000000e8000000, 0x00000000e8000000| Untracked 
| 129|0x00000000e8100000, 0x00000000e8100000, 0x00000000e8200000|  0%| F|  |TAMS 0x00000000e8100000, 0x00000000e8100000| Untracked 
| 130|0x00000000e8200000, 0x00000000e8200000, 0x00000000e8300000|  0%| F|  |TAMS 0x00000000e8200000, 0x00000000e8200000| Untracked 
| 131|0x00000000e8300000, 0x00000000e8300000, 0x00000000e8400000|  0%| F|  |TAMS 0x00000000e8300000, 0x00000000e8300000| Untracked 
| 132|0x00000000e8400000, 0x00000000e8400000, 0x00000000e8500000|  0%| F|  |TAMS 0x00000000e8400000, 0x00000000e8400000| Untracked 
| 133|0x00000000e8500000, 0x00000000e8500000, 0x00000000e8600000|  0%| F|  |TAMS 0x00000000e8500000, 0x00000000e8500000| Untracked 
| 134|0x00000000e8600000, 0x00000000e8600000, 0x00000000e8700000|  0%| F|  |TAMS 0x00000000e8600000, 0x00000000e8600000| Untracked 
| 135|0x00000000e8700000, 0x00000000e8700000, 0x00000000e8800000|  0%| F|  |TAMS 0x00000000e8700000, 0x00000000e8700000| Untracked 
| 136|0x00000000e8800000, 0x00000000e8800000, 0x00000000e8900000|  0%| F|  |TAMS 0x00000000e8800000, 0x00000000e8800000| Untracked 
| 137|0x00000000e8900000, 0x00000000e8900000, 0x00000000e8a00000|  0%| F|  |TAMS 0x00000000e8900000, 0x00000000e8900000| Untracked 
| 138|0x00000000e8a00000, 0x00000000e8a00000, 0x00000000e8b00000|  0%| F|  |TAMS 0x00000000e8a00000, 0x00000000e8a00000| Untracked 
| 139|0x00000000e8b00000, 0x00000000e8b00000, 0x00000000e8c00000|  0%| F|  |TAMS 0x00000000e8b00000, 0x00000000e8b00000| Untracked 
| 140|0x00000000e8c00000, 0x00000000e8c00000, 0x00000000e8d00000|  0%| F|  |TAMS 0x00000000e8c00000, 0x00000000e8c00000| Untracked 
| 141|0x00000000e8d00000, 0x00000000e8d00000, 0x00000000e8e00000|  0%| F|  |TAMS 0x00000000e8d00000, 0x00000000e8d00000| Untracked 
| 142|0x00000000e8e00000, 0x00000000e8e00000, 0x00000000e8f00000|  0%| F|  |TAMS 0x00000000e8e00000, 0x00000000e8e00000| Untracked 
| 143|0x00000000e8f00000, 0x00000000e8f00000, 0x00000000e9000000|  0%| F|  |TAMS 0x00000000e8f00000, 0x00000000e8f00000| Untracked 
| 144|0x00000000e9000000, 0x00000000e9000000, 0x00000000e9100000|  0%| F|  |TAMS 0x00000000e9000000, 0x00000000e9000000| Untracked 
| 145|0x00000000e9100000, 0x00000000e9100000, 0x00000000e9200000|  0%| F|  |TAMS 0x00000000e9100000, 0x00000000e9100000| Untracked 
| 146|0x00000000e9200000, 0x00000000e9200000, 0x00000000e9300000|  0%| F|  |TAMS 0x00000000e9200000, 0x00000000e9200000| Untracked 
| 147|0x00000000e9300000, 0x00000000e9300000, 0x00000000e9400000|  0%| F|  |TAMS 0x00000000e9300000, 0x00000000e9300000| Untracked 
| 148|0x00000000e9400000, 0x00000000e9400000, 0x00000000e9500000|  0%| F|  |TAMS 0x00000000e9400000, 0x00000000e9400000| Untracked 
| 149|0x00000000e9500000, 0x00000000e9500000, 0x00000000e9600000|  0%| F|  |TAMS 0x00000000e9500000, 0x00000000e9500000| Untracked 
| 150|0x00000000e9600000, 0x00000000e9600000, 0x00000000e9700000|  0%| F|  |TAMS 0x00000000e9600000, 0x00000000e9600000| Untracked 
| 151|0x00000000e9700000, 0x00000000e9700000, 0x00000000e9800000|  0%| F|  |TAMS 0x00000000e9700000, 0x00000000e9700000| Untracked 
| 152|0x00000000e9800000, 0x00000000e9800000, 0x00000000e9900000|  0%| F|  |TAMS 0x00000000e9800000, 0x00000000e9800000| Untracked 
| 153|0x00000000e9900000, 0x00000000e9900000, 0x00000000e9a00000|  0%| F|  |TAMS 0x00000000e9900000, 0x00000000e9900000| Untracked 
| 154|0x00000000e9a00000, 0x00000000e9a00000, 0x00000000e9b00000|  0%| F|  |TAMS 0x00000000e9a00000, 0x00000000e9a00000| Untracked 
| 155|0x00000000e9b00000, 0x00000000e9b00000, 0x00000000e9c00000|  0%| F|  |TAMS 0x00000000e9b00000, 0x00000000e9b00000| Untracked 
| 156|0x00000000e9c00000, 0x00000000e9c00000, 0x00000000e9d00000|  0%| F|  |TAMS 0x00000000e9c00000, 0x00000000e9c00000| Untracked 
| 157|0x00000000e9d00000, 0x00000000e9d00000, 0x00000000e9e00000|  0%| F|  |TAMS 0x00000000e9d00000, 0x00000000e9d00000| Untracked 
| 158|0x00000000e9e00000, 0x00000000e9e00000, 0x00000000e9f00000|  0%| F|  |TAMS 0x00000000e9e00000, 0x00000000e9e00000| Untracked 
| 159|0x00000000e9f00000, 0x00000000e9f00000, 0x00000000ea000000|  0%| F|  |TAMS 0x00000000e9f00000, 0x00000000e9f00000| Untracked 
| 160|0x00000000ea000000, 0x00000000ea000000, 0x00000000ea100000|  0%| F|  |TAMS 0x00000000ea000000, 0x00000000ea000000| Untracked 
| 161|0x00000000ea100000, 0x00000000ea100000, 0x00000000ea200000|  0%| F|  |TAMS 0x00000000ea100000, 0x00000000ea100000| Untracked 
| 162|0x00000000ea200000, 0x00000000ea200000, 0x00000000ea300000|  0%| F|  |TAMS 0x00000000ea200000, 0x00000000ea200000| Untracked 
| 163|0x00000000ea300000, 0x00000000ea300000, 0x00000000ea400000|  0%| F|  |TAMS 0x00000000ea300000, 0x00000000ea300000| Untracked 
| 164|0x00000000ea400000, 0x00000000ea400000, 0x00000000ea500000|  0%| F|  |TAMS 0x00000000ea400000, 0x00000000ea400000| Untracked 
| 165|0x00000000ea500000, 0x00000000ea500000, 0x00000000ea600000|  0%| F|  |TAMS 0x00000000ea500000, 0x00000000ea500000| Untracked 
| 166|0x00000000ea600000, 0x00000000ea600000, 0x00000000ea700000|  0%| F|  |TAMS 0x00000000ea600000, 0x00000000ea600000| Untracked 
| 167|0x00000000ea700000, 0x00000000ea700000, 0x00000000ea800000|  0%| F|  |TAMS 0x00000000ea700000, 0x00000000ea700000| Untracked 
| 168|0x00000000ea800000, 0x00000000ea800000, 0x00000000ea900000|  0%| F|  |TAMS 0x00000000ea800000, 0x00000000ea800000| Untracked 
| 169|0x00000000ea900000, 0x00000000ea900000, 0x00000000eaa00000|  0%| F|  |TAMS 0x00000000ea900000, 0x00000000ea900000| Untracked 
| 170|0x00000000eaa00000, 0x00000000eaa00000, 0x00000000eab00000|  0%| F|  |TAMS 0x00000000eaa00000, 0x00000000eaa00000| Untracked 
| 171|0x00000000eab00000, 0x00000000eab00000, 0x00000000eac00000|  0%| F|  |TAMS 0x00000000eab00000, 0x00000000eab00000| Untracked 
| 172|0x00000000eac00000, 0x00000000eac00000, 0x00000000ead00000|  0%| F|  |TAMS 0x00000000eac00000, 0x00000000eac00000| Untracked 
| 173|0x00000000ead00000, 0x00000000ead00000, 0x00000000eae00000|  0%| F|  |TAMS 0x00000000ead00000, 0x00000000ead00000| Untracked 
| 174|0x00000000eae00000, 0x00000000eae00000, 0x00000000eaf00000|  0%| F|  |TAMS 0x00000000eae00000, 0x00000000eae00000| Untracked 
| 175|0x00000000eaf00000, 0x00000000eaf00000, 0x00000000eb000000|  0%| F|  |TAMS 0x00000000eaf00000, 0x00000000eaf00000| Untracked 
| 176|0x00000000eb000000, 0x00000000eb000000, 0x00000000eb100000|  0%| F|  |TAMS 0x00000000eb000000, 0x00000000eb000000| Untracked 
| 177|0x00000000eb100000, 0x00000000eb100000, 0x00000000eb200000|  0%| F|  |TAMS 0x00000000eb100000, 0x00000000eb100000| Untracked 
| 178|0x00000000eb200000, 0x00000000eb200000, 0x00000000eb300000|  0%| F|  |TAMS 0x00000000eb200000, 0x00000000eb200000| Untracked 
| 179|0x00000000eb300000, 0x00000000eb300000, 0x00000000eb400000|  0%| F|  |TAMS 0x00000000eb300000, 0x00000000eb300000| Untracked 
| 180|0x00000000eb400000, 0x00000000eb400000, 0x00000000eb500000|  0%| F|  |TAMS 0x00000000eb400000, 0x00000000eb400000| Untracked 
| 181|0x00000000eb500000, 0x00000000eb500000, 0x00000000eb600000|  0%| F|  |TAMS 0x00000000eb500000, 0x00000000eb500000| Untracked 
| 182|0x00000000eb600000, 0x00000000eb600000, 0x00000000eb700000|  0%| F|  |TAMS 0x00000000eb600000, 0x00000000eb600000| Untracked 
| 183|0x00000000eb700000, 0x00000000eb700000, 0x00000000eb800000|  0%| F|  |TAMS 0x00000000eb700000, 0x00000000eb700000| Untracked 
| 184|0x00000000eb800000, 0x00000000eb800000, 0x00000000eb900000|  0%| F|  |TAMS 0x00000000eb800000, 0x00000000eb800000| Untracked 
| 185|0x00000000eb900000, 0x00000000eb900000, 0x00000000eba00000|  0%| F|  |TAMS 0x00000000eb900000, 0x00000000eb900000| Untracked 
| 186|0x00000000eba00000, 0x00000000eba00000, 0x00000000ebb00000|  0%| F|  |TAMS 0x00000000eba00000, 0x00000000eba00000| Untracked 
| 187|0x00000000ebb00000, 0x00000000ebb00000, 0x00000000ebc00000|  0%| F|  |TAMS 0x00000000ebb00000, 0x00000000ebb00000| Untracked 
| 188|0x00000000ebc00000, 0x00000000ebc00000, 0x00000000ebd00000|  0%| F|  |TAMS 0x00000000ebc00000, 0x00000000ebc00000| Untracked 
| 189|0x00000000ebd00000, 0x00000000ebd00000, 0x00000000ebe00000|  0%| F|  |TAMS 0x00000000ebd00000, 0x00000000ebd00000| Untracked 
| 190|0x00000000ebe00000, 0x00000000ebe00000, 0x00000000ebf00000|  0%| F|  |TAMS 0x00000000ebe00000, 0x00000000ebe00000| Untracked 
| 191|0x00000000ebf00000, 0x00000000ebf00000, 0x00000000ec000000|  0%| F|  |TAMS 0x00000000ebf00000, 0x00000000ebf00000| Untracked 
| 192|0x00000000ec000000, 0x00000000ec000000, 0x00000000ec100000|  0%| F|  |TAMS 0x00000000ec000000, 0x00000000ec000000| Untracked 
| 193|0x00000000ec100000, 0x00000000ec100000, 0x00000000ec200000|  0%| F|  |TAMS 0x00000000ec100000, 0x00000000ec100000| Untracked 
| 194|0x00000000ec200000, 0x00000000ec200000, 0x00000000ec300000|  0%| F|  |TAMS 0x00000000ec200000, 0x00000000ec200000| Untracked 
| 195|0x00000000ec300000, 0x00000000ec300000, 0x00000000ec400000|  0%| F|  |TAMS 0x00000000ec300000, 0x00000000ec300000| Untracked 
| 196|0x00000000ec400000, 0x00000000ec400000, 0x00000000ec500000|  0%| F|  |TAMS 0x00000000ec400000, 0x00000000ec400000| Untracked 
| 197|0x00000000ec500000, 0x00000000ec500000, 0x00000000ec600000|  0%| F|  |TAMS 0x00000000ec500000, 0x00000000ec500000| Untracked 
| 198|0x00000000ec600000, 0x00000000ec600000, 0x00000000ec700000|  0%| F|  |TAMS 0x00000000ec600000, 0x00000000ec600000| Untracked 
| 199|0x00000000ec700000, 0x00000000ec700000, 0x00000000ec800000|  0%| F|  |TAMS 0x00000000ec700000, 0x00000000ec700000| Untracked 
| 200|0x00000000ec800000, 0x00000000ec800000, 0x00000000ec900000|  0%| F|  |TAMS 0x00000000ec800000, 0x00000000ec800000| Untracked 
| 201|0x00000000ec900000, 0x00000000ec900000, 0x00000000eca00000|  0%| F|  |TAMS 0x00000000ec900000, 0x00000000ec900000| Untracked 
| 202|0x00000000eca00000, 0x00000000eca00000, 0x00000000ecb00000|  0%| F|  |TAMS 0x00000000eca00000, 0x00000000eca00000| Untracked 
| 203|0x00000000ecb00000, 0x00000000ecb00000, 0x00000000ecc00000|  0%| F|  |TAMS 0x00000000ecb00000, 0x00000000ecb00000| Untracked 
| 204|0x00000000ecc00000, 0x00000000ecc00000, 0x00000000ecd00000|  0%| F|  |TAMS 0x00000000ecc00000, 0x00000000ecc00000| Untracked 
| 205|0x00000000ecd00000, 0x00000000ecd00000, 0x00000000ece00000|  0%| F|  |TAMS 0x00000000ecd00000, 0x00000000ecd00000| Untracked 
| 206|0x00000000ece00000, 0x00000000ece00000, 0x00000000ecf00000|  0%| F|  |TAMS 0x00000000ece00000, 0x00000000ece00000| Untracked 
| 207|0x00000000ecf00000, 0x00000000ecf00000, 0x00000000ed000000|  0%| F|  |TAMS 0x00000000ecf00000, 0x00000000ecf00000| Untracked 
| 208|0x00000000ed000000, 0x00000000ed000000, 0x00000000ed100000|  0%| F|  |TAMS 0x00000000ed000000, 0x00000000ed000000| Untracked 
| 209|0x00000000ed100000, 0x00000000ed100000, 0x00000000ed200000|  0%| F|  |TAMS 0x00000000ed100000, 0x00000000ed100000| Untracked 
| 210|0x00000000ed200000, 0x00000000ed200000, 0x00000000ed300000|  0%| F|  |TAMS 0x00000000ed200000, 0x00000000ed200000| Untracked 
| 211|0x00000000ed300000, 0x00000000ed300000, 0x00000000ed400000|  0%| F|  |TAMS 0x00000000ed300000, 0x00000000ed300000| Untracked 
| 212|0x00000000ed400000, 0x00000000ed400000, 0x00000000ed500000|  0%| F|  |TAMS 0x00000000ed400000, 0x00000000ed400000| Untracked 
| 213|0x00000000ed500000, 0x00000000ed500000, 0x00000000ed600000|  0%| F|  |TAMS 0x00000000ed500000, 0x00000000ed500000| Untracked 
| 214|0x00000000ed600000, 0x00000000ed600000, 0x00000000ed700000|  0%| F|  |TAMS 0x00000000ed600000, 0x00000000ed600000| Untracked 
| 215|0x00000000ed700000, 0x00000000ed700000, 0x00000000ed800000|  0%| F|  |TAMS 0x00000000ed700000, 0x00000000ed700000| Untracked 
| 216|0x00000000ed800000, 0x00000000ed800000, 0x00000000ed900000|  0%| F|  |TAMS 0x00000000ed800000, 0x00000000ed800000| Untracked 
| 217|0x00000000ed900000, 0x00000000ed900000, 0x00000000eda00000|  0%| F|  |TAMS 0x00000000ed900000, 0x00000000ed900000| Untracked 
| 218|0x00000000eda00000, 0x00000000eda00000, 0x00000000edb00000|  0%| F|  |TAMS 0x00000000eda00000, 0x00000000eda00000| Untracked 
| 219|0x00000000edb00000, 0x00000000edb00000, 0x00000000edc00000|  0%| F|  |TAMS 0x00000000edb00000, 0x00000000edb00000| Untracked 
| 220|0x00000000edc00000, 0x00000000edc00000, 0x00000000edd00000|  0%| F|  |TAMS 0x00000000edc00000, 0x00000000edc00000| Untracked 
| 221|0x00000000edd00000, 0x00000000edd00000, 0x00000000ede00000|  0%| F|  |TAMS 0x00000000edd00000, 0x00000000edd00000| Untracked 
| 222|0x00000000ede00000, 0x00000000ede00000, 0x00000000edf00000|  0%| F|  |TAMS 0x00000000ede00000, 0x00000000ede00000| Untracked 
| 223|0x00000000edf00000, 0x00000000edf00000, 0x00000000ee000000|  0%| F|  |TAMS 0x00000000edf00000, 0x00000000edf00000| Untracked 
| 224|0x00000000ee000000, 0x00000000ee000000, 0x00000000ee100000|  0%| F|  |TAMS 0x00000000ee000000, 0x00000000ee000000| Untracked 
| 225|0x00000000ee100000, 0x00000000ee100000, 0x00000000ee200000|  0%| F|  |TAMS 0x00000000ee100000, 0x00000000ee100000| Untracked 
| 226|0x00000000ee200000, 0x00000000ee200000, 0x00000000ee300000|  0%| F|  |TAMS 0x00000000ee200000, 0x00000000ee200000| Untracked 
| 227|0x00000000ee300000, 0x00000000ee300000, 0x00000000ee400000|  0%| F|  |TAMS 0x00000000ee300000, 0x00000000ee300000| Untracked 
| 228|0x00000000ee400000, 0x00000000ee400000, 0x00000000ee500000|  0%| F|  |TAMS 0x00000000ee400000, 0x00000000ee400000| Untracked 
| 229|0x00000000ee500000, 0x00000000ee500000, 0x00000000ee600000|  0%| F|  |TAMS 0x00000000ee500000, 0x00000000ee500000| Untracked 
| 230|0x00000000ee600000, 0x00000000ee600000, 0x00000000ee700000|  0%| F|  |TAMS 0x00000000ee600000, 0x00000000ee600000| Untracked 
| 231|0x00000000ee700000, 0x00000000ee700000, 0x00000000ee800000|  0%| F|  |TAMS 0x00000000ee700000, 0x00000000ee700000| Untracked 
| 232|0x00000000ee800000, 0x00000000ee800000, 0x00000000ee900000|  0%| F|  |TAMS 0x00000000ee800000, 0x00000000ee800000| Untracked 
| 233|0x00000000ee900000, 0x00000000ee900000, 0x00000000eea00000|  0%| F|  |TAMS 0x00000000ee900000, 0x00000000ee900000| Untracked 
| 234|0x00000000eea00000, 0x00000000eea00000, 0x00000000eeb00000|  0%| F|  |TAMS 0x00000000eea00000, 0x00000000eea00000| Untracked 
| 235|0x00000000eeb00000, 0x00000000eeb00000, 0x00000000eec00000|  0%| F|  |TAMS 0x00000000eeb00000, 0x00000000eeb00000| Untracked 
| 236|0x00000000eec00000, 0x00000000eec00000, 0x00000000eed00000|  0%| F|  |TAMS 0x00000000eec00000, 0x00000000eec00000| Untracked 
| 237|0x00000000eed00000, 0x00000000eed00000, 0x00000000eee00000|  0%| F|  |TAMS 0x00000000eed00000, 0x00000000eed00000| Untracked 
| 238|0x00000000eee00000, 0x00000000eee00000, 0x00000000eef00000|  0%| F|  |TAMS 0x00000000eee00000, 0x00000000eee00000| Untracked 
| 239|0x00000000eef00000, 0x00000000eef00000, 0x00000000ef000000|  0%| F|  |TAMS 0x00000000eef00000, 0x00000000eef00000| Untracked 
| 240|0x00000000ef000000, 0x00000000ef000000, 0x00000000ef100000|  0%| F|  |TAMS 0x00000000ef000000, 0x00000000ef000000| Untracked 
| 241|0x00000000ef100000, 0x00000000ef100000, 0x00000000ef200000|  0%| F|  |TAMS 0x00000000ef100000, 0x00000000ef100000| Untracked 
| 242|0x00000000ef200000, 0x00000000ef200000, 0x00000000ef300000|  0%| F|  |TAMS 0x00000000ef200000, 0x00000000ef200000| Untracked 
| 243|0x00000000ef300000, 0x00000000ef300000, 0x00000000ef400000|  0%| F|  |TAMS 0x00000000ef300000, 0x00000000ef300000| Untracked 
| 244|0x00000000ef400000, 0x00000000ef4795e0, 0x00000000ef500000| 47%| S|CS|TAMS 0x00000000ef400000, 0x00000000ef400000| Complete 
| 245|0x00000000ef500000, 0x00000000ef500000, 0x00000000ef600000|  0%| F|  |TAMS 0x00000000ef500000, 0x00000000ef500000| Untracked 
| 246|0x00000000ef600000, 0x00000000ef600000, 0x00000000ef700000|  0%| F|  |TAMS 0x00000000ef600000, 0x00000000ef600000| Untracked 
| 247|0x00000000ef700000, 0x00000000ef700000, 0x00000000ef800000|  0%| F|  |TAMS 0x00000000ef700000, 0x00000000ef700000| Untracked 
| 248|0x00000000ef800000, 0x00000000ef800000, 0x00000000ef900000|  0%| F|  |TAMS 0x00000000ef800000, 0x00000000ef800000| Untracked 
| 249|0x00000000ef900000, 0x00000000ef900000, 0x00000000efa00000|  0%| F|  |TAMS 0x00000000ef900000, 0x00000000ef900000| Untracked 
| 250|0x00000000efa00000, 0x00000000efa00000, 0x00000000efb00000|  0%| F|  |TAMS 0x00000000efa00000, 0x00000000efa00000| Untracked 
| 251|0x00000000efb00000, 0x00000000efb00000, 0x00000000efc00000|  0%| F|  |TAMS 0x00000000efb00000, 0x00000000efb00000| Untracked 
| 252|0x00000000efc00000, 0x00000000efc97ae0, 0x00000000efd00000| 59%| E|  |TAMS 0x00000000efc00000, 0x00000000efc00000| Complete 
| 253|0x00000000efd00000, 0x00000000efe00000, 0x00000000efe00000|100%| E|CS|TAMS 0x00000000efd00000, 0x00000000efd00000| Complete 
| 254|0x00000000efe00000, 0x00000000eff00000, 0x00000000eff00000|100%| E|CS|TAMS 0x00000000efe00000, 0x00000000efe00000| Complete 
| 255|0x00000000eff00000, 0x00000000f0000000, 0x00000000f0000000|100%| E|  |TAMS 0x00000000eff00000, 0x00000000eff00000| Complete 

Card table byte_map: [0x0000020fdadf0000,0x0000020fdaef0000] _byte_map_base: 0x0000020fda6f0000

Marking Bits (Prev, Next): (CMBitMap*) 0x0000020fc1b50cd0, (CMBitMap*) 0x0000020fc1b50d10
 Prev Bits: [0x0000020fdaff0000, 0x0000020fdb7f0000)
 Next Bits: [0x0000020fdb7f0000, 0x0000020fdbff0000)

Polling page: 0x0000020fbf8e0000

Metaspace:

Usage:
  Non-class:     54.59 MB used.
      Class:      7.98 MB used.
       Both:     62.57 MB used.

Virtual space:
  Non-class space:       64.00 MB reserved,      56.12 MB ( 88%) committed,  1 nodes.
      Class space:      320.00 MB reserved,       8.50 MB (  3%) committed,  1 nodes.
             Both:      384.00 MB reserved,      64.62 MB ( 17%) committed. 

Chunk freelists:
   Non-Class:  8.80 MB
       Class:  7.57 MB
        Both:  16.37 MB

MaxMetaspaceSize: 384.00 MB
CompressedClassSpaceSize: 320.00 MB
Initial GC threshold: 21.00 MB
Current GC threshold: 107.44 MB
CDS: on
MetaspaceReclaimPolicy: balanced
 - commit_granule_bytes: 65536.
 - commit_granule_words: 8192.
 - virtual_space_node_default_size: 8388608.
 - enlarge_chunks_in_place: 1.
 - new_chunks_are_fully_committed: 0.
 - uncommit_free_chunks: 1.
 - use_allocation_guard: 0.
 - handle_deallocations: 1.


Internal statistics:

num_allocs_failed_limit: 9.
num_arena_births: 948.
num_arena_deaths: 116.
num_vsnodes_births: 2.
num_vsnodes_deaths: 0.
num_space_committed: 1061.
num_space_uncommitted: 27.
num_chunks_returned_to_freelist: 282.
num_chunks_taken_from_freelist: 3920.
num_chunk_merges: 74.
num_chunk_splits: 2390.
num_chunks_enlarged: 1446.
num_inconsistent_stats: 0.

CodeHeap 'non-profiled nmethods': size=119744Kb used=10872Kb max_used=10872Kb free=108871Kb
 bounds [0x0000020fd3900000, 0x0000020fd43a0000, 0x0000020fdadf0000]
CodeHeap 'profiled nmethods': size=119744Kb used=28055Kb max_used=31886Kb free=91688Kb
 bounds [0x0000020fcbdf0000, 0x0000020fcdd20000, 0x0000020fd32e0000]
CodeHeap 'non-nmethods': size=6272Kb used=2352Kb max_used=2961Kb free=3919Kb
 bounds [0x0000020fd32e0000, 0x0000020fd35d0000, 0x0000020fd3900000]
 total_blobs=13369 nmethods=12502 adapters=768
 compilation: enabled
              stopped_count=0, restarted_count=0
 full_count=0

JVMCI Events (20 events):
Event: 2078.647 Thread 0x0000020fde5aeaf0 initialized JVMCI runtime 0
Event: 2078.698 Thread 0x0000020fde5aeaf0 compacted oop handles in JVMCI runtime 0 from 152 to 137
Event: 2079.788 Thread 0x0000020fde5aeaf0 detaching from JVMCI runtime 0: releasing idle compiler thread (0 other threads still attached)
Event: 2079.788 Thread 0x0000020fde5aeaf0 shutting down HotSpotJVMCIRuntime for JVMCI runtime 0
Event: 2079.788 Thread 0x0000020fde5aeaf0 shut down JVMCI runtime 0
Event: 2079.790 Thread 0x0000020fde5aeaf0 destroyed JavaVM[233]@0x0000020ff8b36b98 for JVMCI runtime 0
Event: 2079.790 Thread 0x0000020fde5aeaf0 releasing handles for JVMCI runtime 0: oop handles=146, metadata handles={total=226, live=225, blocks=49}
Event: 2079.791 Thread 0x0000020fde5aeaf0 detached from JVMCI runtime 0
Event: 2096.589 Thread 0x0000020fde5aeaf0 attached to JVMCI runtime 0
Event: 2096.592 Thread 0x0000020fde5aeaf0 created JavaVM[234]@0x0000020ff8b36b98 for JVMCI runtime 0
Event: 2096.592 Thread 0x0000020fde5aeaf0 initializing JVMCI runtime 0
Event: 2096.592 Thread 0x0000020fde5aeaf0 done waiting for JavaVM references initialization in JVMCI runtime 0
Event: 2096.592 Thread 0x0000020fde5aeaf0 initialized JVMCI runtime 0
Event: 2096.607 Thread 0x0000020fde5aeaf0 compacted oop handles in JVMCI runtime 0 from 61 to 59
Event: 2097.612 Thread 0x0000020fde5aeaf0 detaching from JVMCI runtime 0: releasing idle compiler thread (0 other threads still attached)
Event: 2097.612 Thread 0x0000020fde5aeaf0 shutting down HotSpotJVMCIRuntime for JVMCI runtime 0
Event: 2097.612 Thread 0x0000020fde5aeaf0 shut down JVMCI runtime 0
Event: 2097.613 Thread 0x0000020fde5aeaf0 destroyed JavaVM[234]@0x0000020ff8b36b98 for JVMCI runtime 0
Event: 2097.613 Thread 0x0000020fde5aeaf0 releasing handles for JVMCI runtime 0: oop handles=59, metadata handles={total=96, live=84, blocks=49}
Event: 2097.613 Thread 0x0000020fde5aeaf0 detached from JVMCI runtime 0

Compilation events (20 events):
Event: 2066.332 Thread 0x0000020fde5b04c0 nmethod 15946 0x0000020fcc6a3110 code [0x0000020fcc6a32a0, 0x0000020fcc6a33b8]
Event: 2066.565 Thread 0x0000020fde5aeaf0 nmethod 15943 0x0000020fd4393190 code [0x0000020fd4393580, 0x0000020fd4396128]
Event: 2066.565 Thread 0x0000020fde5aeaf0 15944       4       org.gradle.api.internal.cache.StringInterner::intern (9 bytes)
Event: 2066.807 Thread 0x0000020fde5aeaf0 nmethod 15944 0x0000020fd4397510 code [0x0000020fd4397940, 0x0000020fd439a2f0]
Event: 2076.674 Thread 0x0000020fde5aeaf0 15947       4       com.google.common.util.concurrent.AbstractFuture::set (33 bytes)
Event: 2076.796 Thread 0x0000020fde5b04c0 15949       3       org.gradle.launcher.daemon.server.expiry.AnyDaemonExpirationStrategy::checkExpiration (118 bytes)
Event: 2076.837 Thread 0x0000020fde5b04c0 nmethod 15949 0x0000020fccef5f90 code [0x0000020fccef6320, 0x0000020fccef8898]
Event: 2076.842 Thread 0x0000020fde5aeaf0 nmethod 15947 0x0000020fd439b690 code [0x0000020fd439b820, 0x0000020fd439bc28]
Event: 2076.842 Thread 0x0000020fde5aeaf0 15948       4       com.google.common.util.concurrent.AbstractFuture$UnsafeAtomicHelper::casValue (13 bytes)
Event: 2076.844 Thread 0x0000020fde5aeaf0 nmethod 15948 0x0000020fd439be90 code [0x0000020fd439c000, 0x0000020fd439c140]
Event: 2078.644 Thread 0x0000020fde5aeaf0 15950       4       com.google.common.collect.MapMakerInternalMap::getEntry (23 bytes)
Event: 2078.698 Thread 0x0000020fde5aeaf0 nmethod 15950 0x0000020fd439c210 code [0x0000020fd439c460, 0x0000020fd439cf18]
Event: 2078.721 Thread 0x0000020fde5b04c0 15951       3       com.google.common.collect.Interners$InternerImpl::intern (54 bytes)
Event: 2078.722 Thread 0x0000020fde5b04c0 nmethod 15951 0x0000020fcc2dd390 code [0x0000020fcc2dd5c0, 0x0000020fcc2de3e8]
Event: 2078.768 Thread 0x0000020fde5aeaf0 15952       4       org.gradle.api.internal.file.pattern.FixedStepPathMatcher::matches (54 bytes)
Event: 2078.768 Thread 0x0000020fde5b04c0 15953       3       org.gradle.api.internal.file.pattern.PatternMatcher$Or::test (47 bytes)
Event: 2078.775 Thread 0x0000020fde5aeaf0 nmethod 15952 0x0000020fd439d590 code [0x0000020fd439d740, 0x0000020fd439dc18]
Event: 2078.800 Thread 0x0000020fde5b04c0 nmethod 15953 0x0000020fcc9d2f90 code [0x0000020fcc9d3180, 0x0000020fcc9d3e98]
Event: 2096.589 Thread 0x0000020fde5aeaf0 15954       4       java.util.concurrent.ScheduledThreadPoolExecutor$ScheduledFutureTask::getDelay (16 bytes)
Event: 2096.607 Thread 0x0000020fde5aeaf0 nmethod 15954 0x0000020fd439de90 code [0x0000020fd439e000, 0x0000020fd439e188]

GC Heap History (20 events):
Event: 1736.649 GC heap before
{Heap before GC invocations=48 (full 0):
 garbage-first heap   total 262144K, used 100165K [0x00000000e0000000, 0x0000000100000000)
  region size 1024K, 12 young (12288K), 1 survivors (1024K)
 Metaspace       used 64018K, committed 66112K, reserved 393216K
  class space    used 8170K, committed 8704K, reserved 327680K
}
Event: 1736.747 GC heap after
{Heap after GC invocations=49 (full 0):
 garbage-first heap   total 262144K, used 90179K [0x00000000e0000000, 0x0000000100000000)
  region size 1024K, 1 young (1024K), 1 survivors (1024K)
 Metaspace       used 64018K, committed 66112K, reserved 393216K
  class space    used 8170K, committed 8704K, reserved 327680K
}
Event: 1764.517 GC heap before
{Heap before GC invocations=49 (full 0):
 garbage-first heap   total 262144K, used 100419K [0x00000000e0000000, 0x0000000100000000)
  region size 1024K, 12 young (12288K), 1 survivors (1024K)
 Metaspace       used 64020K, committed 66112K, reserved 393216K
  class space    used 8170K, committed 8704K, reserved 327680K
}
Event: 1764.695 GC heap after
{Heap after GC invocations=50 (full 0):
 garbage-first heap   total 262144K, used 90885K [0x00000000e0000000, 0x0000000100000000)
  region size 1024K, 2 young (2048K), 2 survivors (2048K)
 Metaspace       used 64020K, committed 66112K, reserved 393216K
  class space    used 8170K, committed 8704K, reserved 327680K
}
Event: 1790.521 GC heap before
{Heap before GC invocations=50 (full 0):
 garbage-first heap   total 262144K, used 100101K [0x00000000e0000000, 0x0000000100000000)
  region size 1024K, 12 young (12288K), 2 survivors (2048K)
 Metaspace       used 64022K, committed 66112K, reserved 393216K
  class space    used 8170K, committed 8704K, reserved 327680K
}
Event: 1792.710 GC heap after
{Heap after GC invocations=51 (full 0):
 garbage-first heap   total 262144K, used 91297K [0x00000000e0000000, 0x0000000100000000)
  region size 1024K, 2 young (2048K), 2 survivors (2048K)
 Metaspace       used 64022K, committed 66112K, reserved 393216K
  class space    used 8170K, committed 8704K, reserved 327680K
}
Event: 1816.593 GC heap before
{Heap before GC invocations=51 (full 0):
 garbage-first heap   total 262144K, used 100513K [0x00000000e0000000, 0x0000000100000000)
  region size 1024K, 12 young (12288K), 2 survivors (2048K)
 Metaspace       used 64027K, committed 66112K, reserved 393216K
  class space    used 8170K, committed 8704K, reserved 327680K
}
Event: 1817.099 GC heap after
{Heap after GC invocations=52 (full 0):
 garbage-first heap   total 262144K, used 92121K [0x00000000e0000000, 0x0000000100000000)
  region size 1024K, 2 young (2048K), 2 survivors (2048K)
 Metaspace       used 64027K, committed 66112K, reserved 393216K
  class space    used 8170K, committed 8704K, reserved 327680K
}
Event: 1845.812 GC heap before
{Heap before GC invocations=52 (full 0):
 garbage-first heap   total 262144K, used 102361K [0x00000000e0000000, 0x0000000100000000)
  region size 1024K, 12 young (12288K), 2 survivors (2048K)
 Metaspace       used 64028K, committed 66112K, reserved 393216K
  class space    used 8170K, committed 8704K, reserved 327680K
}
Event: 1846.155 GC heap after
{Heap after GC invocations=53 (full 0):
 garbage-first heap   total 262144K, used 93400K [0x00000000e0000000, 0x0000000100000000)
  region size 1024K, 2 young (2048K), 2 survivors (2048K)
 Metaspace       used 64028K, committed 66112K, reserved 393216K
  class space    used 8170K, committed 8704K, reserved 327680K
}
Event: 1874.533 GC heap before
{Heap before GC invocations=53 (full 0):
 garbage-first heap   total 262144K, used 103640K [0x00000000e0000000, 0x0000000100000000)
  region size 1024K, 12 young (12288K), 2 survivors (2048K)
 Metaspace       used 64032K, committed 66112K, reserved 393216K
  class space    used 8170K, committed 8704K, reserved 327680K
}
Event: 1876.068 GC heap after
{Heap after GC invocations=54 (full 0):
 garbage-first heap   total 262144K, used 94078K [0x00000000e0000000, 0x0000000100000000)
  region size 1024K, 1 young (1024K), 1 survivors (1024K)
 Metaspace       used 64032K, committed 66112K, reserved 393216K
  class space    used 8170K, committed 8704K, reserved 327680K
}
Event: 1900.575 GC heap before
{Heap before GC invocations=54 (full 0):
 garbage-first heap   total 262144K, used 105342K [0x00000000e0000000, 0x0000000100000000)
  region size 1024K, 12 young (12288K), 1 survivors (1024K)
 Metaspace       used 64033K, committed 66112K, reserved 393216K
  class space    used 8170K, committed 8704K, reserved 327680K
}
Event: 1900.579 GC heap after
{Heap after GC invocations=55 (full 0):
 garbage-first heap   total 262144K, used 94143K [0x00000000e0000000, 0x0000000100000000)
  region size 1024K, 1 young (1024K), 1 survivors (1024K)
 Metaspace       used 64033K, committed 66112K, reserved 393216K
  class space    used 8170K, committed 8704K, reserved 327680K
}
Event: 1911.573 GC heap before
{Heap before GC invocations=55 (full 0):
 garbage-first heap   total 262144K, used 105407K [0x00000000e0000000, 0x0000000100000000)
  region size 1024K, 12 young (12288K), 1 survivors (1024K)
 Metaspace       used 64033K, committed 66112K, reserved 393216K
  class space    used 8170K, committed 8704K, reserved 327680K
}
Event: 1912.328 GC heap after
{Heap after GC invocations=56 (full 0):
 garbage-first heap   total 262144K, used 95571K [0x00000000e0000000, 0x0000000100000000)
  region size 1024K, 2 young (2048K), 2 survivors (2048K)
 Metaspace       used 64033K, committed 66112K, reserved 393216K
  class space    used 8170K, committed 8704K, reserved 327680K
}
Event: 1912.484 GC heap before
{Heap before GC invocations=56 (full 0):
 garbage-first heap   total 262144K, used 105811K [0x00000000e0000000, 0x0000000100000000)
  region size 1024K, 12 young (12288K), 2 survivors (2048K)
 Metaspace       used 64033K, committed 66112K, reserved 393216K
  class space    used 8170K, committed 8704K, reserved 327680K
}
Event: 1916.353 GC heap after
{Heap after GC invocations=57 (full 0):
 garbage-first heap   total 262144K, used 98088K [0x00000000e0000000, 0x0000000100000000)
  region size 1024K, 2 young (2048K), 2 survivors (2048K)
 Metaspace       used 64033K, committed 66112K, reserved 393216K
  class space    used 8170K, committed 8704K, reserved 327680K
}
Event: 2013.659 GC heap before
{Heap before GC invocations=57 (full 0):
 garbage-first heap   total 262144K, used 108328K [0x00000000e0000000, 0x0000000100000000)
  region size 1024K, 12 young (12288K), 2 survivors (2048K)
 Metaspace       used 64037K, committed 66112K, reserved 393216K
  class space    used 8170K, committed 8704K, reserved 327680K
}
Event: 2015.791 GC heap after
{Heap after GC invocations=58 (full 0):
 garbage-first heap   total 262144K, used 98884K [0x00000000e0000000, 0x0000000100000000)
  region size 1024K, 1 young (1024K), 1 survivors (1024K)
 Metaspace       used 64037K, committed 66112K, reserved 393216K
  class space    used 8170K, committed 8704K, reserved 327680K
}

Deoptimization events (20 events):
Event: 2078.769 Thread 0x0000020fdea47f90 Uncommon trap: trap_request=0xffffffed fr.pc=0x0000020fd3ba90c5 relative=0x00000000000002a5
Event: 2078.769 Thread 0x0000020fdea47f90 Uncommon trap: reason=null_assert_or_unreached0 action=reinterpret pc=0x0000020fd3ba90c5 method=java.lang.StringLatin1.compareToCI([B[B)I @ 61 jvmci
Event: 2078.769 Thread 0x0000020fdea47f90 DEOPT PACKING pc=0x0000020fd3ba90c5 sp=0x00000017c06fae40
Event: 2078.806 Thread 0x0000020fdea47f90 DEOPT UNPACKING pc=0x0000020fd3332945 sp=0x00000017c06fa218 mode 3
Event: 2094.852 Thread 0x0000020fdea47f90 Uncommon trap: trap_request=0xffffffed fr.pc=0x0000020fd4134f45 relative=0x0000000000000f25
Event: 2094.852 Thread 0x0000020fdea47f90 Uncommon trap: reason=null_assert_or_unreached0 action=reinterpret pc=0x0000020fd4134f45 method=org.gradle.internal.logging.sink.OutputEventTransformer.onOutput(Lorg/gradle/internal/logging/events/OutputEvent;)V @ 338 jvmci
Event: 2094.852 Thread 0x0000020fdea47f90 DEOPT PACKING pc=0x0000020fd4134f45 sp=0x00000017c06f7370
Event: 2094.852 Thread 0x0000020fdea47f90 DEOPT UNPACKING pc=0x0000020fd3332945 sp=0x00000017c06f6838 mode 3
Event: 2094.852 Thread 0x0000020fdea47f90 Uncommon trap: trap_request=0xffffffed fr.pc=0x0000020fd3faf685 relative=0x0000000000000905
Event: 2094.852 Thread 0x0000020fdea47f90 Uncommon trap: reason=null_assert_or_unreached0 action=reinterpret pc=0x0000020fd3faf685 method=org.gradle.internal.logging.sink.LogEventDispatcher.onOutput(Lorg/gradle/internal/logging/events/OutputEvent;)V @ 32 jvmci
Event: 2094.852 Thread 0x0000020fdea47f90 DEOPT PACKING pc=0x0000020fd3faf685 sp=0x00000017c06f7110
Event: 2094.852 Thread 0x0000020fdea47f90 DEOPT UNPACKING pc=0x0000020fd3332945 sp=0x00000017c06f64e8 mode 3
Event: 2094.869 Thread 0x0000020fdea47f90 Uncommon trap: trap_request=0xffffffed fr.pc=0x0000020fd3f916e6 relative=0x00000000000001c6
Event: 2094.869 Thread 0x0000020fdea47f90 Uncommon trap: reason=null_assert_or_unreached0 action=reinterpret pc=0x0000020fd3f916e6 method=org.gradle.internal.logging.sink.LogEventDispatcher.onOutput(Lorg/gradle/internal/logging/events/OutputEvent;)V @ 32 jvmci
Event: 2094.869 Thread 0x0000020fdea47f90 DEOPT PACKING pc=0x0000020fd3f916e6 sp=0x00000017c06f7030
Event: 2094.869 Thread 0x0000020fdea47f90 DEOPT UNPACKING pc=0x0000020fd3332945 sp=0x00000017c06f64e0 mode 3
Event: 2094.869 Thread 0x0000020fdea47f90 Uncommon trap: trap_request=0xffffffed fr.pc=0x0000020fd42074d4 relative=0x0000000000003594
Event: 2094.869 Thread 0x0000020fdea47f90 Uncommon trap: reason=null_assert_or_unreached0 action=reinterpret pc=0x0000020fd42074d4 method=org.gradle.internal.logging.console.StyledTextOutputBackedRenderer.onOutput(Lorg/gradle/internal/logging/events/OutputEvent;)V @ 0 jvmci
Event: 2094.892 Thread 0x0000020fdea47f90 DEOPT PACKING pc=0x0000020fd42074d4 sp=0x00000017c06f6ef0
Event: 2094.978 Thread 0x0000020fdea47f90 DEOPT UNPACKING pc=0x0000020fd3332945 sp=0x00000017c06f6408 mode 3

Classes unloaded (20 events):
Event: 958.762 Thread 0x0000020fde58ed50 Unloading class 0x0000020fe01e6c00 'java/lang/invoke/LambdaForm$MH+0x0000020fe01e6c00'
Event: 958.762 Thread 0x0000020fde58ed50 Unloading class 0x0000020fe01e6800 'java/lang/invoke/LambdaForm$MH+0x0000020fe01e6800'
Event: 958.762 Thread 0x0000020fde58ed50 Unloading class 0x0000020fe01e6400 'java/lang/invoke/LambdaForm$MH+0x0000020fe01e6400'
Event: 958.762 Thread 0x0000020fde58ed50 Unloading class 0x0000020fe01e6000 'java/lang/invoke/LambdaForm$MH+0x0000020fe01e6000'
Event: 958.762 Thread 0x0000020fde58ed50 Unloading class 0x0000020fe01e5c00 'java/lang/invoke/LambdaForm$MH+0x0000020fe01e5c00'
Event: 958.762 Thread 0x0000020fde58ed50 Unloading class 0x0000020fe01e5800 'java/lang/invoke/LambdaForm$MH+0x0000020fe01e5800'
Event: 958.762 Thread 0x0000020fde58ed50 Unloading class 0x0000020fe01e4800 'java/lang/invoke/LambdaForm$MH+0x0000020fe01e4800'
Event: 958.762 Thread 0x0000020fde58ed50 Unloading class 0x0000020fe01e4400 'java/lang/invoke/LambdaForm$BMH+0x0000020fe01e4400'
Event: 958.884 Thread 0x0000020fde58ed50 Unloading class 0x0000020fe0118800 'java/lang/invoke/LambdaForm$DMH+0x0000020fe0118800'
Event: 958.884 Thread 0x0000020fde58ed50 Unloading class 0x0000020fe0118000 'java/lang/invoke/LambdaForm$DMH+0x0000020fe0118000'
Event: 958.884 Thread 0x0000020fde58ed50 Unloading class 0x0000020fe00e6000 'java/lang/invoke/LambdaForm$MH+0x0000020fe00e6000'
Event: 958.884 Thread 0x0000020fde58ed50 Unloading class 0x0000020fe00e5800 'java/lang/invoke/LambdaForm$MH+0x0000020fe00e5800'
Event: 958.915 Thread 0x0000020fde58ed50 Unloading class 0x0000020fe00e5400 'java/lang/invoke/LambdaForm$MH+0x0000020fe00e5400'
Event: 958.915 Thread 0x0000020fde58ed50 Unloading class 0x0000020fe00e5000 'java/lang/invoke/LambdaForm$MH+0x0000020fe00e5000'
Event: 958.915 Thread 0x0000020fde58ed50 Unloading class 0x0000020fe00e4c00 'java/lang/invoke/LambdaForm$MH+0x0000020fe00e4c00'
Event: 958.915 Thread 0x0000020fde58ed50 Unloading class 0x0000020fe00e4400 'java/lang/invoke/LambdaForm$MH+0x0000020fe00e4400'
Event: 959.024 Thread 0x0000020fde58ed50 Unloading class 0x0000020fe0038400 'java/lang/invoke/LambdaForm$DMH+0x0000020fe0038400'
Event: 959.024 Thread 0x0000020fde58ed50 Unloading class 0x0000020fe002e800 'java/lang/invoke/LambdaForm$MH+0x0000020fe002e800'
Event: 959.024 Thread 0x0000020fde58ed50 Unloading class 0x0000020fe002e400 'java/lang/invoke/LambdaForm$MH+0x0000020fe002e400'
Event: 959.067 Thread 0x0000020fde58ed50 Unloading class 0x0000020fe002c000 'java/lang/invoke/LambdaForm$MH+0x0000020fe002c000'

Classes redefined (0 events):
No events

Internal exceptions (20 events):
Event: 968.977 Thread 0x0000020f82e74c90 Implicit null exception at 0x0000020fd3ad0e2b to 0x0000020fd3ad1313
Event: 970.121 Thread 0x0000020f82e714e0 Exception <a 'sun/nio/fs/WindowsException'{0x00000000ef96b1c8}> (0x00000000ef96b1c8) 
thrown [s\open\src\hotspot\share\prims\jni.cpp, line 516]
Event: 970.121 Thread 0x0000020f82e714e0 Exception <a 'sun/nio/fs/WindowsException'{0x00000000ef96c8f8}> (0x00000000ef96c8f8) 
thrown [s\open\src\hotspot\share\prims\jni.cpp, line 516]
Event: 970.122 Thread 0x0000020f82e714e0 Exception <a 'sun/nio/fs/WindowsException'{0x00000000ef96e1f0}> (0x00000000ef96e1f0) 
thrown [s\open\src\hotspot\share\prims\jni.cpp, line 516]
Event: 970.122 Thread 0x0000020f82e714e0 Exception <a 'sun/nio/fs/WindowsException'{0x00000000ef96f3d8}> (0x00000000ef96f3d8) 
thrown [s\open\src\hotspot\share\prims\jni.cpp, line 516]
Event: 983.583 Thread 0x0000020f82e714e0 Implicit null exception at 0x0000020fd3c6cf00 to 0x0000020fd3c74a86
Event: 983.584 Thread 0x0000020f82e714e0 Implicit null exception at 0x0000020fd3b5766b to 0x0000020fd3b57f66
Event: 983.708 Thread 0x0000020f82e714e0 Implicit null exception at 0x0000020fd3ba2bcb to 0x0000020fd3332570
Event: 984.290 Thread 0x0000020f82e714e0 Exception <a 'java/lang/ClassNotFoundException'{0x00000000eff3ed88}: settings_6ketqglpbg2dw0flax83ngysaBeanInfo> (0x00000000eff3ed88) 
thrown [s\open\src\hotspot\share\classfile\systemDictionary.cpp, line 256]
Event: 984.322 Thread 0x0000020f82e714e0 Exception <a 'java/lang/ClassNotFoundException'{0x00000000eff45868}: settings_6ketqglpbg2dw0flax83ngysaCustomizer> (0x00000000eff45868) 
thrown [s\open\src\hotspot\share\classfile\systemDictionary.cpp, line 256]
Event: 984.323 Thread 0x0000020f82e714e0 Implicit null exception at 0x0000020fd3c3d08e to 0x0000020fd3c3d220
Event: 987.507 Thread 0x0000020f82e714e0 Exception <a 'java/lang/ClassNotFoundException'{0x00000000efd76aa0}: build_7cmf0kmu3tbvl0leoh0s3qxi2BeanInfo> (0x00000000efd76aa0) 
thrown [s\open\src\hotspot\share\classfile\systemDictionary.cpp, line 256]
Event: 987.508 Thread 0x0000020f82e714e0 Exception <a 'java/lang/ClassNotFoundException'{0x00000000efd7dd30}: build_7cmf0kmu3tbvl0leoh0s3qxi2Customizer> (0x00000000efd7dd30) 
thrown [s\open\src\hotspot\share\classfile\systemDictionary.cpp, line 256]
Event: 1025.827 Thread 0x0000020f82e714e0 Exception <a 'java/lang/NoClassDefFoundError'{0x00000000efa00c18}: org/jetbrains/kotlin/gradle/plugin/KotlinPluginWrapper> (0x00000000efa00c18) 
thrown [s\open\src\hotspot\share\oops\constantPool.cpp, line 837]
Event: 1025.827 Thread 0x0000020f82e714e0 Exception <a 'java/lang/NoClassDefFoundError'{0x00000000efa02d10}: org/graalvm/buildtools/gradle/NativeImagePlugin> (0x00000000efa02d10) 
thrown [s\open\src\hotspot\share\oops\constantPool.cpp, line 837]
Event: 1025.827 Thread 0x0000020f82e714e0 Exception <a 'java/lang/NoClassDefFoundError'{0x00000000efa04df8}: org/cyclonedx/gradle/CycloneDxPlugin> (0x00000000efa04df8) 
thrown [s\open\src\hotspot\share\oops\constantPool.cpp, line 837]
Event: 1027.325 Thread 0x0000020f82e714e0 Exception <a 'java/lang/ClassNotFoundException'{0x00000000ef9965a0}: build_7cmf0kmu3tbvl0leoh0s3qxi2BeanInfo> (0x00000000ef9965a0) 
thrown [s\open\src\hotspot\share\classfile\systemDictionary.cpp, line 256]
Event: 1027.326 Thread 0x0000020f82e714e0 Exception <a 'java/lang/ClassNotFoundException'{0x00000000ef99da28}: build_7cmf0kmu3tbvl0leoh0s3qxi2Customizer> (0x00000000ef99da28) 
thrown [s\open\src\hotspot\share\classfile\systemDictionary.cpp, line 256]
Event: 2095.289 Thread 0x0000020fdea47f90 Exception <a 'net/rubygrapefruit/platform/NativeException'{0x00000000efddb1b8}: Execution timed out> (0x00000000efddb1b8) 
thrown [s\open\src\hotspot\share\prims\jni.cpp, line 535]
Event: 2104.289 Thread 0x0000020fdea47f90 Exception <a 'net/rubygrapefruit/platform/NativeException'{0x00000000efc04688}: Execution timed out> (0x00000000efc04688) 
thrown [s\open\src\hotspot\share\prims\jni.cpp, line 535]

VM Operations (20 events):
Event: 2063.237 Executing VM operation: Cleanup
Event: 2063.505 Executing VM operation: Cleanup done
Event: 2068.532 Executing VM operation: Cleanup
Event: 2068.737 Executing VM operation: Cleanup done
Event: 2069.750 Executing VM operation: Cleanup
Event: 2069.848 Executing VM operation: Cleanup done
Event: 2071.862 Executing VM operation: Cleanup
Event: 2072.787 Executing VM operation: Cleanup done
Event: 2073.798 Executing VM operation: Cleanup
Event: 2073.798 Executing VM operation: Cleanup done
Event: 2078.830 Executing VM operation: Cleanup
Event: 2078.942 Executing VM operation: Cleanup done
Event: 2079.945 Executing VM operation: Cleanup
Event: 2080.402 Executing VM operation: Cleanup done
Event: 2081.406 Executing VM operation: Cleanup
Event: 2081.406 Executing VM operation: Cleanup done
Event: 2087.447 Executing VM operation: Cleanup
Event: 2087.448 Executing VM operation: Cleanup done
Event: 2099.552 Executing VM operation: Cleanup
Event: 2099.552 Executing VM operation: Cleanup done

Events (20 events):
Event: 1081.081 Thread 0x0000020f82730970 Thread added: 0x0000020f82730970
Event: 1081.170 Thread 0x0000020f82731390 Thread added: 0x0000020f82731390
Event: 1081.174 Thread 0x0000020f82731db0 Thread added: 0x0000020f82731db0
Event: 1081.178 Thread 0x0000020f827322c0 Thread added: 0x0000020f827322c0
Event: 1093.274 Thread 0x0000020f82a3a5a0 Thread exited: 0x0000020f82a3a5a0
Event: 1153.279 Thread 0x0000020f82a3fbb0 Thread exited: 0x0000020f82a3fbb0
Event: 1213.285 Thread 0x0000020f82a3f190 Thread exited: 0x0000020f82a3f190
Event: 1402.420 Thread 0x0000020fdea489b0 Thread added: 0x0000020fdea489b0
Event: 1462.457 Thread 0x0000020fdea47f90 Thread exited: 0x0000020fdea47f90
Event: 1718.720 Thread 0x0000020fde5e4850 flushing nmethod 0x0000020fcc123b10
Event: 1728.895 Thread 0x0000020fde5e4850 flushing nmethod 0x0000020fcc47d210
Event: 1744.671 Thread 0x0000020fde5e4850 flushing nmethod 0x0000020fcd780a10
Event: 1977.016 Thread 0x0000020fdea489b0 Thread exited: 0x0000020fdea489b0
Event: 2008.139 Thread 0x0000020fdea47a80 Thread added: 0x0000020fdea47a80
Event: 2010.693 Thread 0x0000020fdea47f90 Thread added: 0x0000020fdea47f90
Event: 2010.713 Thread 0x0000020fdea489b0 Thread added: 0x0000020fdea489b0
Event: 2010.714 Thread 0x0000020fdea484a0 Thread added: 0x0000020fdea484a0
Event: 2044.304 Thread 0x0000020fdea49df0 Thread added: 0x0000020fdea49df0
Event: 2092.587 loading class java/util/logging/LogRecord
Event: 2094.104 loading class java/util/logging/LogRecord done


Dynamic libraries:
0x00007ff673710000 - 0x00007ff673720000 	C:\Users\DELL\.jdks\graalvm-jdk-17.0.12\bin\java.exe
0x00007fff7be10000 - 0x00007fff7c008000 	C:\Windows\SYSTEM32\ntdll.dll
0x00007fff7ac30000 - 0x00007fff7acef000 	C:\Windows\System32\KERNEL32.DLL
0x00007fff796d0000 - 0x00007fff799a2000 	C:\Windows\System32\KERNELBASE.dll
0x00007fff79cb0000 - 0x00007fff79db0000 	C:\Windows\System32\ucrtbase.dll
0x00007fff6ecc0000 - 0x00007fff6ecd9000 	C:\Users\DELL\.jdks\graalvm-jdk-17.0.12\bin\jli.dll
0x00007fff79e50000 - 0x00007fff79efe000 	C:\Windows\System32\ADVAPI32.dll
0x00007fff7acf0000 - 0x00007fff7ad8e000 	C:\Windows\System32\msvcrt.dll
0x00007fff7ad90000 - 0x00007fff7ae2c000 	C:\Windows\System32\sechost.dll
0x00007fff7aa90000 - 0x00007fff7abb5000 	C:\Windows\System32\RPCRT4.dll
0x00007fff7a7a0000 - 0x00007fff7a941000 	C:\Windows\System32\USER32.dll
0x00007fff79670000 - 0x00007fff79692000 	C:\Windows\System32\win32u.dll
0x00007fff79f00000 - 0x00007fff79f2b000 	C:\Windows\System32\GDI32.dll
0x00007fff79ba0000 - 0x00007fff79caf000 	C:\Windows\System32\gdi32full.dll
0x00007fff79db0000 - 0x00007fff79e4d000 	C:\Windows\System32\msvcp_win.dll
0x00007fff710d0000 - 0x00007fff710eb000 	C:\Users\DELL\.jdks\graalvm-jdk-17.0.12\bin\VCRUNTIME140.dll
0x00007fff66e00000 - 0x00007fff6709a000 	C:\Windows\WinSxS\amd64_microsoft.windows.common-controls_6595b64144ccf1df_6.0.19041.1110_none_60b5254171f9507e\COMCTL32.dll
0x00007fff72640000 - 0x00007fff7264a000 	C:\Windows\SYSTEM32\VERSION.dll
0x00007fff7bd90000 - 0x00007fff7bdc2000 	C:\Windows\System32\IMM32.DLL
0x00007fff73a30000 - 0x00007fff73a3c000 	C:\Users\DELL\.jdks\graalvm-jdk-17.0.12\bin\vcruntime140_1.dll
0x00007fff57870000 - 0x00007fff578fe000 	C:\Users\DELL\.jdks\graalvm-jdk-17.0.12\bin\msvcp140.dll
0x00007fff48470000 - 0x00007fff49047000 	C:\Users\DELL\.jdks\graalvm-jdk-17.0.12\bin\server\jvm.dll
0x00007fff7b5c0000 - 0x00007fff7b5c8000 	C:\Windows\System32\PSAPI.DLL
0x00007fff71a80000 - 0x00007fff71a89000 	C:\Windows\SYSTEM32\WSOCK32.dll
0x00007fff7ae30000 - 0x00007fff7ae9b000 	C:\Windows\System32\WS2_32.dll
0x00007fff64880000 - 0x00007fff648a7000 	C:\Windows\SYSTEM32\WINMM.dll
0x00007fff77d00000 - 0x00007fff77d12000 	C:\Windows\SYSTEM32\kernel.appcore.dll
0x00007fff6ecb0000 - 0x00007fff6ecba000 	C:\Users\DELL\.jdks\graalvm-jdk-17.0.12\bin\jimage.dll
0x00007fff67b50000 - 0x00007fff67d34000 	C:\Windows\SYSTEM32\DBGHELP.DLL
0x00007fff5f4e0000 - 0x00007fff5f515000 	C:\Windows\SYSTEM32\dbgcore.DLL
0x00007fff79b10000 - 0x00007fff79b92000 	C:\Windows\System32\bcryptPrimitives.dll
0x00007fff6eca0000 - 0x00007fff6ecae000 	C:\Users\DELL\.jdks\graalvm-jdk-17.0.12\bin\instrument.dll
0x00007fff6ec70000 - 0x00007fff6ec95000 	C:\Users\DELL\.jdks\graalvm-jdk-17.0.12\bin\java.dll
0x00007fff4a4d0000 - 0x00007fff4a5a7000 	C:\Users\DELL\.jdks\graalvm-jdk-17.0.12\bin\jsvml.dll
0x00007fff7b640000 - 0x00007fff7bd84000 	C:\Windows\System32\SHELL32.dll
0x00007fff77560000 - 0x00007fff77cf2000 	C:\Windows\SYSTEM32\windows.storage.dll
0x00007fff7a310000 - 0x00007fff7a665000 	C:\Windows\System32\combase.dll
0x00007fff78da0000 - 0x00007fff78dd0000 	C:\Windows\SYSTEM32\Wldp.dll
0x00007fff7a000000 - 0x00007fff7a0ad000 	C:\Windows\System32\SHCORE.dll
0x00007fff7b450000 - 0x00007fff7b4a5000 	C:\Windows\System32\shlwapi.dll
0x00007fff79440000 - 0x00007fff7945f000 	C:\Windows\SYSTEM32\profapi.dll
0x00007fff6e3c0000 - 0x00007fff6e3d8000 	C:\Users\DELL\.jdks\graalvm-jdk-17.0.12\bin\zip.dll
0x00007fff66d90000 - 0x00007fff66da9000 	C:\Users\DELL\.jdks\graalvm-jdk-17.0.12\bin\net.dll
0x00007fff71660000 - 0x00007fff7176c000 	C:\Windows\SYSTEM32\WINHTTP.dll
0x00007fff78b80000 - 0x00007fff78bea000 	C:\Windows\system32\mswsock.dll
0x00007fff5f190000 - 0x00007fff5f1a6000 	C:\Users\DELL\.jdks\graalvm-jdk-17.0.12\bin\nio.dll
0x00007fff1efa0000 - 0x00007fff219dc000 	C:\Users\DELL\.jdks\graalvm-jdk-17.0.12\bin\jvmcicompiler.dll
0x00007fff799b0000 - 0x00007fff79b06000 	C:\Windows\System32\CRYPT32.dll
0x00007fff793c0000 - 0x00007fff793ee000 	C:\Windows\SYSTEM32\USERENV.dll
0x00007fff78ef0000 - 0x00007fff78f17000 	C:\Windows\SYSTEM32\ncrypt.dll
0x00007fff78890000 - 0x00007fff788cb000 	C:\Windows\SYSTEM32\IPHLPAPI.DLL
0x00007fff78eb0000 - 0x00007fff78eeb000 	C:\Windows\SYSTEM32\NTASN1.dll
0x00007fff6e3b0000 - 0x00007fff6e3c0000 	C:\Users\DELL\.jdks\graalvm-jdk-17.0.12\bin\verify.dll
0x00007fff67800000 - 0x00007fff67827000 	F:\IUH\HK_I_2024\LapTrinhWWWJava\gradle-8.11.1\native\c067742578af261105cb4f569cf0c3c89f3d7b1fecec35dd04571415982c5e48\windows-amd64\native-platform.dll
0x00007fff48320000 - 0x00007fff48464000 	F:\IUH\HK_I_2024\LapTrinhWWWJava\gradle-8.11.1\native\100fb08df4bc3b14c8652ba06237920a3bd2aa13389f12d3474272988ae205f9\windows-amd64\native-platform-file-events.dll
0x00007fff6dcf0000 - 0x00007fff6dcfa000 	C:\Users\DELL\.jdks\graalvm-jdk-17.0.12\bin\management.dll
0x00007fff672d0000 - 0x00007fff672db000 	C:\Users\DELL\.jdks\graalvm-jdk-17.0.12\bin\management_ext.dll
0x00007fff78de0000 - 0x00007fff78df8000 	C:\Windows\SYSTEM32\CRYPTSP.dll
0x00007fff784c0000 - 0x00007fff784f4000 	C:\Windows\system32\rsaenh.dll
0x00007fff796a0000 - 0x00007fff796c7000 	C:\Windows\System32\bcrypt.dll
0x00007fff78d10000 - 0x00007fff78d1c000 	C:\Windows\SYSTEM32\CRYPTBASE.dll
0x00007fff7b630000 - 0x00007fff7b638000 	C:\Windows\System32\NSI.dll
0x00007fff72620000 - 0x00007fff72637000 	C:\Windows\SYSTEM32\dhcpcsvc6.DLL
0x00007fff726e0000 - 0x00007fff726fd000 	C:\Windows\SYSTEM32\dhcpcsvc.DLL
0x00007fff788d0000 - 0x00007fff7899a000 	C:\Windows\SYSTEM32\DNSAPI.dll
0x00007fff5e980000 - 0x00007fff5e98e000 	C:\Users\DELL\.jdks\graalvm-jdk-17.0.12\bin\sunmscapi.dll
0x00007fff673c0000 - 0x00007fff673c7000 	C:\Windows\system32\wshunix.dll

dbghelp: loaded successfully - version: 4.0.5 - missing functions: none
symbol engine: initialized successfully - sym options: 0x614 - pdb path: .;C:\Users\DELL\.jdks\graalvm-jdk-17.0.12\bin;C:\Windows\SYSTEM32;C:\Windows\WinSxS\amd64_microsoft.windows.common-controls_6595b64144ccf1df_6.0.19041.1110_none_60b5254171f9507e;C:\Users\DELL\.jdks\graalvm-jdk-17.0.12\bin\server;F:\IUH\HK_I_2024\LapTrinhWWWJava\gradle-8.11.1\native\c067742578af261105cb4f569cf0c3c89f3d7b1fecec35dd04571415982c5e48\windows-amd64;F:\IUH\HK_I_2024\LapTrinhWWWJava\gradle-8.11.1\native\100fb08df4bc3b14c8652ba06237920a3bd2aa13389f12d3474272988ae205f9\windows-amd64

VM Arguments:
jvm_args: -XX:ThreadPriorityPolicy=1 -XX:+UnlockExperimentalVMOptions -XX:+EnableJVMCIProduct -XX:-UnlockExperimentalVMOptions --add-opens=java.base/java.lang=ALL-UNNAMED --add-opens=java.base/java.lang.invoke=ALL-UNNAMED --add-opens=java.base/java.util=ALL-UNNAMED --add-opens=java.prefs/java.util.prefs=ALL-UNNAMED --add-exports=jdk.compiler/com.sun.tools.javac.api=ALL-UNNAMED --add-exports=jdk.compiler/com.sun.tools.javac.util=ALL-UNNAMED --add-opens=java.base/java.util=ALL-UNNAMED --add-opens=java.prefs/java.util.prefs=ALL-UNNAMED --add-opens=java.base/java.nio.charset=ALL-UNNAMED --add-opens=java.base/java.net=ALL-UNNAMED --add-opens=java.base/java.util.concurrent.atomic=ALL-UNNAMED --add-opens=java.xml/javax.xml.namespace=ALL-UNNAMED -XX:MaxMetaspaceSize=384m -XX:+HeapDumpOnOutOfMemoryError -Xms256m -Xmx512m -Dfile.encoding=UTF-8 -Duser.country=US -Duser.language=en -Duser.variant -javaagent:F:\IUH\HK_I_2024\LapTrinhWWWJava\gradle-8.11.1\lib\agents\gradle-instrumentation-agent-8.11.1.jar 
java_command: org.gradle.launcher.daemon.bootstrap.GradleDaemon 8.11.1
java_class_path (initial): F:\IUH\HK_I_2024\LapTrinhWWWJava\gradle-8.11.1\lib\gradle-daemon-main-8.11.1.jar
Launcher Type: SUN_STANDARD

[Global flags]
     intx CICompilerCount                          = 3                                         {product} {ergonomic}
   size_t CompressedClassSpaceSize                 = 335544320                                 {product} {ergonomic}
     uint ConcGCThreads                            = 1                                         {product} {ergonomic}
     bool EnableJVMCIProduct                       = true                                {JVMCI product} {jimage}
     uint G1ConcRefinementThreads                  = 4                                         {product} {ergonomic}
   size_t G1HeapRegionSize                         = 1048576                                   {product} {ergonomic}
    uintx GCDrainStackTargetSize                   = 64                                        {product} {ergonomic}
     bool HeapDumpOnOutOfMemoryError               = true                                   {manageable} {command line}
   size_t InitialHeapSize                          = 268435456                                 {product} {command line}
   size_t MarkStackSize                            = 4194304                                   {product} {ergonomic}
   size_t MaxHeapSize                              = 536870912                                 {product} {command line}
   size_t MaxMetaspaceSize                         = 402653184                                 {product} {command line}
   size_t MaxNewSize                               = 321912832                                 {product} {ergonomic}
   size_t MinHeapDeltaBytes                        = 1048576                                   {product} {ergonomic}
   size_t MinHeapSize                              = 268435456                                 {product} {command line}
    uintx NonNMethodCodeHeapSize                   = 6402904                                {pd product} {ergonomic}
    uintx NonProfiledCodeHeapSize                  = 122627668                              {pd product} {ergonomic}
    uintx ProfiledCodeHeapSize                     = 122627668                              {pd product} {ergonomic}
    uintx ReservedCodeCacheSize                    = 251658240                              {pd product} {ergonomic}
     bool SegmentedCodeCache                       = true                                      {product} {ergonomic}
   size_t SoftMaxHeapSize                          = 536870912                              {manageable} {ergonomic}
     intx ThreadPriorityPolicy                     = 1                                         {product} {jimage}
     bool UseCompressedClassPointers               = true                           {product lp64_product} {ergonomic}
     bool UseCompressedOops                        = true                           {product lp64_product} {ergonomic}
     bool UseG1GC                                  = true                                      {product} {ergonomic}
     bool UseLargePagesIndividualAllocation        = false                                  {pd product} {ergonomic}

Logging:
Log output configuration:
 #0: stdout all=warning uptime,level,tags
 #1: stderr all=off uptime,level,tags

Environment Variables:
JAVA_HOME=C:\Program Files\Java\jdk-21
PATH=C:\Program Files\Common Files\Oracle\Java\javapath;C:\Windows\system32;C:\Windows;C:\Windows\System32\Wbem;C:\Windows\System32\WindowsPowerShell\v1.0\;C:\Windows\System32\OpenSSH\;C:\Program Files\Java\jdk-21\bin;C:\Program Files (x86)\Microsoft SQL Server\160\Tools\Binn\;C:\Program Files\Microsoft SQL Server\160\Tools\Binn\;C:\Program Files\Microsoft SQL Server\Client SDK\ODBC\170\Tools\Binn\;C:\Program Files\Microsoft SQL Server\160\DTS\Binn\;C:\Program Files (x86)\Microsoft SQL Server\160\DTS\Binn\;C:\Program Files\Azure Data Studio\bin;C:\Program Files\Git\cmd;C:\Program Files\dotnet\;C:\Users\DELL\AppData\Roaming\nvm;C:\Program Files\nodejs;C:\Program Files\Cloudflare\Cloudflare WARP\;C:\Users\DELL\AppData\Local\Programs\Python\Python312\Scripts\;C:\Users\DELL\AppData\Local\Programs\Python\Python312\;C:\Users\DELL\AppData\Local\Microsoft\WindowsApps;C:\Users\DELL\AppData\Local\Programs\mongosh\;C:\Program Files\JetBrains\IntelliJ IDEA 2023.3.2\bin;;C:\Users\DELL\AppData\Local\Programs\Microsoft VS Code\bin;C:\Program Files\Azure Data Studio\bin;C:\Users\DELL\AppData\Roaming\npm;F:\IUH\HK_I_2024\L?p trnh WWW (Java)\apache-tomcat-10.1.28\conf\tomcat-users.xml;C:\Users\DELL\.dotnet\tools;C:\Users\DELL\AppData\Roaming\nvm;C:\Program Files\nodejs
USERNAME=DELL
OS=Windows_NT
PROCESSOR_IDENTIFIER=Intel64 Family 6 Model 142 Stepping 9, GenuineIntel



---------------  S Y S T E M  ---------------

OS:
 Windows 10 , 64 bit Build 19041 (10.0.19041.2364)
OS uptime: 0 days 5:56 hours
Hyper-V role detected

CPU: total 4 (initial active 4) (2 cores per cpu, 2 threads per core) family 6 model 142 stepping 9 microcode 0xb4, cx8, cmov, fxsr, ht, mmx, 3dnowpref, sse, sse2, sse3, ssse3, sse4.1, sse4.2, popcnt, lzcnt, tsc, tscinvbit, avx, avx2, aes, erms, clmul, bmi1, bmi2, adx, fma, vzeroupper, clflush, clflushopt, hv

Memory: 4k page, system-wide physical 12154M (724M free)
TotalPageFile size 32183M (AvailPageFile size 5020M)
current process WorkingSet (physical memory assigned to process): 172M, peak: 501M
current process commit charge ("private bytes"): 494M, peak: 542M

vm_info: Java HotSpot(TM) 64-Bit Server VM (17.0.12+8-LTS-jvmci-23.0-b41) for windows-amd64 JRE (17.0.12+8-LTS-jvmci-23.0-b41), built on Jun 11 2024 06:13:34 by "" with MS VC++ 17.6 (VS2022)

END.
